[2023-07-29T15:37:28.063+0000] {taskinstance.py:1087} INFO - Dependencies all met for <TaskInstance: data_engineering_jobs_dags_v3.write_to_postgres scheduled__2023-07-20T00:00:00+00:00 [queued]>
[2023-07-29T15:37:28.319+0000] {taskinstance.py:1087} INFO - Dependencies all met for <TaskInstance: data_engineering_jobs_dags_v3.write_to_postgres scheduled__2023-07-20T00:00:00+00:00 [queued]>
[2023-07-29T15:37:28.324+0000] {taskinstance.py:1283} INFO - 
--------------------------------------------------------------------------------
[2023-07-29T15:37:28.358+0000] {taskinstance.py:1284} INFO - Starting attempt 1 of 2
[2023-07-29T15:37:28.388+0000] {taskinstance.py:1285} INFO - 
--------------------------------------------------------------------------------
[2023-07-29T15:37:29.241+0000] {taskinstance.py:1304} INFO - Executing <Task(PythonOperator): write_to_postgres> on 2023-07-20 00:00:00+00:00
[2023-07-29T15:37:29.324+0000] {standard_task_runner.py:55} INFO - Started process 14191 to run task
[2023-07-29T15:37:29.392+0000] {standard_task_runner.py:82} INFO - Running: ['***', 'tasks', 'run', 'data_engineering_jobs_dags_v3', 'write_to_postgres', 'scheduled__2023-07-20T00:00:00+00:00', '--job-id', '2883', '--raw', '--subdir', 'DAGS_FOLDER/load_data_v3.py', '--cfg-path', '/tmp/tmp6txl8uha']
[2023-07-29T15:37:29.425+0000] {standard_task_runner.py:83} INFO - Job 2883: Subtask write_to_postgres
[2023-07-29T15:37:30.951+0000] {task_command.py:389} INFO - Running <TaskInstance: data_engineering_jobs_dags_v3.write_to_postgres scheduled__2023-07-20T00:00:00+00:00 [running]> on host f1ea17bde741
[2023-07-29T15:37:33.900+0000] {taskinstance.py:1513} INFO - Exporting the following env vars:
AIRFLOW_CTX_DAG_OWNER=***
AIRFLOW_CTX_DAG_ID=data_engineering_jobs_dags_v3
AIRFLOW_CTX_TASK_ID=write_to_postgres
AIRFLOW_CTX_EXECUTION_DATE=2023-07-20T00:00:00+00:00
AIRFLOW_CTX_TRY_NUMBER=1
AIRFLOW_CTX_DAG_RUN_ID=scheduled__2023-07-20T00:00:00+00:00
[2023-07-29T15:37:34.499+0000] {taskinstance.py:1772} ERROR - Task failed with exception
Traceback (most recent call last):
  File "/home/airflow/.local/lib/python3.7/site-packages/airflow/operators/python.py", line 175, in execute
    return_value = self.execute_callable()
  File "/home/airflow/.local/lib/python3.7/site-packages/airflow/operators/python.py", line 192, in execute_callable
    return self.python_callable(*self.op_args, **self.op_kwargs)
  File "/opt/airflow/dags/load_data_v3.py", line 65, in write_to_postgres
    df = pd.json_normalize(df.to_dict('records'), 'company', ['display_name'], record_prefix='company_')
  File "/home/airflow/.local/lib/python3.7/site-packages/pandas/io/json/_normalize.py", line 504, in _json_normalize
    _recursive_extract(data, record_path, {}, level=0)
  File "/home/airflow/.local/lib/python3.7/site-packages/pandas/io/json/_normalize.py", line 477, in _recursive_extract
    recs = _pull_records(obj, path[0])
  File "/home/airflow/.local/lib/python3.7/site-packages/pandas/io/json/_normalize.py", line 399, in _pull_records
    result = _pull_field(js, spec)
  File "/home/airflow/.local/lib/python3.7/site-packages/pandas/io/json/_normalize.py", line 390, in _pull_field
    result = result[spec]
KeyError: 'company'
[2023-07-29T15:37:34.729+0000] {taskinstance.py:1327} INFO - Marking task as UP_FOR_RETRY. dag_id=data_engineering_jobs_dags_v3, task_id=write_to_postgres, execution_date=20230720T000000, start_date=20230729T153728, end_date=20230729T153734
[2023-07-29T15:37:35.059+0000] {standard_task_runner.py:105} ERROR - Failed to execute job 2883 for task write_to_postgres ('company'; 14191)
[2023-07-29T15:37:35.333+0000] {local_task_job.py:159} INFO - Task exited with return code 1
[2023-07-29T15:37:35.719+0000] {taskinstance.py:2582} INFO - 0 downstream tasks scheduled from follow-on schedule check
