[2023-07-27T08:47:34.324+0000] {taskinstance.py:1087} INFO - Dependencies all met for <TaskInstance: data_engineer_jobs_dag.extract_relevant_records_from_overall_data scheduled__2022-11-16T00:00:00+00:00 [queued]>
[2023-07-27T08:47:34.428+0000] {taskinstance.py:1087} INFO - Dependencies all met for <TaskInstance: data_engineer_jobs_dag.extract_relevant_records_from_overall_data scheduled__2022-11-16T00:00:00+00:00 [queued]>
[2023-07-27T08:47:34.430+0000] {taskinstance.py:1283} INFO - 
--------------------------------------------------------------------------------
[2023-07-27T08:47:34.432+0000] {taskinstance.py:1284} INFO - Starting attempt 2 of 2
[2023-07-27T08:47:34.433+0000] {taskinstance.py:1285} INFO - 
--------------------------------------------------------------------------------
[2023-07-27T08:47:34.580+0000] {taskinstance.py:1304} INFO - Executing <Task(PythonOperator): extract_relevant_records_from_overall_data> on 2022-11-16 00:00:00+00:00
[2023-07-27T08:47:34.603+0000] {standard_task_runner.py:55} INFO - Started process 7416 to run task
[2023-07-27T08:47:34.684+0000] {standard_task_runner.py:82} INFO - Running: ['***', 'tasks', 'run', 'data_engineer_jobs_dag', 'extract_relevant_records_from_overall_data', 'scheduled__2022-11-16T00:00:00+00:00', '--job-id', '1031', '--raw', '--subdir', 'DAGS_FOLDER/load_data.py', '--cfg-path', '/tmp/tmpnfvf178z']
[2023-07-27T08:47:34.715+0000] {standard_task_runner.py:83} INFO - Job 1031: Subtask extract_relevant_records_from_overall_data
[2023-07-27T08:47:35.472+0000] {task_command.py:389} INFO - Running <TaskInstance: data_engineer_jobs_dag.extract_relevant_records_from_overall_data scheduled__2022-11-16T00:00:00+00:00 [running]> on host bc3380e7707e
[2023-07-27T08:47:36.236+0000] {taskinstance.py:1513} INFO - Exporting the following env vars:
AIRFLOW_CTX_DAG_EMAIL=kasimir.Ikuenobe@hotmail.com
AIRFLOW_CTX_DAG_OWNER=ebejale
AIRFLOW_CTX_DAG_ID=data_engineer_jobs_dag
AIRFLOW_CTX_TASK_ID=extract_relevant_records_from_overall_data
AIRFLOW_CTX_EXECUTION_DATE=2022-11-16T00:00:00+00:00
AIRFLOW_CTX_TRY_NUMBER=2
AIRFLOW_CTX_DAG_RUN_ID=scheduled__2022-11-16T00:00:00+00:00
[2023-07-27T08:47:36.303+0000] {taskinstance.py:1772} ERROR - Task failed with exception
Traceback (most recent call last):
  File "/home/airflow/.local/lib/python3.7/site-packages/airflow/operators/python.py", line 175, in execute
    return_value = self.execute_callable()
  File "/home/airflow/.local/lib/python3.7/site-packages/airflow/operators/python.py", line 192, in execute_callable
    return self.python_callable(*self.op_args, **self.op_kwargs)
  File "/opt/airflow/dags/load_data.py", line 74, in extract_relevant_records_from_overall_data
    for i in range(len(data['data'])):
KeyError: 'data'
[2023-07-27T08:47:36.352+0000] {taskinstance.py:1327} INFO - Marking task as FAILED. dag_id=data_engineer_jobs_dag, task_id=extract_relevant_records_from_overall_data, execution_date=20221116T000000, start_date=20230727T084734, end_date=20230727T084736
[2023-07-27T08:47:36.518+0000] {standard_task_runner.py:105} ERROR - Failed to execute job 1031 for task extract_relevant_records_from_overall_data ('data'; 7416)
[2023-07-27T08:47:36.643+0000] {local_task_job.py:159} INFO - Task exited with return code 1
[2023-07-27T08:47:36.764+0000] {taskinstance.py:2582} INFO - 0 downstream tasks scheduled from follow-on schedule check
