[2023-07-29T14:11:16.285+0000] {taskinstance.py:1087} INFO - Dependencies all met for <TaskInstance: data_engineering_jobs_dags_v3.get_jobs scheduled__2023-01-26T00:00:00+00:00 [queued]>
[2023-07-29T14:11:18.454+0000] {taskinstance.py:1087} INFO - Dependencies all met for <TaskInstance: data_engineering_jobs_dags_v3.get_jobs scheduled__2023-01-26T00:00:00+00:00 [queued]>
[2023-07-29T14:11:18.671+0000] {taskinstance.py:1283} INFO - 
--------------------------------------------------------------------------------
[2023-07-29T14:11:18.684+0000] {taskinstance.py:1284} INFO - Starting attempt 1 of 2
[2023-07-29T14:11:18.686+0000] {taskinstance.py:1285} INFO - 
--------------------------------------------------------------------------------
[2023-07-29T14:11:21.045+0000] {taskinstance.py:1304} INFO - Executing <Task(PythonOperator): get_jobs> on 2023-01-26 00:00:00+00:00
[2023-07-29T14:11:21.501+0000] {standard_task_runner.py:55} INFO - Started process 9098 to run task
[2023-07-29T14:11:21.760+0000] {standard_task_runner.py:82} INFO - Running: ['***', 'tasks', 'run', 'data_engineering_jobs_dags_v3', 'get_jobs', 'scheduled__2023-01-26T00:00:00+00:00', '--job-id', '2156', '--raw', '--subdir', 'DAGS_FOLDER/load_data_v3.py', '--cfg-path', '/tmp/tmp_3yeptmp']
[2023-07-29T14:11:21.979+0000] {standard_task_runner.py:83} INFO - Job 2156: Subtask get_jobs
[2023-07-29T14:11:25.760+0000] {task_command.py:389} INFO - Running <TaskInstance: data_engineering_jobs_dags_v3.get_jobs scheduled__2023-01-26T00:00:00+00:00 [running]> on host f1ea17bde741
[2023-07-29T14:11:31.015+0000] {taskinstance.py:1513} INFO - Exporting the following env vars:
AIRFLOW_CTX_DAG_OWNER=***
AIRFLOW_CTX_DAG_ID=data_engineering_jobs_dags_v3
AIRFLOW_CTX_TASK_ID=get_jobs
AIRFLOW_CTX_EXECUTION_DATE=2023-01-26T00:00:00+00:00
AIRFLOW_CTX_TRY_NUMBER=1
AIRFLOW_CTX_DAG_RUN_ID=scheduled__2023-01-26T00:00:00+00:00
[2023-07-29T14:11:34.481+0000] {python.py:177} INFO - Done. Returned value was: None
[2023-07-29T14:11:35.099+0000] {taskinstance.py:1327} INFO - Marking task as SUCCESS. dag_id=data_engineering_jobs_dags_v3, task_id=get_jobs, execution_date=20230126T000000, start_date=20230729T141118, end_date=20230729T141135
[2023-07-29T14:11:35.928+0000] {local_task_job.py:159} INFO - Task exited with return code 0
[2023-07-29T14:11:36.856+0000] {taskinstance.py:2582} INFO - 2 downstream tasks scheduled from follow-on schedule check
