[2023-07-26T19:42:37.055+0000] {taskinstance.py:1087} INFO - Dependencies all met for <TaskInstance: my_first_dag_v2.greet_africa scheduled__2023-07-23T02:00:00+00:00 [queued]>
[2023-07-26T19:42:37.164+0000] {taskinstance.py:1087} INFO - Dependencies all met for <TaskInstance: my_first_dag_v2.greet_africa scheduled__2023-07-23T02:00:00+00:00 [queued]>
[2023-07-26T19:42:37.165+0000] {taskinstance.py:1283} INFO - 
--------------------------------------------------------------------------------
[2023-07-26T19:42:37.208+0000] {taskinstance.py:1284} INFO - Starting attempt 1 of 3
[2023-07-26T19:42:37.227+0000] {taskinstance.py:1285} INFO - 
--------------------------------------------------------------------------------
[2023-07-26T19:42:37.708+0000] {taskinstance.py:1304} INFO - Executing <Task(BashOperator): greet_africa> on 2023-07-23 02:00:00+00:00
[2023-07-26T19:42:37.724+0000] {standard_task_runner.py:55} INFO - Started process 6879 to run task
[2023-07-26T19:42:37.744+0000] {standard_task_runner.py:82} INFO - Running: ['***', 'tasks', 'run', 'my_first_dag_v2', 'greet_africa', 'scheduled__2023-07-23T02:00:00+00:00', '--job-id', '21', '--raw', '--subdir', 'DAGS_FOLDER/bash_operator.py', '--cfg-path', '/tmp/tmpx3r02usn']
[2023-07-26T19:42:37.767+0000] {standard_task_runner.py:83} INFO - Job 21: Subtask greet_africa
[2023-07-26T19:42:39.199+0000] {task_command.py:389} INFO - Running <TaskInstance: my_first_dag_v2.greet_africa scheduled__2023-07-23T02:00:00+00:00 [running]> on host bc3380e7707e
[2023-07-26T19:42:40.301+0000] {taskinstance.py:1513} INFO - Exporting the following env vars:
AIRFLOW_CTX_DAG_OWNER=ebejale
AIRFLOW_CTX_DAG_ID=my_first_dag_v2
AIRFLOW_CTX_TASK_ID=greet_africa
AIRFLOW_CTX_EXECUTION_DATE=2023-07-23T02:00:00+00:00
AIRFLOW_CTX_TRY_NUMBER=1
AIRFLOW_CTX_DAG_RUN_ID=scheduled__2023-07-23T02:00:00+00:00
[2023-07-26T19:42:40.309+0000] {subprocess.py:63} INFO - Tmp dir root location: 
 /tmp
[2023-07-26T19:42:40.384+0000] {subprocess.py:75} INFO - Running command: ['/bin/bash', '-c', 'echo hello Africa']
[2023-07-26T19:42:40.532+0000] {subprocess.py:86} INFO - Output:
[2023-07-26T19:42:40.540+0000] {subprocess.py:93} INFO - hello Africa
[2023-07-26T19:42:40.545+0000] {subprocess.py:97} INFO - Command exited with return code 0
[2023-07-26T19:42:40.937+0000] {taskinstance.py:1327} INFO - Marking task as SUCCESS. dag_id=my_first_dag_v2, task_id=greet_africa, execution_date=20230723T020000, start_date=20230726T194237, end_date=20230726T194240
[2023-07-26T19:42:41.455+0000] {local_task_job.py:159} INFO - Task exited with return code 0
[2023-07-26T19:42:41.660+0000] {taskinstance.py:2582} INFO - 0 downstream tasks scheduled from follow-on schedule check
