[2023-07-29T11:18:27.748+0000] {taskinstance.py:1087} INFO - Dependencies all met for <TaskInstance: my_python_dag_v7.greet scheduled__2023-07-26T02:00:00+00:00 [queued]>
[2023-07-29T11:18:28.256+0000] {taskinstance.py:1087} INFO - Dependencies all met for <TaskInstance: my_python_dag_v7.greet scheduled__2023-07-26T02:00:00+00:00 [queued]>
[2023-07-29T11:18:28.273+0000] {taskinstance.py:1283} INFO - 
--------------------------------------------------------------------------------
[2023-07-29T11:18:28.336+0000] {taskinstance.py:1284} INFO - Starting attempt 1 of 3
[2023-07-29T11:18:28.368+0000] {taskinstance.py:1285} INFO - 
--------------------------------------------------------------------------------
[2023-07-29T11:18:28.948+0000] {taskinstance.py:1304} INFO - Executing <Task(PythonOperator): greet> on 2023-07-26 02:00:00+00:00
[2023-07-29T11:18:29.060+0000] {standard_task_runner.py:55} INFO - Started process 2507 to run task
[2023-07-29T11:18:29.120+0000] {standard_task_runner.py:82} INFO - Running: ['***', 'tasks', 'run', 'my_python_dag_v7', 'greet', 'scheduled__2023-07-26T02:00:00+00:00', '--job-id', '2023', '--raw', '--subdir', 'DAGS_FOLDER/python_operatorv7.py', '--cfg-path', '/tmp/tmp7pwk0any']
[2023-07-29T11:18:29.200+0000] {standard_task_runner.py:83} INFO - Job 2023: Subtask greet
[2023-07-29T11:18:31.737+0000] {task_command.py:389} INFO - Running <TaskInstance: my_python_dag_v7.greet scheduled__2023-07-26T02:00:00+00:00 [running]> on host f1ea17bde741
[2023-07-29T11:18:35.615+0000] {taskinstance.py:1513} INFO - Exporting the following env vars:
AIRFLOW_CTX_DAG_OWNER=Byron
AIRFLOW_CTX_DAG_ID=my_python_dag_v7
AIRFLOW_CTX_TASK_ID=greet
AIRFLOW_CTX_EXECUTION_DATE=2023-07-26T02:00:00+00:00
AIRFLOW_CTX_TRY_NUMBER=1
AIRFLOW_CTX_DAG_RUN_ID=scheduled__2023-07-26T02:00:00+00:00
[2023-07-29T11:18:36.393+0000] {logging_mixin.py:137} INFO - my name is Charles and I am 32years old and I am from Lagos 
[2023-07-29T11:18:36.409+0000] {python.py:177} INFO - Done. Returned value was: None
[2023-07-29T11:18:36.625+0000] {taskinstance.py:1327} INFO - Marking task as SUCCESS. dag_id=my_python_dag_v7, task_id=greet, execution_date=20230726T020000, start_date=20230729T111827, end_date=20230729T111836
[2023-07-29T11:18:37.184+0000] {local_task_job.py:159} INFO - Task exited with return code 0
[2023-07-29T11:18:37.670+0000] {taskinstance.py:2582} INFO - 0 downstream tasks scheduled from follow-on schedule check
