[2023-07-29T15:37:07.200+0000] {taskinstance.py:1087} INFO - Dependencies all met for <TaskInstance: data_engineering_jobs_dags_v3.get_jobs scheduled__2023-07-09T00:00:00+00:00 [queued]>
[2023-07-29T15:37:07.314+0000] {taskinstance.py:1087} INFO - Dependencies all met for <TaskInstance: data_engineering_jobs_dags_v3.get_jobs scheduled__2023-07-09T00:00:00+00:00 [queued]>
[2023-07-29T15:37:07.328+0000] {taskinstance.py:1283} INFO - 
--------------------------------------------------------------------------------
[2023-07-29T15:37:07.365+0000] {taskinstance.py:1284} INFO - Starting attempt 2 of 2
[2023-07-29T15:37:07.380+0000] {taskinstance.py:1285} INFO - 
--------------------------------------------------------------------------------
[2023-07-29T15:37:08.195+0000] {taskinstance.py:1304} INFO - Executing <Task(PythonOperator): get_jobs> on 2023-07-09 00:00:00+00:00
[2023-07-29T15:37:08.308+0000] {standard_task_runner.py:55} INFO - Started process 14171 to run task
[2023-07-29T15:37:08.457+0000] {standard_task_runner.py:82} INFO - Running: ['***', 'tasks', 'run', 'data_engineering_jobs_dags_v3', 'get_jobs', 'scheduled__2023-07-09T00:00:00+00:00', '--job-id', '2880', '--raw', '--subdir', 'DAGS_FOLDER/load_data_v3.py', '--cfg-path', '/tmp/tmpoxk7y67a']
[2023-07-29T15:37:08.507+0000] {standard_task_runner.py:83} INFO - Job 2880: Subtask get_jobs
[2023-07-29T15:37:10.546+0000] {task_command.py:389} INFO - Running <TaskInstance: data_engineering_jobs_dags_v3.get_jobs scheduled__2023-07-09T00:00:00+00:00 [running]> on host f1ea17bde741
[2023-07-29T15:37:12.984+0000] {taskinstance.py:1513} INFO - Exporting the following env vars:
AIRFLOW_CTX_DAG_OWNER=***
AIRFLOW_CTX_DAG_ID=data_engineering_jobs_dags_v3
AIRFLOW_CTX_TASK_ID=get_jobs
AIRFLOW_CTX_EXECUTION_DATE=2023-07-09T00:00:00+00:00
AIRFLOW_CTX_TRY_NUMBER=2
AIRFLOW_CTX_DAG_RUN_ID=scheduled__2023-07-09T00:00:00+00:00
[2023-07-29T15:37:23.110+0000] {python.py:177} INFO - Done. Returned value was: None
[2023-07-29T15:37:23.369+0000] {taskinstance.py:1327} INFO - Marking task as SUCCESS. dag_id=data_engineering_jobs_dags_v3, task_id=get_jobs, execution_date=20230709T000000, start_date=20230729T153707, end_date=20230729T153723
[2023-07-29T15:37:26.425+0000] {local_task_job.py:159} INFO - Task exited with return code 0
[2023-07-29T15:37:26.791+0000] {taskinstance.py:2582} INFO - 2 downstream tasks scheduled from follow-on schedule check
