[2023-07-29T15:37:29.480+0000] {taskinstance.py:1087} INFO - Dependencies all met for <TaskInstance: data_engineering_jobs_dags_v3.write_to_csv scheduled__2023-07-20T00:00:00+00:00 [queued]>
[2023-07-29T15:37:29.644+0000] {taskinstance.py:1087} INFO - Dependencies all met for <TaskInstance: data_engineering_jobs_dags_v3.write_to_csv scheduled__2023-07-20T00:00:00+00:00 [queued]>
[2023-07-29T15:37:29.688+0000] {taskinstance.py:1283} INFO - 
--------------------------------------------------------------------------------
[2023-07-29T15:37:29.867+0000] {taskinstance.py:1284} INFO - Starting attempt 1 of 2
[2023-07-29T15:37:29.897+0000] {taskinstance.py:1285} INFO - 
--------------------------------------------------------------------------------
[2023-07-29T15:37:30.694+0000] {taskinstance.py:1304} INFO - Executing <Task(PythonOperator): write_to_csv> on 2023-07-20 00:00:00+00:00
[2023-07-29T15:37:30.757+0000] {standard_task_runner.py:55} INFO - Started process 14192 to run task
[2023-07-29T15:37:30.802+0000] {standard_task_runner.py:82} INFO - Running: ['***', 'tasks', 'run', 'data_engineering_jobs_dags_v3', 'write_to_csv', 'scheduled__2023-07-20T00:00:00+00:00', '--job-id', '2884', '--raw', '--subdir', 'DAGS_FOLDER/load_data_v3.py', '--cfg-path', '/tmp/tmpiqlhx8kr']
[2023-07-29T15:37:30.813+0000] {standard_task_runner.py:83} INFO - Job 2884: Subtask write_to_csv
[2023-07-29T15:37:32.486+0000] {task_command.py:389} INFO - Running <TaskInstance: data_engineering_jobs_dags_v3.write_to_csv scheduled__2023-07-20T00:00:00+00:00 [running]> on host f1ea17bde741
[2023-07-29T15:37:35.163+0000] {taskinstance.py:1513} INFO - Exporting the following env vars:
AIRFLOW_CTX_DAG_OWNER=***
AIRFLOW_CTX_DAG_ID=data_engineering_jobs_dags_v3
AIRFLOW_CTX_TASK_ID=write_to_csv
AIRFLOW_CTX_EXECUTION_DATE=2023-07-20T00:00:00+00:00
AIRFLOW_CTX_TRY_NUMBER=1
AIRFLOW_CTX_DAG_RUN_ID=scheduled__2023-07-20T00:00:00+00:00
[2023-07-29T15:37:35.676+0000] {python.py:177} INFO - Done. Returned value was: None
[2023-07-29T15:37:35.983+0000] {taskinstance.py:1327} INFO - Marking task as SUCCESS. dag_id=data_engineering_jobs_dags_v3, task_id=write_to_csv, execution_date=20230720T000000, start_date=20230729T153729, end_date=20230729T153735
[2023-07-29T15:37:36.528+0000] {local_task_job.py:159} INFO - Task exited with return code 0
[2023-07-29T15:37:37.212+0000] {taskinstance.py:2582} INFO - 0 downstream tasks scheduled from follow-on schedule check
