[2023-07-27T08:51:43.511+0000] {taskinstance.py:1087} INFO - Dependencies all met for <TaskInstance: data_engineer_jobs_dag.get_data_from_api scheduled__2022-12-07T00:00:00+00:00 [queued]>
[2023-07-27T08:51:43.581+0000] {taskinstance.py:1087} INFO - Dependencies all met for <TaskInstance: data_engineer_jobs_dag.get_data_from_api scheduled__2022-12-07T00:00:00+00:00 [queued]>
[2023-07-27T08:51:43.582+0000] {taskinstance.py:1283} INFO - 
--------------------------------------------------------------------------------
[2023-07-27T08:51:43.637+0000] {taskinstance.py:1284} INFO - Starting attempt 1 of 2
[2023-07-27T08:51:43.642+0000] {taskinstance.py:1285} INFO - 
--------------------------------------------------------------------------------
[2023-07-27T08:51:43.829+0000] {taskinstance.py:1304} INFO - Executing <Task(PythonOperator): get_data_from_api> on 2022-12-07 00:00:00+00:00
[2023-07-27T08:51:43.851+0000] {standard_task_runner.py:55} INFO - Started process 7650 to run task
[2023-07-27T08:51:43.894+0000] {standard_task_runner.py:82} INFO - Running: ['***', 'tasks', 'run', 'data_engineer_jobs_dag', 'get_data_from_api', 'scheduled__2022-12-07T00:00:00+00:00', '--job-id', '1061', '--raw', '--subdir', 'DAGS_FOLDER/load_data.py', '--cfg-path', '/tmp/tmp5pyl0b4o']
[2023-07-27T08:51:43.904+0000] {standard_task_runner.py:83} INFO - Job 1061: Subtask get_data_from_api
[2023-07-27T08:51:44.446+0000] {task_command.py:389} INFO - Running <TaskInstance: data_engineer_jobs_dag.get_data_from_api scheduled__2022-12-07T00:00:00+00:00 [running]> on host bc3380e7707e
[2023-07-27T08:51:45.956+0000] {taskinstance.py:1513} INFO - Exporting the following env vars:
AIRFLOW_CTX_DAG_EMAIL=kasimir.Ikuenobe@hotmail.com
AIRFLOW_CTX_DAG_OWNER=ebejale
AIRFLOW_CTX_DAG_ID=data_engineer_jobs_dag
AIRFLOW_CTX_TASK_ID=get_data_from_api
AIRFLOW_CTX_EXECUTION_DATE=2022-12-07T00:00:00+00:00
AIRFLOW_CTX_TRY_NUMBER=1
AIRFLOW_CTX_DAG_RUN_ID=scheduled__2022-12-07T00:00:00+00:00
[2023-07-27T08:51:47.032+0000] {python.py:177} INFO - Done. Returned value was: {'message': 'You have exceeded the MONTHLY quota for Requests on your current plan, BASIC. Upgrade your plan at https://rapidapi.com/letscrape-6bRBa3QguO5/api/jsearch'}
[2023-07-27T08:51:47.426+0000] {taskinstance.py:1327} INFO - Marking task as SUCCESS. dag_id=data_engineer_jobs_dag, task_id=get_data_from_api, execution_date=20221207T000000, start_date=20230727T085143, end_date=20230727T085147
[2023-07-27T08:51:48.588+0000] {local_task_job.py:159} INFO - Task exited with return code 0
[2023-07-27T08:51:48.878+0000] {taskinstance.py:2582} INFO - 1 downstream tasks scheduled from follow-on schedule check
