[2023-07-31T13:43:31.977+0000] {taskinstance.py:1087} INFO - Dependencies all met for <TaskInstance: job_data_pipeline_plus_csv.write_to_file manual__2023-07-31T13:42:20.109972+00:00 [queued]>
[2023-07-31T13:43:32.238+0000] {taskinstance.py:1087} INFO - Dependencies all met for <TaskInstance: job_data_pipeline_plus_csv.write_to_file manual__2023-07-31T13:42:20.109972+00:00 [queued]>
[2023-07-31T13:43:32.251+0000] {taskinstance.py:1283} INFO - 
--------------------------------------------------------------------------------
[2023-07-31T13:43:32.267+0000] {taskinstance.py:1284} INFO - Starting attempt 1 of 2
[2023-07-31T13:43:32.279+0000] {taskinstance.py:1285} INFO - 
--------------------------------------------------------------------------------
[2023-07-31T13:43:32.632+0000] {taskinstance.py:1304} INFO - Executing <Task(PythonOperator): write_to_file> on 2023-07-31 13:42:20.109972+00:00
[2023-07-31T13:43:32.699+0000] {standard_task_runner.py:55} INFO - Started process 5132 to run task
[2023-07-31T13:43:32.762+0000] {standard_task_runner.py:82} INFO - Running: ['***', 'tasks', 'run', 'job_data_pipeline_plus_csv', 'write_to_file', 'manual__2023-07-31T13:42:20.109972+00:00', '--job-id', '3149', '--raw', '--subdir', 'DAGS_FOLDER/load_data_create_csv(Y).py', '--cfg-path', '/tmp/tmpx4o8n4m2']
[2023-07-31T13:43:32.808+0000] {standard_task_runner.py:83} INFO - Job 3149: Subtask write_to_file
[2023-07-31T13:43:33.810+0000] {task_command.py:389} INFO - Running <TaskInstance: job_data_pipeline_plus_csv.write_to_file manual__2023-07-31T13:42:20.109972+00:00 [running]> on host 4b7777060932
[2023-07-31T13:43:35.089+0000] {taskinstance.py:1513} INFO - Exporting the following env vars:
AIRFLOW_CTX_DAG_OWNER=***
AIRFLOW_CTX_DAG_ID=job_data_pipeline_plus_csv
AIRFLOW_CTX_TASK_ID=write_to_file
AIRFLOW_CTX_EXECUTION_DATE=2023-07-31T13:42:20.109972+00:00
AIRFLOW_CTX_TRY_NUMBER=1
AIRFLOW_CTX_DAG_RUN_ID=manual__2023-07-31T13:42:20.109972+00:00
[2023-07-31T13:43:35.319+0000] {python.py:177} INFO - Done. Returned value was: None
[2023-07-31T13:43:35.543+0000] {taskinstance.py:1327} INFO - Marking task as SUCCESS. dag_id=job_data_pipeline_plus_csv, task_id=write_to_file, execution_date=20230731T134220, start_date=20230731T134332, end_date=20230731T134335
[2023-07-31T13:43:35.977+0000] {local_task_job.py:159} INFO - Task exited with return code 0
[2023-07-31T13:43:36.523+0000] {taskinstance.py:2582} INFO - 0 downstream tasks scheduled from follow-on schedule check
