[2023-07-29T15:57:27.364+0000] {taskinstance.py:1087} INFO - Dependencies all met for <TaskInstance: data_engineering_jobs_dags_v3.create_table scheduled__2023-07-25T00:00:00+00:00 [queued]>
[2023-07-29T15:57:27.644+0000] {taskinstance.py:1087} INFO - Dependencies all met for <TaskInstance: data_engineering_jobs_dags_v3.create_table scheduled__2023-07-25T00:00:00+00:00 [queued]>
[2023-07-29T15:57:27.649+0000] {taskinstance.py:1283} INFO - 
--------------------------------------------------------------------------------
[2023-07-29T15:57:27.743+0000] {taskinstance.py:1284} INFO - Starting attempt 1 of 2
[2023-07-29T15:57:27.744+0000] {taskinstance.py:1285} INFO - 
--------------------------------------------------------------------------------
[2023-07-29T15:57:28.109+0000] {taskinstance.py:1304} INFO - Executing <Task(PostgresOperator): create_table> on 2023-07-25 00:00:00+00:00
[2023-07-29T15:57:28.146+0000] {standard_task_runner.py:55} INFO - Started process 15074 to run task
[2023-07-29T15:57:28.175+0000] {standard_task_runner.py:82} INFO - Running: ['***', 'tasks', 'run', 'data_engineering_jobs_dags_v3', 'create_table', 'scheduled__2023-07-25T00:00:00+00:00', '--job-id', '2919', '--raw', '--subdir', 'DAGS_FOLDER/load_data_v3.py', '--cfg-path', '/tmp/tmp4539ngy1']
[2023-07-29T15:57:28.186+0000] {standard_task_runner.py:83} INFO - Job 2919: Subtask create_table
[2023-07-29T15:57:29.111+0000] {task_command.py:389} INFO - Running <TaskInstance: data_engineering_jobs_dags_v3.create_table scheduled__2023-07-25T00:00:00+00:00 [running]> on host f1ea17bde741
[2023-07-29T15:57:30.654+0000] {taskinstance.py:1513} INFO - Exporting the following env vars:
AIRFLOW_CTX_DAG_OWNER=***
AIRFLOW_CTX_DAG_ID=data_engineering_jobs_dags_v3
AIRFLOW_CTX_TASK_ID=create_table
AIRFLOW_CTX_EXECUTION_DATE=2023-07-25T00:00:00+00:00
AIRFLOW_CTX_TRY_NUMBER=1
AIRFLOW_CTX_DAG_RUN_ID=scheduled__2023-07-25T00:00:00+00:00
[2023-07-29T15:57:30.659+0000] {sql.py:253} INFO - Executing: 
        CREATE TABLE IF NOT EXISTS jobs(
            id VARCHAR(255),
            salary_min DECIMAL,
            salary_max DECIMAL,
            description TEXT,
            category VARCHAR(255),
            label VARCHAR(255),
            tag VARCHAR(255),
            location TEXT,
            longitude DECIMAL,
            latitude DECIMAL,
            job_title VARCHAR(255),
            salary_is_predicted BOOLEAN,
            adref VARCHAR(255),
            created TIMESTAMP,
            title VARCHAR(255),
            redirect_url TEXT,
            company TEXT,
            class VARCHAR(255),
            area TEXT
        )
    
[2023-07-29T15:57:30.813+0000] {base.py:73} INFO - Using connection ID 'my_connection' for task execution.
[2023-07-29T15:57:34.887+0000] {base.py:73} INFO - Using connection ID 'my_connection' for task execution.
[2023-07-29T15:57:35.086+0000] {sql.py:364} INFO - Running statement: 
        CREATE TABLE IF NOT EXISTS jobs(
            id VARCHAR(255),
            salary_min DECIMAL,
            salary_max DECIMAL,
            description TEXT,
            category VARCHAR(255),
            label VARCHAR(255),
            tag VARCHAR(255),
            location TEXT,
            longitude DECIMAL,
            latitude DECIMAL,
            job_title VARCHAR(255),
            salary_is_predicted BOOLEAN,
            adref VARCHAR(255),
            created TIMESTAMP,
            title VARCHAR(255),
            redirect_url TEXT,
            company TEXT,
            class VARCHAR(255),
            area TEXT
        )
    , parameters: None
[2023-07-29T15:57:35.445+0000] {taskinstance.py:1327} INFO - Marking task as SUCCESS. dag_id=data_engineering_jobs_dags_v3, task_id=create_table, execution_date=20230725T000000, start_date=20230729T155727, end_date=20230729T155735
[2023-07-29T15:57:36.065+0000] {local_task_job.py:159} INFO - Task exited with return code 0
[2023-07-29T15:57:36.639+0000] {taskinstance.py:2582} INFO - 1 downstream tasks scheduled from follow-on schedule check
