[2023-08-03T03:58:38.574+0000] {taskinstance.py:1087} INFO - Dependencies all met for <TaskInstance: my_postgres_dag_v1-1.create_table scheduled__2023-08-02T00:00:00+00:00 [queued]>
[2023-08-03T03:58:38.902+0000] {taskinstance.py:1087} INFO - Dependencies all met for <TaskInstance: my_postgres_dag_v1-1.create_table scheduled__2023-08-02T00:00:00+00:00 [queued]>
[2023-08-03T03:58:38.904+0000] {taskinstance.py:1283} INFO - 
--------------------------------------------------------------------------------
[2023-08-03T03:58:39.648+0000] {taskinstance.py:1284} INFO - Starting attempt 1 of 3
[2023-08-03T03:58:39.649+0000] {taskinstance.py:1285} INFO - 
--------------------------------------------------------------------------------
[2023-08-03T03:58:45.789+0000] {taskinstance.py:1304} INFO - Executing <Task(PostgresOperator): create_table> on 2023-08-02 00:00:00+00:00
[2023-08-03T03:58:45.799+0000] {standard_task_runner.py:55} INFO - Started process 30035 to run task
[2023-08-03T03:58:45.831+0000] {standard_task_runner.py:82} INFO - Running: ['***', 'tasks', 'run', 'my_postgres_dag_v1-1', 'create_table', 'scheduled__2023-08-02T00:00:00+00:00', '--job-id', '3246', '--raw', '--subdir', 'DAGS_FOLDER/postgres_operator_v1-1.py', '--cfg-path', '/tmp/tmp2t_nn15q']
[2023-08-03T03:58:45.841+0000] {standard_task_runner.py:83} INFO - Job 3246: Subtask create_table
[2023-08-03T03:58:49.532+0000] {task_command.py:389} INFO - Running <TaskInstance: my_postgres_dag_v1-1.create_table scheduled__2023-08-02T00:00:00+00:00 [running]> on host a4a69aba7e5b
[2023-08-03T03:58:56.083+0000] {taskinstance.py:1513} INFO - Exporting the following env vars:
AIRFLOW_CTX_DAG_OWNER=Byron
AIRFLOW_CTX_DAG_ID=my_postgres_dag_v1-1
AIRFLOW_CTX_TASK_ID=create_table
AIRFLOW_CTX_EXECUTION_DATE=2023-08-02T00:00:00+00:00
AIRFLOW_CTX_TRY_NUMBER=1
AIRFLOW_CTX_DAG_RUN_ID=scheduled__2023-08-02T00:00:00+00:00
[2023-08-03T03:58:56.085+0000] {sql.py:253} INFO - Executing: CREATE TABLE IF NOT EXISTS ***_users (id SERIAL PRIMARY KEY, name VARCHAR(30))
[2023-08-03T03:58:56.112+0000] {base.py:73} INFO - Using connection ID 'my_connection' for task execution.
[2023-08-03T03:58:56.597+0000] {base.py:73} INFO - Using connection ID 'my_connection' for task execution.
[2023-08-03T03:58:56.907+0000] {sql.py:364} INFO - Running statement: CREATE TABLE IF NOT EXISTS ***_users (id SERIAL PRIMARY KEY, name VARCHAR(30)), parameters: None
[2023-08-03T03:58:56.931+0000] {taskinstance.py:1327} INFO - Marking task as SUCCESS. dag_id=my_postgres_dag_v1-1, task_id=create_table, execution_date=20230802T000000, start_date=20230803T035838, end_date=20230803T035856
[2023-08-03T03:58:58.630+0000] {local_task_job.py:159} INFO - Task exited with return code 0
[2023-08-03T03:58:58.735+0000] {taskinstance.py:2582} INFO - 0 downstream tasks scheduled from follow-on schedule check
