[2023-07-29T15:09:32.709+0000] {taskinstance.py:1087} INFO - Dependencies all met for <TaskInstance: data_engineering_jobs_dags_v3.write_to_csv scheduled__2023-06-01T00:00:00+00:00 [queued]>
[2023-07-29T15:09:32.950+0000] {taskinstance.py:1087} INFO - Dependencies all met for <TaskInstance: data_engineering_jobs_dags_v3.write_to_csv scheduled__2023-06-01T00:00:00+00:00 [queued]>
[2023-07-29T15:09:32.960+0000] {taskinstance.py:1283} INFO - 
--------------------------------------------------------------------------------
[2023-07-29T15:09:32.970+0000] {taskinstance.py:1284} INFO - Starting attempt 1 of 2
[2023-07-29T15:09:32.971+0000] {taskinstance.py:1285} INFO - 
--------------------------------------------------------------------------------
[2023-07-29T15:09:33.645+0000] {taskinstance.py:1304} INFO - Executing <Task(PythonOperator): write_to_csv> on 2023-06-01 00:00:00+00:00
[2023-07-29T15:09:33.734+0000] {standard_task_runner.py:55} INFO - Started process 12673 to run task
[2023-07-29T15:09:34.004+0000] {standard_task_runner.py:82} INFO - Running: ['***', 'tasks', 'run', 'data_engineering_jobs_dags_v3', 'write_to_csv', 'scheduled__2023-06-01T00:00:00+00:00', '--job-id', '2689', '--raw', '--subdir', 'DAGS_FOLDER/load_data_v3.py', '--cfg-path', '/tmp/tmpcv39ckzx']
[2023-07-29T15:09:34.068+0000] {standard_task_runner.py:83} INFO - Job 2689: Subtask write_to_csv
[2023-07-29T15:09:34.918+0000] {task_command.py:389} INFO - Running <TaskInstance: data_engineering_jobs_dags_v3.write_to_csv scheduled__2023-06-01T00:00:00+00:00 [running]> on host f1ea17bde741
[2023-07-29T15:09:37.398+0000] {taskinstance.py:1513} INFO - Exporting the following env vars:
AIRFLOW_CTX_DAG_OWNER=***
AIRFLOW_CTX_DAG_ID=data_engineering_jobs_dags_v3
AIRFLOW_CTX_TASK_ID=write_to_csv
AIRFLOW_CTX_EXECUTION_DATE=2023-06-01T00:00:00+00:00
AIRFLOW_CTX_TRY_NUMBER=1
AIRFLOW_CTX_DAG_RUN_ID=scheduled__2023-06-01T00:00:00+00:00
[2023-07-29T15:09:38.335+0000] {python.py:177} INFO - Done. Returned value was: None
[2023-07-29T15:09:38.475+0000] {taskinstance.py:1327} INFO - Marking task as SUCCESS. dag_id=data_engineering_jobs_dags_v3, task_id=write_to_csv, execution_date=20230601T000000, start_date=20230729T150932, end_date=20230729T150938
[2023-07-29T15:09:41.076+0000] {local_task_job.py:159} INFO - Task exited with return code 0
[2023-07-29T15:09:41.518+0000] {taskinstance.py:2582} INFO - 0 downstream tasks scheduled from follow-on schedule check
