[2023-07-29T14:28:55.325+0000] {taskinstance.py:1087} INFO - Dependencies all met for <TaskInstance: data_engineering_jobs_dags_v3.write_to_postgres manual__2023-07-29T14:20:38.675934+00:00 [queued]>
[2023-07-29T14:28:55.482+0000] {taskinstance.py:1087} INFO - Dependencies all met for <TaskInstance: data_engineering_jobs_dags_v3.write_to_postgres manual__2023-07-29T14:20:38.675934+00:00 [queued]>
[2023-07-29T14:28:55.488+0000] {taskinstance.py:1283} INFO - 
--------------------------------------------------------------------------------
[2023-07-29T14:28:55.518+0000] {taskinstance.py:1284} INFO - Starting attempt 2 of 2
[2023-07-29T14:28:55.521+0000] {taskinstance.py:1285} INFO - 
--------------------------------------------------------------------------------
[2023-07-29T14:28:55.783+0000] {taskinstance.py:1304} INFO - Executing <Task(PythonOperator): write_to_postgres> on 2023-07-29 14:20:38.675934+00:00
[2023-07-29T14:28:55.855+0000] {standard_task_runner.py:55} INFO - Started process 10105 to run task
[2023-07-29T14:28:55.952+0000] {standard_task_runner.py:82} INFO - Running: ['***', 'tasks', 'run', 'data_engineering_jobs_dags_v3', 'write_to_postgres', 'manual__2023-07-29T14:20:38.675934+00:00', '--job-id', '2302', '--raw', '--subdir', 'DAGS_FOLDER/load_data_v3.py', '--cfg-path', '/tmp/tmpzajr9vkl']
[2023-07-29T14:28:56.020+0000] {standard_task_runner.py:83} INFO - Job 2302: Subtask write_to_postgres
[2023-07-29T14:28:57.214+0000] {task_command.py:389} INFO - Running <TaskInstance: data_engineering_jobs_dags_v3.write_to_postgres manual__2023-07-29T14:20:38.675934+00:00 [running]> on host f1ea17bde741
[2023-07-29T14:28:59.051+0000] {taskinstance.py:1513} INFO - Exporting the following env vars:
AIRFLOW_CTX_DAG_OWNER=***
AIRFLOW_CTX_DAG_ID=data_engineering_jobs_dags_v3
AIRFLOW_CTX_TASK_ID=write_to_postgres
AIRFLOW_CTX_EXECUTION_DATE=2023-07-29T14:20:38.675934+00:00
AIRFLOW_CTX_TRY_NUMBER=2
AIRFLOW_CTX_DAG_RUN_ID=manual__2023-07-29T14:20:38.675934+00:00
[2023-07-29T14:28:59.464+0000] {base.py:73} INFO - Using connection ID 'my_connection' for task execution.
[2023-07-29T14:28:59.550+0000] {taskinstance.py:1772} ERROR - Task failed with exception
Traceback (most recent call last):
  File "/home/airflow/.local/lib/python3.7/site-packages/airflow/operators/python.py", line 175, in execute
    return_value = self.execute_callable()
  File "/home/airflow/.local/lib/python3.7/site-packages/airflow/operators/python.py", line 192, in execute_callable
    return self.python_callable(*self.op_args, **self.op_kwargs)
  File "/opt/airflow/dags/load_data_v3.py", line 71, in write_to_postgres
    execute_values(cursor, insert_statement, [tuple(x) for x in df.to_records(index=False)])
  File "/home/airflow/.local/lib/python3.7/site-packages/psycopg2/extras.py", line 1296, in execute_values
    parts.append(cur.mogrify(template, args))
psycopg2.ProgrammingError: can't adapt type 'dict'
[2023-07-29T14:28:59.635+0000] {taskinstance.py:1327} INFO - Marking task as FAILED. dag_id=data_engineering_jobs_dags_v3, task_id=write_to_postgres, execution_date=20230729T142038, start_date=20230729T142855, end_date=20230729T142859
[2023-07-29T14:29:00.078+0000] {standard_task_runner.py:105} ERROR - Failed to execute job 2302 for task write_to_postgres (can't adapt type 'dict'; 10105)
[2023-07-29T14:29:00.225+0000] {local_task_job.py:159} INFO - Task exited with return code 1
[2023-07-29T14:29:01.801+0000] {taskinstance.py:2582} INFO - 0 downstream tasks scheduled from follow-on schedule check
