[2023-07-29T14:38:41.496+0000] {taskinstance.py:1087} INFO - Dependencies all met for <TaskInstance: data_engineering_jobs_dags_v3.write_to_csv scheduled__2023-03-24T00:00:00+00:00 [queued]>
[2023-07-29T14:38:41.645+0000] {taskinstance.py:1087} INFO - Dependencies all met for <TaskInstance: data_engineering_jobs_dags_v3.write_to_csv scheduled__2023-03-24T00:00:00+00:00 [queued]>
[2023-07-29T14:38:41.658+0000] {taskinstance.py:1283} INFO - 
--------------------------------------------------------------------------------
[2023-07-29T14:38:41.722+0000] {taskinstance.py:1284} INFO - Starting attempt 1 of 2
[2023-07-29T14:38:41.748+0000] {taskinstance.py:1285} INFO - 
--------------------------------------------------------------------------------
[2023-07-29T14:38:41.991+0000] {taskinstance.py:1304} INFO - Executing <Task(PythonOperator): write_to_csv> on 2023-03-24 00:00:00+00:00
[2023-07-29T14:38:42.029+0000] {standard_task_runner.py:55} INFO - Started process 10744 to run task
[2023-07-29T14:38:42.094+0000] {standard_task_runner.py:82} INFO - Running: ['***', 'tasks', 'run', 'data_engineering_jobs_dags_v3', 'write_to_csv', 'scheduled__2023-03-24T00:00:00+00:00', '--job-id', '2401', '--raw', '--subdir', 'DAGS_FOLDER/load_data_v3.py', '--cfg-path', '/tmp/tmp6tt27mbt']
[2023-07-29T14:38:42.103+0000] {standard_task_runner.py:83} INFO - Job 2401: Subtask write_to_csv
[2023-07-29T14:38:42.602+0000] {task_command.py:389} INFO - Running <TaskInstance: data_engineering_jobs_dags_v3.write_to_csv scheduled__2023-03-24T00:00:00+00:00 [running]> on host f1ea17bde741
[2023-07-29T14:38:43.745+0000] {taskinstance.py:1513} INFO - Exporting the following env vars:
AIRFLOW_CTX_DAG_OWNER=***
AIRFLOW_CTX_DAG_ID=data_engineering_jobs_dags_v3
AIRFLOW_CTX_TASK_ID=write_to_csv
AIRFLOW_CTX_EXECUTION_DATE=2023-03-24T00:00:00+00:00
AIRFLOW_CTX_TRY_NUMBER=1
AIRFLOW_CTX_DAG_RUN_ID=scheduled__2023-03-24T00:00:00+00:00
[2023-07-29T14:38:43.883+0000] {python.py:177} INFO - Done. Returned value was: None
[2023-07-29T14:38:43.968+0000] {taskinstance.py:1327} INFO - Marking task as SUCCESS. dag_id=data_engineering_jobs_dags_v3, task_id=write_to_csv, execution_date=20230324T000000, start_date=20230729T143841, end_date=20230729T143843
[2023-07-29T14:38:44.544+0000] {local_task_job.py:159} INFO - Task exited with return code 0
[2023-07-29T14:38:44.824+0000] {taskinstance.py:2582} INFO - 0 downstream tasks scheduled from follow-on schedule check
