[2023-07-30T21:52:29.705+0000] {taskinstance.py:1087} INFO - Dependencies all met for <TaskInstance: job_data_pipeline_plus_csv.get_jobs manual__2023-07-30T21:52:05.845546+00:00 [queued]>
[2023-07-30T21:52:29.921+0000] {taskinstance.py:1087} INFO - Dependencies all met for <TaskInstance: job_data_pipeline_plus_csv.get_jobs manual__2023-07-30T21:52:05.845546+00:00 [queued]>
[2023-07-30T21:52:29.934+0000] {taskinstance.py:1283} INFO - 
--------------------------------------------------------------------------------
[2023-07-30T21:52:29.998+0000] {taskinstance.py:1284} INFO - Starting attempt 1 of 2
[2023-07-30T21:52:30.014+0000] {taskinstance.py:1285} INFO - 
--------------------------------------------------------------------------------
[2023-07-30T21:52:30.554+0000] {taskinstance.py:1304} INFO - Executing <Task(PythonOperator): get_jobs> on 2023-07-30 21:52:05.845546+00:00
[2023-07-30T21:52:30.587+0000] {standard_task_runner.py:55} INFO - Started process 7106 to run task
[2023-07-30T21:52:30.623+0000] {standard_task_runner.py:82} INFO - Running: ['***', 'tasks', 'run', 'job_data_pipeline_plus_csv', 'get_jobs', 'manual__2023-07-30T21:52:05.845546+00:00', '--job-id', '3090', '--raw', '--subdir', 'DAGS_FOLDER/load_data_create_csv(Y).py', '--cfg-path', '/tmp/tmph9vmp3w1']
[2023-07-30T21:52:30.659+0000] {standard_task_runner.py:83} INFO - Job 3090: Subtask get_jobs
[2023-07-30T21:52:31.588+0000] {task_command.py:389} INFO - Running <TaskInstance: job_data_pipeline_plus_csv.get_jobs manual__2023-07-30T21:52:05.845546+00:00 [running]> on host 4b7777060932
[2023-07-30T21:52:32.544+0000] {taskinstance.py:1513} INFO - Exporting the following env vars:
AIRFLOW_CTX_DAG_OWNER=***
AIRFLOW_CTX_DAG_ID=job_data_pipeline_plus_csv
AIRFLOW_CTX_TASK_ID=get_jobs
AIRFLOW_CTX_EXECUTION_DATE=2023-07-30T21:52:05.845546+00:00
AIRFLOW_CTX_TRY_NUMBER=1
AIRFLOW_CTX_DAG_RUN_ID=manual__2023-07-30T21:52:05.845546+00:00
[2023-07-30T21:52:34.935+0000] {python.py:177} INFO - Done. Returned value was: None
[2023-07-30T21:52:35.176+0000] {taskinstance.py:1327} INFO - Marking task as SUCCESS. dag_id=job_data_pipeline_plus_csv, task_id=get_jobs, execution_date=20230730T215205, start_date=20230730T215229, end_date=20230730T215235
[2023-07-30T21:52:35.640+0000] {local_task_job.py:159} INFO - Task exited with return code 0
[2023-07-30T21:52:36.526+0000] {taskinstance.py:2582} INFO - 0 downstream tasks scheduled from follow-on schedule check
