[2023-07-29T17:40:47.813+0000] {taskinstance.py:1087} INFO - Dependencies all met for <TaskInstance: job_data_pipeline.write_to_postgres manual__2023-07-29T17:40:10.520989+00:00 [queued]>
[2023-07-29T17:40:47.862+0000] {taskinstance.py:1087} INFO - Dependencies all met for <TaskInstance: job_data_pipeline.write_to_postgres manual__2023-07-29T17:40:10.520989+00:00 [queued]>
[2023-07-29T17:40:47.864+0000] {taskinstance.py:1283} INFO - 
--------------------------------------------------------------------------------
[2023-07-29T17:40:47.909+0000] {taskinstance.py:1284} INFO - Starting attempt 1 of 2
[2023-07-29T17:40:47.911+0000] {taskinstance.py:1285} INFO - 
--------------------------------------------------------------------------------
[2023-07-29T17:40:48.051+0000] {taskinstance.py:1304} INFO - Executing <Task(PythonOperator): write_to_postgres> on 2023-07-29 17:40:10.520989+00:00
[2023-07-29T17:40:48.088+0000] {standard_task_runner.py:55} INFO - Started process 19288 to run task
[2023-07-29T17:40:48.102+0000] {standard_task_runner.py:82} INFO - Running: ['***', 'tasks', 'run', 'job_data_pipeline', 'write_to_postgres', 'manual__2023-07-29T17:40:10.520989+00:00', '--job-id', '2990', '--raw', '--subdir', 'DAGS_FOLDER/load_data_v4.py', '--cfg-path', '/tmp/tmpclajyd9a']
[2023-07-29T17:40:48.109+0000] {standard_task_runner.py:83} INFO - Job 2990: Subtask write_to_postgres
[2023-07-29T17:40:48.941+0000] {task_command.py:389} INFO - Running <TaskInstance: job_data_pipeline.write_to_postgres manual__2023-07-29T17:40:10.520989+00:00 [running]> on host f1ea17bde741
[2023-07-29T17:40:49.695+0000] {taskinstance.py:1513} INFO - Exporting the following env vars:
AIRFLOW_CTX_DAG_OWNER=***
AIRFLOW_CTX_DAG_ID=job_data_pipeline
AIRFLOW_CTX_TASK_ID=write_to_postgres
AIRFLOW_CTX_EXECUTION_DATE=2023-07-29T17:40:10.520989+00:00
AIRFLOW_CTX_TRY_NUMBER=1
AIRFLOW_CTX_DAG_RUN_ID=manual__2023-07-29T17:40:10.520989+00:00
[2023-07-29T17:40:49.949+0000] {base.py:73} INFO - Using connection ID 'my_connection' for task execution.
[2023-07-29T17:40:50.497+0000] {taskinstance.py:1772} ERROR - Task failed with exception
Traceback (most recent call last):
  File "/home/airflow/.local/lib/python3.7/site-packages/airflow/operators/python.py", line 175, in execute
    return_value = self.execute_callable()
  File "/home/airflow/.local/lib/python3.7/site-packages/airflow/operators/python.py", line 192, in execute_callable
    return self.python_callable(*self.op_args, **self.op_kwargs)
  File "/opt/airflow/dags/load_data_v4.py", line 76, in write_to_postgres
    execute_values(cursor, f"INSERT INTO jobs ({','.join(df.columns)}) VALUES %s", [tuple(x) for x in df.values])
  File "/home/airflow/.local/lib/python3.7/site-packages/psycopg2/extras.py", line 1296, in execute_values
    parts.append(cur.mogrify(template, args))
psycopg2.ProgrammingError: can't adapt type 'dict'
[2023-07-29T17:40:50.641+0000] {taskinstance.py:1327} INFO - Marking task as UP_FOR_RETRY. dag_id=job_data_pipeline, task_id=write_to_postgres, execution_date=20230729T174010, start_date=20230729T174047, end_date=20230729T174050
[2023-07-29T17:40:50.855+0000] {standard_task_runner.py:105} ERROR - Failed to execute job 2990 for task write_to_postgres (can't adapt type 'dict'; 19288)
[2023-07-29T17:40:50.948+0000] {local_task_job.py:159} INFO - Task exited with return code 1
[2023-07-29T17:40:51.072+0000] {taskinstance.py:2582} INFO - 0 downstream tasks scheduled from follow-on schedule check
