[2023-07-29T17:45:56.358+0000] {taskinstance.py:1087} INFO - Dependencies all met for <TaskInstance: job_data_pipeline.write_to_postgres manual__2023-07-29T17:40:10.520989+00:00 [queued]>
[2023-07-29T17:45:56.427+0000] {taskinstance.py:1087} INFO - Dependencies all met for <TaskInstance: job_data_pipeline.write_to_postgres manual__2023-07-29T17:40:10.520989+00:00 [queued]>
[2023-07-29T17:45:56.439+0000] {taskinstance.py:1283} INFO - 
--------------------------------------------------------------------------------
[2023-07-29T17:45:56.458+0000] {taskinstance.py:1284} INFO - Starting attempt 2 of 2
[2023-07-29T17:45:56.460+0000] {taskinstance.py:1285} INFO - 
--------------------------------------------------------------------------------
[2023-07-29T17:45:56.720+0000] {taskinstance.py:1304} INFO - Executing <Task(PythonOperator): write_to_postgres> on 2023-07-29 17:40:10.520989+00:00
[2023-07-29T17:45:56.728+0000] {standard_task_runner.py:55} INFO - Started process 19484 to run task
[2023-07-29T17:45:56.741+0000] {standard_task_runner.py:82} INFO - Running: ['***', 'tasks', 'run', 'job_data_pipeline', 'write_to_postgres', 'manual__2023-07-29T17:40:10.520989+00:00', '--job-id', '2991', '--raw', '--subdir', 'DAGS_FOLDER/load_data_v4.py', '--cfg-path', '/tmp/tmpkcvmil5u']
[2023-07-29T17:45:56.750+0000] {standard_task_runner.py:83} INFO - Job 2991: Subtask write_to_postgres
[2023-07-29T17:45:57.012+0000] {task_command.py:389} INFO - Running <TaskInstance: job_data_pipeline.write_to_postgres manual__2023-07-29T17:40:10.520989+00:00 [running]> on host f1ea17bde741
[2023-07-29T17:45:57.782+0000] {taskinstance.py:1513} INFO - Exporting the following env vars:
AIRFLOW_CTX_DAG_OWNER=***
AIRFLOW_CTX_DAG_ID=job_data_pipeline
AIRFLOW_CTX_TASK_ID=write_to_postgres
AIRFLOW_CTX_EXECUTION_DATE=2023-07-29T17:40:10.520989+00:00
AIRFLOW_CTX_TRY_NUMBER=2
AIRFLOW_CTX_DAG_RUN_ID=manual__2023-07-29T17:40:10.520989+00:00
[2023-07-29T17:45:57.884+0000] {base.py:73} INFO - Using connection ID 'my_connection' for task execution.
[2023-07-29T17:45:58.009+0000] {taskinstance.py:1772} ERROR - Task failed with exception
Traceback (most recent call last):
  File "/home/airflow/.local/lib/python3.7/site-packages/airflow/operators/python.py", line 175, in execute
    return_value = self.execute_callable()
  File "/home/airflow/.local/lib/python3.7/site-packages/airflow/operators/python.py", line 192, in execute_callable
    return self.python_callable(*self.op_args, **self.op_kwargs)
  File "/opt/airflow/dags/load_data_v4.py", line 76, in write_to_postgres
    execute_values(cursor, f"INSERT INTO jobs ({','.join(df.columns)}) VALUES %s", [tuple(x) for x in df.values])
  File "/home/airflow/.local/lib/python3.7/site-packages/psycopg2/extras.py", line 1296, in execute_values
    parts.append(cur.mogrify(template, args))
psycopg2.ProgrammingError: can't adapt type 'dict'
[2023-07-29T17:45:58.092+0000] {taskinstance.py:1327} INFO - Marking task as FAILED. dag_id=job_data_pipeline, task_id=write_to_postgres, execution_date=20230729T174010, start_date=20230729T174556, end_date=20230729T174558
[2023-07-29T17:45:58.452+0000] {standard_task_runner.py:105} ERROR - Failed to execute job 2991 for task write_to_postgres (can't adapt type 'dict'; 19484)
[2023-07-29T17:45:58.492+0000] {local_task_job.py:159} INFO - Task exited with return code 1
[2023-07-29T17:45:58.560+0000] {taskinstance.py:2582} INFO - 0 downstream tasks scheduled from follow-on schedule check
