[2023-07-27T17:08:59.956+0000] {taskinstance.py:1087} INFO - Dependencies all met for <TaskInstance: data_engineering_jobs_dags_v2.get_jobs scheduled__2023-01-01T00:00:00+00:00 [queued]>
[2023-07-27T17:09:00.438+0000] {taskinstance.py:1087} INFO - Dependencies all met for <TaskInstance: data_engineering_jobs_dags_v2.get_jobs scheduled__2023-01-01T00:00:00+00:00 [queued]>
[2023-07-27T17:09:00.455+0000] {taskinstance.py:1283} INFO - 
--------------------------------------------------------------------------------
[2023-07-27T17:09:00.564+0000] {taskinstance.py:1284} INFO - Starting attempt 2 of 2
[2023-07-27T17:09:00.583+0000] {taskinstance.py:1285} INFO - 
--------------------------------------------------------------------------------
[2023-07-27T17:09:03.677+0000] {taskinstance.py:1304} INFO - Executing <Task(PythonOperator): get_jobs> on 2023-01-01 00:00:00+00:00
[2023-07-27T17:09:03.901+0000] {standard_task_runner.py:55} INFO - Started process 28832 to run task
[2023-07-27T17:09:04.500+0000] {standard_task_runner.py:82} INFO - Running: ['***', 'tasks', 'run', 'data_engineering_jobs_dags_v2', 'get_jobs', 'scheduled__2023-01-01T00:00:00+00:00', '--job-id', '1834', '--raw', '--subdir', 'DAGS_FOLDER/load_data_v2.py', '--cfg-path', '/tmp/tmpodmalgzh']
[2023-07-27T17:09:04.563+0000] {standard_task_runner.py:83} INFO - Job 1834: Subtask get_jobs
[2023-07-27T17:09:10.297+0000] {task_command.py:389} INFO - Running <TaskInstance: data_engineering_jobs_dags_v2.get_jobs scheduled__2023-01-01T00:00:00+00:00 [running]> on host bc3380e7707e
[2023-07-27T17:09:14.652+0000] {taskinstance.py:1513} INFO - Exporting the following env vars:
AIRFLOW_CTX_DAG_OWNER=***
AIRFLOW_CTX_DAG_ID=data_engineering_jobs_dags_v2
AIRFLOW_CTX_TASK_ID=get_jobs
AIRFLOW_CTX_EXECUTION_DATE=2023-01-01T00:00:00+00:00
AIRFLOW_CTX_TRY_NUMBER=2
AIRFLOW_CTX_DAG_RUN_ID=scheduled__2023-01-01T00:00:00+00:00
[2023-07-27T17:09:18.890+0000] {python.py:177} INFO - Done. Returned value was: None
[2023-07-27T17:09:19.515+0000] {taskinstance.py:1327} INFO - Marking task as SUCCESS. dag_id=data_engineering_jobs_dags_v2, task_id=get_jobs, execution_date=20230101T000000, start_date=20230727T170900, end_date=20230727T170919
[2023-07-27T17:09:24.309+0000] {local_task_job.py:159} INFO - Task exited with return code 0
[2023-07-27T17:09:25.411+0000] {taskinstance.py:2582} INFO - 1 downstream tasks scheduled from follow-on schedule check
