[2023-08-01T00:00:31.646+0000] {taskinstance.py:1087} INFO - Dependencies all met for <TaskInstance: my_postgres_dag_v3-1.insert_data scheduled__2023-07-31T00:00:00+00:00 [queued]>
[2023-08-01T00:00:31.826+0000] {taskinstance.py:1087} INFO - Dependencies all met for <TaskInstance: my_postgres_dag_v3-1.insert_data scheduled__2023-07-31T00:00:00+00:00 [queued]>
[2023-08-01T00:00:31.846+0000] {taskinstance.py:1283} INFO - 
--------------------------------------------------------------------------------
[2023-08-01T00:00:31.854+0000] {taskinstance.py:1284} INFO - Starting attempt 1 of 3
[2023-08-01T00:00:31.869+0000] {taskinstance.py:1285} INFO - 
--------------------------------------------------------------------------------
[2023-08-01T00:00:32.405+0000] {taskinstance.py:1304} INFO - Executing <Task(PostgresOperator): insert_data> on 2023-07-31 00:00:00+00:00
[2023-08-01T00:00:32.489+0000] {standard_task_runner.py:55} INFO - Started process 26447 to run task
[2023-08-01T00:00:32.536+0000] {standard_task_runner.py:82} INFO - Running: ['***', 'tasks', 'run', 'my_postgres_dag_v3-1', 'insert_data', 'scheduled__2023-07-31T00:00:00+00:00', '--job-id', '3196', '--raw', '--subdir', 'DAGS_FOLDER/postgres_operator_v2-2.py', '--cfg-path', '/tmp/tmprorom1xv']
[2023-08-01T00:00:32.553+0000] {standard_task_runner.py:83} INFO - Job 3196: Subtask insert_data
[2023-08-01T00:00:33.721+0000] {task_command.py:389} INFO - Running <TaskInstance: my_postgres_dag_v3-1.insert_data scheduled__2023-07-31T00:00:00+00:00 [running]> on host 4b7777060932
[2023-08-01T00:00:34.736+0000] {taskinstance.py:1513} INFO - Exporting the following env vars:
AIRFLOW_CTX_DAG_OWNER=Byron
AIRFLOW_CTX_DAG_ID=my_postgres_dag_v3-1
AIRFLOW_CTX_TASK_ID=insert_data
AIRFLOW_CTX_EXECUTION_DATE=2023-07-31T00:00:00+00:00
AIRFLOW_CTX_TRY_NUMBER=1
AIRFLOW_CTX_DAG_RUN_ID=scheduled__2023-07-31T00:00:00+00:00
[2023-08-01T00:00:34.748+0000] {sql.py:253} INFO - Executing: INSERT INTO ***_users (name) VALUES ("Chidi", "Joseph", "Cindy", "Sarai")
[2023-08-01T00:00:34.830+0000] {base.py:73} INFO - Using connection ID 'my_connection' for task execution.
[2023-08-01T00:00:37.809+0000] {base.py:73} INFO - Using connection ID 'my_connection' for task execution.
[2023-08-01T00:00:37.927+0000] {sql.py:364} INFO - Running statement: INSERT INTO ***_users (name) VALUES ("Chidi", "Joseph", "Cindy", "Sarai"), parameters: None
[2023-08-01T00:00:38.096+0000] {taskinstance.py:1772} ERROR - Task failed with exception
Traceback (most recent call last):
  File "/home/airflow/.local/lib/python3.7/site-packages/airflow/providers/common/sql/operators/sql.py", line 261, in execute
    return_last=self.return_last,
  File "/home/airflow/.local/lib/python3.7/site-packages/airflow/providers/common/sql/hooks/sql.py", line 338, in run
    self._run_command(cur, sql_statement, parameters)
  File "/home/airflow/.local/lib/python3.7/site-packages/airflow/providers/common/sql/hooks/sql.py", line 369, in _run_command
    cur.execute(sql_statement)
psycopg2.errors.UndefinedColumn: column "Chidi" does not exist
LINE 1: INSERT INTO ***_users (name) VALUES ("Chidi", "Joseph", ...
                                                 ^

[2023-08-01T00:00:38.536+0000] {taskinstance.py:1327} INFO - Marking task as UP_FOR_RETRY. dag_id=my_postgres_dag_v3-1, task_id=insert_data, execution_date=20230731T000000, start_date=20230801T000031, end_date=20230801T000038
[2023-08-01T00:00:38.711+0000] {standard_task_runner.py:105} ERROR - Failed to execute job 3196 for task insert_data (column "Chidi" does not exist
LINE 1: INSERT INTO ***_users (name) VALUES ("Chidi", "Joseph", ...
                                                 ^
; 26447)
[2023-08-01T00:00:38.799+0000] {local_task_job.py:159} INFO - Task exited with return code 1
[2023-08-01T00:00:38.979+0000] {taskinstance.py:2582} INFO - 0 downstream tasks scheduled from follow-on schedule check
