[2023-08-02T16:25:54.594+0000] {taskinstance.py:1087} INFO - Dependencies all met for <TaskInstance: project_user_etl_dag.load manual__2023-08-02T16:25:31.452085+00:00 [queued]>
[2023-08-02T16:25:54.696+0000] {taskinstance.py:1087} INFO - Dependencies all met for <TaskInstance: project_user_etl_dag.load manual__2023-08-02T16:25:31.452085+00:00 [queued]>
[2023-08-02T16:25:54.711+0000] {taskinstance.py:1283} INFO - 
--------------------------------------------------------------------------------
[2023-08-02T16:25:54.715+0000] {taskinstance.py:1284} INFO - Starting attempt 1 of 2
[2023-08-02T16:25:54.716+0000] {taskinstance.py:1285} INFO - 
--------------------------------------------------------------------------------
[2023-08-02T16:25:54.859+0000] {taskinstance.py:1304} INFO - Executing <Task(PythonOperator): load> on 2023-08-02 16:25:31.452085+00:00
[2023-08-02T16:25:54.882+0000] {standard_task_runner.py:55} INFO - Started process 13806 to run task
[2023-08-02T16:25:54.920+0000] {standard_task_runner.py:82} INFO - Running: ['***', 'tasks', 'run', 'project_user_etl_dag', 'load', 'manual__2023-08-02T16:25:31.452085+00:00', '--job-id', '3240', '--raw', '--subdir', 'DAGS_FOLDER/project.py', '--cfg-path', '/tmp/tmpdniy8t42']
[2023-08-02T16:25:54.935+0000] {standard_task_runner.py:83} INFO - Job 3240: Subtask load
[2023-08-02T16:25:55.756+0000] {task_command.py:389} INFO - Running <TaskInstance: project_user_etl_dag.load manual__2023-08-02T16:25:31.452085+00:00 [running]> on host a4a69aba7e5b
[2023-08-02T16:25:56.579+0000] {taskinstance.py:1513} INFO - Exporting the following env vars:
AIRFLOW_CTX_DAG_EMAIL=your_email@example.com
AIRFLOW_CTX_DAG_OWNER=***
AIRFLOW_CTX_DAG_ID=project_user_etl_dag
AIRFLOW_CTX_TASK_ID=load
AIRFLOW_CTX_EXECUTION_DATE=2023-08-02T16:25:31.452085+00:00
AIRFLOW_CTX_TRY_NUMBER=1
AIRFLOW_CTX_DAG_RUN_ID=manual__2023-08-02T16:25:31.452085+00:00
[2023-08-02T16:25:56.797+0000] {base.py:73} INFO - Using connection ID 'my_connection' for task execution.
[2023-08-02T16:25:57.542+0000] {python.py:177} INFO - Done. Returned value was: None
[2023-08-02T16:25:57.591+0000] {taskinstance.py:1327} INFO - Marking task as SUCCESS. dag_id=project_user_etl_dag, task_id=load, execution_date=20230802T162531, start_date=20230802T162554, end_date=20230802T162557
[2023-08-02T16:25:57.896+0000] {local_task_job.py:159} INFO - Task exited with return code 0
[2023-08-02T16:25:58.003+0000] {taskinstance.py:2582} INFO - 0 downstream tasks scheduled from follow-on schedule check
