[2023-07-29T14:21:19.458+0000] {taskinstance.py:1087} INFO - Dependencies all met for <TaskInstance: data_engineering_jobs_dags_v3.get_jobs scheduled__2023-02-13T00:00:00+00:00 [queued]>
[2023-07-29T14:21:20.156+0000] {taskinstance.py:1087} INFO - Dependencies all met for <TaskInstance: data_engineering_jobs_dags_v3.get_jobs scheduled__2023-02-13T00:00:00+00:00 [queued]>
[2023-07-29T14:21:20.195+0000] {taskinstance.py:1283} INFO - 
--------------------------------------------------------------------------------
[2023-07-29T14:21:20.236+0000] {taskinstance.py:1284} INFO - Starting attempt 1 of 2
[2023-07-29T14:21:20.259+0000] {taskinstance.py:1285} INFO - 
--------------------------------------------------------------------------------
[2023-07-29T14:21:21.627+0000] {taskinstance.py:1304} INFO - Executing <Task(PythonOperator): get_jobs> on 2023-02-13 00:00:00+00:00
[2023-07-29T14:21:21.985+0000] {standard_task_runner.py:55} INFO - Started process 9648 to run task
[2023-07-29T14:21:22.101+0000] {standard_task_runner.py:82} INFO - Running: ['***', 'tasks', 'run', 'data_engineering_jobs_dags_v3', 'get_jobs', 'scheduled__2023-02-13T00:00:00+00:00', '--job-id', '2230', '--raw', '--subdir', 'DAGS_FOLDER/load_data_v3.py', '--cfg-path', '/tmp/tmp4qy0yo03']
[2023-07-29T14:21:22.200+0000] {standard_task_runner.py:83} INFO - Job 2230: Subtask get_jobs
[2023-07-29T14:21:25.583+0000] {task_command.py:389} INFO - Running <TaskInstance: data_engineering_jobs_dags_v3.get_jobs scheduled__2023-02-13T00:00:00+00:00 [running]> on host f1ea17bde741
[2023-07-29T14:21:30.895+0000] {taskinstance.py:1513} INFO - Exporting the following env vars:
AIRFLOW_CTX_DAG_OWNER=***
AIRFLOW_CTX_DAG_ID=data_engineering_jobs_dags_v3
AIRFLOW_CTX_TASK_ID=get_jobs
AIRFLOW_CTX_EXECUTION_DATE=2023-02-13T00:00:00+00:00
AIRFLOW_CTX_TRY_NUMBER=1
AIRFLOW_CTX_DAG_RUN_ID=scheduled__2023-02-13T00:00:00+00:00
[2023-07-29T14:21:35.054+0000] {python.py:177} INFO - Done. Returned value was: None
[2023-07-29T14:21:35.390+0000] {taskinstance.py:1327} INFO - Marking task as SUCCESS. dag_id=data_engineering_jobs_dags_v3, task_id=get_jobs, execution_date=20230213T000000, start_date=20230729T142119, end_date=20230729T142135
[2023-07-29T14:21:36.164+0000] {local_task_job.py:159} INFO - Task exited with return code 0
[2023-07-29T14:21:38.261+0000] {taskinstance.py:2582} INFO - 2 downstream tasks scheduled from follow-on schedule check
