[2023-07-29T17:40:34.886+0000] {taskinstance.py:1087} INFO - Dependencies all met for <TaskInstance: job_data_pipeline.write_to_csv manual__2023-07-29T17:40:10.520989+00:00 [queued]>
[2023-07-29T17:40:34.945+0000] {taskinstance.py:1087} INFO - Dependencies all met for <TaskInstance: job_data_pipeline.write_to_csv manual__2023-07-29T17:40:10.520989+00:00 [queued]>
[2023-07-29T17:40:34.964+0000] {taskinstance.py:1283} INFO - 
--------------------------------------------------------------------------------
[2023-07-29T17:40:34.972+0000] {taskinstance.py:1284} INFO - Starting attempt 1 of 2
[2023-07-29T17:40:34.979+0000] {taskinstance.py:1285} INFO - 
--------------------------------------------------------------------------------
[2023-07-29T17:40:35.323+0000] {taskinstance.py:1304} INFO - Executing <Task(PythonOperator): write_to_csv> on 2023-07-29 17:40:10.520989+00:00
[2023-07-29T17:40:35.401+0000] {standard_task_runner.py:55} INFO - Started process 19276 to run task
[2023-07-29T17:40:35.456+0000] {standard_task_runner.py:82} INFO - Running: ['***', 'tasks', 'run', 'job_data_pipeline', 'write_to_csv', 'manual__2023-07-29T17:40:10.520989+00:00', '--job-id', '2989', '--raw', '--subdir', 'DAGS_FOLDER/load_data_v4.py', '--cfg-path', '/tmp/tmpghvcrrfd']
[2023-07-29T17:40:35.504+0000] {standard_task_runner.py:83} INFO - Job 2989: Subtask write_to_csv
[2023-07-29T17:40:36.139+0000] {task_command.py:389} INFO - Running <TaskInstance: job_data_pipeline.write_to_csv manual__2023-07-29T17:40:10.520989+00:00 [running]> on host f1ea17bde741
[2023-07-29T17:40:37.454+0000] {taskinstance.py:1513} INFO - Exporting the following env vars:
AIRFLOW_CTX_DAG_OWNER=***
AIRFLOW_CTX_DAG_ID=job_data_pipeline
AIRFLOW_CTX_TASK_ID=write_to_csv
AIRFLOW_CTX_EXECUTION_DATE=2023-07-29T17:40:10.520989+00:00
AIRFLOW_CTX_TRY_NUMBER=1
AIRFLOW_CTX_DAG_RUN_ID=manual__2023-07-29T17:40:10.520989+00:00
[2023-07-29T17:40:37.712+0000] {python.py:177} INFO - Done. Returned value was: None
[2023-07-29T17:40:37.876+0000] {taskinstance.py:1327} INFO - Marking task as SUCCESS. dag_id=job_data_pipeline, task_id=write_to_csv, execution_date=20230729T174010, start_date=20230729T174034, end_date=20230729T174037
[2023-07-29T17:40:38.547+0000] {local_task_job.py:159} INFO - Task exited with return code 0
[2023-07-29T17:40:39.712+0000] {taskinstance.py:2582} INFO - 0 downstream tasks scheduled from follow-on schedule check
