[2023-07-29T15:33:04.144+0000] {taskinstance.py:1087} INFO - Dependencies all met for <TaskInstance: data_engineering_jobs_dags_v3.write_to_postgres scheduled__2023-07-12T00:00:00+00:00 [queued]>
[2023-07-29T15:33:05.270+0000] {taskinstance.py:1087} INFO - Dependencies all met for <TaskInstance: data_engineering_jobs_dags_v3.write_to_postgres scheduled__2023-07-12T00:00:00+00:00 [queued]>
[2023-07-29T15:33:05.404+0000] {taskinstance.py:1283} INFO - 
--------------------------------------------------------------------------------
[2023-07-29T15:33:05.440+0000] {taskinstance.py:1284} INFO - Starting attempt 1 of 2
[2023-07-29T15:33:05.444+0000] {taskinstance.py:1285} INFO - 
--------------------------------------------------------------------------------
[2023-07-29T15:33:06.019+0000] {taskinstance.py:1304} INFO - Executing <Task(PythonOperator): write_to_postgres> on 2023-07-12 00:00:00+00:00
[2023-07-29T15:33:06.057+0000] {standard_task_runner.py:55} INFO - Started process 13947 to run task
[2023-07-29T15:33:06.382+0000] {standard_task_runner.py:82} INFO - Running: ['***', 'tasks', 'run', 'data_engineering_jobs_dags_v3', 'write_to_postgres', 'scheduled__2023-07-12T00:00:00+00:00', '--job-id', '2850', '--raw', '--subdir', 'DAGS_FOLDER/load_data_v3.py', '--cfg-path', '/tmp/tmpgnr6xmay']
[2023-07-29T15:33:06.750+0000] {standard_task_runner.py:83} INFO - Job 2850: Subtask write_to_postgres
[2023-07-29T15:33:09.863+0000] {task_command.py:389} INFO - Running <TaskInstance: data_engineering_jobs_dags_v3.write_to_postgres scheduled__2023-07-12T00:00:00+00:00 [running]> on host f1ea17bde741
[2023-07-29T15:33:12.560+0000] {taskinstance.py:1513} INFO - Exporting the following env vars:
AIRFLOW_CTX_DAG_OWNER=***
AIRFLOW_CTX_DAG_ID=data_engineering_jobs_dags_v3
AIRFLOW_CTX_TASK_ID=write_to_postgres
AIRFLOW_CTX_EXECUTION_DATE=2023-07-12T00:00:00+00:00
AIRFLOW_CTX_TRY_NUMBER=1
AIRFLOW_CTX_DAG_RUN_ID=scheduled__2023-07-12T00:00:00+00:00
[2023-07-29T15:33:13.026+0000] {base.py:73} INFO - Using connection ID 'my_connection' for task execution.
[2023-07-29T15:33:13.382+0000] {taskinstance.py:1772} ERROR - Task failed with exception
Traceback (most recent call last):
  File "/home/airflow/.local/lib/python3.7/site-packages/airflow/operators/python.py", line 175, in execute
    return_value = self.execute_callable()
  File "/home/airflow/.local/lib/python3.7/site-packages/airflow/operators/python.py", line 192, in execute_callable
    return self.python_callable(*self.op_args, **self.op_kwargs)
  File "/opt/airflow/dags/load_data_v3.py", line 74, in write_to_postgres
    # Prepare the INSERT statement
  File "/home/airflow/.local/lib/python3.7/site-packages/psycopg2/extras.py", line 1299, in execute_values
    cur.execute(b''.join(parts))
psycopg2.errors.SyntaxError: syntax error at or near "Title"
LINE 1: ...in,salary_max,description,label,tag,longitude,Job Title,id,s...
                                                             ^

[2023-07-29T15:33:13.953+0000] {taskinstance.py:1327} INFO - Marking task as UP_FOR_RETRY. dag_id=data_engineering_jobs_dags_v3, task_id=write_to_postgres, execution_date=20230712T000000, start_date=20230729T153304, end_date=20230729T153313
[2023-07-29T15:33:14.375+0000] {standard_task_runner.py:105} ERROR - Failed to execute job 2850 for task write_to_postgres (syntax error at or near "Title"
LINE 1: ...in,salary_max,description,label,tag,longitude,Job Title,id,s...
                                                             ^
; 13947)
[2023-07-29T15:33:14.543+0000] {local_task_job.py:159} INFO - Task exited with return code 1
[2023-07-29T15:33:22.413+0000] {taskinstance.py:2582} INFO - 0 downstream tasks scheduled from follow-on schedule check
