[2023-08-02T15:05:48.155+0000] {taskinstance.py:1087} INFO - Dependencies all met for <TaskInstance: project_user_etl_dag.transform scheduled__2023-08-01T00:00:00+00:00 [queued]>
[2023-08-02T15:05:48.356+0000] {taskinstance.py:1087} INFO - Dependencies all met for <TaskInstance: project_user_etl_dag.transform scheduled__2023-08-01T00:00:00+00:00 [queued]>
[2023-08-02T15:05:48.367+0000] {taskinstance.py:1283} INFO - 
--------------------------------------------------------------------------------
[2023-08-02T15:05:48.412+0000] {taskinstance.py:1284} INFO - Starting attempt 1 of 2
[2023-08-02T15:05:48.419+0000] {taskinstance.py:1285} INFO - 
--------------------------------------------------------------------------------
[2023-08-02T15:05:48.785+0000] {taskinstance.py:1304} INFO - Executing <Task(PythonOperator): transform> on 2023-08-01 00:00:00+00:00
[2023-08-02T15:05:48.817+0000] {standard_task_runner.py:55} INFO - Started process 10518 to run task
[2023-08-02T15:05:48.836+0000] {standard_task_runner.py:82} INFO - Running: ['***', 'tasks', 'run', 'project_user_etl_dag', 'transform', 'scheduled__2023-08-01T00:00:00+00:00', '--job-id', '3227', '--raw', '--subdir', 'DAGS_FOLDER/project.py', '--cfg-path', '/tmp/tmpy8rq4bqa']
[2023-08-02T15:05:48.859+0000] {standard_task_runner.py:83} INFO - Job 3227: Subtask transform
[2023-08-02T15:05:49.955+0000] {task_command.py:389} INFO - Running <TaskInstance: project_user_etl_dag.transform scheduled__2023-08-01T00:00:00+00:00 [running]> on host a4a69aba7e5b
[2023-08-02T15:05:51.574+0000] {taskinstance.py:1513} INFO - Exporting the following env vars:
AIRFLOW_CTX_DAG_EMAIL=your_email@example.com
AIRFLOW_CTX_DAG_OWNER=***
AIRFLOW_CTX_DAG_ID=project_user_etl_dag
AIRFLOW_CTX_TASK_ID=transform
AIRFLOW_CTX_EXECUTION_DATE=2023-08-01T00:00:00+00:00
AIRFLOW_CTX_TRY_NUMBER=1
AIRFLOW_CTX_DAG_RUN_ID=scheduled__2023-08-01T00:00:00+00:00
[2023-08-02T15:05:51.588+0000] {taskinstance.py:1772} ERROR - Task failed with exception
Traceback (most recent call last):
  File "/home/airflow/.local/lib/python3.7/site-packages/airflow/operators/python.py", line 175, in execute
    return_value = self.execute_callable()
  File "/home/airflow/.local/lib/python3.7/site-packages/airflow/operators/python.py", line 192, in execute_callable
    return self.python_callable(*self.op_args, **self.op_kwargs)
TypeError: transform_data() missing 1 required positional argument: 'data'
[2023-08-02T15:05:51.661+0000] {taskinstance.py:1327} INFO - Marking task as UP_FOR_RETRY. dag_id=project_user_etl_dag, task_id=transform, execution_date=20230801T000000, start_date=20230802T150548, end_date=20230802T150551
[2023-08-02T15:05:51.993+0000] {standard_task_runner.py:105} ERROR - Failed to execute job 3227 for task transform (transform_data() missing 1 required positional argument: 'data'; 10518)
[2023-08-02T15:05:52.102+0000] {local_task_job.py:159} INFO - Task exited with return code 1
[2023-08-02T15:05:53.014+0000] {taskinstance.py:2582} INFO - 0 downstream tasks scheduled from follow-on schedule check
