[2023-07-30T04:14:55.728+0000] {taskinstance.py:1087} INFO - Dependencies all met for <TaskInstance: job_data_pipeline_plus_csv.get_jobs scheduled__2023-07-29T00:00:00+00:00 [queued]>
[2023-07-30T04:14:55.751+0000] {taskinstance.py:1087} INFO - Dependencies all met for <TaskInstance: job_data_pipeline_plus_csv.get_jobs scheduled__2023-07-29T00:00:00+00:00 [queued]>
[2023-07-30T04:14:55.752+0000] {taskinstance.py:1283} INFO - 
--------------------------------------------------------------------------------
[2023-07-30T04:14:55.820+0000] {taskinstance.py:1284} INFO - Starting attempt 1 of 2
[2023-07-30T04:14:55.822+0000] {taskinstance.py:1285} INFO - 
--------------------------------------------------------------------------------
[2023-07-30T04:14:55.984+0000] {taskinstance.py:1304} INFO - Executing <Task(PythonOperator): get_jobs> on 2023-07-29 00:00:00+00:00
[2023-07-30T04:14:56.001+0000] {standard_task_runner.py:55} INFO - Started process 34182 to run task
[2023-07-30T04:14:56.013+0000] {standard_task_runner.py:82} INFO - Running: ['***', 'tasks', 'run', 'job_data_pipeline_plus_csv', 'get_jobs', 'scheduled__2023-07-29T00:00:00+00:00', '--job-id', '3076', '--raw', '--subdir', 'DAGS_FOLDER/load_data_create_csv(Y).py', '--cfg-path', '/tmp/tmptabykund']
[2023-07-30T04:14:56.021+0000] {standard_task_runner.py:83} INFO - Job 3076: Subtask get_jobs
[2023-07-30T04:14:56.538+0000] {task_command.py:389} INFO - Running <TaskInstance: job_data_pipeline_plus_csv.get_jobs scheduled__2023-07-29T00:00:00+00:00 [running]> on host f1ea17bde741
[2023-07-30T04:14:57.469+0000] {taskinstance.py:1513} INFO - Exporting the following env vars:
AIRFLOW_CTX_DAG_OWNER=***
AIRFLOW_CTX_DAG_ID=job_data_pipeline_plus_csv
AIRFLOW_CTX_TASK_ID=get_jobs
AIRFLOW_CTX_EXECUTION_DATE=2023-07-29T00:00:00+00:00
AIRFLOW_CTX_TRY_NUMBER=1
AIRFLOW_CTX_DAG_RUN_ID=scheduled__2023-07-29T00:00:00+00:00
[2023-07-30T04:15:00.530+0000] {python.py:177} INFO - Done. Returned value was: None
[2023-07-30T04:15:00.697+0000] {taskinstance.py:1327} INFO - Marking task as SUCCESS. dag_id=job_data_pipeline_plus_csv, task_id=get_jobs, execution_date=20230729T000000, start_date=20230730T041455, end_date=20230730T041500
[2023-07-30T04:15:01.672+0000] {local_task_job.py:159} INFO - Task exited with return code 0
[2023-07-30T04:15:01.881+0000] {taskinstance.py:2582} INFO - 1 downstream tasks scheduled from follow-on schedule check
