[2023-07-29T15:55:34.569+0000] {taskinstance.py:1087} INFO - Dependencies all met for <TaskInstance: data_engineering_jobs_dags_v3.get_jobs scheduled__2023-07-17T00:00:00+00:00 [queued]>
[2023-07-29T15:55:35.017+0000] {taskinstance.py:1087} INFO - Dependencies all met for <TaskInstance: data_engineering_jobs_dags_v3.get_jobs scheduled__2023-07-17T00:00:00+00:00 [queued]>
[2023-07-29T15:55:35.029+0000] {taskinstance.py:1283} INFO - 
--------------------------------------------------------------------------------
[2023-07-29T15:55:35.257+0000] {taskinstance.py:1284} INFO - Starting attempt 2 of 2
[2023-07-29T15:55:35.264+0000] {taskinstance.py:1285} INFO - 
--------------------------------------------------------------------------------
[2023-07-29T15:55:37.807+0000] {taskinstance.py:1304} INFO - Executing <Task(PythonOperator): get_jobs> on 2023-07-17 00:00:00+00:00
[2023-07-29T15:55:37.894+0000] {standard_task_runner.py:55} INFO - Started process 14955 to run task
[2023-07-29T15:55:37.963+0000] {standard_task_runner.py:82} INFO - Running: ['***', 'tasks', 'run', 'data_engineering_jobs_dags_v3', 'get_jobs', 'scheduled__2023-07-17T00:00:00+00:00', '--job-id', '2903', '--raw', '--subdir', 'DAGS_FOLDER/load_data_v3.py', '--cfg-path', '/tmp/tmplu12m1pm']
[2023-07-29T15:55:38.011+0000] {standard_task_runner.py:83} INFO - Job 2903: Subtask get_jobs
[2023-07-29T15:55:40.302+0000] {task_command.py:389} INFO - Running <TaskInstance: data_engineering_jobs_dags_v3.get_jobs scheduled__2023-07-17T00:00:00+00:00 [running]> on host f1ea17bde741
[2023-07-29T15:55:43.323+0000] {taskinstance.py:1513} INFO - Exporting the following env vars:
AIRFLOW_CTX_DAG_OWNER=***
AIRFLOW_CTX_DAG_ID=data_engineering_jobs_dags_v3
AIRFLOW_CTX_TASK_ID=get_jobs
AIRFLOW_CTX_EXECUTION_DATE=2023-07-17T00:00:00+00:00
AIRFLOW_CTX_TRY_NUMBER=2
AIRFLOW_CTX_DAG_RUN_ID=scheduled__2023-07-17T00:00:00+00:00
[2023-07-29T15:55:46.088+0000] {python.py:177} INFO - Done. Returned value was: None
[2023-07-29T15:55:46.161+0000] {taskinstance.py:1327} INFO - Marking task as SUCCESS. dag_id=data_engineering_jobs_dags_v3, task_id=get_jobs, execution_date=20230717T000000, start_date=20230729T155534, end_date=20230729T155546
[2023-07-29T15:55:47.538+0000] {local_task_job.py:159} INFO - Task exited with return code 0
[2023-07-29T15:55:47.705+0000] {taskinstance.py:2582} INFO - 1 downstream tasks scheduled from follow-on schedule check
