[2023-07-29T14:35:54.808+0000] {taskinstance.py:1087} INFO - Dependencies all met for <TaskInstance: data_engineering_jobs_dags_v3.write_to_postgres scheduled__2023-03-17T00:00:00+00:00 [queued]>
[2023-07-29T14:35:54.872+0000] {taskinstance.py:1087} INFO - Dependencies all met for <TaskInstance: data_engineering_jobs_dags_v3.write_to_postgres scheduled__2023-03-17T00:00:00+00:00 [queued]>
[2023-07-29T14:35:54.882+0000] {taskinstance.py:1283} INFO - 
--------------------------------------------------------------------------------
[2023-07-29T14:35:54.923+0000] {taskinstance.py:1284} INFO - Starting attempt 1 of 2
[2023-07-29T14:35:54.924+0000] {taskinstance.py:1285} INFO - 
--------------------------------------------------------------------------------
[2023-07-29T14:35:55.196+0000] {taskinstance.py:1304} INFO - Executing <Task(PythonOperator): write_to_postgres> on 2023-03-17 00:00:00+00:00
[2023-07-29T14:35:55.222+0000] {standard_task_runner.py:55} INFO - Started process 10565 to run task
[2023-07-29T14:35:55.288+0000] {standard_task_runner.py:82} INFO - Running: ['***', 'tasks', 'run', 'data_engineering_jobs_dags_v3', 'write_to_postgres', 'scheduled__2023-03-17T00:00:00+00:00', '--job-id', '2374', '--raw', '--subdir', 'DAGS_FOLDER/load_data_v3.py', '--cfg-path', '/tmp/tmp23l_e2zx']
[2023-07-29T14:35:55.324+0000] {standard_task_runner.py:83} INFO - Job 2374: Subtask write_to_postgres
[2023-07-29T14:35:56.869+0000] {task_command.py:389} INFO - Running <TaskInstance: data_engineering_jobs_dags_v3.write_to_postgres scheduled__2023-03-17T00:00:00+00:00 [running]> on host f1ea17bde741
[2023-07-29T14:35:58.824+0000] {taskinstance.py:1513} INFO - Exporting the following env vars:
AIRFLOW_CTX_DAG_OWNER=***
AIRFLOW_CTX_DAG_ID=data_engineering_jobs_dags_v3
AIRFLOW_CTX_TASK_ID=write_to_postgres
AIRFLOW_CTX_EXECUTION_DATE=2023-03-17T00:00:00+00:00
AIRFLOW_CTX_TRY_NUMBER=1
AIRFLOW_CTX_DAG_RUN_ID=scheduled__2023-03-17T00:00:00+00:00
[2023-07-29T14:35:59.102+0000] {base.py:73} INFO - Using connection ID 'my_connection' for task execution.
[2023-07-29T14:35:59.278+0000] {taskinstance.py:1772} ERROR - Task failed with exception
Traceback (most recent call last):
  File "/home/airflow/.local/lib/python3.7/site-packages/airflow/operators/python.py", line 175, in execute
    return_value = self.execute_callable()
  File "/home/airflow/.local/lib/python3.7/site-packages/airflow/operators/python.py", line 192, in execute_callable
    return self.python_callable(*self.op_args, **self.op_kwargs)
  File "/opt/airflow/dags/load_data_v3.py", line 71, in write_to_postgres
    execute_values(cursor, insert_statement, [tuple(x) for x in df.to_records(index=False)])
  File "/home/airflow/.local/lib/python3.7/site-packages/psycopg2/extras.py", line 1296, in execute_values
    parts.append(cur.mogrify(template, args))
psycopg2.ProgrammingError: can't adapt type 'dict'
[2023-07-29T14:35:59.460+0000] {taskinstance.py:1327} INFO - Marking task as UP_FOR_RETRY. dag_id=data_engineering_jobs_dags_v3, task_id=write_to_postgres, execution_date=20230317T000000, start_date=20230729T143554, end_date=20230729T143559
[2023-07-29T14:35:59.707+0000] {standard_task_runner.py:105} ERROR - Failed to execute job 2374 for task write_to_postgres (can't adapt type 'dict'; 10565)
[2023-07-29T14:35:59.889+0000] {local_task_job.py:159} INFO - Task exited with return code 1
[2023-07-29T14:36:02.251+0000] {taskinstance.py:2582} INFO - 0 downstream tasks scheduled from follow-on schedule check
