[2023-07-29T15:29:03.610+0000] {taskinstance.py:1087} INFO - Dependencies all met for <TaskInstance: data_engineering_jobs_dags_v3.write_to_postgres scheduled__2023-07-03T00:00:00+00:00 [queued]>
[2023-07-29T15:29:03.841+0000] {taskinstance.py:1087} INFO - Dependencies all met for <TaskInstance: data_engineering_jobs_dags_v3.write_to_postgres scheduled__2023-07-03T00:00:00+00:00 [queued]>
[2023-07-29T15:29:03.857+0000] {taskinstance.py:1283} INFO - 
--------------------------------------------------------------------------------
[2023-07-29T15:29:03.958+0000] {taskinstance.py:1284} INFO - Starting attempt 1 of 2
[2023-07-29T15:29:04.010+0000] {taskinstance.py:1285} INFO - 
--------------------------------------------------------------------------------
[2023-07-29T15:29:04.890+0000] {taskinstance.py:1304} INFO - Executing <Task(PythonOperator): write_to_postgres> on 2023-07-03 00:00:00+00:00
[2023-07-29T15:29:05.403+0000] {standard_task_runner.py:55} INFO - Started process 13722 to run task
[2023-07-29T15:29:05.479+0000] {standard_task_runner.py:82} INFO - Running: ['***', 'tasks', 'run', 'data_engineering_jobs_dags_v3', 'write_to_postgres', 'scheduled__2023-07-03T00:00:00+00:00', '--job-id', '2818', '--raw', '--subdir', 'DAGS_FOLDER/load_data_v3.py', '--cfg-path', '/tmp/tmp7fd3o_3c']
[2023-07-29T15:29:05.570+0000] {standard_task_runner.py:83} INFO - Job 2818: Subtask write_to_postgres
[2023-07-29T15:29:08.890+0000] {task_command.py:389} INFO - Running <TaskInstance: data_engineering_jobs_dags_v3.write_to_postgres scheduled__2023-07-03T00:00:00+00:00 [running]> on host f1ea17bde741
[2023-07-29T15:29:13.785+0000] {taskinstance.py:1513} INFO - Exporting the following env vars:
AIRFLOW_CTX_DAG_OWNER=***
AIRFLOW_CTX_DAG_ID=data_engineering_jobs_dags_v3
AIRFLOW_CTX_TASK_ID=write_to_postgres
AIRFLOW_CTX_EXECUTION_DATE=2023-07-03T00:00:00+00:00
AIRFLOW_CTX_TRY_NUMBER=1
AIRFLOW_CTX_DAG_RUN_ID=scheduled__2023-07-03T00:00:00+00:00
[2023-07-29T15:29:15.282+0000] {base.py:73} INFO - Using connection ID 'my_connection' for task execution.
[2023-07-29T15:29:15.820+0000] {taskinstance.py:1772} ERROR - Task failed with exception
Traceback (most recent call last):
  File "/home/airflow/.local/lib/python3.7/site-packages/airflow/operators/python.py", line 175, in execute
    return_value = self.execute_callable()
  File "/home/airflow/.local/lib/python3.7/site-packages/airflow/operators/python.py", line 192, in execute_callable
    return self.python_callable(*self.op_args, **self.op_kwargs)
  File "/opt/airflow/dags/load_data_v3.py", line 73, in write_to_postgres
    execute_values(cursor, insert_statement, [tuple(x) for x in df.to_records(index=False)])
  File "/home/airflow/.local/lib/python3.7/site-packages/psycopg2/extras.py", line 1296, in execute_values
    parts.append(cur.mogrify(template, args))
psycopg2.ProgrammingError: can't adapt type 'dict'
[2023-07-29T15:29:16.404+0000] {taskinstance.py:1327} INFO - Marking task as UP_FOR_RETRY. dag_id=data_engineering_jobs_dags_v3, task_id=write_to_postgres, execution_date=20230703T000000, start_date=20230729T152903, end_date=20230729T152916
[2023-07-29T15:29:17.842+0000] {standard_task_runner.py:105} ERROR - Failed to execute job 2818 for task write_to_postgres (can't adapt type 'dict'; 13722)
[2023-07-29T15:29:18.863+0000] {local_task_job.py:159} INFO - Task exited with return code 1
[2023-07-29T15:29:23.885+0000] {taskinstance.py:2582} INFO - 0 downstream tasks scheduled from follow-on schedule check
