[2023-07-26T19:42:04.867+0000] {taskinstance.py:1087} INFO - Dependencies all met for <TaskInstance: my_first_dag_v2.greet_world scheduled__2023-07-25T02:00:00+00:00 [queued]>
[2023-07-26T19:42:05.098+0000] {taskinstance.py:1087} INFO - Dependencies all met for <TaskInstance: my_first_dag_v2.greet_world scheduled__2023-07-25T02:00:00+00:00 [queued]>
[2023-07-26T19:42:05.112+0000] {taskinstance.py:1283} INFO - 
--------------------------------------------------------------------------------
[2023-07-26T19:42:05.182+0000] {taskinstance.py:1284} INFO - Starting attempt 1 of 3
[2023-07-26T19:42:05.192+0000] {taskinstance.py:1285} INFO - 
--------------------------------------------------------------------------------
[2023-07-26T19:42:05.886+0000] {taskinstance.py:1304} INFO - Executing <Task(BashOperator): greet_world> on 2023-07-25 02:00:00+00:00
[2023-07-26T19:42:05.951+0000] {standard_task_runner.py:55} INFO - Started process 6856 to run task
[2023-07-26T19:42:06.132+0000] {standard_task_runner.py:82} INFO - Running: ['***', 'tasks', 'run', 'my_first_dag_v2', 'greet_world', 'scheduled__2023-07-25T02:00:00+00:00', '--job-id', '20', '--raw', '--subdir', 'DAGS_FOLDER/bash_operator.py', '--cfg-path', '/tmp/tmpy35lj_9c']
[2023-07-26T19:42:06.149+0000] {standard_task_runner.py:83} INFO - Job 20: Subtask greet_world
[2023-07-26T19:42:07.419+0000] {task_command.py:389} INFO - Running <TaskInstance: my_first_dag_v2.greet_world scheduled__2023-07-25T02:00:00+00:00 [running]> on host bc3380e7707e
[2023-07-26T19:42:09.110+0000] {taskinstance.py:1513} INFO - Exporting the following env vars:
AIRFLOW_CTX_DAG_OWNER=ebejale
AIRFLOW_CTX_DAG_ID=my_first_dag_v2
AIRFLOW_CTX_TASK_ID=greet_world
AIRFLOW_CTX_EXECUTION_DATE=2023-07-25T02:00:00+00:00
AIRFLOW_CTX_TRY_NUMBER=1
AIRFLOW_CTX_DAG_RUN_ID=scheduled__2023-07-25T02:00:00+00:00
[2023-07-26T19:42:09.112+0000] {subprocess.py:63} INFO - Tmp dir root location: 
 /tmp
[2023-07-26T19:42:09.117+0000] {subprocess.py:75} INFO - Running command: ['/bin/bash', '-c', 'echo hello world']
[2023-07-26T19:42:09.375+0000] {subprocess.py:86} INFO - Output:
[2023-07-26T19:42:09.476+0000] {subprocess.py:93} INFO - hello world
[2023-07-26T19:42:09.492+0000] {subprocess.py:97} INFO - Command exited with return code 0
[2023-07-26T19:42:11.850+0000] {taskinstance.py:1327} INFO - Marking task as SUCCESS. dag_id=my_first_dag_v2, task_id=greet_world, execution_date=20230725T020000, start_date=20230726T194204, end_date=20230726T194211
[2023-07-26T19:42:12.764+0000] {local_task_job.py:159} INFO - Task exited with return code 0
[2023-07-26T19:42:12.982+0000] {taskinstance.py:2582} INFO - 1 downstream tasks scheduled from follow-on schedule check
