[2023-07-29T14:48:45.852+0000] {taskinstance.py:1087} INFO - Dependencies all met for <TaskInstance: data_engineering_jobs_dags_v3.write_to_csv scheduled__2023-04-17T00:00:00+00:00 [queued]>
[2023-07-29T14:48:45.978+0000] {taskinstance.py:1087} INFO - Dependencies all met for <TaskInstance: data_engineering_jobs_dags_v3.write_to_csv scheduled__2023-04-17T00:00:00+00:00 [queued]>
[2023-07-29T14:48:45.980+0000] {taskinstance.py:1283} INFO - 
--------------------------------------------------------------------------------
[2023-07-29T14:48:46.042+0000] {taskinstance.py:1284} INFO - Starting attempt 1 of 2
[2023-07-29T14:48:46.047+0000] {taskinstance.py:1285} INFO - 
--------------------------------------------------------------------------------
[2023-07-29T14:48:46.349+0000] {taskinstance.py:1304} INFO - Executing <Task(PythonOperator): write_to_csv> on 2023-04-17 00:00:00+00:00
[2023-07-29T14:48:46.411+0000] {standard_task_runner.py:55} INFO - Started process 11380 to run task
[2023-07-29T14:48:46.441+0000] {standard_task_runner.py:82} INFO - Running: ['***', 'tasks', 'run', 'data_engineering_jobs_dags_v3', 'write_to_csv', 'scheduled__2023-04-17T00:00:00+00:00', '--job-id', '2497', '--raw', '--subdir', 'DAGS_FOLDER/load_data_v3.py', '--cfg-path', '/tmp/tmp51fx9x3x']
[2023-07-29T14:48:46.468+0000] {standard_task_runner.py:83} INFO - Job 2497: Subtask write_to_csv
[2023-07-29T14:48:47.794+0000] {task_command.py:389} INFO - Running <TaskInstance: data_engineering_jobs_dags_v3.write_to_csv scheduled__2023-04-17T00:00:00+00:00 [running]> on host f1ea17bde741
[2023-07-29T14:48:49.813+0000] {taskinstance.py:1513} INFO - Exporting the following env vars:
AIRFLOW_CTX_DAG_OWNER=***
AIRFLOW_CTX_DAG_ID=data_engineering_jobs_dags_v3
AIRFLOW_CTX_TASK_ID=write_to_csv
AIRFLOW_CTX_EXECUTION_DATE=2023-04-17T00:00:00+00:00
AIRFLOW_CTX_TRY_NUMBER=1
AIRFLOW_CTX_DAG_RUN_ID=scheduled__2023-04-17T00:00:00+00:00
[2023-07-29T14:48:50.441+0000] {python.py:177} INFO - Done. Returned value was: None
[2023-07-29T14:48:50.693+0000] {taskinstance.py:1327} INFO - Marking task as SUCCESS. dag_id=data_engineering_jobs_dags_v3, task_id=write_to_csv, execution_date=20230417T000000, start_date=20230729T144845, end_date=20230729T144850
[2023-07-29T14:48:52.251+0000] {local_task_job.py:159} INFO - Task exited with return code 0
[2023-07-29T14:48:52.541+0000] {taskinstance.py:2582} INFO - 0 downstream tasks scheduled from follow-on schedule check
