[2023-07-29T10:40:27.714+0000] {taskinstance.py:1087} INFO - Dependencies all met for <TaskInstance: data_engineering_jobs_dags_v2.get_jobs scheduled__2023-02-15T00:00:00+00:00 [queued]>
[2023-07-29T10:40:27.964+0000] {taskinstance.py:1087} INFO - Dependencies all met for <TaskInstance: data_engineering_jobs_dags_v2.get_jobs scheduled__2023-02-15T00:00:00+00:00 [queued]>
[2023-07-29T10:40:27.973+0000] {taskinstance.py:1283} INFO - 
--------------------------------------------------------------------------------
[2023-07-29T10:40:28.059+0000] {taskinstance.py:1284} INFO - Starting attempt 1 of 2
[2023-07-29T10:40:28.105+0000] {taskinstance.py:1285} INFO - 
--------------------------------------------------------------------------------
[2023-07-29T10:40:31.087+0000] {taskinstance.py:1304} INFO - Executing <Task(PythonOperator): get_jobs> on 2023-02-15 00:00:00+00:00
[2023-07-29T10:40:31.634+0000] {standard_task_runner.py:55} INFO - Started process 911 to run task
[2023-07-29T10:40:32.147+0000] {standard_task_runner.py:82} INFO - Running: ['***', 'tasks', 'run', 'data_engineering_jobs_dags_v2', 'get_jobs', 'scheduled__2023-02-15T00:00:00+00:00', '--job-id', '1920', '--raw', '--subdir', 'DAGS_FOLDER/load_data_v2.py', '--cfg-path', '/tmp/tmpv9qp9ifl']
[2023-07-29T10:40:32.273+0000] {standard_task_runner.py:83} INFO - Job 1920: Subtask get_jobs
[2023-07-29T10:40:35.939+0000] {task_command.py:389} INFO - Running <TaskInstance: data_engineering_jobs_dags_v2.get_jobs scheduled__2023-02-15T00:00:00+00:00 [running]> on host f1ea17bde741
[2023-07-29T10:40:46.581+0000] {taskinstance.py:1513} INFO - Exporting the following env vars:
AIRFLOW_CTX_DAG_OWNER=***
AIRFLOW_CTX_DAG_ID=data_engineering_jobs_dags_v2
AIRFLOW_CTX_TASK_ID=get_jobs
AIRFLOW_CTX_EXECUTION_DATE=2023-02-15T00:00:00+00:00
AIRFLOW_CTX_TRY_NUMBER=1
AIRFLOW_CTX_DAG_RUN_ID=scheduled__2023-02-15T00:00:00+00:00
[2023-07-29T10:40:50.979+0000] {python.py:177} INFO - Done. Returned value was: None
[2023-07-29T10:40:51.683+0000] {taskinstance.py:1327} INFO - Marking task as SUCCESS. dag_id=data_engineering_jobs_dags_v2, task_id=get_jobs, execution_date=20230215T000000, start_date=20230729T104027, end_date=20230729T104051
[2023-07-29T10:40:53.210+0000] {local_task_job.py:159} INFO - Task exited with return code 0
[2023-07-29T10:40:54.183+0000] {dagrun.py:696} ERROR - Failed to get task for ti <TaskInstance: data_engineering_jobs_dags_v2.write_to_csv scheduled__2023-02-15T00:00:00+00:00 [None]>. Marking it as removed.
[2023-07-29T10:40:54.312+0000] {dagrun.py:696} ERROR - Failed to get task for ti <TaskInstance: data_engineering_jobs_dags_v2.write_to_postgres scheduled__2023-02-15T00:00:00+00:00 [None]>. Marking it as removed.
[2023-07-29T10:40:55.003+0000] {taskinstance.py:2582} INFO - 1 downstream tasks scheduled from follow-on schedule check
