[2023-07-29T15:03:29.576+0000] {taskinstance.py:1087} INFO - Dependencies all met for <TaskInstance: data_engineering_jobs_dags_v3.get_jobs scheduled__2023-05-22T00:00:00+00:00 [queued]>
[2023-07-29T15:03:29.596+0000] {taskinstance.py:1087} INFO - Dependencies all met for <TaskInstance: data_engineering_jobs_dags_v3.get_jobs scheduled__2023-05-22T00:00:00+00:00 [queued]>
[2023-07-29T15:03:29.597+0000] {taskinstance.py:1283} INFO - 
--------------------------------------------------------------------------------
[2023-07-29T15:03:29.599+0000] {taskinstance.py:1284} INFO - Starting attempt 1 of 2
[2023-07-29T15:03:29.600+0000] {taskinstance.py:1285} INFO - 
--------------------------------------------------------------------------------
[2023-07-29T15:03:29.679+0000] {taskinstance.py:1304} INFO - Executing <Task(PythonOperator): get_jobs> on 2023-05-22 00:00:00+00:00
[2023-07-29T15:03:29.688+0000] {standard_task_runner.py:55} INFO - Started process 12287 to run task
[2023-07-29T15:03:29.696+0000] {standard_task_runner.py:82} INFO - Running: ['***', 'tasks', 'run', 'data_engineering_jobs_dags_v3', 'get_jobs', 'scheduled__2023-05-22T00:00:00+00:00', '--job-id', '2631', '--raw', '--subdir', 'DAGS_FOLDER/load_data_v3.py', '--cfg-path', '/tmp/tmpq702ejy9']
[2023-07-29T15:03:29.700+0000] {standard_task_runner.py:83} INFO - Job 2631: Subtask get_jobs
[2023-07-29T15:03:30.144+0000] {task_command.py:389} INFO - Running <TaskInstance: data_engineering_jobs_dags_v3.get_jobs scheduled__2023-05-22T00:00:00+00:00 [running]> on host f1ea17bde741
[2023-07-29T15:03:30.646+0000] {taskinstance.py:1513} INFO - Exporting the following env vars:
AIRFLOW_CTX_DAG_OWNER=***
AIRFLOW_CTX_DAG_ID=data_engineering_jobs_dags_v3
AIRFLOW_CTX_TASK_ID=get_jobs
AIRFLOW_CTX_EXECUTION_DATE=2023-05-22T00:00:00+00:00
AIRFLOW_CTX_TRY_NUMBER=1
AIRFLOW_CTX_DAG_RUN_ID=scheduled__2023-05-22T00:00:00+00:00
[2023-07-29T15:03:34.561+0000] {python.py:177} INFO - Done. Returned value was: None
[2023-07-29T15:03:34.620+0000] {taskinstance.py:1327} INFO - Marking task as SUCCESS. dag_id=data_engineering_jobs_dags_v3, task_id=get_jobs, execution_date=20230522T000000, start_date=20230729T150329, end_date=20230729T150334
[2023-07-29T15:03:34.846+0000] {local_task_job.py:159} INFO - Task exited with return code 0
[2023-07-29T15:03:34.963+0000] {taskinstance.py:2582} INFO - 2 downstream tasks scheduled from follow-on schedule check
