[2023-07-29T15:26:58.509+0000] {taskinstance.py:1087} INFO - Dependencies all met for <TaskInstance: data_engineering_jobs_dags_v3.get_jobs scheduled__2023-06-29T00:00:00+00:00 [queued]>
[2023-07-29T15:26:58.629+0000] {taskinstance.py:1087} INFO - Dependencies all met for <TaskInstance: data_engineering_jobs_dags_v3.get_jobs scheduled__2023-06-29T00:00:00+00:00 [queued]>
[2023-07-29T15:26:58.636+0000] {taskinstance.py:1283} INFO - 
--------------------------------------------------------------------------------
[2023-07-29T15:26:58.704+0000] {taskinstance.py:1284} INFO - Starting attempt 1 of 2
[2023-07-29T15:26:58.713+0000] {taskinstance.py:1285} INFO - 
--------------------------------------------------------------------------------
[2023-07-29T15:26:59.271+0000] {taskinstance.py:1304} INFO - Executing <Task(PythonOperator): get_jobs> on 2023-06-29 00:00:00+00:00
[2023-07-29T15:26:59.288+0000] {standard_task_runner.py:55} INFO - Started process 13593 to run task
[2023-07-29T15:26:59.311+0000] {standard_task_runner.py:82} INFO - Running: ['***', 'tasks', 'run', 'data_engineering_jobs_dags_v3', 'get_jobs', 'scheduled__2023-06-29T00:00:00+00:00', '--job-id', '2798', '--raw', '--subdir', 'DAGS_FOLDER/load_data_v3.py', '--cfg-path', '/tmp/tmp_lgc313s']
[2023-07-29T15:26:59.324+0000] {standard_task_runner.py:83} INFO - Job 2798: Subtask get_jobs
[2023-07-29T15:27:00.798+0000] {task_command.py:389} INFO - Running <TaskInstance: data_engineering_jobs_dags_v3.get_jobs scheduled__2023-06-29T00:00:00+00:00 [running]> on host f1ea17bde741
[2023-07-29T15:27:03.110+0000] {taskinstance.py:1513} INFO - Exporting the following env vars:
AIRFLOW_CTX_DAG_OWNER=***
AIRFLOW_CTX_DAG_ID=data_engineering_jobs_dags_v3
AIRFLOW_CTX_TASK_ID=get_jobs
AIRFLOW_CTX_EXECUTION_DATE=2023-06-29T00:00:00+00:00
AIRFLOW_CTX_TRY_NUMBER=1
AIRFLOW_CTX_DAG_RUN_ID=scheduled__2023-06-29T00:00:00+00:00
[2023-07-29T15:27:05.764+0000] {python.py:177} INFO - Done. Returned value was: None
[2023-07-29T15:27:05.997+0000] {taskinstance.py:1327} INFO - Marking task as SUCCESS. dag_id=data_engineering_jobs_dags_v3, task_id=get_jobs, execution_date=20230629T000000, start_date=20230729T152658, end_date=20230729T152705
[2023-07-29T15:27:09.388+0000] {local_task_job.py:159} INFO - Task exited with return code 0
[2023-07-29T15:27:10.098+0000] {taskinstance.py:2582} INFO - 2 downstream tasks scheduled from follow-on schedule check
