[2023-07-31T15:32:33.229+0000] {taskinstance.py:1087} INFO - Dependencies all met for <TaskInstance: job_data_pipeline_plus_csv.get_jobs manual__2023-07-31T15:27:02.396697+00:00 [queued]>
[2023-07-31T15:32:33.300+0000] {taskinstance.py:1087} INFO - Dependencies all met for <TaskInstance: job_data_pipeline_plus_csv.get_jobs manual__2023-07-31T15:27:02.396697+00:00 [queued]>
[2023-07-31T15:32:33.309+0000] {taskinstance.py:1283} INFO - 
--------------------------------------------------------------------------------
[2023-07-31T15:32:33.312+0000] {taskinstance.py:1284} INFO - Starting attempt 2 of 2
[2023-07-31T15:32:33.313+0000] {taskinstance.py:1285} INFO - 
--------------------------------------------------------------------------------
[2023-07-31T15:32:33.443+0000] {taskinstance.py:1304} INFO - Executing <Task(PythonOperator): get_jobs> on 2023-07-31 15:27:02.396697+00:00
[2023-07-31T15:32:33.460+0000] {standard_task_runner.py:55} INFO - Started process 8072 to run task
[2023-07-31T15:32:33.485+0000] {standard_task_runner.py:82} INFO - Running: ['***', 'tasks', 'run', 'job_data_pipeline_plus_csv', 'get_jobs', 'manual__2023-07-31T15:27:02.396697+00:00', '--job-id', '3188', '--raw', '--subdir', 'DAGS_FOLDER/load_data_create_csv(Y).py', '--cfg-path', '/tmp/tmpo73z9g46']
[2023-07-31T15:32:33.493+0000] {standard_task_runner.py:83} INFO - Job 3188: Subtask get_jobs
[2023-07-31T15:32:33.949+0000] {task_command.py:389} INFO - Running <TaskInstance: job_data_pipeline_plus_csv.get_jobs manual__2023-07-31T15:27:02.396697+00:00 [running]> on host 4b7777060932
[2023-07-31T15:32:34.371+0000] {taskinstance.py:1513} INFO - Exporting the following env vars:
AIRFLOW_CTX_DAG_OWNER=***
AIRFLOW_CTX_DAG_ID=job_data_pipeline_plus_csv
AIRFLOW_CTX_TASK_ID=get_jobs
AIRFLOW_CTX_EXECUTION_DATE=2023-07-31T15:27:02.396697+00:00
AIRFLOW_CTX_TRY_NUMBER=2
AIRFLOW_CTX_DAG_RUN_ID=manual__2023-07-31T15:27:02.396697+00:00
[2023-07-31T15:32:38.507+0000] {python.py:177} INFO - Done. Returned value was: None
[2023-07-31T15:32:38.532+0000] {taskinstance.py:1327} INFO - Marking task as SUCCESS. dag_id=job_data_pipeline_plus_csv, task_id=get_jobs, execution_date=20230731T152702, start_date=20230731T153233, end_date=20230731T153238
[2023-07-31T15:32:38.694+0000] {local_task_job.py:159} INFO - Task exited with return code 0
[2023-07-31T15:32:38.791+0000] {taskinstance.py:2582} INFO - 1 downstream tasks scheduled from follow-on schedule check
