[2023-07-29T10:43:05.921+0000] {taskinstance.py:1087} INFO - Dependencies all met for <TaskInstance: data_engineering_jobs_dags_v2.get_jobs scheduled__2023-02-22T00:00:00+00:00 [queued]>
[2023-07-29T10:43:07.894+0000] {taskinstance.py:1087} INFO - Dependencies all met for <TaskInstance: data_engineering_jobs_dags_v2.get_jobs scheduled__2023-02-22T00:00:00+00:00 [queued]>
[2023-07-29T10:43:07.941+0000] {taskinstance.py:1283} INFO - 
--------------------------------------------------------------------------------
[2023-07-29T10:43:08.036+0000] {taskinstance.py:1284} INFO - Starting attempt 1 of 2
[2023-07-29T10:43:08.088+0000] {taskinstance.py:1285} INFO - 
--------------------------------------------------------------------------------
[2023-07-29T10:43:14.348+0000] {taskinstance.py:1304} INFO - Executing <Task(PythonOperator): get_jobs> on 2023-02-22 00:00:00+00:00
[2023-07-29T10:43:14.439+0000] {standard_task_runner.py:55} INFO - Started process 1038 to run task
[2023-07-29T10:43:15.877+0000] {standard_task_runner.py:82} INFO - Running: ['***', 'tasks', 'run', 'data_engineering_jobs_dags_v2', 'get_jobs', 'scheduled__2023-02-22T00:00:00+00:00', '--job-id', '1933', '--raw', '--subdir', 'DAGS_FOLDER/load_data_v2.py', '--cfg-path', '/tmp/tmpn5t3k77m']
[2023-07-29T10:43:15.892+0000] {standard_task_runner.py:83} INFO - Job 1933: Subtask get_jobs
[2023-07-29T10:43:24.577+0000] {task_command.py:389} INFO - Running <TaskInstance: data_engineering_jobs_dags_v2.get_jobs scheduled__2023-02-22T00:00:00+00:00 [running]> on host f1ea17bde741
[2023-07-29T10:43:34.671+0000] {taskinstance.py:1513} INFO - Exporting the following env vars:
AIRFLOW_CTX_DAG_OWNER=***
AIRFLOW_CTX_DAG_ID=data_engineering_jobs_dags_v2
AIRFLOW_CTX_TASK_ID=get_jobs
AIRFLOW_CTX_EXECUTION_DATE=2023-02-22T00:00:00+00:00
AIRFLOW_CTX_TRY_NUMBER=1
AIRFLOW_CTX_DAG_RUN_ID=scheduled__2023-02-22T00:00:00+00:00
[2023-07-29T10:43:39.031+0000] {python.py:177} INFO - Done. Returned value was: None
[2023-07-29T10:43:39.261+0000] {taskinstance.py:1327} INFO - Marking task as SUCCESS. dag_id=data_engineering_jobs_dags_v2, task_id=get_jobs, execution_date=20230222T000000, start_date=20230729T104306, end_date=20230729T104339
[2023-07-29T10:43:40.738+0000] {local_task_job.py:159} INFO - Task exited with return code 0
[2023-07-29T10:43:46.153+0000] {dagrun.py:696} ERROR - Failed to get task for ti <TaskInstance: data_engineering_jobs_dags_v2.write_to_csv scheduled__2023-02-22T00:00:00+00:00 [None]>. Marking it as removed.
[2023-07-29T10:43:46.319+0000] {dagrun.py:696} ERROR - Failed to get task for ti <TaskInstance: data_engineering_jobs_dags_v2.write_to_postgres scheduled__2023-02-22T00:00:00+00:00 [None]>. Marking it as removed.
[2023-07-29T10:43:47.538+0000] {taskinstance.py:2582} INFO - 1 downstream tasks scheduled from follow-on schedule check
