[2023-07-29T10:59:19.722+0000] {taskinstance.py:1087} INFO - Dependencies all met for <TaskInstance: data_engineering_jobs_dags_v2.get_jobs scheduled__2023-03-18T00:00:00+00:00 [queued]>
[2023-07-29T10:59:21.256+0000] {taskinstance.py:1087} INFO - Dependencies all met for <TaskInstance: data_engineering_jobs_dags_v2.get_jobs scheduled__2023-03-18T00:00:00+00:00 [queued]>
[2023-07-29T10:59:21.705+0000] {taskinstance.py:1283} INFO - 
--------------------------------------------------------------------------------
[2023-07-29T10:59:21.961+0000] {taskinstance.py:1284} INFO - Starting attempt 2 of 2
[2023-07-29T10:59:22.088+0000] {taskinstance.py:1285} INFO - 
--------------------------------------------------------------------------------
[2023-07-29T10:59:32.320+0000] {taskinstance.py:1304} INFO - Executing <Task(PythonOperator): get_jobs> on 2023-03-18 00:00:00+00:00
[2023-07-29T10:59:32.400+0000] {standard_task_runner.py:55} INFO - Started process 1765 to run task
[2023-07-29T10:59:33.341+0000] {standard_task_runner.py:82} INFO - Running: ['***', 'tasks', 'run', 'data_engineering_jobs_dags_v2', 'get_jobs', 'scheduled__2023-03-18T00:00:00+00:00', '--job-id', '1995', '--raw', '--subdir', 'DAGS_FOLDER/load_data_v2.py', '--cfg-path', '/tmp/tmpm2czltz1']
[2023-07-29T10:59:33.393+0000] {standard_task_runner.py:83} INFO - Job 1995: Subtask get_jobs
[2023-07-29T10:59:43.541+0000] {task_command.py:389} INFO - Running <TaskInstance: data_engineering_jobs_dags_v2.get_jobs scheduled__2023-03-18T00:00:00+00:00 [running]> on host f1ea17bde741
[2023-07-29T10:59:55.169+0000] {taskinstance.py:1513} INFO - Exporting the following env vars:
AIRFLOW_CTX_DAG_OWNER=***
AIRFLOW_CTX_DAG_ID=data_engineering_jobs_dags_v2
AIRFLOW_CTX_TASK_ID=get_jobs
AIRFLOW_CTX_EXECUTION_DATE=2023-03-18T00:00:00+00:00
AIRFLOW_CTX_TRY_NUMBER=2
AIRFLOW_CTX_DAG_RUN_ID=scheduled__2023-03-18T00:00:00+00:00
[2023-07-29T11:00:03.448+0000] {python.py:177} INFO - Done. Returned value was: None
[2023-07-29T11:00:04.279+0000] {taskinstance.py:1327} INFO - Marking task as SUCCESS. dag_id=data_engineering_jobs_dags_v2, task_id=get_jobs, execution_date=20230318T000000, start_date=20230729T105920, end_date=20230729T110004
[2023-07-29T11:00:08.137+0000] {local_task_job.py:159} INFO - Task exited with return code 0
[2023-07-29T11:00:24.359+0000] {taskinstance.py:2582} INFO - 0 downstream tasks scheduled from follow-on schedule check
