[2023-07-30T04:15:14.608+0000] {taskinstance.py:1087} INFO - Dependencies all met for <TaskInstance: job_data_pipeline_plus_csv.write_to_csv scheduled__2023-07-29T00:00:00+00:00 [queued]>
[2023-07-30T04:15:14.817+0000] {taskinstance.py:1087} INFO - Dependencies all met for <TaskInstance: job_data_pipeline_plus_csv.write_to_csv scheduled__2023-07-29T00:00:00+00:00 [queued]>
[2023-07-30T04:15:14.834+0000] {taskinstance.py:1283} INFO - 
--------------------------------------------------------------------------------
[2023-07-30T04:15:14.867+0000] {taskinstance.py:1284} INFO - Starting attempt 1 of 2
[2023-07-30T04:15:14.927+0000] {taskinstance.py:1285} INFO - 
--------------------------------------------------------------------------------
[2023-07-30T04:15:15.649+0000] {taskinstance.py:1304} INFO - Executing <Task(PythonOperator): write_to_csv> on 2023-07-29 00:00:00+00:00
[2023-07-30T04:15:15.746+0000] {standard_task_runner.py:55} INFO - Started process 34197 to run task
[2023-07-30T04:15:15.794+0000] {standard_task_runner.py:82} INFO - Running: ['***', 'tasks', 'run', 'job_data_pipeline_plus_csv', 'write_to_csv', 'scheduled__2023-07-29T00:00:00+00:00', '--job-id', '3077', '--raw', '--subdir', 'DAGS_FOLDER/load_data_create_csv(Y).py', '--cfg-path', '/tmp/tmpyn7ghyjt']
[2023-07-30T04:15:15.838+0000] {standard_task_runner.py:83} INFO - Job 3077: Subtask write_to_csv
[2023-07-30T04:15:16.954+0000] {task_command.py:389} INFO - Running <TaskInstance: job_data_pipeline_plus_csv.write_to_csv scheduled__2023-07-29T00:00:00+00:00 [running]> on host f1ea17bde741
[2023-07-30T04:15:18.512+0000] {taskinstance.py:1513} INFO - Exporting the following env vars:
AIRFLOW_CTX_DAG_OWNER=***
AIRFLOW_CTX_DAG_ID=job_data_pipeline_plus_csv
AIRFLOW_CTX_TASK_ID=write_to_csv
AIRFLOW_CTX_EXECUTION_DATE=2023-07-29T00:00:00+00:00
AIRFLOW_CTX_TRY_NUMBER=1
AIRFLOW_CTX_DAG_RUN_ID=scheduled__2023-07-29T00:00:00+00:00
[2023-07-30T04:15:18.808+0000] {python.py:177} INFO - Done. Returned value was: None
[2023-07-30T04:15:19.034+0000] {taskinstance.py:1327} INFO - Marking task as SUCCESS. dag_id=job_data_pipeline_plus_csv, task_id=write_to_csv, execution_date=20230729T000000, start_date=20230730T041514, end_date=20230730T041519
[2023-07-30T04:15:19.563+0000] {local_task_job.py:159} INFO - Task exited with return code 0
[2023-07-30T04:15:19.898+0000] {taskinstance.py:2582} INFO - 1 downstream tasks scheduled from follow-on schedule check
