[2023-07-29T14:22:43.682+0000] {taskinstance.py:1087} INFO - Dependencies all met for <TaskInstance: data_engineering_jobs_dags_v3.get_jobs manual__2023-07-29T14:20:38.675934+00:00 [queued]>
[2023-07-29T14:22:43.916+0000] {taskinstance.py:1087} INFO - Dependencies all met for <TaskInstance: data_engineering_jobs_dags_v3.get_jobs manual__2023-07-29T14:20:38.675934+00:00 [queued]>
[2023-07-29T14:22:43.924+0000] {taskinstance.py:1283} INFO - 
--------------------------------------------------------------------------------
[2023-07-29T14:22:43.990+0000] {taskinstance.py:1284} INFO - Starting attempt 1 of 2
[2023-07-29T14:22:43.992+0000] {taskinstance.py:1285} INFO - 
--------------------------------------------------------------------------------
[2023-07-29T14:22:47.482+0000] {taskinstance.py:1304} INFO - Executing <Task(PythonOperator): get_jobs> on 2023-07-29 14:20:38.675934+00:00
[2023-07-29T14:22:47.757+0000] {standard_task_runner.py:55} INFO - Started process 9747 to run task
[2023-07-29T14:22:48.036+0000] {standard_task_runner.py:82} INFO - Running: ['***', 'tasks', 'run', 'data_engineering_jobs_dags_v3', 'get_jobs', 'manual__2023-07-29T14:20:38.675934+00:00', '--job-id', '2249', '--raw', '--subdir', 'DAGS_FOLDER/load_data_v3.py', '--cfg-path', '/tmp/tmptphjalbo']
[2023-07-29T14:22:48.188+0000] {standard_task_runner.py:83} INFO - Job 2249: Subtask get_jobs
[2023-07-29T14:22:49.949+0000] {task_command.py:389} INFO - Running <TaskInstance: data_engineering_jobs_dags_v3.get_jobs manual__2023-07-29T14:20:38.675934+00:00 [running]> on host f1ea17bde741
[2023-07-29T14:22:52.528+0000] {taskinstance.py:1513} INFO - Exporting the following env vars:
AIRFLOW_CTX_DAG_OWNER=***
AIRFLOW_CTX_DAG_ID=data_engineering_jobs_dags_v3
AIRFLOW_CTX_TASK_ID=get_jobs
AIRFLOW_CTX_EXECUTION_DATE=2023-07-29T14:20:38.675934+00:00
AIRFLOW_CTX_TRY_NUMBER=1
AIRFLOW_CTX_DAG_RUN_ID=manual__2023-07-29T14:20:38.675934+00:00
[2023-07-29T14:22:56.030+0000] {python.py:177} INFO - Done. Returned value was: None
[2023-07-29T14:22:56.600+0000] {taskinstance.py:1327} INFO - Marking task as SUCCESS. dag_id=data_engineering_jobs_dags_v3, task_id=get_jobs, execution_date=20230729T142038, start_date=20230729T142243, end_date=20230729T142256
[2023-07-29T14:22:57.237+0000] {local_task_job.py:159} INFO - Task exited with return code 0
[2023-07-29T14:22:59.193+0000] {taskinstance.py:2582} INFO - 2 downstream tasks scheduled from follow-on schedule check
