[2023-07-29T12:31:56.272+0000] {taskinstance.py:1087} INFO - Dependencies all met for <TaskInstance: my_postgres_dag_v1-1.create_table scheduled__2023-07-28T00:00:00+00:00 [queued]>
[2023-07-29T12:31:56.464+0000] {taskinstance.py:1087} INFO - Dependencies all met for <TaskInstance: my_postgres_dag_v1-1.create_table scheduled__2023-07-28T00:00:00+00:00 [queued]>
[2023-07-29T12:31:56.469+0000] {taskinstance.py:1283} INFO - 
--------------------------------------------------------------------------------
[2023-07-29T12:31:56.504+0000] {taskinstance.py:1284} INFO - Starting attempt 2 of 3
[2023-07-29T12:31:56.516+0000] {taskinstance.py:1285} INFO - 
--------------------------------------------------------------------------------
[2023-07-29T12:31:57.749+0000] {taskinstance.py:1304} INFO - Executing <Task(PostgresOperator): create_table> on 2023-07-28 00:00:00+00:00
[2023-07-29T12:31:57.852+0000] {standard_task_runner.py:55} INFO - Started process 5203 to run task
[2023-07-29T12:31:58.028+0000] {standard_task_runner.py:82} INFO - Running: ['***', 'tasks', 'run', 'my_postgres_dag_v1-1', 'create_table', 'scheduled__2023-07-28T00:00:00+00:00', '--job-id', '2038', '--raw', '--subdir', 'DAGS_FOLDER/postgres_operator_v1-1.py', '--cfg-path', '/tmp/tmp_wt7o82e']
[2023-07-29T12:31:58.102+0000] {standard_task_runner.py:83} INFO - Job 2038: Subtask create_table
[2023-07-29T12:32:00.179+0000] {task_command.py:389} INFO - Running <TaskInstance: my_postgres_dag_v1-1.create_table scheduled__2023-07-28T00:00:00+00:00 [running]> on host f1ea17bde741
[2023-07-29T12:32:02.805+0000] {taskinstance.py:1513} INFO - Exporting the following env vars:
AIRFLOW_CTX_DAG_OWNER=Byron
AIRFLOW_CTX_DAG_ID=my_postgres_dag_v1-1
AIRFLOW_CTX_TASK_ID=create_table
AIRFLOW_CTX_EXECUTION_DATE=2023-07-28T00:00:00+00:00
AIRFLOW_CTX_TRY_NUMBER=2
AIRFLOW_CTX_DAG_RUN_ID=scheduled__2023-07-28T00:00:00+00:00
[2023-07-29T12:32:02.933+0000] {sql.py:253} INFO - Executing: CREATE TABLE IF NOT EXISTS ***_users (id SERIAL PRIMARY KEY, name VARCHAR(30))
[2023-07-29T12:32:03.321+0000] {base.py:73} INFO - Using connection ID 'my_connection' for task execution.
[2023-07-29T12:32:15.944+0000] {base.py:73} INFO - Using connection ID 'my_connection' for task execution.
[2023-07-29T12:32:16.984+0000] {sql.py:364} INFO - Running statement: CREATE TABLE IF NOT EXISTS ***_users (id SERIAL PRIMARY KEY, name VARCHAR(30)), parameters: None
[2023-07-29T12:32:18.072+0000] {taskinstance.py:1327} INFO - Marking task as SUCCESS. dag_id=my_postgres_dag_v1-1, task_id=create_table, execution_date=20230728T000000, start_date=20230729T123156, end_date=20230729T123218
[2023-07-29T12:32:19.077+0000] {local_task_job.py:159} INFO - Task exited with return code 0
[2023-07-29T12:32:19.547+0000] {taskinstance.py:2582} INFO - 0 downstream tasks scheduled from follow-on schedule check
