[2023-08-02T10:42:02.297+0000] {taskinstance.py:1087} INFO - Dependencies all met for <TaskInstance: job_data_pipeline_plus_csv.write_to_csv scheduled__2023-08-01T00:00:00+00:00 [queued]>
[2023-08-02T10:42:02.449+0000] {taskinstance.py:1087} INFO - Dependencies all met for <TaskInstance: job_data_pipeline_plus_csv.write_to_csv scheduled__2023-08-01T00:00:00+00:00 [queued]>
[2023-08-02T10:42:02.458+0000] {taskinstance.py:1283} INFO - 
--------------------------------------------------------------------------------
[2023-08-02T10:42:02.469+0000] {taskinstance.py:1284} INFO - Starting attempt 1 of 2
[2023-08-02T10:42:02.476+0000] {taskinstance.py:1285} INFO - 
--------------------------------------------------------------------------------
[2023-08-02T10:42:02.735+0000] {taskinstance.py:1304} INFO - Executing <Task(PythonOperator): write_to_csv> on 2023-08-01 00:00:00+00:00
[2023-08-02T10:42:02.750+0000] {standard_task_runner.py:55} INFO - Started process 182 to run task
[2023-08-02T10:42:02.766+0000] {standard_task_runner.py:82} INFO - Running: ['***', 'tasks', 'run', 'job_data_pipeline_plus_csv', 'write_to_csv', 'scheduled__2023-08-01T00:00:00+00:00', '--job-id', '3220', '--raw', '--subdir', 'DAGS_FOLDER/load_data_create_csv(Y).py', '--cfg-path', '/tmp/tmp55qkidcr']
[2023-08-02T10:42:02.782+0000] {standard_task_runner.py:83} INFO - Job 3220: Subtask write_to_csv
[2023-08-02T10:42:03.644+0000] {task_command.py:389} INFO - Running <TaskInstance: job_data_pipeline_plus_csv.write_to_csv scheduled__2023-08-01T00:00:00+00:00 [running]> on host a4a69aba7e5b
[2023-08-02T10:42:04.424+0000] {taskinstance.py:1513} INFO - Exporting the following env vars:
AIRFLOW_CTX_DAG_OWNER=***
AIRFLOW_CTX_DAG_ID=job_data_pipeline_plus_csv
AIRFLOW_CTX_TASK_ID=write_to_csv
AIRFLOW_CTX_EXECUTION_DATE=2023-08-01T00:00:00+00:00
AIRFLOW_CTX_TRY_NUMBER=1
AIRFLOW_CTX_DAG_RUN_ID=scheduled__2023-08-01T00:00:00+00:00
[2023-08-02T10:42:04.932+0000] {load_data_create_csv(Y).py:48} INFO - Writing to file: Job_Search_2023-08-02.csv
[2023-08-02T10:42:05.257+0000] {python.py:177} INFO - Done. Returned value was: None
[2023-08-02T10:42:05.352+0000] {taskinstance.py:1327} INFO - Marking task as SUCCESS. dag_id=job_data_pipeline_plus_csv, task_id=write_to_csv, execution_date=20230801T000000, start_date=20230802T104202, end_date=20230802T104205
[2023-08-02T10:42:06.056+0000] {local_task_job.py:159} INFO - Task exited with return code 0
[2023-08-02T10:42:06.401+0000] {taskinstance.py:2582} INFO - 1 downstream tasks scheduled from follow-on schedule check
