[2023-07-29T20:52:16.024+0000] {taskinstance.py:1087} INFO - Dependencies all met for <TaskInstance: job_data_pipeline.write_to_csv manual__2023-07-29T20:51:50.711089+00:00 [queued]>
[2023-07-29T20:52:16.150+0000] {taskinstance.py:1087} INFO - Dependencies all met for <TaskInstance: job_data_pipeline.write_to_csv manual__2023-07-29T20:51:50.711089+00:00 [queued]>
[2023-07-29T20:52:16.156+0000] {taskinstance.py:1283} INFO - 
--------------------------------------------------------------------------------
[2023-07-29T20:52:16.171+0000] {taskinstance.py:1284} INFO - Starting attempt 1 of 2
[2023-07-29T20:52:16.206+0000] {taskinstance.py:1285} INFO - 
--------------------------------------------------------------------------------
[2023-07-29T20:52:16.808+0000] {taskinstance.py:1304} INFO - Executing <Task(PythonOperator): write_to_csv> on 2023-07-29 20:51:50.711089+00:00
[2023-07-29T20:52:16.877+0000] {standard_task_runner.py:55} INFO - Started process 27194 to run task
[2023-07-29T20:52:16.918+0000] {standard_task_runner.py:82} INFO - Running: ['***', 'tasks', 'run', 'job_data_pipeline', 'write_to_csv', 'manual__2023-07-29T20:51:50.711089+00:00', '--job-id', '3045', '--raw', '--subdir', 'DAGS_FOLDER/load_data_v4.py', '--cfg-path', '/tmp/tmpba06xdt_']
[2023-07-29T20:52:16.970+0000] {standard_task_runner.py:83} INFO - Job 3045: Subtask write_to_csv
[2023-07-29T20:52:18.079+0000] {task_command.py:389} INFO - Running <TaskInstance: job_data_pipeline.write_to_csv manual__2023-07-29T20:51:50.711089+00:00 [running]> on host f1ea17bde741
[2023-07-29T20:52:19.602+0000] {taskinstance.py:1513} INFO - Exporting the following env vars:
AIRFLOW_CTX_DAG_OWNER=***
AIRFLOW_CTX_DAG_ID=job_data_pipeline
AIRFLOW_CTX_TASK_ID=write_to_csv
AIRFLOW_CTX_EXECUTION_DATE=2023-07-29T20:51:50.711089+00:00
AIRFLOW_CTX_TRY_NUMBER=1
AIRFLOW_CTX_DAG_RUN_ID=manual__2023-07-29T20:51:50.711089+00:00
[2023-07-29T20:52:19.732+0000] {python.py:177} INFO - Done. Returned value was: None
[2023-07-29T20:52:19.818+0000] {taskinstance.py:1327} INFO - Marking task as SUCCESS. dag_id=job_data_pipeline, task_id=write_to_csv, execution_date=20230729T205150, start_date=20230729T205216, end_date=20230729T205219
[2023-07-29T20:52:20.071+0000] {local_task_job.py:159} INFO - Task exited with return code 0
[2023-07-29T20:52:20.270+0000] {taskinstance.py:2582} INFO - 1 downstream tasks scheduled from follow-on schedule check
