[2023-07-29T10:57:18.844+0000] {taskinstance.py:1087} INFO - Dependencies all met for <TaskInstance: data_engineering_jobs_dags_v2.get_jobs scheduled__2023-03-25T00:00:00+00:00 [queued]>
[2023-07-29T10:57:21.025+0000] {taskinstance.py:1087} INFO - Dependencies all met for <TaskInstance: data_engineering_jobs_dags_v2.get_jobs scheduled__2023-03-25T00:00:00+00:00 [queued]>
[2023-07-29T10:57:21.088+0000] {taskinstance.py:1283} INFO - 
--------------------------------------------------------------------------------
[2023-07-29T10:57:21.214+0000] {taskinstance.py:1284} INFO - Starting attempt 1 of 2
[2023-07-29T10:57:21.230+0000] {taskinstance.py:1285} INFO - 
--------------------------------------------------------------------------------
[2023-07-29T10:57:32.964+0000] {taskinstance.py:1304} INFO - Executing <Task(PythonOperator): get_jobs> on 2023-03-25 00:00:00+00:00
[2023-07-29T10:57:33.415+0000] {standard_task_runner.py:55} INFO - Started process 1696 to run task
[2023-07-29T10:57:34.735+0000] {standard_task_runner.py:82} INFO - Running: ['***', 'tasks', 'run', 'data_engineering_jobs_dags_v2', 'get_jobs', 'scheduled__2023-03-25T00:00:00+00:00', '--job-id', '1992', '--raw', '--subdir', 'DAGS_FOLDER/load_data_v3.py', '--cfg-path', '/tmp/tmps96e68gn']
[2023-07-29T10:57:36.526+0000] {standard_task_runner.py:83} INFO - Job 1992: Subtask get_jobs
[2023-07-29T10:57:47.910+0000] {task_command.py:389} INFO - Running <TaskInstance: data_engineering_jobs_dags_v2.get_jobs scheduled__2023-03-25T00:00:00+00:00 [running]> on host f1ea17bde741
[2023-07-29T10:58:07.590+0000] {taskinstance.py:1513} INFO - Exporting the following env vars:
AIRFLOW_CTX_DAG_OWNER=***
AIRFLOW_CTX_DAG_ID=data_engineering_jobs_dags_v2
AIRFLOW_CTX_TASK_ID=get_jobs
AIRFLOW_CTX_EXECUTION_DATE=2023-03-25T00:00:00+00:00
AIRFLOW_CTX_TRY_NUMBER=1
AIRFLOW_CTX_DAG_RUN_ID=scheduled__2023-03-25T00:00:00+00:00
[2023-07-29T10:58:22.451+0000] {python.py:177} INFO - Done. Returned value was: None
[2023-07-29T10:58:23.758+0000] {taskinstance.py:1327} INFO - Marking task as SUCCESS. dag_id=data_engineering_jobs_dags_v2, task_id=get_jobs, execution_date=20230325T000000, start_date=20230729T105718, end_date=20230729T105823
[2023-07-29T10:58:26.122+0000] {local_task_job.py:159} INFO - Task exited with return code 0
[2023-07-29T10:58:32.101+0000] {taskinstance.py:2582} INFO - 0 downstream tasks scheduled from follow-on schedule check
