[2023-07-27T09:50:14.555+0000] {taskinstance.py:1087} INFO - Dependencies all met for <TaskInstance: data_engineer_jobs_dag.get_data_from_api manual__2023-07-27T09:49:29.935970+00:00 [queued]>
[2023-07-27T09:50:14.583+0000] {taskinstance.py:1087} INFO - Dependencies all met for <TaskInstance: data_engineer_jobs_dag.get_data_from_api manual__2023-07-27T09:49:29.935970+00:00 [queued]>
[2023-07-27T09:50:14.585+0000] {taskinstance.py:1283} INFO - 
--------------------------------------------------------------------------------
[2023-07-27T09:50:14.607+0000] {taskinstance.py:1284} INFO - Starting attempt 1 of 2
[2023-07-27T09:50:14.610+0000] {taskinstance.py:1285} INFO - 
--------------------------------------------------------------------------------
[2023-07-27T09:50:14.932+0000] {taskinstance.py:1304} INFO - Executing <Task(PythonOperator): get_data_from_api> on 2023-07-27 09:49:29.935970+00:00
[2023-07-27T09:50:14.961+0000] {standard_task_runner.py:55} INFO - Started process 10904 to run task
[2023-07-27T09:50:14.976+0000] {standard_task_runner.py:82} INFO - Running: ['***', 'tasks', 'run', 'data_engineer_jobs_dag', 'get_data_from_api', 'manual__2023-07-27T09:49:29.935970+00:00', '--job-id', '1469', '--raw', '--subdir', 'DAGS_FOLDER/load_data.py', '--cfg-path', '/tmp/tmp38i6l6ep']
[2023-07-27T09:50:14.987+0000] {standard_task_runner.py:83} INFO - Job 1469: Subtask get_data_from_api
[2023-07-27T09:50:15.554+0000] {task_command.py:389} INFO - Running <TaskInstance: data_engineer_jobs_dag.get_data_from_api manual__2023-07-27T09:49:29.935970+00:00 [running]> on host bc3380e7707e
[2023-07-27T09:50:16.119+0000] {taskinstance.py:1513} INFO - Exporting the following env vars:
AIRFLOW_CTX_DAG_EMAIL=kasimir.Ikuenobe@hotmail.com
AIRFLOW_CTX_DAG_OWNER=ebejale
AIRFLOW_CTX_DAG_ID=data_engineer_jobs_dag
AIRFLOW_CTX_TASK_ID=get_data_from_api
AIRFLOW_CTX_EXECUTION_DATE=2023-07-27T09:49:29.935970+00:00
AIRFLOW_CTX_TRY_NUMBER=1
AIRFLOW_CTX_DAG_RUN_ID=manual__2023-07-27T09:49:29.935970+00:00
[2023-07-27T09:50:17.276+0000] {python.py:177} INFO - Done. Returned value was: {'message': 'You have exceeded the MONTHLY quota for Requests on your current plan, BASIC. Upgrade your plan at https://rapidapi.com/letscrape-6bRBa3QguO5/api/jsearch'}
[2023-07-27T09:50:17.618+0000] {taskinstance.py:1327} INFO - Marking task as SUCCESS. dag_id=data_engineer_jobs_dag, task_id=get_data_from_api, execution_date=20230727T094929, start_date=20230727T095014, end_date=20230727T095017
[2023-07-27T09:50:18.034+0000] {local_task_job.py:159} INFO - Task exited with return code 0
[2023-07-27T09:50:18.180+0000] {taskinstance.py:2582} INFO - 1 downstream tasks scheduled from follow-on schedule check
