[2023-07-30T03:08:58.227+0000] {taskinstance.py:1087} INFO - Dependencies all met for <TaskInstance: my_postgres_dag_v3-1.insert_data scheduled__2023-07-29T00:00:00+00:00 [queued]>
[2023-07-30T03:08:58.366+0000] {taskinstance.py:1087} INFO - Dependencies all met for <TaskInstance: my_postgres_dag_v3-1.insert_data scheduled__2023-07-29T00:00:00+00:00 [queued]>
[2023-07-30T03:08:58.388+0000] {taskinstance.py:1283} INFO - 
--------------------------------------------------------------------------------
[2023-07-30T03:08:58.435+0000] {taskinstance.py:1284} INFO - Starting attempt 2 of 3
[2023-07-30T03:08:58.450+0000] {taskinstance.py:1285} INFO - 
--------------------------------------------------------------------------------
[2023-07-30T03:08:58.987+0000] {taskinstance.py:1304} INFO - Executing <Task(PostgresOperator): insert_data> on 2023-07-29 00:00:00+00:00
[2023-07-30T03:08:59.245+0000] {standard_task_runner.py:82} INFO - Running: ['***', 'tasks', 'run', 'my_postgres_dag_v3-1', 'insert_data', 'scheduled__2023-07-29T00:00:00+00:00', '--job-id', '3065', '--raw', '--subdir', 'DAGS_FOLDER/postgres_operator_v2-2.py', '--cfg-path', '/tmp/tmpbku4ifjn']
[2023-07-30T03:08:59.257+0000] {standard_task_runner.py:83} INFO - Job 3065: Subtask insert_data
[2023-07-30T03:08:59.184+0000] {standard_task_runner.py:55} INFO - Started process 31591 to run task
[2023-07-30T03:09:00.847+0000] {task_command.py:389} INFO - Running <TaskInstance: my_postgres_dag_v3-1.insert_data scheduled__2023-07-29T00:00:00+00:00 [running]> on host f1ea17bde741
[2023-07-30T03:09:02.303+0000] {taskinstance.py:1513} INFO - Exporting the following env vars:
AIRFLOW_CTX_DAG_OWNER=Byron
AIRFLOW_CTX_DAG_ID=my_postgres_dag_v3-1
AIRFLOW_CTX_TASK_ID=insert_data
AIRFLOW_CTX_EXECUTION_DATE=2023-07-29T00:00:00+00:00
AIRFLOW_CTX_TRY_NUMBER=2
AIRFLOW_CTX_DAG_RUN_ID=scheduled__2023-07-29T00:00:00+00:00
[2023-07-30T03:09:02.346+0000] {sql.py:253} INFO - Executing: INSERT INTO ***_users (name) VALUES ("Chidi", "Joseph", "Cindy", "Sarai")
[2023-07-30T03:09:02.473+0000] {base.py:73} INFO - Using connection ID 'my_connection' for task execution.
[2023-07-30T03:09:05.816+0000] {base.py:73} INFO - Using connection ID 'my_connection' for task execution.
[2023-07-30T03:09:05.959+0000] {sql.py:364} INFO - Running statement: INSERT INTO ***_users (name) VALUES ("Chidi", "Joseph", "Cindy", "Sarai"), parameters: None
[2023-07-30T03:09:05.982+0000] {taskinstance.py:1772} ERROR - Task failed with exception
Traceback (most recent call last):
  File "/home/airflow/.local/lib/python3.7/site-packages/airflow/providers/common/sql/operators/sql.py", line 261, in execute
    return_last=self.return_last,
  File "/home/airflow/.local/lib/python3.7/site-packages/airflow/providers/common/sql/hooks/sql.py", line 338, in run
    self._run_command(cur, sql_statement, parameters)
  File "/home/airflow/.local/lib/python3.7/site-packages/airflow/providers/common/sql/hooks/sql.py", line 369, in _run_command
    cur.execute(sql_statement)
psycopg2.errors.UndefinedColumn: column "Chidi" does not exist
LINE 1: INSERT INTO ***_users (name) VALUES ("Chidi", "Joseph", ...
                                                 ^

[2023-07-30T03:09:06.057+0000] {taskinstance.py:1327} INFO - Marking task as UP_FOR_RETRY. dag_id=my_postgres_dag_v3-1, task_id=insert_data, execution_date=20230729T000000, start_date=20230730T030858, end_date=20230730T030906
[2023-07-30T03:09:06.464+0000] {standard_task_runner.py:105} ERROR - Failed to execute job 3065 for task insert_data (column "Chidi" does not exist
LINE 1: INSERT INTO ***_users (name) VALUES ("Chidi", "Joseph", ...
                                                 ^
; 31591)
[2023-07-30T03:09:06.550+0000] {local_task_job.py:159} INFO - Task exited with return code 1
[2023-07-30T03:09:06.703+0000] {taskinstance.py:2582} INFO - 0 downstream tasks scheduled from follow-on schedule check
