[2023-08-01T02:00:18.155+0000] {taskinstance.py:1087} INFO - Dependencies all met for <TaskInstance: my_python_dag_v6.my_name scheduled__2023-07-31T02:00:00+00:00 [queued]>
[2023-08-01T02:00:18.273+0000] {taskinstance.py:1087} INFO - Dependencies all met for <TaskInstance: my_python_dag_v6.my_name scheduled__2023-07-31T02:00:00+00:00 [queued]>
[2023-08-01T02:00:18.310+0000] {taskinstance.py:1283} INFO - 
--------------------------------------------------------------------------------
[2023-08-01T02:00:18.326+0000] {taskinstance.py:1284} INFO - Starting attempt 1 of 3
[2023-08-01T02:00:18.342+0000] {taskinstance.py:1285} INFO - 
--------------------------------------------------------------------------------
[2023-08-01T02:00:18.644+0000] {taskinstance.py:1304} INFO - Executing <Task(PythonOperator): my_name> on 2023-07-31 02:00:00+00:00
[2023-08-01T02:00:18.763+0000] {standard_task_runner.py:82} INFO - Running: ['***', 'tasks', 'run', 'my_python_dag_v6', 'my_name', 'scheduled__2023-07-31T02:00:00+00:00', '--job-id', '3204', '--raw', '--subdir', 'DAGS_FOLDER/python_operatorv6.py', '--cfg-path', '/tmp/tmphogea2x3']
[2023-08-01T02:00:18.808+0000] {standard_task_runner.py:83} INFO - Job 3204: Subtask my_name
[2023-08-01T02:00:18.725+0000] {standard_task_runner.py:55} INFO - Started process 31037 to run task
[2023-08-01T02:00:20.020+0000] {task_command.py:389} INFO - Running <TaskInstance: my_python_dag_v6.my_name scheduled__2023-07-31T02:00:00+00:00 [running]> on host 4b7777060932
[2023-08-01T02:00:20.786+0000] {taskinstance.py:1513} INFO - Exporting the following env vars:
AIRFLOW_CTX_DAG_OWNER=Byron
AIRFLOW_CTX_DAG_ID=my_python_dag_v6
AIRFLOW_CTX_TASK_ID=my_name
AIRFLOW_CTX_EXECUTION_DATE=2023-07-31T02:00:00+00:00
AIRFLOW_CTX_TRY_NUMBER=1
AIRFLOW_CTX_DAG_RUN_ID=scheduled__2023-07-31T02:00:00+00:00
[2023-08-01T02:00:20.799+0000] {logging_mixin.py:137} INFO - Kasimir!
[2023-08-01T02:00:20.801+0000] {python.py:177} INFO - Done. Returned value was: None
[2023-08-01T02:00:20.907+0000] {taskinstance.py:1327} INFO - Marking task as SUCCESS. dag_id=my_python_dag_v6, task_id=my_name, execution_date=20230731T020000, start_date=20230801T020018, end_date=20230801T020020
[2023-08-01T02:00:21.184+0000] {local_task_job.py:159} INFO - Task exited with return code 0
[2023-08-01T02:00:21.372+0000] {taskinstance.py:2582} INFO - 1 downstream tasks scheduled from follow-on schedule check
