[2023-07-27T17:06:30.743+0000] {taskinstance.py:1087} INFO - Dependencies all met for <TaskInstance: data_engineering_jobs_dags_v2.get_jobs scheduled__2023-01-15T00:00:00+00:00 [queued]>
[2023-07-27T17:06:31.063+0000] {taskinstance.py:1087} INFO - Dependencies all met for <TaskInstance: data_engineering_jobs_dags_v2.get_jobs scheduled__2023-01-15T00:00:00+00:00 [queued]>
[2023-07-27T17:06:31.092+0000] {taskinstance.py:1283} INFO - 
--------------------------------------------------------------------------------
[2023-07-27T17:06:31.132+0000] {taskinstance.py:1284} INFO - Starting attempt 1 of 2
[2023-07-27T17:06:31.147+0000] {taskinstance.py:1285} INFO - 
--------------------------------------------------------------------------------
[2023-07-27T17:06:31.713+0000] {taskinstance.py:1304} INFO - Executing <Task(PythonOperator): get_jobs> on 2023-01-15 00:00:00+00:00
[2023-07-27T17:06:31.771+0000] {standard_task_runner.py:55} INFO - Started process 28714 to run task
[2023-07-27T17:06:31.912+0000] {standard_task_runner.py:82} INFO - Running: ['***', 'tasks', 'run', 'data_engineering_jobs_dags_v2', 'get_jobs', 'scheduled__2023-01-15T00:00:00+00:00', '--job-id', '1815', '--raw', '--subdir', 'DAGS_FOLDER/load_data_v2.py', '--cfg-path', '/tmp/tmpz94cx4j6']
[2023-07-27T17:06:31.929+0000] {standard_task_runner.py:83} INFO - Job 1815: Subtask get_jobs
[2023-07-27T17:06:34.102+0000] {task_command.py:389} INFO - Running <TaskInstance: data_engineering_jobs_dags_v2.get_jobs scheduled__2023-01-15T00:00:00+00:00 [running]> on host bc3380e7707e
[2023-07-27T17:06:37.613+0000] {taskinstance.py:1513} INFO - Exporting the following env vars:
AIRFLOW_CTX_DAG_OWNER=***
AIRFLOW_CTX_DAG_ID=data_engineering_jobs_dags_v2
AIRFLOW_CTX_TASK_ID=get_jobs
AIRFLOW_CTX_EXECUTION_DATE=2023-01-15T00:00:00+00:00
AIRFLOW_CTX_TRY_NUMBER=1
AIRFLOW_CTX_DAG_RUN_ID=scheduled__2023-01-15T00:00:00+00:00
[2023-07-27T17:06:50.508+0000] {python.py:177} INFO - Done. Returned value was: None
[2023-07-27T17:06:50.694+0000] {taskinstance.py:1327} INFO - Marking task as SUCCESS. dag_id=data_engineering_jobs_dags_v2, task_id=get_jobs, execution_date=20230115T000000, start_date=20230727T170630, end_date=20230727T170650
[2023-07-27T17:06:51.486+0000] {local_task_job.py:159} INFO - Task exited with return code 0
[2023-07-27T17:06:51.972+0000] {taskinstance.py:2582} INFO - 1 downstream tasks scheduled from follow-on schedule check
