[2023-08-02T16:25:47.498+0000] {taskinstance.py:1087} INFO - Dependencies all met for <TaskInstance: project_user_etl_dag.transform manual__2023-08-02T16:25:31.452085+00:00 [queued]>
[2023-08-02T16:25:47.577+0000] {taskinstance.py:1087} INFO - Dependencies all met for <TaskInstance: project_user_etl_dag.transform manual__2023-08-02T16:25:31.452085+00:00 [queued]>
[2023-08-02T16:25:47.602+0000] {taskinstance.py:1283} INFO - 
--------------------------------------------------------------------------------
[2023-08-02T16:25:47.620+0000] {taskinstance.py:1284} INFO - Starting attempt 1 of 2
[2023-08-02T16:25:47.636+0000] {taskinstance.py:1285} INFO - 
--------------------------------------------------------------------------------
[2023-08-02T16:25:47.871+0000] {taskinstance.py:1304} INFO - Executing <Task(PythonOperator): transform> on 2023-08-02 16:25:31.452085+00:00
[2023-08-02T16:25:47.901+0000] {standard_task_runner.py:55} INFO - Started process 13802 to run task
[2023-08-02T16:25:47.976+0000] {standard_task_runner.py:82} INFO - Running: ['***', 'tasks', 'run', 'project_user_etl_dag', 'transform', 'manual__2023-08-02T16:25:31.452085+00:00', '--job-id', '3239', '--raw', '--subdir', 'DAGS_FOLDER/project.py', '--cfg-path', '/tmp/tmplzwiy073']
[2023-08-02T16:25:47.988+0000] {standard_task_runner.py:83} INFO - Job 3239: Subtask transform
[2023-08-02T16:25:48.680+0000] {task_command.py:389} INFO - Running <TaskInstance: project_user_etl_dag.transform manual__2023-08-02T16:25:31.452085+00:00 [running]> on host a4a69aba7e5b
[2023-08-02T16:25:49.694+0000] {taskinstance.py:1513} INFO - Exporting the following env vars:
AIRFLOW_CTX_DAG_EMAIL=your_email@example.com
AIRFLOW_CTX_DAG_OWNER=***
AIRFLOW_CTX_DAG_ID=project_user_etl_dag
AIRFLOW_CTX_TASK_ID=transform
AIRFLOW_CTX_EXECUTION_DATE=2023-08-02T16:25:31.452085+00:00
AIRFLOW_CTX_TRY_NUMBER=1
AIRFLOW_CTX_DAG_RUN_ID=manual__2023-08-02T16:25:31.452085+00:00
[2023-08-02T16:25:50.052+0000] {python.py:177} INFO - Done. Returned value was: None
[2023-08-02T16:25:50.116+0000] {taskinstance.py:1327} INFO - Marking task as SUCCESS. dag_id=project_user_etl_dag, task_id=transform, execution_date=20230802T162531, start_date=20230802T162547, end_date=20230802T162550
[2023-08-02T16:25:50.290+0000] {local_task_job.py:159} INFO - Task exited with return code 0
[2023-08-02T16:25:50.486+0000] {taskinstance.py:2582} INFO - 1 downstream tasks scheduled from follow-on schedule check
