[2023-07-27T17:03:21.250+0000] {taskinstance.py:1087} INFO - Dependencies all met for <TaskInstance: data_engineering_jobs_dags_v2.get_jobs scheduled__2023-01-03T00:00:00+00:00 [queued]>
[2023-07-27T17:03:23.014+0000] {taskinstance.py:1087} INFO - Dependencies all met for <TaskInstance: data_engineering_jobs_dags_v2.get_jobs scheduled__2023-01-03T00:00:00+00:00 [queued]>
[2023-07-27T17:03:23.062+0000] {taskinstance.py:1283} INFO - 
--------------------------------------------------------------------------------
[2023-07-27T17:03:23.110+0000] {taskinstance.py:1284} INFO - Starting attempt 1 of 2
[2023-07-27T17:03:23.142+0000] {taskinstance.py:1285} INFO - 
--------------------------------------------------------------------------------
[2023-07-27T17:03:25.013+0000] {taskinstance.py:1304} INFO - Executing <Task(PythonOperator): get_jobs> on 2023-01-03 00:00:00+00:00
[2023-07-27T17:03:25.175+0000] {standard_task_runner.py:55} INFO - Started process 28576 to run task
[2023-07-27T17:03:25.216+0000] {standard_task_runner.py:82} INFO - Running: ['***', 'tasks', 'run', 'data_engineering_jobs_dags_v2', 'get_jobs', 'scheduled__2023-01-03T00:00:00+00:00', '--job-id', '1788', '--raw', '--subdir', 'DAGS_FOLDER/load_data_v2.py', '--cfg-path', '/tmp/tmp0pcuvsbn']
[2023-07-27T17:03:25.272+0000] {standard_task_runner.py:83} INFO - Job 1788: Subtask get_jobs
[2023-07-27T17:03:27.285+0000] {task_command.py:389} INFO - Running <TaskInstance: data_engineering_jobs_dags_v2.get_jobs scheduled__2023-01-03T00:00:00+00:00 [running]> on host bc3380e7707e
[2023-07-27T17:03:32.501+0000] {taskinstance.py:1513} INFO - Exporting the following env vars:
AIRFLOW_CTX_DAG_OWNER=***
AIRFLOW_CTX_DAG_ID=data_engineering_jobs_dags_v2
AIRFLOW_CTX_TASK_ID=get_jobs
AIRFLOW_CTX_EXECUTION_DATE=2023-01-03T00:00:00+00:00
AIRFLOW_CTX_TRY_NUMBER=1
AIRFLOW_CTX_DAG_RUN_ID=scheduled__2023-01-03T00:00:00+00:00
[2023-07-27T17:03:38.334+0000] {python.py:177} INFO - Done. Returned value was: None
[2023-07-27T17:03:38.480+0000] {taskinstance.py:1327} INFO - Marking task as SUCCESS. dag_id=data_engineering_jobs_dags_v2, task_id=get_jobs, execution_date=20230103T000000, start_date=20230727T170321, end_date=20230727T170338
[2023-07-27T17:03:40.044+0000] {local_task_job.py:159} INFO - Task exited with return code 0
[2023-07-27T17:03:40.532+0000] {taskinstance.py:2582} INFO - 1 downstream tasks scheduled from follow-on schedule check
