[2023-07-30T03:04:41.997+0000] {taskinstance.py:1087} INFO - Dependencies all met for <TaskInstance: my_python_dag_v7.greet scheduled__2023-07-29T02:00:00+00:00 [queued]>
[2023-07-30T03:04:42.046+0000] {taskinstance.py:1087} INFO - Dependencies all met for <TaskInstance: my_python_dag_v7.greet scheduled__2023-07-29T02:00:00+00:00 [queued]>
[2023-07-30T03:04:42.047+0000] {taskinstance.py:1283} INFO - 
--------------------------------------------------------------------------------
[2023-07-30T03:04:42.560+0000] {taskinstance.py:1284} INFO - Starting attempt 1 of 3
[2023-07-30T03:04:42.563+0000] {taskinstance.py:1285} INFO - 
--------------------------------------------------------------------------------
[2023-07-30T03:04:45.955+0000] {taskinstance.py:1304} INFO - Executing <Task(PythonOperator): greet> on 2023-07-29 02:00:00+00:00
[2023-07-30T03:04:45.979+0000] {standard_task_runner.py:55} INFO - Started process 31439 to run task
[2023-07-30T03:04:45.992+0000] {standard_task_runner.py:82} INFO - Running: ['***', 'tasks', 'run', 'my_python_dag_v7', 'greet', 'scheduled__2023-07-29T02:00:00+00:00', '--job-id', '3061', '--raw', '--subdir', 'DAGS_FOLDER/python_operatorv7.py', '--cfg-path', '/tmp/tmphdvdfbmm']
[2023-07-30T03:04:46.001+0000] {standard_task_runner.py:83} INFO - Job 3061: Subtask greet
[2023-07-30T03:04:50.898+0000] {task_command.py:389} INFO - Running <TaskInstance: my_python_dag_v7.greet scheduled__2023-07-29T02:00:00+00:00 [running]> on host f1ea17bde741
[2023-07-30T03:04:55.358+0000] {taskinstance.py:1513} INFO - Exporting the following env vars:
AIRFLOW_CTX_DAG_OWNER=Byron
AIRFLOW_CTX_DAG_ID=my_python_dag_v7
AIRFLOW_CTX_TASK_ID=greet
AIRFLOW_CTX_EXECUTION_DATE=2023-07-29T02:00:00+00:00
AIRFLOW_CTX_TRY_NUMBER=1
AIRFLOW_CTX_DAG_RUN_ID=scheduled__2023-07-29T02:00:00+00:00
[2023-07-30T03:04:55.524+0000] {logging_mixin.py:137} INFO - my name is Charles and I am 32years old and I am from Lagos 
[2023-07-30T03:04:55.531+0000] {python.py:177} INFO - Done. Returned value was: None
[2023-07-30T03:04:55.559+0000] {taskinstance.py:1327} INFO - Marking task as SUCCESS. dag_id=my_python_dag_v7, task_id=greet, execution_date=20230729T020000, start_date=20230730T030442, end_date=20230730T030455
[2023-07-30T03:04:57.422+0000] {local_task_job.py:159} INFO - Task exited with return code 0
[2023-07-30T03:04:57.506+0000] {taskinstance.py:2582} INFO - 0 downstream tasks scheduled from follow-on schedule check
