[2023-07-29T15:23:47.362+0000] {taskinstance.py:1087} INFO - Dependencies all met for <TaskInstance: data_engineering_jobs_dags_v3.write_to_csv scheduled__2023-06-20T00:00:00+00:00 [queued]>
[2023-07-29T15:23:48.112+0000] {taskinstance.py:1087} INFO - Dependencies all met for <TaskInstance: data_engineering_jobs_dags_v3.write_to_csv scheduled__2023-06-20T00:00:00+00:00 [queued]>
[2023-07-29T15:23:48.177+0000] {taskinstance.py:1283} INFO - 
--------------------------------------------------------------------------------
[2023-07-29T15:23:48.194+0000] {taskinstance.py:1284} INFO - Starting attempt 1 of 2
[2023-07-29T15:23:48.215+0000] {taskinstance.py:1285} INFO - 
--------------------------------------------------------------------------------
[2023-07-29T15:23:49.556+0000] {taskinstance.py:1304} INFO - Executing <Task(PythonOperator): write_to_csv> on 2023-06-20 00:00:00+00:00
[2023-07-29T15:23:49.635+0000] {standard_task_runner.py:82} INFO - Running: ['***', 'tasks', 'run', 'data_engineering_jobs_dags_v3', 'write_to_csv', 'scheduled__2023-06-20T00:00:00+00:00', '--job-id', '2780', '--raw', '--subdir', 'DAGS_FOLDER/load_data_v3.py', '--cfg-path', '/tmp/tmp29wm0q60']
[2023-07-29T15:23:49.650+0000] {standard_task_runner.py:83} INFO - Job 2780: Subtask write_to_csv
[2023-07-29T15:23:49.645+0000] {standard_task_runner.py:55} INFO - Started process 13429 to run task
[2023-07-29T15:23:53.253+0000] {task_command.py:389} INFO - Running <TaskInstance: data_engineering_jobs_dags_v3.write_to_csv scheduled__2023-06-20T00:00:00+00:00 [running]> on host f1ea17bde741
[2023-07-29T15:23:56.658+0000] {taskinstance.py:1513} INFO - Exporting the following env vars:
AIRFLOW_CTX_DAG_OWNER=***
AIRFLOW_CTX_DAG_ID=data_engineering_jobs_dags_v3
AIRFLOW_CTX_TASK_ID=write_to_csv
AIRFLOW_CTX_EXECUTION_DATE=2023-06-20T00:00:00+00:00
AIRFLOW_CTX_TRY_NUMBER=1
AIRFLOW_CTX_DAG_RUN_ID=scheduled__2023-06-20T00:00:00+00:00
[2023-07-29T15:23:57.607+0000] {python.py:177} INFO - Done. Returned value was: None
[2023-07-29T15:23:57.998+0000] {taskinstance.py:1327} INFO - Marking task as SUCCESS. dag_id=data_engineering_jobs_dags_v3, task_id=write_to_csv, execution_date=20230620T000000, start_date=20230729T152347, end_date=20230729T152357
[2023-07-29T15:23:59.229+0000] {local_task_job.py:159} INFO - Task exited with return code 0
[2023-07-29T15:23:59.422+0000] {taskinstance.py:2582} INFO - 0 downstream tasks scheduled from follow-on schedule check
