[2023-07-30T03:43:51.957+0000] {taskinstance.py:1087} INFO - Dependencies all met for <TaskInstance: job_data_pipeline_search.write_to_postgres scheduled__2023-07-29T00:00:00+00:00 [queued]>
[2023-07-30T03:43:51.996+0000] {taskinstance.py:1087} INFO - Dependencies all met for <TaskInstance: job_data_pipeline_search.write_to_postgres scheduled__2023-07-29T00:00:00+00:00 [queued]>
[2023-07-30T03:43:51.998+0000] {taskinstance.py:1283} INFO - 
--------------------------------------------------------------------------------
[2023-07-30T03:43:52.036+0000] {taskinstance.py:1284} INFO - Starting attempt 1 of 2
[2023-07-30T03:43:52.037+0000] {taskinstance.py:1285} INFO - 
--------------------------------------------------------------------------------
[2023-07-30T03:43:52.302+0000] {taskinstance.py:1304} INFO - Executing <Task(PythonOperator): write_to_postgres> on 2023-07-29 00:00:00+00:00
[2023-07-30T03:43:52.317+0000] {standard_task_runner.py:55} INFO - Started process 33026 to run task
[2023-07-30T03:43:52.325+0000] {standard_task_runner.py:82} INFO - Running: ['***', 'tasks', 'run', 'job_data_pipeline_search', 'write_to_postgres', 'scheduled__2023-07-29T00:00:00+00:00', '--job-id', '3069', '--raw', '--subdir', 'DAGS_FOLDER/load_data_keyword_search.py', '--cfg-path', '/tmp/tmp098u8v3x']
[2023-07-30T03:43:52.334+0000] {standard_task_runner.py:83} INFO - Job 3069: Subtask write_to_postgres
[2023-07-30T03:43:52.841+0000] {task_command.py:389} INFO - Running <TaskInstance: job_data_pipeline_search.write_to_postgres scheduled__2023-07-29T00:00:00+00:00 [running]> on host f1ea17bde741
[2023-07-30T03:43:53.388+0000] {taskinstance.py:1513} INFO - Exporting the following env vars:
AIRFLOW_CTX_DAG_OWNER=***
AIRFLOW_CTX_DAG_ID=job_data_pipeline_search
AIRFLOW_CTX_TASK_ID=write_to_postgres
AIRFLOW_CTX_EXECUTION_DATE=2023-07-29T00:00:00+00:00
AIRFLOW_CTX_TRY_NUMBER=1
AIRFLOW_CTX_DAG_RUN_ID=scheduled__2023-07-29T00:00:00+00:00
[2023-07-30T03:43:53.506+0000] {base.py:73} INFO - Using connection ID 'my_connection' for task execution.
[2023-07-30T03:43:54.538+0000] {python.py:177} INFO - Done. Returned value was: None
[2023-07-30T03:43:54.582+0000] {taskinstance.py:1327} INFO - Marking task as SUCCESS. dag_id=job_data_pipeline_search, task_id=write_to_postgres, execution_date=20230729T000000, start_date=20230730T034351, end_date=20230730T034354
[2023-07-30T03:43:54.820+0000] {local_task_job.py:159} INFO - Task exited with return code 0
[2023-07-30T03:43:54.926+0000] {taskinstance.py:2582} INFO - 0 downstream tasks scheduled from follow-on schedule check
