[2023-07-29T10:32:47.809+0000] {taskinstance.py:1087} INFO - Dependencies all met for <TaskInstance: data_engineering_jobs_dags_v2.get_jobs scheduled__2023-02-02T00:00:00+00:00 [queued]>
[2023-07-29T10:32:49.062+0000] {taskinstance.py:1087} INFO - Dependencies all met for <TaskInstance: data_engineering_jobs_dags_v2.get_jobs scheduled__2023-02-02T00:00:00+00:00 [queued]>
[2023-07-29T10:32:49.097+0000] {taskinstance.py:1283} INFO - 
--------------------------------------------------------------------------------
[2023-07-29T10:32:49.316+0000] {taskinstance.py:1284} INFO - Starting attempt 1 of 2
[2023-07-29T10:32:49.337+0000] {taskinstance.py:1285} INFO - 
--------------------------------------------------------------------------------
[2023-07-29T10:32:50.455+0000] {taskinstance.py:1304} INFO - Executing <Task(PythonOperator): get_jobs> on 2023-02-02 00:00:00+00:00
[2023-07-29T10:32:50.539+0000] {standard_task_runner.py:55} INFO - Started process 569 to run task
[2023-07-29T10:32:50.675+0000] {standard_task_runner.py:82} INFO - Running: ['***', 'tasks', 'run', 'data_engineering_jobs_dags_v2', 'get_jobs', 'scheduled__2023-02-02T00:00:00+00:00', '--job-id', '1885', '--raw', '--subdir', 'DAGS_FOLDER/load_data_v2.py', '--cfg-path', '/tmp/tmpuctkujx8']
[2023-07-29T10:32:50.705+0000] {standard_task_runner.py:83} INFO - Job 1885: Subtask get_jobs
[2023-07-29T10:32:54.364+0000] {task_command.py:389} INFO - Running <TaskInstance: data_engineering_jobs_dags_v2.get_jobs scheduled__2023-02-02T00:00:00+00:00 [running]> on host f1ea17bde741
[2023-07-29T10:33:05.538+0000] {taskinstance.py:1513} INFO - Exporting the following env vars:
AIRFLOW_CTX_DAG_OWNER=***
AIRFLOW_CTX_DAG_ID=data_engineering_jobs_dags_v2
AIRFLOW_CTX_TASK_ID=get_jobs
AIRFLOW_CTX_EXECUTION_DATE=2023-02-02T00:00:00+00:00
AIRFLOW_CTX_TRY_NUMBER=1
AIRFLOW_CTX_DAG_RUN_ID=scheduled__2023-02-02T00:00:00+00:00
[2023-07-29T10:33:13.520+0000] {python.py:177} INFO - Done. Returned value was: None
[2023-07-29T10:33:14.099+0000] {taskinstance.py:1327} INFO - Marking task as SUCCESS. dag_id=data_engineering_jobs_dags_v2, task_id=get_jobs, execution_date=20230202T000000, start_date=20230729T103248, end_date=20230729T103314
[2023-07-29T10:33:18.821+0000] {local_task_job.py:159} INFO - Task exited with return code 0
[2023-07-29T10:33:22.197+0000] {taskinstance.py:2582} INFO - 1 downstream tasks scheduled from follow-on schedule check
