[2023-07-27T09:36:01.939+0000] {taskinstance.py:1087} INFO - Dependencies all met for <TaskInstance: data_engineer_jobs_dag.get_data_from_api scheduled__2023-03-25T00:00:00+00:00 [queued]>
[2023-07-27T09:36:01.979+0000] {taskinstance.py:1087} INFO - Dependencies all met for <TaskInstance: data_engineer_jobs_dag.get_data_from_api scheduled__2023-03-25T00:00:00+00:00 [queued]>
[2023-07-27T09:36:01.981+0000] {taskinstance.py:1283} INFO - 
--------------------------------------------------------------------------------
[2023-07-27T09:36:02.184+0000] {taskinstance.py:1284} INFO - Starting attempt 1 of 2
[2023-07-27T09:36:02.186+0000] {taskinstance.py:1285} INFO - 
--------------------------------------------------------------------------------
[2023-07-27T09:36:02.377+0000] {taskinstance.py:1304} INFO - Executing <Task(PythonOperator): get_data_from_api> on 2023-03-25 00:00:00+00:00
[2023-07-27T09:36:02.405+0000] {standard_task_runner.py:55} INFO - Started process 10146 to run task
[2023-07-27T09:36:02.431+0000] {standard_task_runner.py:82} INFO - Running: ['***', 'tasks', 'run', 'data_engineer_jobs_dag', 'get_data_from_api', 'scheduled__2023-03-25T00:00:00+00:00', '--job-id', '1382', '--raw', '--subdir', 'DAGS_FOLDER/load_data.py', '--cfg-path', '/tmp/tmpmwgylnfu']
[2023-07-27T09:36:02.477+0000] {standard_task_runner.py:83} INFO - Job 1382: Subtask get_data_from_api
[2023-07-27T09:36:03.440+0000] {task_command.py:389} INFO - Running <TaskInstance: data_engineer_jobs_dag.get_data_from_api scheduled__2023-03-25T00:00:00+00:00 [running]> on host bc3380e7707e
[2023-07-27T09:36:04.705+0000] {taskinstance.py:1513} INFO - Exporting the following env vars:
AIRFLOW_CTX_DAG_EMAIL=kasimir.Ikuenobe@hotmail.com
AIRFLOW_CTX_DAG_OWNER=ebejale
AIRFLOW_CTX_DAG_ID=data_engineer_jobs_dag
AIRFLOW_CTX_TASK_ID=get_data_from_api
AIRFLOW_CTX_EXECUTION_DATE=2023-03-25T00:00:00+00:00
AIRFLOW_CTX_TRY_NUMBER=1
AIRFLOW_CTX_DAG_RUN_ID=scheduled__2023-03-25T00:00:00+00:00
[2023-07-27T09:36:12.743+0000] {taskinstance.py:1772} ERROR - Task failed with exception
Traceback (most recent call last):
  File "/home/airflow/.local/lib/python3.7/site-packages/urllib3/connection.py", line 175, in _new_conn
    (self._dns_host, self.port), self.timeout, **extra_kw
  File "/home/airflow/.local/lib/python3.7/site-packages/urllib3/util/connection.py", line 72, in create_connection
    for res in socket.getaddrinfo(host, port, family, socket.SOCK_STREAM):
  File "/usr/local/lib/python3.7/socket.py", line 752, in getaddrinfo
    for res in _socket.getaddrinfo(host, port, family, type, proto, flags):
socket.gaierror: [Errno -3] Temporary failure in name resolution

During handling of the above exception, another exception occurred:

Traceback (most recent call last):
  File "/home/airflow/.local/lib/python3.7/site-packages/urllib3/connectionpool.py", line 710, in urlopen
    chunked=chunked,
  File "/home/airflow/.local/lib/python3.7/site-packages/urllib3/connectionpool.py", line 386, in _make_request
    self._validate_conn(conn)
  File "/home/airflow/.local/lib/python3.7/site-packages/urllib3/connectionpool.py", line 1042, in _validate_conn
    conn.connect()
  File "/home/airflow/.local/lib/python3.7/site-packages/urllib3/connection.py", line 358, in connect
    self.sock = conn = self._new_conn()
  File "/home/airflow/.local/lib/python3.7/site-packages/urllib3/connection.py", line 187, in _new_conn
    self, "Failed to establish a new connection: %s" % e
urllib3.exceptions.NewConnectionError: <urllib3.connection.HTTPSConnection object at 0x7fda70ed02d0>: Failed to establish a new connection: [Errno -3] Temporary failure in name resolution

During handling of the above exception, another exception occurred:

Traceback (most recent call last):
  File "/home/airflow/.local/lib/python3.7/site-packages/requests/adapters.py", line 499, in send
    timeout=timeout,
  File "/home/airflow/.local/lib/python3.7/site-packages/urllib3/connectionpool.py", line 788, in urlopen
    method, url, error=e, _pool=self, _stacktrace=sys.exc_info()[2]
  File "/home/airflow/.local/lib/python3.7/site-packages/urllib3/util/retry.py", line 592, in increment
    raise MaxRetryError(_pool, url, error or ResponseError(cause))
urllib3.exceptions.MaxRetryError: HTTPSConnectionPool(host='jsearch.p.rapidapi.com', port=443): Max retries exceeded with url: /search?query=Data+Engineer+in+Ontario%2C+Canada&page=1&num_pages=1&date_posted=month (Caused by NewConnectionError('<urllib3.connection.HTTPSConnection object at 0x7fda70ed02d0>: Failed to establish a new connection: [Errno -3] Temporary failure in name resolution'))

During handling of the above exception, another exception occurred:

Traceback (most recent call last):
  File "/home/airflow/.local/lib/python3.7/site-packages/airflow/operators/python.py", line 175, in execute
    return_value = self.execute_callable()
  File "/home/airflow/.local/lib/python3.7/site-packages/airflow/operators/python.py", line 192, in execute_callable
    return self.python_callable(*self.op_args, **self.op_kwargs)
  File "/opt/airflow/dags/load_data.py", line 62, in get_data_from_api
    response = requests.get(url, headers=headers, params=querystring)
  File "/home/airflow/.local/lib/python3.7/site-packages/requests/api.py", line 73, in get
    return request("get", url, params=params, **kwargs)
  File "/home/airflow/.local/lib/python3.7/site-packages/requests/api.py", line 59, in request
    return session.request(method=method, url=url, **kwargs)
  File "/home/airflow/.local/lib/python3.7/site-packages/requests/sessions.py", line 587, in request
    resp = self.send(prep, **send_kwargs)
  File "/home/airflow/.local/lib/python3.7/site-packages/requests/sessions.py", line 701, in send
    r = adapter.send(request, **kwargs)
  File "/home/airflow/.local/lib/python3.7/site-packages/requests/adapters.py", line 565, in send
    raise ConnectionError(e, request=request)
requests.exceptions.ConnectionError: HTTPSConnectionPool(host='jsearch.p.rapidapi.com', port=443): Max retries exceeded with url: /search?query=Data+Engineer+in+Ontario%2C+Canada&page=1&num_pages=1&date_posted=month (Caused by NewConnectionError('<urllib3.connection.HTTPSConnection object at 0x7fda70ed02d0>: Failed to establish a new connection: [Errno -3] Temporary failure in name resolution'))
[2023-07-27T09:36:13.392+0000] {taskinstance.py:1327} INFO - Marking task as UP_FOR_RETRY. dag_id=data_engineer_jobs_dag, task_id=get_data_from_api, execution_date=20230325T000000, start_date=20230727T093601, end_date=20230727T093613
[2023-07-27T09:36:15.275+0000] {standard_task_runner.py:105} ERROR - Failed to execute job 1382 for task get_data_from_api (HTTPSConnectionPool(host='jsearch.p.rapidapi.com', port=443): Max retries exceeded with url: /search?query=Data+Engineer+in+Ontario%2C+Canada&page=1&num_pages=1&date_posted=month (Caused by NewConnectionError('<urllib3.connection.HTTPSConnection object at 0x7fda70ed02d0>: Failed to establish a new connection: [Errno -3] Temporary failure in name resolution')); 10146)
[2023-07-27T09:36:15.358+0000] {local_task_job.py:159} INFO - Task exited with return code 1
[2023-07-27T09:36:16.194+0000] {taskinstance.py:2582} INFO - 0 downstream tasks scheduled from follow-on schedule check
