[2023-07-29T20:45:31.025+0000] {taskinstance.py:1087} INFO - Dependencies all met for <TaskInstance: job_data_pipeline.write_to_postgres manual__2023-07-29T20:39:29.649852+00:00 [queued]>
[2023-07-29T20:45:31.059+0000] {taskinstance.py:1087} INFO - Dependencies all met for <TaskInstance: job_data_pipeline.write_to_postgres manual__2023-07-29T20:39:29.649852+00:00 [queued]>
[2023-07-29T20:45:31.061+0000] {taskinstance.py:1283} INFO - 
--------------------------------------------------------------------------------
[2023-07-29T20:45:31.079+0000] {taskinstance.py:1284} INFO - Starting attempt 2 of 2
[2023-07-29T20:45:31.081+0000] {taskinstance.py:1285} INFO - 
--------------------------------------------------------------------------------
[2023-07-29T20:45:31.424+0000] {taskinstance.py:1304} INFO - Executing <Task(PythonOperator): write_to_postgres> on 2023-07-29 20:39:29.649852+00:00
[2023-07-29T20:45:31.438+0000] {standard_task_runner.py:55} INFO - Started process 26914 to run task
[2023-07-29T20:45:31.455+0000] {standard_task_runner.py:82} INFO - Running: ['***', 'tasks', 'run', 'job_data_pipeline', 'write_to_postgres', 'manual__2023-07-29T20:39:29.649852+00:00', '--job-id', '3042', '--raw', '--subdir', 'DAGS_FOLDER/load_data_v4.py', '--cfg-path', '/tmp/tmpg657tu4p']
[2023-07-29T20:45:31.483+0000] {standard_task_runner.py:83} INFO - Job 3042: Subtask write_to_postgres
[2023-07-29T20:45:31.884+0000] {task_command.py:389} INFO - Running <TaskInstance: job_data_pipeline.write_to_postgres manual__2023-07-29T20:39:29.649852+00:00 [running]> on host f1ea17bde741
[2023-07-29T20:45:32.878+0000] {taskinstance.py:1513} INFO - Exporting the following env vars:
AIRFLOW_CTX_DAG_OWNER=***
AIRFLOW_CTX_DAG_ID=job_data_pipeline
AIRFLOW_CTX_TASK_ID=write_to_postgres
AIRFLOW_CTX_EXECUTION_DATE=2023-07-29T20:39:29.649852+00:00
AIRFLOW_CTX_TRY_NUMBER=2
AIRFLOW_CTX_DAG_RUN_ID=manual__2023-07-29T20:39:29.649852+00:00
[2023-07-29T20:45:33.100+0000] {base.py:73} INFO - Using connection ID 'my_connection' for task execution.
[2023-07-29T20:45:33.742+0000] {taskinstance.py:1772} ERROR - Task failed with exception
Traceback (most recent call last):
  File "/home/airflow/.local/lib/python3.7/site-packages/airflow/operators/python.py", line 175, in execute
    return_value = self.execute_callable()
  File "/home/airflow/.local/lib/python3.7/site-packages/airflow/operators/python.py", line 192, in execute_callable
    return self.python_callable(*self.op_args, **self.op_kwargs)
  File "/opt/airflow/dags/load_data_v4.py", line 97, in write_to_postgres
    """, df.to_dict('records'))
  File "/home/airflow/.local/lib/python3.7/site-packages/psycopg2/extras.py", line 1296, in execute_values
    parts.append(cur.mogrify(template, args))
TypeError: 'dict' object does not support indexing
[2023-07-29T20:45:33.939+0000] {taskinstance.py:1327} INFO - Marking task as FAILED. dag_id=job_data_pipeline, task_id=write_to_postgres, execution_date=20230729T203929, start_date=20230729T204531, end_date=20230729T204533
[2023-07-29T20:45:34.170+0000] {standard_task_runner.py:105} ERROR - Failed to execute job 3042 for task write_to_postgres ('dict' object does not support indexing; 26914)
[2023-07-29T20:45:34.356+0000] {local_task_job.py:159} INFO - Task exited with return code 1
[2023-07-29T20:45:34.759+0000] {taskinstance.py:2582} INFO - 0 downstream tasks scheduled from follow-on schedule check
