[2023-07-29T11:18:34.024+0000] {taskinstance.py:1087} INFO - Dependencies all met for <TaskInstance: my_python_dag_v7.greet scheduled__2023-07-27T02:00:00+00:00 [queued]>
[2023-07-29T11:18:34.441+0000] {taskinstance.py:1087} INFO - Dependencies all met for <TaskInstance: my_python_dag_v7.greet scheduled__2023-07-27T02:00:00+00:00 [queued]>
[2023-07-29T11:18:34.534+0000] {taskinstance.py:1283} INFO - 
--------------------------------------------------------------------------------
[2023-07-29T11:18:34.560+0000] {taskinstance.py:1284} INFO - Starting attempt 1 of 3
[2023-07-29T11:18:34.582+0000] {taskinstance.py:1285} INFO - 
--------------------------------------------------------------------------------
[2023-07-29T11:18:35.138+0000] {taskinstance.py:1304} INFO - Executing <Task(PythonOperator): greet> on 2023-07-27 02:00:00+00:00
[2023-07-29T11:18:35.357+0000] {standard_task_runner.py:55} INFO - Started process 2511 to run task
[2023-07-29T11:18:35.520+0000] {standard_task_runner.py:82} INFO - Running: ['***', 'tasks', 'run', 'my_python_dag_v7', 'greet', 'scheduled__2023-07-27T02:00:00+00:00', '--job-id', '2025', '--raw', '--subdir', 'DAGS_FOLDER/python_operatorv7.py', '--cfg-path', '/tmp/tmpknaphywn']
[2023-07-29T11:18:35.724+0000] {standard_task_runner.py:83} INFO - Job 2025: Subtask greet
[2023-07-29T11:18:37.732+0000] {task_command.py:389} INFO - Running <TaskInstance: my_python_dag_v7.greet scheduled__2023-07-27T02:00:00+00:00 [running]> on host f1ea17bde741
[2023-07-29T11:18:40.264+0000] {taskinstance.py:1513} INFO - Exporting the following env vars:
AIRFLOW_CTX_DAG_OWNER=Byron
AIRFLOW_CTX_DAG_ID=my_python_dag_v7
AIRFLOW_CTX_TASK_ID=greet
AIRFLOW_CTX_EXECUTION_DATE=2023-07-27T02:00:00+00:00
AIRFLOW_CTX_TRY_NUMBER=1
AIRFLOW_CTX_DAG_RUN_ID=scheduled__2023-07-27T02:00:00+00:00
[2023-07-29T11:18:41.471+0000] {logging_mixin.py:137} INFO - my name is Charles and I am 32years old and I am from Lagos 
[2023-07-29T11:18:41.763+0000] {python.py:177} INFO - Done. Returned value was: None
[2023-07-29T11:18:42.037+0000] {taskinstance.py:1327} INFO - Marking task as SUCCESS. dag_id=my_python_dag_v7, task_id=greet, execution_date=20230727T020000, start_date=20230729T111834, end_date=20230729T111842
[2023-07-29T11:18:42.875+0000] {local_task_job.py:159} INFO - Task exited with return code 0
[2023-07-29T11:18:43.029+0000] {taskinstance.py:2582} INFO - 0 downstream tasks scheduled from follow-on schedule check
