[2023-07-29T20:43:23.709+0000] {taskinstance.py:1087} INFO - Dependencies all met for <TaskInstance: job_data_pipeline.write_to_csv manual__2023-07-29T20:42:54.484133+00:00 [queued]>
[2023-07-29T20:43:23.788+0000] {taskinstance.py:1087} INFO - Dependencies all met for <TaskInstance: job_data_pipeline.write_to_csv manual__2023-07-29T20:42:54.484133+00:00 [queued]>
[2023-07-29T20:43:23.795+0000] {taskinstance.py:1283} INFO - 
--------------------------------------------------------------------------------
[2023-07-29T20:43:23.894+0000] {taskinstance.py:1284} INFO - Starting attempt 1 of 2
[2023-07-29T20:43:23.912+0000] {taskinstance.py:1285} INFO - 
--------------------------------------------------------------------------------
[2023-07-29T20:43:24.283+0000] {taskinstance.py:1304} INFO - Executing <Task(PythonOperator): write_to_csv> on 2023-07-29 20:42:54.484133+00:00
[2023-07-29T20:43:24.318+0000] {standard_task_runner.py:55} INFO - Started process 26834 to run task
[2023-07-29T20:43:24.311+0000] {standard_task_runner.py:82} INFO - Running: ['***', 'tasks', 'run', 'job_data_pipeline', 'write_to_csv', 'manual__2023-07-29T20:42:54.484133+00:00', '--job-id', '3040', '--raw', '--subdir', 'DAGS_FOLDER/load_data_v4.py', '--cfg-path', '/tmp/tmpkjam0uxy']
[2023-07-29T20:43:24.357+0000] {standard_task_runner.py:83} INFO - Job 3040: Subtask write_to_csv
[2023-07-29T20:43:25.162+0000] {task_command.py:389} INFO - Running <TaskInstance: job_data_pipeline.write_to_csv manual__2023-07-29T20:42:54.484133+00:00 [running]> on host f1ea17bde741
[2023-07-29T20:43:26.186+0000] {taskinstance.py:1513} INFO - Exporting the following env vars:
AIRFLOW_CTX_DAG_OWNER=***
AIRFLOW_CTX_DAG_ID=job_data_pipeline
AIRFLOW_CTX_TASK_ID=write_to_csv
AIRFLOW_CTX_EXECUTION_DATE=2023-07-29T20:42:54.484133+00:00
AIRFLOW_CTX_TRY_NUMBER=1
AIRFLOW_CTX_DAG_RUN_ID=manual__2023-07-29T20:42:54.484133+00:00
[2023-07-29T20:43:26.433+0000] {python.py:177} INFO - Done. Returned value was: None
[2023-07-29T20:43:26.557+0000] {taskinstance.py:1327} INFO - Marking task as SUCCESS. dag_id=job_data_pipeline, task_id=write_to_csv, execution_date=20230729T204254, start_date=20230729T204323, end_date=20230729T204326
[2023-07-29T20:43:27.023+0000] {local_task_job.py:159} INFO - Task exited with return code 0
[2023-07-29T20:43:27.273+0000] {taskinstance.py:2582} INFO - 1 downstream tasks scheduled from follow-on schedule check
