[2023-08-03T03:58:17.786+0000] {taskinstance.py:1087} INFO - Dependencies all met for <TaskInstance: my_postgres_dag_v3-1.create_table scheduled__2023-08-02T00:00:00+00:00 [queued]>
[2023-08-03T03:58:21.392+0000] {taskinstance.py:1087} INFO - Dependencies all met for <TaskInstance: my_postgres_dag_v3-1.create_table scheduled__2023-08-02T00:00:00+00:00 [queued]>
[2023-08-03T03:58:21.429+0000] {taskinstance.py:1283} INFO - 
--------------------------------------------------------------------------------
[2023-08-03T03:58:22.182+0000] {taskinstance.py:1284} INFO - Starting attempt 1 of 3
[2023-08-03T03:58:22.245+0000] {taskinstance.py:1285} INFO - 
--------------------------------------------------------------------------------
[2023-08-03T03:58:25.695+0000] {taskinstance.py:1304} INFO - Executing <Task(PostgresOperator): create_table> on 2023-08-02 00:00:00+00:00
[2023-08-03T03:58:25.848+0000] {standard_task_runner.py:55} INFO - Started process 30031 to run task
[2023-08-03T03:58:25.857+0000] {standard_task_runner.py:82} INFO - Running: ['***', 'tasks', 'run', 'my_postgres_dag_v3-1', 'create_table', 'scheduled__2023-08-02T00:00:00+00:00', '--job-id', '3243', '--raw', '--subdir', 'DAGS_FOLDER/postgres_operator_v2-2.py', '--cfg-path', '/tmp/tmptptaol3m']
[2023-08-03T03:58:26.314+0000] {standard_task_runner.py:83} INFO - Job 3243: Subtask create_table
[2023-08-03T03:58:42.408+0000] {task_command.py:389} INFO - Running <TaskInstance: my_postgres_dag_v3-1.create_table scheduled__2023-08-02T00:00:00+00:00 [running]> on host a4a69aba7e5b
[2023-08-03T03:58:49.302+0000] {taskinstance.py:1513} INFO - Exporting the following env vars:
AIRFLOW_CTX_DAG_OWNER=Byron
AIRFLOW_CTX_DAG_ID=my_postgres_dag_v3-1
AIRFLOW_CTX_TASK_ID=create_table
AIRFLOW_CTX_EXECUTION_DATE=2023-08-02T00:00:00+00:00
AIRFLOW_CTX_TRY_NUMBER=1
AIRFLOW_CTX_DAG_RUN_ID=scheduled__2023-08-02T00:00:00+00:00
[2023-08-03T03:58:49.472+0000] {sql.py:253} INFO - Executing: CREATE TABLE IF NOT EXISTS ***_users (id SERIAL PRIMARY KEY, name VARCHAR(30))
[2023-08-03T03:58:49.523+0000] {base.py:73} INFO - Using connection ID 'my_connection' for task execution.
[2023-08-03T03:58:50.957+0000] {base.py:73} INFO - Using connection ID 'my_connection' for task execution.
[2023-08-03T03:58:51.021+0000] {sql.py:364} INFO - Running statement: CREATE TABLE IF NOT EXISTS ***_users (id SERIAL PRIMARY KEY, name VARCHAR(30)), parameters: None
[2023-08-03T03:58:51.071+0000] {taskinstance.py:1327} INFO - Marking task as SUCCESS. dag_id=my_postgres_dag_v3-1, task_id=create_table, execution_date=20230802T000000, start_date=20230803T035819, end_date=20230803T035851
[2023-08-03T03:58:54.795+0000] {local_task_job.py:159} INFO - Task exited with return code 0
[2023-08-03T03:58:54.863+0000] {taskinstance.py:2582} INFO - 1 downstream tasks scheduled from follow-on schedule check
