[2023-07-29T14:28:51.176+0000] {taskinstance.py:1087} INFO - Dependencies all met for <TaskInstance: data_engineering_jobs_dags_v3.get_jobs scheduled__2023-03-01T00:00:00+00:00 [queued]>
[2023-07-29T14:28:51.623+0000] {taskinstance.py:1087} INFO - Dependencies all met for <TaskInstance: data_engineering_jobs_dags_v3.get_jobs scheduled__2023-03-01T00:00:00+00:00 [queued]>
[2023-07-29T14:28:51.631+0000] {taskinstance.py:1283} INFO - 
--------------------------------------------------------------------------------
[2023-07-29T14:28:51.689+0000] {taskinstance.py:1284} INFO - Starting attempt 1 of 2
[2023-07-29T14:28:51.696+0000] {taskinstance.py:1285} INFO - 
--------------------------------------------------------------------------------
[2023-07-29T14:28:52.451+0000] {taskinstance.py:1304} INFO - Executing <Task(PythonOperator): get_jobs> on 2023-03-01 00:00:00+00:00
[2023-07-29T14:28:52.510+0000] {standard_task_runner.py:55} INFO - Started process 10104 to run task
[2023-07-29T14:28:52.645+0000] {standard_task_runner.py:82} INFO - Running: ['***', 'tasks', 'run', 'data_engineering_jobs_dags_v3', 'get_jobs', 'scheduled__2023-03-01T00:00:00+00:00', '--job-id', '2301', '--raw', '--subdir', 'DAGS_FOLDER/load_data_v3.py', '--cfg-path', '/tmp/tmpz3ykwi3m']
[2023-07-29T14:28:52.720+0000] {standard_task_runner.py:83} INFO - Job 2301: Subtask get_jobs
[2023-07-29T14:28:53.395+0000] {task_command.py:389} INFO - Running <TaskInstance: data_engineering_jobs_dags_v3.get_jobs scheduled__2023-03-01T00:00:00+00:00 [running]> on host f1ea17bde741
[2023-07-29T14:28:54.833+0000] {taskinstance.py:1513} INFO - Exporting the following env vars:
AIRFLOW_CTX_DAG_OWNER=***
AIRFLOW_CTX_DAG_ID=data_engineering_jobs_dags_v3
AIRFLOW_CTX_TASK_ID=get_jobs
AIRFLOW_CTX_EXECUTION_DATE=2023-03-01T00:00:00+00:00
AIRFLOW_CTX_TRY_NUMBER=1
AIRFLOW_CTX_DAG_RUN_ID=scheduled__2023-03-01T00:00:00+00:00
[2023-07-29T14:28:57.882+0000] {python.py:177} INFO - Done. Returned value was: None
[2023-07-29T14:28:58.032+0000] {taskinstance.py:1327} INFO - Marking task as SUCCESS. dag_id=data_engineering_jobs_dags_v3, task_id=get_jobs, execution_date=20230301T000000, start_date=20230729T142851, end_date=20230729T142858
[2023-07-29T14:28:58.835+0000] {local_task_job.py:159} INFO - Task exited with return code 0
[2023-07-29T14:28:59.330+0000] {taskinstance.py:2582} INFO - 2 downstream tasks scheduled from follow-on schedule check
