[2023-07-29T14:23:27.684+0000] {taskinstance.py:1087} INFO - Dependencies all met for <TaskInstance: data_engineering_jobs_dags_v3.write_to_csv manual__2023-07-29T14:20:38.675934+00:00 [queued]>
[2023-07-29T14:23:27.779+0000] {taskinstance.py:1087} INFO - Dependencies all met for <TaskInstance: data_engineering_jobs_dags_v3.write_to_csv manual__2023-07-29T14:20:38.675934+00:00 [queued]>
[2023-07-29T14:23:27.781+0000] {taskinstance.py:1283} INFO - 
--------------------------------------------------------------------------------
[2023-07-29T14:23:27.840+0000] {taskinstance.py:1284} INFO - Starting attempt 1 of 2
[2023-07-29T14:23:27.856+0000] {taskinstance.py:1285} INFO - 
--------------------------------------------------------------------------------
[2023-07-29T14:23:28.749+0000] {taskinstance.py:1304} INFO - Executing <Task(PythonOperator): write_to_csv> on 2023-07-29 14:20:38.675934+00:00
[2023-07-29T14:23:28.833+0000] {standard_task_runner.py:55} INFO - Started process 9787 to run task
[2023-07-29T14:23:28.961+0000] {standard_task_runner.py:82} INFO - Running: ['***', 'tasks', 'run', 'data_engineering_jobs_dags_v3', 'write_to_csv', 'manual__2023-07-29T14:20:38.675934+00:00', '--job-id', '2253', '--raw', '--subdir', 'DAGS_FOLDER/load_data_v3.py', '--cfg-path', '/tmp/tmp23tz4d36']
[2023-07-29T14:23:29.088+0000] {standard_task_runner.py:83} INFO - Job 2253: Subtask write_to_csv
[2023-07-29T14:23:30.909+0000] {task_command.py:389} INFO - Running <TaskInstance: data_engineering_jobs_dags_v3.write_to_csv manual__2023-07-29T14:20:38.675934+00:00 [running]> on host f1ea17bde741
[2023-07-29T14:23:33.534+0000] {taskinstance.py:1513} INFO - Exporting the following env vars:
AIRFLOW_CTX_DAG_OWNER=***
AIRFLOW_CTX_DAG_ID=data_engineering_jobs_dags_v3
AIRFLOW_CTX_TASK_ID=write_to_csv
AIRFLOW_CTX_EXECUTION_DATE=2023-07-29T14:20:38.675934+00:00
AIRFLOW_CTX_TRY_NUMBER=1
AIRFLOW_CTX_DAG_RUN_ID=manual__2023-07-29T14:20:38.675934+00:00
[2023-07-29T14:23:34.003+0000] {python.py:177} INFO - Done. Returned value was: None
[2023-07-29T14:23:34.124+0000] {taskinstance.py:1327} INFO - Marking task as SUCCESS. dag_id=data_engineering_jobs_dags_v3, task_id=write_to_csv, execution_date=20230729T142038, start_date=20230729T142327, end_date=20230729T142334
[2023-07-29T14:23:35.207+0000] {local_task_job.py:159} INFO - Task exited with return code 0
[2023-07-29T14:23:35.647+0000] {taskinstance.py:2582} INFO - 0 downstream tasks scheduled from follow-on schedule check
