[2023-07-27T09:02:33.849+0000] {taskinstance.py:1087} INFO - Dependencies all met for <TaskInstance: data_engineer_jobs_dag.extract_relevant_records_from_overall_data scheduled__2023-01-02T00:00:00+00:00 [queued]>
[2023-07-27T09:02:33.923+0000] {taskinstance.py:1087} INFO - Dependencies all met for <TaskInstance: data_engineer_jobs_dag.extract_relevant_records_from_overall_data scheduled__2023-01-02T00:00:00+00:00 [queued]>
[2023-07-27T09:02:33.927+0000] {taskinstance.py:1283} INFO - 
--------------------------------------------------------------------------------
[2023-07-27T09:02:34.009+0000] {taskinstance.py:1284} INFO - Starting attempt 1 of 2
[2023-07-27T09:02:34.026+0000] {taskinstance.py:1285} INFO - 
--------------------------------------------------------------------------------
[2023-07-27T09:02:34.434+0000] {taskinstance.py:1304} INFO - Executing <Task(PythonOperator): extract_relevant_records_from_overall_data> on 2023-01-02 00:00:00+00:00
[2023-07-27T09:02:34.617+0000] {standard_task_runner.py:55} INFO - Started process 8294 to run task
[2023-07-27T09:02:34.645+0000] {standard_task_runner.py:82} INFO - Running: ['***', 'tasks', 'run', 'data_engineer_jobs_dag', 'extract_relevant_records_from_overall_data', 'scheduled__2023-01-02T00:00:00+00:00', '--job-id', '1145', '--raw', '--subdir', 'DAGS_FOLDER/load_data.py', '--cfg-path', '/tmp/tmpz31rzc14']
[2023-07-27T09:02:34.731+0000] {standard_task_runner.py:83} INFO - Job 1145: Subtask extract_relevant_records_from_overall_data
[2023-07-27T09:02:36.144+0000] {task_command.py:389} INFO - Running <TaskInstance: data_engineer_jobs_dag.extract_relevant_records_from_overall_data scheduled__2023-01-02T00:00:00+00:00 [running]> on host bc3380e7707e
[2023-07-27T09:02:39.696+0000] {taskinstance.py:1513} INFO - Exporting the following env vars:
AIRFLOW_CTX_DAG_EMAIL=kasimir.Ikuenobe@hotmail.com
AIRFLOW_CTX_DAG_OWNER=ebejale
AIRFLOW_CTX_DAG_ID=data_engineer_jobs_dag
AIRFLOW_CTX_TASK_ID=extract_relevant_records_from_overall_data
AIRFLOW_CTX_EXECUTION_DATE=2023-01-02T00:00:00+00:00
AIRFLOW_CTX_TRY_NUMBER=1
AIRFLOW_CTX_DAG_RUN_ID=scheduled__2023-01-02T00:00:00+00:00
[2023-07-27T09:02:39.810+0000] {taskinstance.py:1772} ERROR - Task failed with exception
Traceback (most recent call last):
  File "/home/airflow/.local/lib/python3.7/site-packages/airflow/operators/python.py", line 175, in execute
    return_value = self.execute_callable()
  File "/home/airflow/.local/lib/python3.7/site-packages/airflow/operators/python.py", line 192, in execute_callable
    return self.python_callable(*self.op_args, **self.op_kwargs)
  File "/opt/airflow/dags/load_data.py", line 81, in extract_relevant_records_from_overall_data
    for i in range(len(data['data'])):
KeyError: 'data'
[2023-07-27T09:02:39.960+0000] {taskinstance.py:1327} INFO - Marking task as UP_FOR_RETRY. dag_id=data_engineer_jobs_dag, task_id=extract_relevant_records_from_overall_data, execution_date=20230102T000000, start_date=20230727T090233, end_date=20230727T090239
[2023-07-27T09:02:41.854+0000] {standard_task_runner.py:105} ERROR - Failed to execute job 1145 for task extract_relevant_records_from_overall_data ('data'; 8294)
[2023-07-27T09:02:42.018+0000] {local_task_job.py:159} INFO - Task exited with return code 1
[2023-07-27T09:02:42.470+0000] {taskinstance.py:2582} INFO - 0 downstream tasks scheduled from follow-on schedule check
