[2023-07-29T14:55:18.475+0000] {taskinstance.py:1087} INFO - Dependencies all met for <TaskInstance: data_engineering_jobs_dags_v3.get_jobs scheduled__2023-05-03T00:00:00+00:00 [queued]>
[2023-07-29T14:55:18.652+0000] {taskinstance.py:1087} INFO - Dependencies all met for <TaskInstance: data_engineering_jobs_dags_v3.get_jobs scheduled__2023-05-03T00:00:00+00:00 [queued]>
[2023-07-29T14:55:18.675+0000] {taskinstance.py:1283} INFO - 
--------------------------------------------------------------------------------
[2023-07-29T14:55:18.681+0000] {taskinstance.py:1284} INFO - Starting attempt 1 of 2
[2023-07-29T14:55:18.683+0000] {taskinstance.py:1285} INFO - 
--------------------------------------------------------------------------------
[2023-07-29T14:55:18.937+0000] {taskinstance.py:1304} INFO - Executing <Task(PythonOperator): get_jobs> on 2023-05-03 00:00:00+00:00
[2023-07-29T14:55:18.994+0000] {standard_task_runner.py:55} INFO - Started process 11784 to run task
[2023-07-29T14:55:19.026+0000] {standard_task_runner.py:82} INFO - Running: ['***', 'tasks', 'run', 'data_engineering_jobs_dags_v3', 'get_jobs', 'scheduled__2023-05-03T00:00:00+00:00', '--job-id', '2559', '--raw', '--subdir', 'DAGS_FOLDER/load_data_v3.py', '--cfg-path', '/tmp/tmpv6gdv8_h']
[2023-07-29T14:55:19.058+0000] {standard_task_runner.py:83} INFO - Job 2559: Subtask get_jobs
[2023-07-29T14:55:19.542+0000] {task_command.py:389} INFO - Running <TaskInstance: data_engineering_jobs_dags_v3.get_jobs scheduled__2023-05-03T00:00:00+00:00 [running]> on host f1ea17bde741
[2023-07-29T14:55:20.624+0000] {taskinstance.py:1513} INFO - Exporting the following env vars:
AIRFLOW_CTX_DAG_OWNER=***
AIRFLOW_CTX_DAG_ID=data_engineering_jobs_dags_v3
AIRFLOW_CTX_TASK_ID=get_jobs
AIRFLOW_CTX_EXECUTION_DATE=2023-05-03T00:00:00+00:00
AIRFLOW_CTX_TRY_NUMBER=1
AIRFLOW_CTX_DAG_RUN_ID=scheduled__2023-05-03T00:00:00+00:00
[2023-07-29T14:55:22.547+0000] {python.py:177} INFO - Done. Returned value was: None
[2023-07-29T14:55:22.720+0000] {taskinstance.py:1327} INFO - Marking task as SUCCESS. dag_id=data_engineering_jobs_dags_v3, task_id=get_jobs, execution_date=20230503T000000, start_date=20230729T145518, end_date=20230729T145522
[2023-07-29T14:55:23.079+0000] {local_task_job.py:159} INFO - Task exited with return code 0
[2023-07-29T14:55:23.352+0000] {taskinstance.py:2582} INFO - 2 downstream tasks scheduled from follow-on schedule check
