[2023-07-29T15:11:04.283+0000] {taskinstance.py:1087} INFO - Dependencies all met for <TaskInstance: data_engineering_jobs_dags_v3.write_to_csv scheduled__2023-06-07T00:00:00+00:00 [queued]>
[2023-07-29T15:11:04.333+0000] {taskinstance.py:1087} INFO - Dependencies all met for <TaskInstance: data_engineering_jobs_dags_v3.write_to_csv scheduled__2023-06-07T00:00:00+00:00 [queued]>
[2023-07-29T15:11:04.340+0000] {taskinstance.py:1283} INFO - 
--------------------------------------------------------------------------------
[2023-07-29T15:11:04.356+0000] {taskinstance.py:1284} INFO - Starting attempt 1 of 2
[2023-07-29T15:11:04.365+0000] {taskinstance.py:1285} INFO - 
--------------------------------------------------------------------------------
[2023-07-29T15:11:04.654+0000] {taskinstance.py:1304} INFO - Executing <Task(PythonOperator): write_to_csv> on 2023-06-07 00:00:00+00:00
[2023-07-29T15:11:04.681+0000] {standard_task_runner.py:55} INFO - Started process 12766 to run task
[2023-07-29T15:11:04.700+0000] {standard_task_runner.py:82} INFO - Running: ['***', 'tasks', 'run', 'data_engineering_jobs_dags_v3', 'write_to_csv', 'scheduled__2023-06-07T00:00:00+00:00', '--job-id', '2704', '--raw', '--subdir', 'DAGS_FOLDER/load_data_v3.py', '--cfg-path', '/tmp/tmpboigxlqd']
[2023-07-29T15:11:04.707+0000] {standard_task_runner.py:83} INFO - Job 2704: Subtask write_to_csv
[2023-07-29T15:11:05.489+0000] {task_command.py:389} INFO - Running <TaskInstance: data_engineering_jobs_dags_v3.write_to_csv scheduled__2023-06-07T00:00:00+00:00 [running]> on host f1ea17bde741
[2023-07-29T15:11:06.695+0000] {taskinstance.py:1513} INFO - Exporting the following env vars:
AIRFLOW_CTX_DAG_OWNER=***
AIRFLOW_CTX_DAG_ID=data_engineering_jobs_dags_v3
AIRFLOW_CTX_TASK_ID=write_to_csv
AIRFLOW_CTX_EXECUTION_DATE=2023-06-07T00:00:00+00:00
AIRFLOW_CTX_TRY_NUMBER=1
AIRFLOW_CTX_DAG_RUN_ID=scheduled__2023-06-07T00:00:00+00:00
[2023-07-29T15:11:06.938+0000] {python.py:177} INFO - Done. Returned value was: None
[2023-07-29T15:11:07.188+0000] {taskinstance.py:1327} INFO - Marking task as SUCCESS. dag_id=data_engineering_jobs_dags_v3, task_id=write_to_csv, execution_date=20230607T000000, start_date=20230729T151104, end_date=20230729T151107
[2023-07-29T15:11:07.582+0000] {local_task_job.py:159} INFO - Task exited with return code 0
[2023-07-29T15:11:08.663+0000] {taskinstance.py:2582} INFO - 0 downstream tasks scheduled from follow-on schedule check
