[2023-07-29T11:03:00.041+0000] {taskinstance.py:1087} INFO - Dependencies all met for <TaskInstance: my_python_dag_v6.my_address scheduled__2023-07-27T02:00:00+00:00 [queued]>
[2023-07-29T11:03:01.021+0000] {taskinstance.py:1087} INFO - Dependencies all met for <TaskInstance: my_python_dag_v6.my_address scheduled__2023-07-27T02:00:00+00:00 [queued]>
[2023-07-29T11:03:01.224+0000] {taskinstance.py:1283} INFO - 
--------------------------------------------------------------------------------
[2023-07-29T11:03:01.275+0000] {taskinstance.py:1284} INFO - Starting attempt 1 of 3
[2023-07-29T11:03:01.728+0000] {taskinstance.py:1285} INFO - 
--------------------------------------------------------------------------------
[2023-07-29T11:03:05.755+0000] {taskinstance.py:1304} INFO - Executing <Task(PythonOperator): my_address> on 2023-07-27 02:00:00+00:00
[2023-07-29T11:03:06.372+0000] {standard_task_runner.py:55} INFO - Started process 1915 to run task
[2023-07-29T11:03:06.731+0000] {standard_task_runner.py:82} INFO - Running: ['***', 'tasks', 'run', 'my_python_dag_v6', 'my_address', 'scheduled__2023-07-27T02:00:00+00:00', '--job-id', '2011', '--raw', '--subdir', 'DAGS_FOLDER/python_operatorv6.py', '--cfg-path', '/tmp/tmp0prg8v1f']
[2023-07-29T11:03:06.796+0000] {standard_task_runner.py:83} INFO - Job 2011: Subtask my_address
[2023-07-29T11:03:14.253+0000] {task_command.py:389} INFO - Running <TaskInstance: my_python_dag_v6.my_address scheduled__2023-07-27T02:00:00+00:00 [running]> on host f1ea17bde741
[2023-07-29T11:03:23.001+0000] {taskinstance.py:1513} INFO - Exporting the following env vars:
AIRFLOW_CTX_DAG_OWNER=Byron
AIRFLOW_CTX_DAG_ID=my_python_dag_v6
AIRFLOW_CTX_TASK_ID=my_address
AIRFLOW_CTX_EXECUTION_DATE=2023-07-27T02:00:00+00:00
AIRFLOW_CTX_TRY_NUMBER=1
AIRFLOW_CTX_DAG_RUN_ID=scheduled__2023-07-27T02:00:00+00:00
[2023-07-29T11:03:23.135+0000] {python.py:177} INFO - Done. Returned value was: Canada
[2023-07-29T11:03:25.425+0000] {taskinstance.py:1327} INFO - Marking task as SUCCESS. dag_id=my_python_dag_v6, task_id=my_address, execution_date=20230727T020000, start_date=20230729T110300, end_date=20230729T110325
[2023-07-29T11:03:27.033+0000] {local_task_job.py:159} INFO - Task exited with return code 0
[2023-07-29T11:03:32.511+0000] {taskinstance.py:2582} INFO - 0 downstream tasks scheduled from follow-on schedule check
