[2023-07-31T14:53:33.464+0000] {taskinstance.py:1087} INFO - Dependencies all met for <TaskInstance: job_data_pipeline_plus_csv.write_to_csv manual__2023-07-31T14:53:10.118083+00:00 [queued]>
[2023-07-31T14:53:33.521+0000] {taskinstance.py:1087} INFO - Dependencies all met for <TaskInstance: job_data_pipeline_plus_csv.write_to_csv manual__2023-07-31T14:53:10.118083+00:00 [queued]>
[2023-07-31T14:53:33.545+0000] {taskinstance.py:1283} INFO - 
--------------------------------------------------------------------------------
[2023-07-31T14:53:33.558+0000] {taskinstance.py:1284} INFO - Starting attempt 1 of 2
[2023-07-31T14:53:33.560+0000] {taskinstance.py:1285} INFO - 
--------------------------------------------------------------------------------
[2023-07-31T14:53:33.726+0000] {taskinstance.py:1304} INFO - Executing <Task(PythonOperator): write_to_csv> on 2023-07-31 14:53:10.118083+00:00
[2023-07-31T14:53:33.737+0000] {standard_task_runner.py:55} INFO - Started process 6554 to run task
[2023-07-31T14:53:33.757+0000] {standard_task_runner.py:82} INFO - Running: ['***', 'tasks', 'run', 'job_data_pipeline_plus_csv', 'write_to_csv', 'manual__2023-07-31T14:53:10.118083+00:00', '--job-id', '3159', '--raw', '--subdir', 'DAGS_FOLDER/load_data_create_csv(Y).py', '--cfg-path', '/tmp/tmpyh0tin4t']
[2023-07-31T14:53:33.792+0000] {standard_task_runner.py:83} INFO - Job 3159: Subtask write_to_csv
[2023-07-31T14:53:34.162+0000] {task_command.py:389} INFO - Running <TaskInstance: job_data_pipeline_plus_csv.write_to_csv manual__2023-07-31T14:53:10.118083+00:00 [running]> on host 4b7777060932
[2023-07-31T14:53:34.923+0000] {taskinstance.py:1513} INFO - Exporting the following env vars:
AIRFLOW_CTX_DAG_OWNER=***
AIRFLOW_CTX_DAG_ID=job_data_pipeline_plus_csv
AIRFLOW_CTX_TASK_ID=write_to_csv
AIRFLOW_CTX_EXECUTION_DATE=2023-07-31T14:53:10.118083+00:00
AIRFLOW_CTX_TRY_NUMBER=1
AIRFLOW_CTX_DAG_RUN_ID=manual__2023-07-31T14:53:10.118083+00:00
[2023-07-31T14:53:34.969+0000] {load_data_create_csv(Y).py:51} INFO - Current working directory: /opt/***
[2023-07-31T14:53:34.971+0000] {load_data_create_csv(Y).py:52} INFO - Writing to file: C:/Users/user/OneDrive/Desktop/materials/Airflow_Installation/dags/Job_Search_2023-07-31.csv
[2023-07-31T14:53:34.982+0000] {python.py:177} INFO - Done. Returned value was: None
[2023-07-31T14:53:35.021+0000] {taskinstance.py:1327} INFO - Marking task as SUCCESS. dag_id=job_data_pipeline_plus_csv, task_id=write_to_csv, execution_date=20230731T145310, start_date=20230731T145333, end_date=20230731T145335
[2023-07-31T14:53:35.141+0000] {local_task_job.py:159} INFO - Task exited with return code 0
[2023-07-31T14:53:35.273+0000] {taskinstance.py:2582} INFO - 1 downstream tasks scheduled from follow-on schedule check
