[2023-07-29T13:55:07.581+0000] {taskinstance.py:1087} INFO - Dependencies all met for <TaskInstance: data_engineering_jobs_dags_v3.write_to_postgres scheduled__2023-01-06T00:00:00+00:00 [queued]>
[2023-07-29T13:55:08.237+0000] {taskinstance.py:1087} INFO - Dependencies all met for <TaskInstance: data_engineering_jobs_dags_v3.write_to_postgres scheduled__2023-01-06T00:00:00+00:00 [queued]>
[2023-07-29T13:55:08.300+0000] {taskinstance.py:1283} INFO - 
--------------------------------------------------------------------------------
[2023-07-29T13:55:11.972+0000] {taskinstance.py:1284} INFO - Starting attempt 1 of 2
[2023-07-29T13:55:12.035+0000] {taskinstance.py:1285} INFO - 
--------------------------------------------------------------------------------
[2023-07-29T13:55:14.715+0000] {taskinstance.py:1304} INFO - Executing <Task(PythonOperator): write_to_postgres> on 2023-01-06 00:00:00+00:00
[2023-07-29T13:55:14.766+0000] {standard_task_runner.py:55} INFO - Started process 8352 to run task
[2023-07-29T13:55:14.864+0000] {standard_task_runner.py:82} INFO - Running: ['***', 'tasks', 'run', 'data_engineering_jobs_dags_v3', 'write_to_postgres', 'scheduled__2023-01-06T00:00:00+00:00', '--job-id', '2105', '--raw', '--subdir', 'DAGS_FOLDER/load_data_v3.py', '--cfg-path', '/tmp/tmp3npup4pf']
[2023-07-29T13:55:14.895+0000] {standard_task_runner.py:83} INFO - Job 2105: Subtask write_to_postgres
[2023-07-29T13:55:17.774+0000] {task_command.py:389} INFO - Running <TaskInstance: data_engineering_jobs_dags_v3.write_to_postgres scheduled__2023-01-06T00:00:00+00:00 [running]> on host f1ea17bde741
[2023-07-29T13:55:23.382+0000] {taskinstance.py:1513} INFO - Exporting the following env vars:
AIRFLOW_CTX_DAG_OWNER=***
AIRFLOW_CTX_DAG_ID=data_engineering_jobs_dags_v3
AIRFLOW_CTX_TASK_ID=write_to_postgres
AIRFLOW_CTX_EXECUTION_DATE=2023-01-06T00:00:00+00:00
AIRFLOW_CTX_TRY_NUMBER=1
AIRFLOW_CTX_DAG_RUN_ID=scheduled__2023-01-06T00:00:00+00:00
[2023-07-29T13:55:23.837+0000] {taskinstance.py:1772} ERROR - Task failed with exception
Traceback (most recent call last):
  File "/home/airflow/.local/lib/python3.7/site-packages/airflow/operators/python.py", line 175, in execute
    return_value = self.execute_callable()
  File "/home/airflow/.local/lib/python3.7/site-packages/airflow/operators/python.py", line 192, in execute_callable
    return self.python_callable(*self.op_args, **self.op_kwargs)
  File "/opt/airflow/dags/load_data_v3.py", line 61, in write_to_postgres
    conn = psycopg2.connect(conn_string)
  File "/home/airflow/.local/lib/python3.7/site-packages/psycopg2/__init__.py", line 122, in connect
    conn = _connect(dsn, connection_factory=connection_factory, **kwasync)
psycopg2.OperationalError: connection to server at "host.docker.internal" (192.168.65.254), port 5436 failed: FATAL:  database "***_svr" does not exist

[2023-07-29T13:55:23.899+0000] {taskinstance.py:1327} INFO - Marking task as UP_FOR_RETRY. dag_id=data_engineering_jobs_dags_v3, task_id=write_to_postgres, execution_date=20230106T000000, start_date=20230729T135507, end_date=20230729T135523
[2023-07-29T13:55:28.465+0000] {standard_task_runner.py:105} ERROR - Failed to execute job 2105 for task write_to_postgres (connection to server at "host.docker.internal" (192.168.65.254), port 5436 failed: FATAL:  database "***_svr" does not exist
; 8352)
[2023-07-29T13:55:28.709+0000] {local_task_job.py:159} INFO - Task exited with return code 1
[2023-07-29T13:55:29.191+0000] {taskinstance.py:2582} INFO - 0 downstream tasks scheduled from follow-on schedule check
