[2023-07-29T14:29:30.133+0000] {taskinstance.py:1087} INFO - Dependencies all met for <TaskInstance: data_engineering_jobs_dags_v3.write_to_csv scheduled__2023-03-01T00:00:00+00:00 [queued]>
[2023-07-29T14:29:30.689+0000] {taskinstance.py:1087} INFO - Dependencies all met for <TaskInstance: data_engineering_jobs_dags_v3.write_to_csv scheduled__2023-03-01T00:00:00+00:00 [queued]>
[2023-07-29T14:29:30.708+0000] {taskinstance.py:1283} INFO - 
--------------------------------------------------------------------------------
[2023-07-29T14:29:30.745+0000] {taskinstance.py:1284} INFO - Starting attempt 1 of 2
[2023-07-29T14:29:30.751+0000] {taskinstance.py:1285} INFO - 
--------------------------------------------------------------------------------
[2023-07-29T14:29:31.499+0000] {taskinstance.py:1304} INFO - Executing <Task(PythonOperator): write_to_csv> on 2023-03-01 00:00:00+00:00
[2023-07-29T14:29:31.621+0000] {standard_task_runner.py:55} INFO - Started process 10152 to run task
[2023-07-29T14:29:32.053+0000] {standard_task_runner.py:82} INFO - Running: ['***', 'tasks', 'run', 'data_engineering_jobs_dags_v3', 'write_to_csv', 'scheduled__2023-03-01T00:00:00+00:00', '--job-id', '2310', '--raw', '--subdir', 'DAGS_FOLDER/load_data_v3.py', '--cfg-path', '/tmp/tmpdzn6csh8']
[2023-07-29T14:29:32.116+0000] {standard_task_runner.py:83} INFO - Job 2310: Subtask write_to_csv
[2023-07-29T14:29:33.912+0000] {task_command.py:389} INFO - Running <TaskInstance: data_engineering_jobs_dags_v3.write_to_csv scheduled__2023-03-01T00:00:00+00:00 [running]> on host f1ea17bde741
[2023-07-29T14:29:36.189+0000] {taskinstance.py:1513} INFO - Exporting the following env vars:
AIRFLOW_CTX_DAG_OWNER=***
AIRFLOW_CTX_DAG_ID=data_engineering_jobs_dags_v3
AIRFLOW_CTX_TASK_ID=write_to_csv
AIRFLOW_CTX_EXECUTION_DATE=2023-03-01T00:00:00+00:00
AIRFLOW_CTX_TRY_NUMBER=1
AIRFLOW_CTX_DAG_RUN_ID=scheduled__2023-03-01T00:00:00+00:00
[2023-07-29T14:29:36.669+0000] {python.py:177} INFO - Done. Returned value was: None
[2023-07-29T14:29:37.134+0000] {taskinstance.py:1327} INFO - Marking task as SUCCESS. dag_id=data_engineering_jobs_dags_v3, task_id=write_to_csv, execution_date=20230301T000000, start_date=20230729T142930, end_date=20230729T142937
[2023-07-29T14:29:37.511+0000] {local_task_job.py:159} INFO - Task exited with return code 0
[2023-07-29T14:29:39.844+0000] {taskinstance.py:2582} INFO - 0 downstream tasks scheduled from follow-on schedule check
