[2023-07-29T15:12:39.105+0000] {taskinstance.py:1087} INFO - Dependencies all met for <TaskInstance: data_engineering_jobs_dags_v3.write_to_postgres scheduled__2023-05-27T00:00:00+00:00 [queued]>
[2023-07-29T15:12:39.238+0000] {taskinstance.py:1087} INFO - Dependencies all met for <TaskInstance: data_engineering_jobs_dags_v3.write_to_postgres scheduled__2023-05-27T00:00:00+00:00 [queued]>
[2023-07-29T15:12:39.244+0000] {taskinstance.py:1283} INFO - 
--------------------------------------------------------------------------------
[2023-07-29T15:12:39.264+0000] {taskinstance.py:1284} INFO - Starting attempt 2 of 2
[2023-07-29T15:12:39.271+0000] {taskinstance.py:1285} INFO - 
--------------------------------------------------------------------------------
[2023-07-29T15:12:39.971+0000] {taskinstance.py:1304} INFO - Executing <Task(PythonOperator): write_to_postgres> on 2023-05-27 00:00:00+00:00
[2023-07-29T15:12:40.023+0000] {standard_task_runner.py:55} INFO - Started process 12832 to run task
[2023-07-29T15:12:40.085+0000] {standard_task_runner.py:82} INFO - Running: ['***', 'tasks', 'run', 'data_engineering_jobs_dags_v3', 'write_to_postgres', 'scheduled__2023-05-27T00:00:00+00:00', '--job-id', '2708', '--raw', '--subdir', 'DAGS_FOLDER/load_data_v3.py', '--cfg-path', '/tmp/tmpl5m9yzy4']
[2023-07-29T15:12:40.191+0000] {standard_task_runner.py:83} INFO - Job 2708: Subtask write_to_postgres
[2023-07-29T15:12:41.212+0000] {task_command.py:389} INFO - Running <TaskInstance: data_engineering_jobs_dags_v3.write_to_postgres scheduled__2023-05-27T00:00:00+00:00 [running]> on host f1ea17bde741
[2023-07-29T15:12:43.070+0000] {taskinstance.py:1513} INFO - Exporting the following env vars:
AIRFLOW_CTX_DAG_OWNER=***
AIRFLOW_CTX_DAG_ID=data_engineering_jobs_dags_v3
AIRFLOW_CTX_TASK_ID=write_to_postgres
AIRFLOW_CTX_EXECUTION_DATE=2023-05-27T00:00:00+00:00
AIRFLOW_CTX_TRY_NUMBER=2
AIRFLOW_CTX_DAG_RUN_ID=scheduled__2023-05-27T00:00:00+00:00
[2023-07-29T15:12:43.385+0000] {base.py:73} INFO - Using connection ID 'my_connection' for task execution.
[2023-07-29T15:12:43.597+0000] {taskinstance.py:1772} ERROR - Task failed with exception
Traceback (most recent call last):
  File "/home/airflow/.local/lib/python3.7/site-packages/airflow/operators/python.py", line 175, in execute
    return_value = self.execute_callable()
  File "/home/airflow/.local/lib/python3.7/site-packages/airflow/operators/python.py", line 192, in execute_callable
    return self.python_callable(*self.op_args, **self.op_kwargs)
  File "/opt/airflow/dags/load_data_v3.py", line 71, in write_to_postgres
    execute_values(cursor, insert_statement, [tuple(x) for x in df.to_records(index=False)])
  File "/home/airflow/.local/lib/python3.7/site-packages/psycopg2/extras.py", line 1296, in execute_values
    parts.append(cur.mogrify(template, args))
psycopg2.ProgrammingError: can't adapt type 'dict'
[2023-07-29T15:12:43.774+0000] {taskinstance.py:1327} INFO - Marking task as FAILED. dag_id=data_engineering_jobs_dags_v3, task_id=write_to_postgres, execution_date=20230527T000000, start_date=20230729T151239, end_date=20230729T151243
[2023-07-29T15:12:44.174+0000] {standard_task_runner.py:105} ERROR - Failed to execute job 2708 for task write_to_postgres (can't adapt type 'dict'; 12832)
[2023-07-29T15:12:44.317+0000] {local_task_job.py:159} INFO - Task exited with return code 1
[2023-07-29T15:12:45.621+0000] {taskinstance.py:2582} INFO - 0 downstream tasks scheduled from follow-on schedule check
