[2023-07-31T15:24:15.237+0000] {taskinstance.py:1087} INFO - Dependencies all met for <TaskInstance: job_data_pipeline_plus_csv.write_to_csv manual__2023-07-31T15:23:51.904434+00:00 [queued]>
[2023-07-31T15:24:15.304+0000] {taskinstance.py:1087} INFO - Dependencies all met for <TaskInstance: job_data_pipeline_plus_csv.write_to_csv manual__2023-07-31T15:23:51.904434+00:00 [queued]>
[2023-07-31T15:24:15.315+0000] {taskinstance.py:1283} INFO - 
--------------------------------------------------------------------------------
[2023-07-31T15:24:15.330+0000] {taskinstance.py:1284} INFO - Starting attempt 1 of 2
[2023-07-31T15:24:15.331+0000] {taskinstance.py:1285} INFO - 
--------------------------------------------------------------------------------
[2023-07-31T15:24:15.560+0000] {taskinstance.py:1304} INFO - Executing <Task(PythonOperator): write_to_csv> on 2023-07-31 15:23:51.904434+00:00
[2023-07-31T15:24:15.640+0000] {standard_task_runner.py:55} INFO - Started process 7728 to run task
[2023-07-31T15:24:15.665+0000] {standard_task_runner.py:82} INFO - Running: ['***', 'tasks', 'run', 'job_data_pipeline_plus_csv', 'write_to_csv', 'manual__2023-07-31T15:23:51.904434+00:00', '--job-id', '3173', '--raw', '--subdir', 'DAGS_FOLDER/load_data_create_csv(Y).py', '--cfg-path', '/tmp/tmpfphkh6f1']
[2023-07-31T15:24:15.741+0000] {standard_task_runner.py:83} INFO - Job 3173: Subtask write_to_csv
[2023-07-31T15:24:16.558+0000] {task_command.py:389} INFO - Running <TaskInstance: job_data_pipeline_plus_csv.write_to_csv manual__2023-07-31T15:23:51.904434+00:00 [running]> on host 4b7777060932
[2023-07-31T15:24:17.593+0000] {taskinstance.py:1513} INFO - Exporting the following env vars:
AIRFLOW_CTX_DAG_OWNER=***
AIRFLOW_CTX_DAG_ID=job_data_pipeline_plus_csv
AIRFLOW_CTX_TASK_ID=write_to_csv
AIRFLOW_CTX_EXECUTION_DATE=2023-07-31T15:23:51.904434+00:00
AIRFLOW_CTX_TRY_NUMBER=1
AIRFLOW_CTX_DAG_RUN_ID=manual__2023-07-31T15:23:51.904434+00:00
[2023-07-31T15:24:17.775+0000] {load_data_create_csv(Y).py:48} INFO - Writing to file: Job_Search_2023-07-31.csv
[2023-07-31T15:24:18.059+0000] {python.py:177} INFO - Done. Returned value was: None
[2023-07-31T15:24:18.370+0000] {taskinstance.py:1327} INFO - Marking task as SUCCESS. dag_id=job_data_pipeline_plus_csv, task_id=write_to_csv, execution_date=20230731T152351, start_date=20230731T152415, end_date=20230731T152418
[2023-07-31T15:24:18.762+0000] {local_task_job.py:159} INFO - Task exited with return code 0
[2023-07-31T15:24:19.042+0000] {taskinstance.py:2582} INFO - 1 downstream tasks scheduled from follow-on schedule check
