[2023-07-29T14:18:15.018+0000] {taskinstance.py:1087} INFO - Dependencies all met for <TaskInstance: data_engineering_jobs_dags_v3.write_to_postgres scheduled__2023-01-23T00:00:00+00:00 [queued]>
[2023-07-29T14:18:15.703+0000] {taskinstance.py:1087} INFO - Dependencies all met for <TaskInstance: data_engineering_jobs_dags_v3.write_to_postgres scheduled__2023-01-23T00:00:00+00:00 [queued]>
[2023-07-29T14:18:15.815+0000] {taskinstance.py:1283} INFO - 
--------------------------------------------------------------------------------
[2023-07-29T14:18:15.827+0000] {taskinstance.py:1284} INFO - Starting attempt 2 of 2
[2023-07-29T14:18:15.844+0000] {taskinstance.py:1285} INFO - 
--------------------------------------------------------------------------------
[2023-07-29T14:18:19.902+0000] {taskinstance.py:1304} INFO - Executing <Task(PythonOperator): write_to_postgres> on 2023-01-23 00:00:00+00:00
[2023-07-29T14:18:20.186+0000] {standard_task_runner.py:55} INFO - Started process 9476 to run task
[2023-07-29T14:18:20.429+0000] {standard_task_runner.py:82} INFO - Running: ['***', 'tasks', 'run', 'data_engineering_jobs_dags_v3', 'write_to_postgres', 'scheduled__2023-01-23T00:00:00+00:00', '--job-id', '2207', '--raw', '--subdir', 'DAGS_FOLDER/load_data_v3.py', '--cfg-path', '/tmp/tmp9ypsh2f_']
[2023-07-29T14:18:20.816+0000] {standard_task_runner.py:83} INFO - Job 2207: Subtask write_to_postgres
[2023-07-29T14:18:22.932+0000] {task_command.py:389} INFO - Running <TaskInstance: data_engineering_jobs_dags_v3.write_to_postgres scheduled__2023-01-23T00:00:00+00:00 [running]> on host f1ea17bde741
[2023-07-29T14:18:25.001+0000] {taskinstance.py:1513} INFO - Exporting the following env vars:
AIRFLOW_CTX_DAG_OWNER=***
AIRFLOW_CTX_DAG_ID=data_engineering_jobs_dags_v3
AIRFLOW_CTX_TASK_ID=write_to_postgres
AIRFLOW_CTX_EXECUTION_DATE=2023-01-23T00:00:00+00:00
AIRFLOW_CTX_TRY_NUMBER=2
AIRFLOW_CTX_DAG_RUN_ID=scheduled__2023-01-23T00:00:00+00:00
[2023-07-29T14:18:25.607+0000] {base.py:73} INFO - Using connection ID 'my_connection' for task execution.
[2023-07-29T14:18:25.709+0000] {taskinstance.py:1772} ERROR - Task failed with exception
Traceback (most recent call last):
  File "/home/airflow/.local/lib/python3.7/site-packages/airflow/operators/python.py", line 175, in execute
    return_value = self.execute_callable()
  File "/home/airflow/.local/lib/python3.7/site-packages/airflow/operators/python.py", line 192, in execute_callable
    return self.python_callable(*self.op_args, **self.op_kwargs)
  File "/opt/airflow/dags/load_data_v3.py", line 71, in write_to_postgres
    execute_values(cursor, insert_statement, list(df.itertuples(index=False, name=None)))
  File "/home/airflow/.local/lib/python3.7/site-packages/psycopg2/extras.py", line 1296, in execute_values
    parts.append(cur.mogrify(template, args))
psycopg2.ProgrammingError: can't adapt type 'dict'
[2023-07-29T14:18:25.880+0000] {taskinstance.py:1327} INFO - Marking task as FAILED. dag_id=data_engineering_jobs_dags_v3, task_id=write_to_postgres, execution_date=20230123T000000, start_date=20230729T141815, end_date=20230729T141825
[2023-07-29T14:18:26.328+0000] {standard_task_runner.py:105} ERROR - Failed to execute job 2207 for task write_to_postgres (can't adapt type 'dict'; 9476)
[2023-07-29T14:18:26.543+0000] {local_task_job.py:159} INFO - Task exited with return code 1
[2023-07-29T14:18:27.166+0000] {taskinstance.py:2582} INFO - 0 downstream tasks scheduled from follow-on schedule check
