[2023-07-29T11:04:49.228+0000] {taskinstance.py:1087} INFO - Dependencies all met for <TaskInstance: my_python_dag_v6.greet scheduled__2023-07-27T02:00:00+00:00 [queued]>
[2023-07-29T11:04:49.687+0000] {taskinstance.py:1087} INFO - Dependencies all met for <TaskInstance: my_python_dag_v6.greet scheduled__2023-07-27T02:00:00+00:00 [queued]>
[2023-07-29T11:04:49.703+0000] {taskinstance.py:1283} INFO - 
--------------------------------------------------------------------------------
[2023-07-29T11:04:49.809+0000] {taskinstance.py:1284} INFO - Starting attempt 1 of 3
[2023-07-29T11:04:49.811+0000] {taskinstance.py:1285} INFO - 
--------------------------------------------------------------------------------
[2023-07-29T11:04:50.661+0000] {taskinstance.py:1304} INFO - Executing <Task(PythonOperator): greet> on 2023-07-27 02:00:00+00:00
[2023-07-29T11:04:50.674+0000] {standard_task_runner.py:55} INFO - Started process 1996 to run task
[2023-07-29T11:04:50.812+0000] {standard_task_runner.py:82} INFO - Running: ['***', 'tasks', 'run', 'my_python_dag_v6', 'greet', 'scheduled__2023-07-27T02:00:00+00:00', '--job-id', '2017', '--raw', '--subdir', 'DAGS_FOLDER/python_operatorv6.py', '--cfg-path', '/tmp/tmpjb9zo8ue']
[2023-07-29T11:04:50.842+0000] {standard_task_runner.py:83} INFO - Job 2017: Subtask greet
[2023-07-29T11:04:53.559+0000] {task_command.py:389} INFO - Running <TaskInstance: my_python_dag_v6.greet scheduled__2023-07-27T02:00:00+00:00 [running]> on host f1ea17bde741
[2023-07-29T11:04:56.699+0000] {taskinstance.py:1513} INFO - Exporting the following env vars:
AIRFLOW_CTX_DAG_OWNER=Byron
AIRFLOW_CTX_DAG_ID=my_python_dag_v6
AIRFLOW_CTX_TASK_ID=greet
AIRFLOW_CTX_EXECUTION_DATE=2023-07-27T02:00:00+00:00
AIRFLOW_CTX_TRY_NUMBER=1
AIRFLOW_CTX_DAG_RUN_ID=scheduled__2023-07-27T02:00:00+00:00
[2023-07-29T11:04:57.204+0000] {logging_mixin.py:137} INFO - my name is None and I am 32years old and I am from Canada 
[2023-07-29T11:04:57.205+0000] {python.py:177} INFO - Done. Returned value was: None
[2023-07-29T11:04:57.447+0000] {taskinstance.py:1327} INFO - Marking task as SUCCESS. dag_id=my_python_dag_v6, task_id=greet, execution_date=20230727T020000, start_date=20230729T110449, end_date=20230729T110457
[2023-07-29T11:04:58.047+0000] {local_task_job.py:159} INFO - Task exited with return code 0
[2023-07-29T11:04:58.770+0000] {taskinstance.py:2582} INFO - 0 downstream tasks scheduled from follow-on schedule check
