[2023-07-29T13:54:21.911+0000] {taskinstance.py:1087} INFO - Dependencies all met for <TaskInstance: data_engineering_jobs_dags_v3.write_to_postgres scheduled__2023-01-01T00:00:00+00:00 [queued]>
[2023-07-29T13:54:21.952+0000] {taskinstance.py:1087} INFO - Dependencies all met for <TaskInstance: data_engineering_jobs_dags_v3.write_to_postgres scheduled__2023-01-01T00:00:00+00:00 [queued]>
[2023-07-29T13:54:21.958+0000] {taskinstance.py:1283} INFO - 
--------------------------------------------------------------------------------
[2023-07-29T13:54:21.987+0000] {taskinstance.py:1284} INFO - Starting attempt 1 of 2
[2023-07-29T13:54:21.990+0000] {taskinstance.py:1285} INFO - 
--------------------------------------------------------------------------------
[2023-07-29T13:54:23.732+0000] {taskinstance.py:1304} INFO - Executing <Task(PythonOperator): write_to_postgres> on 2023-01-01 00:00:00+00:00
[2023-07-29T13:54:23.803+0000] {standard_task_runner.py:55} INFO - Started process 8276 to run task
[2023-07-29T13:54:23.819+0000] {standard_task_runner.py:82} INFO - Running: ['***', 'tasks', 'run', 'data_engineering_jobs_dags_v3', 'write_to_postgres', 'scheduled__2023-01-01T00:00:00+00:00', '--job-id', '2094', '--raw', '--subdir', 'DAGS_FOLDER/load_data_v3.py', '--cfg-path', '/tmp/tmp7ctqd1ig']
[2023-07-29T13:54:23.830+0000] {standard_task_runner.py:83} INFO - Job 2094: Subtask write_to_postgres
[2023-07-29T13:54:25.802+0000] {task_command.py:389} INFO - Running <TaskInstance: data_engineering_jobs_dags_v3.write_to_postgres scheduled__2023-01-01T00:00:00+00:00 [running]> on host f1ea17bde741
[2023-07-29T13:54:29.058+0000] {taskinstance.py:1513} INFO - Exporting the following env vars:
AIRFLOW_CTX_DAG_OWNER=***
AIRFLOW_CTX_DAG_ID=data_engineering_jobs_dags_v3
AIRFLOW_CTX_TASK_ID=write_to_postgres
AIRFLOW_CTX_EXECUTION_DATE=2023-01-01T00:00:00+00:00
AIRFLOW_CTX_TRY_NUMBER=1
AIRFLOW_CTX_DAG_RUN_ID=scheduled__2023-01-01T00:00:00+00:00
[2023-07-29T13:54:29.402+0000] {taskinstance.py:1772} ERROR - Task failed with exception
Traceback (most recent call last):
  File "/home/airflow/.local/lib/python3.7/site-packages/airflow/operators/python.py", line 175, in execute
    return_value = self.execute_callable()
  File "/home/airflow/.local/lib/python3.7/site-packages/airflow/operators/python.py", line 192, in execute_callable
    return self.python_callable(*self.op_args, **self.op_kwargs)
  File "/opt/airflow/dags/load_data_v3.py", line 61, in write_to_postgres
    conn = psycopg2.connect(conn_string)
  File "/home/airflow/.local/lib/python3.7/site-packages/psycopg2/__init__.py", line 122, in connect
    conn = _connect(dsn, connection_factory=connection_factory, **kwasync)
psycopg2.OperationalError: connection to server at "host.docker.internal" (192.168.65.254), port 5436 failed: FATAL:  database "***_svr" does not exist

[2023-07-29T13:54:29.493+0000] {taskinstance.py:1327} INFO - Marking task as UP_FOR_RETRY. dag_id=data_engineering_jobs_dags_v3, task_id=write_to_postgres, execution_date=20230101T000000, start_date=20230729T135421, end_date=20230729T135429
[2023-07-29T13:54:31.853+0000] {standard_task_runner.py:105} ERROR - Failed to execute job 2094 for task write_to_postgres (connection to server at "host.docker.internal" (192.168.65.254), port 5436 failed: FATAL:  database "***_svr" does not exist
; 8276)
[2023-07-29T13:54:31.961+0000] {local_task_job.py:159} INFO - Task exited with return code 1
[2023-07-29T13:54:32.961+0000] {taskinstance.py:2582} INFO - 0 downstream tasks scheduled from follow-on schedule check
