[2023-07-29T20:18:46.073+0000] {taskinstance.py:1087} INFO - Dependencies all met for <TaskInstance: job_data_pipeline.get_jobs manual__2023-07-29T20:18:40.034053+00:00 [queued]>
[2023-07-29T20:18:46.375+0000] {taskinstance.py:1087} INFO - Dependencies all met for <TaskInstance: job_data_pipeline.get_jobs manual__2023-07-29T20:18:40.034053+00:00 [queued]>
[2023-07-29T20:18:46.383+0000] {taskinstance.py:1283} INFO - 
--------------------------------------------------------------------------------
[2023-07-29T20:18:46.482+0000] {taskinstance.py:1284} INFO - Starting attempt 1 of 2
[2023-07-29T20:18:46.483+0000] {taskinstance.py:1285} INFO - 
--------------------------------------------------------------------------------
[2023-07-29T20:18:47.067+0000] {taskinstance.py:1304} INFO - Executing <Task(PythonOperator): get_jobs> on 2023-07-29 20:18:40.034053+00:00
[2023-07-29T20:18:47.099+0000] {standard_task_runner.py:55} INFO - Started process 25886 to run task
[2023-07-29T20:18:47.131+0000] {standard_task_runner.py:82} INFO - Running: ['***', 'tasks', 'run', 'job_data_pipeline', 'get_jobs', 'manual__2023-07-29T20:18:40.034053+00:00', '--job-id', '3020', '--raw', '--subdir', 'DAGS_FOLDER/load_data_v4.py', '--cfg-path', '/tmp/tmpx60gatpj']
[2023-07-29T20:18:47.145+0000] {standard_task_runner.py:83} INFO - Job 3020: Subtask get_jobs
[2023-07-29T20:18:47.915+0000] {task_command.py:389} INFO - Running <TaskInstance: job_data_pipeline.get_jobs manual__2023-07-29T20:18:40.034053+00:00 [running]> on host f1ea17bde741
[2023-07-29T20:18:49.261+0000] {taskinstance.py:1513} INFO - Exporting the following env vars:
AIRFLOW_CTX_DAG_OWNER=***
AIRFLOW_CTX_DAG_ID=job_data_pipeline
AIRFLOW_CTX_TASK_ID=get_jobs
AIRFLOW_CTX_EXECUTION_DATE=2023-07-29T20:18:40.034053+00:00
AIRFLOW_CTX_TRY_NUMBER=1
AIRFLOW_CTX_DAG_RUN_ID=manual__2023-07-29T20:18:40.034053+00:00
[2023-07-29T20:18:51.913+0000] {python.py:177} INFO - Done. Returned value was: None
[2023-07-29T20:18:52.015+0000] {taskinstance.py:1327} INFO - Marking task as SUCCESS. dag_id=job_data_pipeline, task_id=get_jobs, execution_date=20230729T201840, start_date=20230729T201846, end_date=20230729T201852
[2023-07-29T20:18:52.892+0000] {local_task_job.py:159} INFO - Task exited with return code 0
[2023-07-29T20:18:53.116+0000] {taskinstance.py:2582} INFO - 1 downstream tasks scheduled from follow-on schedule check
