[2023-08-02T10:46:57.360+0000] {taskinstance.py:1087} INFO - Dependencies all met for <TaskInstance: my_postgres_dag_v3-1.insert_data scheduled__2023-08-01T00:00:00+00:00 [queued]>
[2023-08-02T10:46:57.379+0000] {taskinstance.py:1087} INFO - Dependencies all met for <TaskInstance: my_postgres_dag_v3-1.insert_data scheduled__2023-08-01T00:00:00+00:00 [queued]>
[2023-08-02T10:46:57.380+0000] {taskinstance.py:1283} INFO - 
--------------------------------------------------------------------------------
[2023-08-02T10:46:57.382+0000] {taskinstance.py:1284} INFO - Starting attempt 2 of 3
[2023-08-02T10:46:57.383+0000] {taskinstance.py:1285} INFO - 
--------------------------------------------------------------------------------
[2023-08-02T10:46:57.568+0000] {taskinstance.py:1304} INFO - Executing <Task(PostgresOperator): insert_data> on 2023-08-01 00:00:00+00:00
[2023-08-02T10:46:57.575+0000] {standard_task_runner.py:55} INFO - Started process 375 to run task
[2023-08-02T10:46:57.581+0000] {standard_task_runner.py:82} INFO - Running: ['***', 'tasks', 'run', 'my_postgres_dag_v3-1', 'insert_data', 'scheduled__2023-08-01T00:00:00+00:00', '--job-id', '3223', '--raw', '--subdir', 'DAGS_FOLDER/postgres_operator_v2-2.py', '--cfg-path', '/tmp/tmpobuuiqvb']
[2023-08-02T10:46:57.582+0000] {standard_task_runner.py:83} INFO - Job 3223: Subtask insert_data
[2023-08-02T10:46:57.752+0000] {task_command.py:389} INFO - Running <TaskInstance: my_postgres_dag_v3-1.insert_data scheduled__2023-08-01T00:00:00+00:00 [running]> on host a4a69aba7e5b
[2023-08-02T10:46:58.076+0000] {taskinstance.py:1513} INFO - Exporting the following env vars:
AIRFLOW_CTX_DAG_OWNER=Byron
AIRFLOW_CTX_DAG_ID=my_postgres_dag_v3-1
AIRFLOW_CTX_TASK_ID=insert_data
AIRFLOW_CTX_EXECUTION_DATE=2023-08-01T00:00:00+00:00
AIRFLOW_CTX_TRY_NUMBER=2
AIRFLOW_CTX_DAG_RUN_ID=scheduled__2023-08-01T00:00:00+00:00
[2023-08-02T10:46:58.078+0000] {sql.py:253} INFO - Executing: INSERT INTO ***_users (name) VALUES ("Chidi", "Joseph", "Cindy", "Sarai")
[2023-08-02T10:46:58.092+0000] {base.py:73} INFO - Using connection ID 'my_connection' for task execution.
[2023-08-02T10:46:58.520+0000] {base.py:73} INFO - Using connection ID 'my_connection' for task execution.
[2023-08-02T10:46:58.543+0000] {sql.py:364} INFO - Running statement: INSERT INTO ***_users (name) VALUES ("Chidi", "Joseph", "Cindy", "Sarai"), parameters: None
[2023-08-02T10:46:58.551+0000] {taskinstance.py:1772} ERROR - Task failed with exception
Traceback (most recent call last):
  File "/home/airflow/.local/lib/python3.7/site-packages/airflow/providers/common/sql/operators/sql.py", line 261, in execute
    return_last=self.return_last,
  File "/home/airflow/.local/lib/python3.7/site-packages/airflow/providers/common/sql/hooks/sql.py", line 338, in run
    self._run_command(cur, sql_statement, parameters)
  File "/home/airflow/.local/lib/python3.7/site-packages/airflow/providers/common/sql/hooks/sql.py", line 369, in _run_command
    cur.execute(sql_statement)
psycopg2.errors.UndefinedColumn: column "Chidi" does not exist
LINE 1: INSERT INTO ***_users (name) VALUES ("Chidi", "Joseph", ...
                                                 ^

[2023-08-02T10:46:58.568+0000] {taskinstance.py:1327} INFO - Marking task as UP_FOR_RETRY. dag_id=my_postgres_dag_v3-1, task_id=insert_data, execution_date=20230801T000000, start_date=20230802T104657, end_date=20230802T104658
[2023-08-02T10:46:58.724+0000] {standard_task_runner.py:105} ERROR - Failed to execute job 3223 for task insert_data (column "Chidi" does not exist
LINE 1: INSERT INTO ***_users (name) VALUES ("Chidi", "Joseph", ...
                                                 ^
; 375)
[2023-08-02T10:46:58.757+0000] {local_task_job.py:159} INFO - Task exited with return code 1
[2023-08-02T10:46:58.825+0000] {taskinstance.py:2582} INFO - 0 downstream tasks scheduled from follow-on schedule check
