[2023-07-29T10:34:48.849+0000] {taskinstance.py:1087} INFO - Dependencies all met for <TaskInstance: data_engineering_jobs_dags_v2.get_jobs scheduled__2023-02-09T00:00:00+00:00 [queued]>
[2023-07-29T10:34:49.155+0000] {taskinstance.py:1087} INFO - Dependencies all met for <TaskInstance: data_engineering_jobs_dags_v2.get_jobs scheduled__2023-02-09T00:00:00+00:00 [queued]>
[2023-07-29T10:34:49.157+0000] {taskinstance.py:1283} INFO - 
--------------------------------------------------------------------------------
[2023-07-29T10:34:49.169+0000] {taskinstance.py:1284} INFO - Starting attempt 1 of 2
[2023-07-29T10:34:49.171+0000] {taskinstance.py:1285} INFO - 
--------------------------------------------------------------------------------
[2023-07-29T10:34:49.502+0000] {taskinstance.py:1304} INFO - Executing <Task(PythonOperator): get_jobs> on 2023-02-09 00:00:00+00:00
[2023-07-29T10:34:49.548+0000] {standard_task_runner.py:55} INFO - Started process 663 to run task
[2023-07-29T10:34:49.636+0000] {standard_task_runner.py:82} INFO - Running: ['***', 'tasks', 'run', 'data_engineering_jobs_dags_v2', 'get_jobs', 'scheduled__2023-02-09T00:00:00+00:00', '--job-id', '1895', '--raw', '--subdir', 'DAGS_FOLDER/load_data_v2.py', '--cfg-path', '/tmp/tmpiivwhaxh']
[2023-07-29T10:34:49.696+0000] {standard_task_runner.py:83} INFO - Job 1895: Subtask get_jobs
[2023-07-29T10:34:52.748+0000] {task_command.py:389} INFO - Running <TaskInstance: data_engineering_jobs_dags_v2.get_jobs scheduled__2023-02-09T00:00:00+00:00 [running]> on host f1ea17bde741
[2023-07-29T10:35:00.005+0000] {taskinstance.py:1513} INFO - Exporting the following env vars:
AIRFLOW_CTX_DAG_OWNER=***
AIRFLOW_CTX_DAG_ID=data_engineering_jobs_dags_v2
AIRFLOW_CTX_TASK_ID=get_jobs
AIRFLOW_CTX_EXECUTION_DATE=2023-02-09T00:00:00+00:00
AIRFLOW_CTX_TRY_NUMBER=1
AIRFLOW_CTX_DAG_RUN_ID=scheduled__2023-02-09T00:00:00+00:00
[2023-07-29T10:35:03.891+0000] {python.py:177} INFO - Done. Returned value was: None
[2023-07-29T10:35:04.406+0000] {taskinstance.py:1327} INFO - Marking task as SUCCESS. dag_id=data_engineering_jobs_dags_v2, task_id=get_jobs, execution_date=20230209T000000, start_date=20230729T103448, end_date=20230729T103504
[2023-07-29T10:35:06.038+0000] {local_task_job.py:159} INFO - Task exited with return code 0
[2023-07-29T10:35:13.208+0000] {taskinstance.py:2582} INFO - 0 downstream tasks scheduled from follow-on schedule check
