[2023-07-27T10:15:55.599+0000] {taskinstance.py:1087} INFO - Dependencies all met for <TaskInstance: data_engineer_jobs_dag.extract_relevant_records_from_overall_data scheduled__2023-06-25T00:00:00+00:00 [queued]>
[2023-07-27T10:15:55.677+0000] {taskinstance.py:1087} INFO - Dependencies all met for <TaskInstance: data_engineer_jobs_dag.extract_relevant_records_from_overall_data scheduled__2023-06-25T00:00:00+00:00 [queued]>
[2023-07-27T10:15:55.680+0000] {taskinstance.py:1283} INFO - 
--------------------------------------------------------------------------------
[2023-07-27T10:15:55.781+0000] {taskinstance.py:1284} INFO - Starting attempt 1 of 2
[2023-07-27T10:15:55.783+0000] {taskinstance.py:1285} INFO - 
--------------------------------------------------------------------------------
[2023-07-27T10:15:55.963+0000] {taskinstance.py:1304} INFO - Executing <Task(PythonOperator): extract_relevant_records_from_overall_data> on 2023-06-25 00:00:00+00:00
[2023-07-27T10:15:56.033+0000] {standard_task_runner.py:55} INFO - Started process 12510 to run task
[2023-07-27T10:15:56.072+0000] {standard_task_runner.py:82} INFO - Running: ['***', 'tasks', 'run', 'data_engineer_jobs_dag', 'extract_relevant_records_from_overall_data', 'scheduled__2023-06-25T00:00:00+00:00', '--job-id', '1678', '--raw', '--subdir', 'DAGS_FOLDER/load_data.py', '--cfg-path', '/tmp/tmp2ee04t53']
[2023-07-27T10:15:56.106+0000] {standard_task_runner.py:83} INFO - Job 1678: Subtask extract_relevant_records_from_overall_data
[2023-07-27T10:15:56.760+0000] {task_command.py:389} INFO - Running <TaskInstance: data_engineer_jobs_dag.extract_relevant_records_from_overall_data scheduled__2023-06-25T00:00:00+00:00 [running]> on host bc3380e7707e
[2023-07-27T10:15:57.790+0000] {taskinstance.py:1513} INFO - Exporting the following env vars:
AIRFLOW_CTX_DAG_EMAIL=kasimir.Ikuenobe@hotmail.com
AIRFLOW_CTX_DAG_OWNER=ebejale
AIRFLOW_CTX_DAG_ID=data_engineer_jobs_dag
AIRFLOW_CTX_TASK_ID=extract_relevant_records_from_overall_data
AIRFLOW_CTX_EXECUTION_DATE=2023-06-25T00:00:00+00:00
AIRFLOW_CTX_TRY_NUMBER=1
AIRFLOW_CTX_DAG_RUN_ID=scheduled__2023-06-25T00:00:00+00:00
[2023-07-27T10:15:57.853+0000] {taskinstance.py:1772} ERROR - Task failed with exception
Traceback (most recent call last):
  File "/home/airflow/.local/lib/python3.7/site-packages/airflow/operators/python.py", line 175, in execute
    return_value = self.execute_callable()
  File "/home/airflow/.local/lib/python3.7/site-packages/airflow/operators/python.py", line 192, in execute_callable
    return self.python_callable(*self.op_args, **self.op_kwargs)
  File "/opt/airflow/dags/load_data.py", line 81, in extract_relevant_records_from_overall_data
    for i in range(len(data['data'])):
KeyError: 'data'
[2023-07-27T10:15:57.897+0000] {taskinstance.py:1327} INFO - Marking task as UP_FOR_RETRY. dag_id=data_engineer_jobs_dag, task_id=extract_relevant_records_from_overall_data, execution_date=20230625T000000, start_date=20230727T101555, end_date=20230727T101557
[2023-07-27T10:15:58.097+0000] {standard_task_runner.py:105} ERROR - Failed to execute job 1678 for task extract_relevant_records_from_overall_data ('data'; 12510)
[2023-07-27T10:15:58.147+0000] {local_task_job.py:159} INFO - Task exited with return code 1
[2023-07-27T10:15:58.209+0000] {taskinstance.py:2582} INFO - 0 downstream tasks scheduled from follow-on schedule check
