[2023-07-29T15:20:06.997+0000] {taskinstance.py:1087} INFO - Dependencies all met for <TaskInstance: data_engineering_jobs_dags_v3.get_jobs scheduled__2023-06-14T00:00:00+00:00 [queued]>
[2023-07-29T15:20:07.686+0000] {taskinstance.py:1087} INFO - Dependencies all met for <TaskInstance: data_engineering_jobs_dags_v3.get_jobs scheduled__2023-06-14T00:00:00+00:00 [queued]>
[2023-07-29T15:20:07.800+0000] {taskinstance.py:1283} INFO - 
--------------------------------------------------------------------------------
[2023-07-29T15:20:07.821+0000] {taskinstance.py:1284} INFO - Starting attempt 2 of 2
[2023-07-29T15:20:07.823+0000] {taskinstance.py:1285} INFO - 
--------------------------------------------------------------------------------
[2023-07-29T15:20:09.149+0000] {taskinstance.py:1304} INFO - Executing <Task(PythonOperator): get_jobs> on 2023-06-14 00:00:00+00:00
[2023-07-29T15:20:09.232+0000] {standard_task_runner.py:55} INFO - Started process 13226 to run task
[2023-07-29T15:20:09.942+0000] {standard_task_runner.py:82} INFO - Running: ['***', 'tasks', 'run', 'data_engineering_jobs_dags_v3', 'get_jobs', 'scheduled__2023-06-14T00:00:00+00:00', '--job-id', '2752', '--raw', '--subdir', 'DAGS_FOLDER/load_data_v3.py', '--cfg-path', '/tmp/tmp6z61efmh']
[2023-07-29T15:20:10.053+0000] {standard_task_runner.py:83} INFO - Job 2752: Subtask get_jobs
[2023-07-29T15:20:15.040+0000] {task_command.py:389} INFO - Running <TaskInstance: data_engineering_jobs_dags_v3.get_jobs scheduled__2023-06-14T00:00:00+00:00 [running]> on host f1ea17bde741
[2023-07-29T15:20:18.775+0000] {taskinstance.py:1513} INFO - Exporting the following env vars:
AIRFLOW_CTX_DAG_OWNER=***
AIRFLOW_CTX_DAG_ID=data_engineering_jobs_dags_v3
AIRFLOW_CTX_TASK_ID=get_jobs
AIRFLOW_CTX_EXECUTION_DATE=2023-06-14T00:00:00+00:00
AIRFLOW_CTX_TRY_NUMBER=2
AIRFLOW_CTX_DAG_RUN_ID=scheduled__2023-06-14T00:00:00+00:00
[2023-07-29T15:20:21.696+0000] {python.py:177} INFO - Done. Returned value was: None
[2023-07-29T15:20:22.378+0000] {taskinstance.py:1327} INFO - Marking task as SUCCESS. dag_id=data_engineering_jobs_dags_v3, task_id=get_jobs, execution_date=20230614T000000, start_date=20230729T152007, end_date=20230729T152022
[2023-07-29T15:20:24.390+0000] {local_task_job.py:159} INFO - Task exited with return code 0
[2023-07-29T15:20:25.935+0000] {taskinstance.py:2582} INFO - 2 downstream tasks scheduled from follow-on schedule check
