[2023-07-29T14:20:03.516+0000] {taskinstance.py:1087} INFO - Dependencies all met for <TaskInstance: data_engineering_jobs_dags_v3.write_to_csv scheduled__2023-02-06T00:00:00+00:00 [queued]>
[2023-07-29T14:20:03.744+0000] {taskinstance.py:1087} INFO - Dependencies all met for <TaskInstance: data_engineering_jobs_dags_v3.write_to_csv scheduled__2023-02-06T00:00:00+00:00 [queued]>
[2023-07-29T14:20:03.767+0000] {taskinstance.py:1283} INFO - 
--------------------------------------------------------------------------------
[2023-07-29T14:20:03.861+0000] {taskinstance.py:1284} INFO - Starting attempt 1 of 2
[2023-07-29T14:20:03.877+0000] {taskinstance.py:1285} INFO - 
--------------------------------------------------------------------------------
[2023-07-29T14:20:05.132+0000] {taskinstance.py:1304} INFO - Executing <Task(PythonOperator): write_to_csv> on 2023-02-06 00:00:00+00:00
[2023-07-29T14:20:05.244+0000] {standard_task_runner.py:55} INFO - Started process 9581 to run task
[2023-07-29T14:20:05.421+0000] {standard_task_runner.py:82} INFO - Running: ['***', 'tasks', 'run', 'data_engineering_jobs_dags_v3', 'write_to_csv', 'scheduled__2023-02-06T00:00:00+00:00', '--job-id', '2222', '--raw', '--subdir', 'DAGS_FOLDER/load_data_v3.py', '--cfg-path', '/tmp/tmprlq5v_c8']
[2023-07-29T14:20:05.458+0000] {standard_task_runner.py:83} INFO - Job 2222: Subtask write_to_csv
[2023-07-29T14:20:08.444+0000] {task_command.py:389} INFO - Running <TaskInstance: data_engineering_jobs_dags_v3.write_to_csv scheduled__2023-02-06T00:00:00+00:00 [running]> on host f1ea17bde741
[2023-07-29T14:20:15.441+0000] {taskinstance.py:1513} INFO - Exporting the following env vars:
AIRFLOW_CTX_DAG_OWNER=***
AIRFLOW_CTX_DAG_ID=data_engineering_jobs_dags_v3
AIRFLOW_CTX_TASK_ID=write_to_csv
AIRFLOW_CTX_EXECUTION_DATE=2023-02-06T00:00:00+00:00
AIRFLOW_CTX_TRY_NUMBER=1
AIRFLOW_CTX_DAG_RUN_ID=scheduled__2023-02-06T00:00:00+00:00
[2023-07-29T14:20:15.818+0000] {python.py:177} INFO - Done. Returned value was: None
[2023-07-29T14:20:16.218+0000] {taskinstance.py:1327} INFO - Marking task as SUCCESS. dag_id=data_engineering_jobs_dags_v3, task_id=write_to_csv, execution_date=20230206T000000, start_date=20230729T142003, end_date=20230729T142016
[2023-07-29T14:20:18.034+0000] {local_task_job.py:159} INFO - Task exited with return code 0
[2023-07-29T14:20:21.295+0000] {taskinstance.py:2582} INFO - 0 downstream tasks scheduled from follow-on schedule check
