[2023-07-29T10:31:24.854+0000] {taskinstance.py:1087} INFO - Dependencies all met for <TaskInstance: data_engineering_jobs_dags_v2.get_jobs scheduled__2023-01-30T00:00:00+00:00 [queued]>
[2023-07-29T10:31:25.016+0000] {taskinstance.py:1087} INFO - Dependencies all met for <TaskInstance: data_engineering_jobs_dags_v2.get_jobs scheduled__2023-01-30T00:00:00+00:00 [queued]>
[2023-07-29T10:31:25.054+0000] {taskinstance.py:1283} INFO - 
--------------------------------------------------------------------------------
[2023-07-29T10:31:25.235+0000] {taskinstance.py:1284} INFO - Starting attempt 1 of 2
[2023-07-29T10:31:25.245+0000] {taskinstance.py:1285} INFO - 
--------------------------------------------------------------------------------
[2023-07-29T10:31:27.762+0000] {taskinstance.py:1304} INFO - Executing <Task(PythonOperator): get_jobs> on 2023-01-30 00:00:00+00:00
[2023-07-29T10:31:28.159+0000] {standard_task_runner.py:55} INFO - Started process 506 to run task
[2023-07-29T10:31:28.581+0000] {standard_task_runner.py:82} INFO - Running: ['***', 'tasks', 'run', 'data_engineering_jobs_dags_v2', 'get_jobs', 'scheduled__2023-01-30T00:00:00+00:00', '--job-id', '1875', '--raw', '--subdir', 'DAGS_FOLDER/load_data_v2.py', '--cfg-path', '/tmp/tmpv3ufisio']
[2023-07-29T10:31:28.719+0000] {standard_task_runner.py:83} INFO - Job 1875: Subtask get_jobs
[2023-07-29T10:31:32.333+0000] {task_command.py:389} INFO - Running <TaskInstance: data_engineering_jobs_dags_v2.get_jobs scheduled__2023-01-30T00:00:00+00:00 [running]> on host f1ea17bde741
[2023-07-29T10:31:36.392+0000] {taskinstance.py:1513} INFO - Exporting the following env vars:
AIRFLOW_CTX_DAG_OWNER=***
AIRFLOW_CTX_DAG_ID=data_engineering_jobs_dags_v2
AIRFLOW_CTX_TASK_ID=get_jobs
AIRFLOW_CTX_EXECUTION_DATE=2023-01-30T00:00:00+00:00
AIRFLOW_CTX_TRY_NUMBER=1
AIRFLOW_CTX_DAG_RUN_ID=scheduled__2023-01-30T00:00:00+00:00
[2023-07-29T10:31:42.616+0000] {python.py:177} INFO - Done. Returned value was: None
[2023-07-29T10:31:43.239+0000] {taskinstance.py:1327} INFO - Marking task as SUCCESS. dag_id=data_engineering_jobs_dags_v2, task_id=get_jobs, execution_date=20230130T000000, start_date=20230729T103124, end_date=20230729T103143
[2023-07-29T10:31:46.602+0000] {local_task_job.py:159} INFO - Task exited with return code 0
[2023-07-29T10:31:47.361+0000] {taskinstance.py:2582} INFO - 1 downstream tasks scheduled from follow-on schedule check
