[2023-08-03T04:09:52.437+0000] {taskinstance.py:1087} INFO - Dependencies all met for <TaskInstance: my_postgres_dag_v3-1.insert_data scheduled__2023-08-02T00:00:00+00:00 [queued]>
[2023-08-03T04:09:52.472+0000] {taskinstance.py:1087} INFO - Dependencies all met for <TaskInstance: my_postgres_dag_v3-1.insert_data scheduled__2023-08-02T00:00:00+00:00 [queued]>
[2023-08-03T04:09:52.473+0000] {taskinstance.py:1283} INFO - 
--------------------------------------------------------------------------------
[2023-08-03T04:09:52.486+0000] {taskinstance.py:1284} INFO - Starting attempt 3 of 3
[2023-08-03T04:09:52.488+0000] {taskinstance.py:1285} INFO - 
--------------------------------------------------------------------------------
[2023-08-03T04:09:52.675+0000] {taskinstance.py:1304} INFO - Executing <Task(PostgresOperator): insert_data> on 2023-08-02 00:00:00+00:00
[2023-08-03T04:09:52.685+0000] {standard_task_runner.py:55} INFO - Started process 30455 to run task
[2023-08-03T04:09:52.694+0000] {standard_task_runner.py:82} INFO - Running: ['***', 'tasks', 'run', 'my_postgres_dag_v3-1', 'insert_data', 'scheduled__2023-08-02T00:00:00+00:00', '--job-id', '3261', '--raw', '--subdir', 'DAGS_FOLDER/postgres_operator_v2-2.py', '--cfg-path', '/tmp/tmp4ob3kdha']
[2023-08-03T04:09:52.699+0000] {standard_task_runner.py:83} INFO - Job 3261: Subtask insert_data
[2023-08-03T04:09:53.045+0000] {task_command.py:389} INFO - Running <TaskInstance: my_postgres_dag_v3-1.insert_data scheduled__2023-08-02T00:00:00+00:00 [running]> on host a4a69aba7e5b
[2023-08-03T04:09:53.402+0000] {taskinstance.py:1513} INFO - Exporting the following env vars:
AIRFLOW_CTX_DAG_OWNER=Byron
AIRFLOW_CTX_DAG_ID=my_postgres_dag_v3-1
AIRFLOW_CTX_TASK_ID=insert_data
AIRFLOW_CTX_EXECUTION_DATE=2023-08-02T00:00:00+00:00
AIRFLOW_CTX_TRY_NUMBER=3
AIRFLOW_CTX_DAG_RUN_ID=scheduled__2023-08-02T00:00:00+00:00
[2023-08-03T04:09:53.404+0000] {sql.py:253} INFO - Executing: INSERT INTO ***_users (name) VALUES ("Chidi", "Joseph", "Cindy", "Sarai")
[2023-08-03T04:09:53.431+0000] {base.py:73} INFO - Using connection ID 'my_connection' for task execution.
[2023-08-03T04:09:54.390+0000] {base.py:73} INFO - Using connection ID 'my_connection' for task execution.
[2023-08-03T04:09:54.443+0000] {sql.py:364} INFO - Running statement: INSERT INTO ***_users (name) VALUES ("Chidi", "Joseph", "Cindy", "Sarai"), parameters: None
[2023-08-03T04:09:54.452+0000] {taskinstance.py:1772} ERROR - Task failed with exception
Traceback (most recent call last):
  File "/home/airflow/.local/lib/python3.7/site-packages/airflow/providers/common/sql/operators/sql.py", line 261, in execute
    return_last=self.return_last,
  File "/home/airflow/.local/lib/python3.7/site-packages/airflow/providers/common/sql/hooks/sql.py", line 338, in run
    self._run_command(cur, sql_statement, parameters)
  File "/home/airflow/.local/lib/python3.7/site-packages/airflow/providers/common/sql/hooks/sql.py", line 369, in _run_command
    cur.execute(sql_statement)
psycopg2.errors.UndefinedColumn: column "Chidi" does not exist
LINE 1: INSERT INTO ***_users (name) VALUES ("Chidi", "Joseph", ...
                                                 ^

[2023-08-03T04:09:54.471+0000] {taskinstance.py:1327} INFO - Marking task as FAILED. dag_id=my_postgres_dag_v3-1, task_id=insert_data, execution_date=20230802T000000, start_date=20230803T040952, end_date=20230803T040954
[2023-08-03T04:09:54.854+0000] {standard_task_runner.py:105} ERROR - Failed to execute job 3261 for task insert_data (column "Chidi" does not exist
LINE 1: INSERT INTO ***_users (name) VALUES ("Chidi", "Joseph", ...
                                                 ^
; 30455)
[2023-08-03T04:09:54.893+0000] {local_task_job.py:159} INFO - Task exited with return code 1
[2023-08-03T04:09:54.938+0000] {taskinstance.py:2582} INFO - 0 downstream tasks scheduled from follow-on schedule check
