[2023-07-31T15:24:43.306+0000] {taskinstance.py:1087} INFO - Dependencies all met for <TaskInstance: job_data_pipeline_plus_csv.write_to_file manual__2023-07-31T15:23:51.904434+00:00 [queued]>
[2023-07-31T15:24:43.484+0000] {taskinstance.py:1087} INFO - Dependencies all met for <TaskInstance: job_data_pipeline_plus_csv.write_to_file manual__2023-07-31T15:23:51.904434+00:00 [queued]>
[2023-07-31T15:24:43.489+0000] {taskinstance.py:1283} INFO - 
--------------------------------------------------------------------------------
[2023-07-31T15:24:43.507+0000] {taskinstance.py:1284} INFO - Starting attempt 1 of 2
[2023-07-31T15:24:43.522+0000] {taskinstance.py:1285} INFO - 
--------------------------------------------------------------------------------
[2023-07-31T15:24:43.968+0000] {taskinstance.py:1304} INFO - Executing <Task(PythonOperator): write_to_file> on 2023-07-31 15:23:51.904434+00:00
[2023-07-31T15:24:43.998+0000] {standard_task_runner.py:55} INFO - Started process 7759 to run task
[2023-07-31T15:24:44.028+0000] {standard_task_runner.py:82} INFO - Running: ['***', 'tasks', 'run', 'job_data_pipeline_plus_csv', 'write_to_file', 'manual__2023-07-31T15:23:51.904434+00:00', '--job-id', '3176', '--raw', '--subdir', 'DAGS_FOLDER/load_data_create_csv(Y).py', '--cfg-path', '/tmp/tmp0pov0pr9']
[2023-07-31T15:24:44.055+0000] {standard_task_runner.py:83} INFO - Job 3176: Subtask write_to_file
[2023-07-31T15:24:44.555+0000] {task_command.py:389} INFO - Running <TaskInstance: job_data_pipeline_plus_csv.write_to_file manual__2023-07-31T15:23:51.904434+00:00 [running]> on host 4b7777060932
[2023-07-31T15:24:45.439+0000] {taskinstance.py:1513} INFO - Exporting the following env vars:
AIRFLOW_CTX_DAG_OWNER=***
AIRFLOW_CTX_DAG_ID=job_data_pipeline_plus_csv
AIRFLOW_CTX_TASK_ID=write_to_file
AIRFLOW_CTX_EXECUTION_DATE=2023-07-31T15:23:51.904434+00:00
AIRFLOW_CTX_TRY_NUMBER=1
AIRFLOW_CTX_DAG_RUN_ID=manual__2023-07-31T15:23:51.904434+00:00
[2023-07-31T15:24:45.571+0000] {python.py:177} INFO - Done. Returned value was: None
[2023-07-31T15:24:45.657+0000] {taskinstance.py:1327} INFO - Marking task as SUCCESS. dag_id=job_data_pipeline_plus_csv, task_id=write_to_file, execution_date=20230731T152351, start_date=20230731T152443, end_date=20230731T152445
[2023-07-31T15:24:46.240+0000] {local_task_job.py:159} INFO - Task exited with return code 0
[2023-07-31T15:24:46.340+0000] {taskinstance.py:2582} INFO - 0 downstream tasks scheduled from follow-on schedule check
