[2023-07-29T10:31:00.231+0000] {taskinstance.py:1087} INFO - Dependencies all met for <TaskInstance: data_engineering_jobs_dags_v2.get_jobs scheduled__2023-01-27T00:00:00+00:00 [queued]>
[2023-07-29T10:31:00.340+0000] {taskinstance.py:1087} INFO - Dependencies all met for <TaskInstance: data_engineering_jobs_dags_v2.get_jobs scheduled__2023-01-27T00:00:00+00:00 [queued]>
[2023-07-29T10:31:00.357+0000] {taskinstance.py:1283} INFO - 
--------------------------------------------------------------------------------
[2023-07-29T10:31:00.418+0000] {taskinstance.py:1284} INFO - Starting attempt 1 of 2
[2023-07-29T10:31:00.514+0000] {taskinstance.py:1285} INFO - 
--------------------------------------------------------------------------------
[2023-07-29T10:31:04.392+0000] {taskinstance.py:1304} INFO - Executing <Task(PythonOperator): get_jobs> on 2023-01-27 00:00:00+00:00
[2023-07-29T10:31:05.298+0000] {standard_task_runner.py:82} INFO - Running: ['***', 'tasks', 'run', 'data_engineering_jobs_dags_v2', 'get_jobs', 'scheduled__2023-01-27T00:00:00+00:00', '--job-id', '1870', '--raw', '--subdir', 'DAGS_FOLDER/load_data_v2.py', '--cfg-path', '/tmp/tmp6x7f5q7z']
[2023-07-29T10:31:05.436+0000] {standard_task_runner.py:83} INFO - Job 1870: Subtask get_jobs
[2023-07-29T10:31:05.566+0000] {standard_task_runner.py:55} INFO - Started process 493 to run task
[2023-07-29T10:31:08.707+0000] {task_command.py:389} INFO - Running <TaskInstance: data_engineering_jobs_dags_v2.get_jobs scheduled__2023-01-27T00:00:00+00:00 [running]> on host f1ea17bde741
[2023-07-29T10:31:14.552+0000] {taskinstance.py:1513} INFO - Exporting the following env vars:
AIRFLOW_CTX_DAG_OWNER=***
AIRFLOW_CTX_DAG_ID=data_engineering_jobs_dags_v2
AIRFLOW_CTX_TASK_ID=get_jobs
AIRFLOW_CTX_EXECUTION_DATE=2023-01-27T00:00:00+00:00
AIRFLOW_CTX_TRY_NUMBER=1
AIRFLOW_CTX_DAG_RUN_ID=scheduled__2023-01-27T00:00:00+00:00
[2023-07-29T10:31:22.393+0000] {python.py:177} INFO - Done. Returned value was: None
[2023-07-29T10:31:23.874+0000] {taskinstance.py:1327} INFO - Marking task as SUCCESS. dag_id=data_engineering_jobs_dags_v2, task_id=get_jobs, execution_date=20230127T000000, start_date=20230729T103100, end_date=20230729T103123
[2023-07-29T10:31:26.268+0000] {local_task_job.py:159} INFO - Task exited with return code 0
[2023-07-29T10:31:28.497+0000] {dagrun.py:696} ERROR - Failed to get task for ti <TaskInstance: data_engineering_jobs_dags_v2.write_to_csv scheduled__2023-01-27T00:00:00+00:00 [None]>. Marking it as removed.
[2023-07-29T10:31:28.654+0000] {dagrun.py:696} ERROR - Failed to get task for ti <TaskInstance: data_engineering_jobs_dags_v2.write_to_postgres scheduled__2023-01-27T00:00:00+00:00 [None]>. Marking it as removed.
[2023-07-29T10:31:29.089+0000] {taskinstance.py:2582} INFO - 1 downstream tasks scheduled from follow-on schedule check
