[2023-07-29T11:05:03.434+0000] {taskinstance.py:1087} INFO - Dependencies all met for <TaskInstance: my_python_dag_v6.greet scheduled__2023-07-26T02:00:00+00:00 [queued]>
[2023-07-29T11:05:04.640+0000] {taskinstance.py:1087} INFO - Dependencies all met for <TaskInstance: my_python_dag_v6.greet scheduled__2023-07-26T02:00:00+00:00 [queued]>
[2023-07-29T11:05:04.668+0000] {taskinstance.py:1283} INFO - 
--------------------------------------------------------------------------------
[2023-07-29T11:05:04.719+0000] {taskinstance.py:1284} INFO - Starting attempt 1 of 3
[2023-07-29T11:05:04.732+0000] {taskinstance.py:1285} INFO - 
--------------------------------------------------------------------------------
[2023-07-29T11:05:06.075+0000] {taskinstance.py:1304} INFO - Executing <Task(PythonOperator): greet> on 2023-07-26 02:00:00+00:00
[2023-07-29T11:05:06.274+0000] {standard_task_runner.py:82} INFO - Running: ['***', 'tasks', 'run', 'my_python_dag_v6', 'greet', 'scheduled__2023-07-26T02:00:00+00:00', '--job-id', '2018', '--raw', '--subdir', 'DAGS_FOLDER/python_operatorv6.py', '--cfg-path', '/tmp/tmp6w_gnhp8']
[2023-07-29T11:05:06.313+0000] {standard_task_runner.py:83} INFO - Job 2018: Subtask greet
[2023-07-29T11:05:06.181+0000] {standard_task_runner.py:55} INFO - Started process 2005 to run task
[2023-07-29T11:05:09.799+0000] {task_command.py:389} INFO - Running <TaskInstance: my_python_dag_v6.greet scheduled__2023-07-26T02:00:00+00:00 [running]> on host f1ea17bde741
[2023-07-29T11:05:11.875+0000] {taskinstance.py:1513} INFO - Exporting the following env vars:
AIRFLOW_CTX_DAG_OWNER=Byron
AIRFLOW_CTX_DAG_ID=my_python_dag_v6
AIRFLOW_CTX_TASK_ID=greet
AIRFLOW_CTX_EXECUTION_DATE=2023-07-26T02:00:00+00:00
AIRFLOW_CTX_TRY_NUMBER=1
AIRFLOW_CTX_DAG_RUN_ID=scheduled__2023-07-26T02:00:00+00:00
[2023-07-29T11:05:12.658+0000] {logging_mixin.py:137} INFO - my name is None and I am 32years old and I am from Canada 
[2023-07-29T11:05:12.675+0000] {python.py:177} INFO - Done. Returned value was: None
[2023-07-29T11:05:12.765+0000] {taskinstance.py:1327} INFO - Marking task as SUCCESS. dag_id=my_python_dag_v6, task_id=greet, execution_date=20230726T020000, start_date=20230729T110503, end_date=20230729T110512
[2023-07-29T11:05:14.115+0000] {local_task_job.py:159} INFO - Task exited with return code 0
[2023-07-29T11:05:15.473+0000] {taskinstance.py:2582} INFO - 0 downstream tasks scheduled from follow-on schedule check
