[2023-07-29T10:47:21.688+0000] {taskinstance.py:1087} INFO - Dependencies all met for <TaskInstance: data_engineering_jobs_dags_v2.get_jobs scheduled__2023-02-16T00:00:00+00:00 [queued]>
[2023-07-29T10:47:22.883+0000] {taskinstance.py:1087} INFO - Dependencies all met for <TaskInstance: data_engineering_jobs_dags_v2.get_jobs scheduled__2023-02-16T00:00:00+00:00 [queued]>
[2023-07-29T10:47:22.948+0000] {taskinstance.py:1283} INFO - 
--------------------------------------------------------------------------------
[2023-07-29T10:47:22.951+0000] {taskinstance.py:1284} INFO - Starting attempt 2 of 2
[2023-07-29T10:47:22.968+0000] {taskinstance.py:1285} INFO - 
--------------------------------------------------------------------------------
[2023-07-29T10:47:27.552+0000] {taskinstance.py:1304} INFO - Executing <Task(PythonOperator): get_jobs> on 2023-02-16 00:00:00+00:00
[2023-07-29T10:47:27.775+0000] {standard_task_runner.py:55} INFO - Started process 1245 to run task
[2023-07-29T10:47:28.173+0000] {standard_task_runner.py:82} INFO - Running: ['***', 'tasks', 'run', 'data_engineering_jobs_dags_v2', 'get_jobs', 'scheduled__2023-02-16T00:00:00+00:00', '--job-id', '1953', '--raw', '--subdir', 'DAGS_FOLDER/load_data_v2.py', '--cfg-path', '/tmp/tmpkiys08f5']
[2023-07-29T10:47:28.254+0000] {standard_task_runner.py:83} INFO - Job 1953: Subtask get_jobs
[2023-07-29T10:47:34.765+0000] {task_command.py:389} INFO - Running <TaskInstance: data_engineering_jobs_dags_v2.get_jobs scheduled__2023-02-16T00:00:00+00:00 [running]> on host f1ea17bde741
[2023-07-29T10:47:44.127+0000] {taskinstance.py:1513} INFO - Exporting the following env vars:
AIRFLOW_CTX_DAG_OWNER=***
AIRFLOW_CTX_DAG_ID=data_engineering_jobs_dags_v2
AIRFLOW_CTX_TASK_ID=get_jobs
AIRFLOW_CTX_EXECUTION_DATE=2023-02-16T00:00:00+00:00
AIRFLOW_CTX_TRY_NUMBER=2
AIRFLOW_CTX_DAG_RUN_ID=scheduled__2023-02-16T00:00:00+00:00
[2023-07-29T10:47:49.278+0000] {python.py:177} INFO - Done. Returned value was: None
[2023-07-29T10:47:50.695+0000] {taskinstance.py:1327} INFO - Marking task as SUCCESS. dag_id=data_engineering_jobs_dags_v2, task_id=get_jobs, execution_date=20230216T000000, start_date=20230729T104721, end_date=20230729T104750
[2023-07-29T10:47:53.868+0000] {local_task_job.py:159} INFO - Task exited with return code 0
[2023-07-29T10:47:54.275+0000] {dagrun.py:696} ERROR - Failed to get task for ti <TaskInstance: data_engineering_jobs_dags_v2.write_to_postgres scheduled__2023-02-16T00:00:00+00:00 [None]>. Marking it as removed.
[2023-07-29T10:47:55.123+0000] {dagrun.py:696} ERROR - Failed to get task for ti <TaskInstance: data_engineering_jobs_dags_v2.write_to_csv scheduled__2023-02-16T00:00:00+00:00 [None]>. Marking it as removed.
[2023-07-29T10:47:55.897+0000] {taskinstance.py:2582} INFO - 1 downstream tasks scheduled from follow-on schedule check
