[2023-07-29T10:28:21.633+0000] {taskinstance.py:1087} INFO - Dependencies all met for <TaskInstance: my_first_dag_v2.intro scheduled__2023-07-28T02:00:00+00:00 [queued]>
[2023-07-29T10:28:21.657+0000] {taskinstance.py:1087} INFO - Dependencies all met for <TaskInstance: my_first_dag_v2.intro scheduled__2023-07-28T02:00:00+00:00 [queued]>
[2023-07-29T10:28:21.658+0000] {taskinstance.py:1283} INFO - 
--------------------------------------------------------------------------------
[2023-07-29T10:28:21.762+0000] {taskinstance.py:1284} INFO - Starting attempt 4 of 3
[2023-07-29T10:28:21.765+0000] {taskinstance.py:1285} INFO - 
--------------------------------------------------------------------------------
[2023-07-29T10:28:22.120+0000] {taskinstance.py:1304} INFO - Executing <Task(BashOperator): intro> on 2023-07-28 02:00:00+00:00
[2023-07-29T10:28:22.128+0000] {standard_task_runner.py:55} INFO - Started process 361 to run task
[2023-07-29T10:28:22.140+0000] {standard_task_runner.py:82} INFO - Running: ['***', 'tasks', 'run', 'my_first_dag_v2', 'intro', 'scheduled__2023-07-28T02:00:00+00:00', '--job-id', '1864', '--raw', '--subdir', 'DAGS_FOLDER/bash_operator3.py', '--cfg-path', '/tmp/tmpb85mncvi']
[2023-07-29T10:28:22.142+0000] {standard_task_runner.py:83} INFO - Job 1864: Subtask intro
[2023-07-29T10:28:22.625+0000] {task_command.py:389} INFO - Running <TaskInstance: my_first_dag_v2.intro scheduled__2023-07-28T02:00:00+00:00 [running]> on host f1ea17bde741
[2023-07-29T10:28:23.258+0000] {taskinstance.py:1513} INFO - Exporting the following env vars:
AIRFLOW_CTX_DAG_OWNER=ebejale
AIRFLOW_CTX_DAG_ID=my_first_dag_v2
AIRFLOW_CTX_TASK_ID=intro
AIRFLOW_CTX_EXECUTION_DATE=2023-07-28T02:00:00+00:00
AIRFLOW_CTX_TRY_NUMBER=4
AIRFLOW_CTX_DAG_RUN_ID=scheduled__2023-07-28T02:00:00+00:00
[2023-07-29T10:28:23.262+0000] {subprocess.py:63} INFO - Tmp dir root location: 
 /tmp
[2023-07-29T10:28:23.268+0000] {subprocess.py:75} INFO - Running command: ['/bin/bash', '-c', 'echo this is how we greet']
[2023-07-29T10:28:23.292+0000] {subprocess.py:86} INFO - Output:
[2023-07-29T10:28:23.298+0000] {subprocess.py:93} INFO - this is how we greet
[2023-07-29T10:28:23.299+0000] {subprocess.py:97} INFO - Command exited with return code 0
[2023-07-29T10:28:23.599+0000] {taskinstance.py:1327} INFO - Marking task as SUCCESS. dag_id=my_first_dag_v2, task_id=intro, execution_date=20230728T020000, start_date=20230729T102821, end_date=20230729T102823
[2023-07-29T10:28:23.711+0000] {local_task_job.py:159} INFO - Task exited with return code 0
[2023-07-29T10:28:23.767+0000] {taskinstance.py:2582} INFO - 0 downstream tasks scheduled from follow-on schedule check
