[2023-08-02T10:41:45.780+0000] {taskinstance.py:1087} INFO - Dependencies all met for <TaskInstance: job_data_pipeline_plus_csv.get_jobs scheduled__2023-08-01T00:00:00+00:00 [queued]>
[2023-08-02T10:41:45.910+0000] {taskinstance.py:1087} INFO - Dependencies all met for <TaskInstance: job_data_pipeline_plus_csv.get_jobs scheduled__2023-08-01T00:00:00+00:00 [queued]>
[2023-08-02T10:41:45.912+0000] {taskinstance.py:1283} INFO - 
--------------------------------------------------------------------------------
[2023-08-02T10:41:45.964+0000] {taskinstance.py:1284} INFO - Starting attempt 1 of 2
[2023-08-02T10:41:45.965+0000] {taskinstance.py:1285} INFO - 
--------------------------------------------------------------------------------
[2023-08-02T10:41:46.248+0000] {taskinstance.py:1304} INFO - Executing <Task(PythonOperator): get_jobs> on 2023-08-01 00:00:00+00:00
[2023-08-02T10:41:46.273+0000] {standard_task_runner.py:55} INFO - Started process 159 to run task
[2023-08-02T10:41:46.290+0000] {standard_task_runner.py:82} INFO - Running: ['***', 'tasks', 'run', 'job_data_pipeline_plus_csv', 'get_jobs', 'scheduled__2023-08-01T00:00:00+00:00', '--job-id', '3214', '--raw', '--subdir', 'DAGS_FOLDER/load_data_create_csv(Y).py', '--cfg-path', '/tmp/tmprnl5odzc']
[2023-08-02T10:41:46.314+0000] {standard_task_runner.py:83} INFO - Job 3214: Subtask get_jobs
[2023-08-02T10:41:46.969+0000] {task_command.py:389} INFO - Running <TaskInstance: job_data_pipeline_plus_csv.get_jobs scheduled__2023-08-01T00:00:00+00:00 [running]> on host a4a69aba7e5b
[2023-08-02T10:41:48.536+0000] {taskinstance.py:1513} INFO - Exporting the following env vars:
AIRFLOW_CTX_DAG_OWNER=***
AIRFLOW_CTX_DAG_ID=job_data_pipeline_plus_csv
AIRFLOW_CTX_TASK_ID=get_jobs
AIRFLOW_CTX_EXECUTION_DATE=2023-08-01T00:00:00+00:00
AIRFLOW_CTX_TRY_NUMBER=1
AIRFLOW_CTX_DAG_RUN_ID=scheduled__2023-08-01T00:00:00+00:00
[2023-08-02T10:41:53.585+0000] {python.py:177} INFO - Done. Returned value was: None
[2023-08-02T10:41:53.604+0000] {taskinstance.py:1327} INFO - Marking task as SUCCESS. dag_id=job_data_pipeline_plus_csv, task_id=get_jobs, execution_date=20230801T000000, start_date=20230802T104145, end_date=20230802T104153
[2023-08-02T10:41:53.922+0000] {local_task_job.py:159} INFO - Task exited with return code 0
[2023-08-02T10:41:54.445+0000] {taskinstance.py:2582} INFO - 1 downstream tasks scheduled from follow-on schedule check
