[2023-07-30T01:24:39.514+0000] {taskinstance.py:1087} INFO - Dependencies all met for <TaskInstance: my_postgres_dag_v1.create_table scheduled__2023-07-29T00:00:00+00:00 [queued]>
[2023-07-30T01:24:39.624+0000] {taskinstance.py:1087} INFO - Dependencies all met for <TaskInstance: my_postgres_dag_v1.create_table scheduled__2023-07-29T00:00:00+00:00 [queued]>
[2023-07-30T01:24:39.627+0000] {taskinstance.py:1283} INFO - 
--------------------------------------------------------------------------------
[2023-07-30T01:24:39.847+0000] {taskinstance.py:1284} INFO - Starting attempt 1 of 3
[2023-07-30T01:24:39.852+0000] {taskinstance.py:1285} INFO - 
--------------------------------------------------------------------------------
[2023-07-30T01:24:40.872+0000] {taskinstance.py:1304} INFO - Executing <Task(PostgresOperator): create_table> on 2023-07-29 00:00:00+00:00
[2023-07-30T01:24:40.891+0000] {standard_task_runner.py:55} INFO - Started process 31376 to run task
[2023-07-30T01:24:40.928+0000] {standard_task_runner.py:82} INFO - Running: ['***', 'tasks', 'run', 'my_postgres_dag_v1', 'create_table', 'scheduled__2023-07-29T00:00:00+00:00', '--job-id', '3051', '--raw', '--subdir', 'DAGS_FOLDER/postgres_operator_v1.py', '--cfg-path', '/tmp/tmpssoihl2k']
[2023-07-30T01:24:40.943+0000] {standard_task_runner.py:83} INFO - Job 3051: Subtask create_table
[2023-07-30T03:02:43.458+0000] {task_command.py:389} INFO - Running <TaskInstance: my_postgres_dag_v1.create_table scheduled__2023-07-29T00:00:00+00:00 [running]> on host f1ea17bde741
[2023-07-30T03:02:53.549+0000] {taskinstance.py:1513} INFO - Exporting the following env vars:
AIRFLOW_CTX_DAG_OWNER=Byron
AIRFLOW_CTX_DAG_ID=my_postgres_dag_v1
AIRFLOW_CTX_TASK_ID=create_table
AIRFLOW_CTX_EXECUTION_DATE=2023-07-29T00:00:00+00:00
AIRFLOW_CTX_TRY_NUMBER=1
AIRFLOW_CTX_DAG_RUN_ID=scheduled__2023-07-29T00:00:00+00:00
[2023-07-30T03:02:53.684+0000] {sql.py:253} INFO - Executing: 
            CREATE TABLE IF NOT EXISTS ***_users(
                id SERIAL PRIMARY KEY,
                name VARCHAR(30)
            )
        
[2023-07-30T03:02:53.810+0000] {base.py:73} INFO - Using connection ID 'my_connection' for task execution.
[2023-07-30T03:02:54.875+0000] {base.py:73} INFO - Using connection ID 'my_connection' for task execution.
[2023-07-30T03:02:56.273+0000] {sql.py:364} INFO - Running statement: 
            CREATE TABLE IF NOT EXISTS ***_users(
                id SERIAL PRIMARY KEY,
                name VARCHAR(30)
            )
        , parameters: None
[2023-07-30T03:02:56.329+0000] {taskinstance.py:1327} INFO - Marking task as SUCCESS. dag_id=my_postgres_dag_v1, task_id=create_table, execution_date=20230729T000000, start_date=20230730T012439, end_date=20230730T030256
[2023-07-30T03:03:06.119+0000] {local_task_job.py:159} INFO - Task exited with return code 0
[2023-07-30T03:03:08.113+0000] {taskinstance.py:2582} INFO - 0 downstream tasks scheduled from follow-on schedule check
