[2023-07-31T12:53:35.227+0000] {taskinstance.py:1087} INFO - Dependencies all met for <TaskInstance: job_data_pipeline_plus_csv.write_to_file manual__2023-07-31T12:46:11.714766+00:00 [queued]>
[2023-07-31T12:53:35.469+0000] {taskinstance.py:1087} INFO - Dependencies all met for <TaskInstance: job_data_pipeline_plus_csv.write_to_file manual__2023-07-31T12:46:11.714766+00:00 [queued]>
[2023-07-31T12:53:35.477+0000] {taskinstance.py:1283} INFO - 
--------------------------------------------------------------------------------
[2023-07-31T12:53:35.890+0000] {taskinstance.py:1284} INFO - Starting attempt 1 of 2
[2023-07-31T12:53:35.921+0000] {taskinstance.py:1285} INFO - 
--------------------------------------------------------------------------------
[2023-07-31T12:53:36.372+0000] {taskinstance.py:1304} INFO - Executing <Task(PythonOperator): write_to_file> on 2023-07-31 12:46:11.714766+00:00
[2023-07-31T12:53:36.438+0000] {standard_task_runner.py:55} INFO - Started process 3395 to run task
[2023-07-31T12:53:36.521+0000] {standard_task_runner.py:82} INFO - Running: ['***', 'tasks', 'run', 'job_data_pipeline_plus_csv', 'write_to_file', 'manual__2023-07-31T12:46:11.714766+00:00', '--job-id', '3134', '--raw', '--subdir', 'DAGS_FOLDER/load_data_create_csv(Y).py', '--cfg-path', '/tmp/tmpb3ne5boj']
[2023-07-31T12:53:36.585+0000] {standard_task_runner.py:83} INFO - Job 3134: Subtask write_to_file
[2023-07-31T12:53:37.600+0000] {task_command.py:389} INFO - Running <TaskInstance: job_data_pipeline_plus_csv.write_to_file manual__2023-07-31T12:46:11.714766+00:00 [running]> on host 4b7777060932
[2023-07-31T12:53:39.226+0000] {taskinstance.py:1513} INFO - Exporting the following env vars:
AIRFLOW_CTX_DAG_OWNER=***
AIRFLOW_CTX_DAG_ID=job_data_pipeline_plus_csv
AIRFLOW_CTX_TASK_ID=write_to_file
AIRFLOW_CTX_EXECUTION_DATE=2023-07-31T12:46:11.714766+00:00
AIRFLOW_CTX_TRY_NUMBER=1
AIRFLOW_CTX_DAG_RUN_ID=manual__2023-07-31T12:46:11.714766+00:00
[2023-07-31T12:53:39.619+0000] {python.py:177} INFO - Done. Returned value was: None
[2023-07-31T12:53:39.720+0000] {taskinstance.py:1327} INFO - Marking task as SUCCESS. dag_id=job_data_pipeline_plus_csv, task_id=write_to_file, execution_date=20230731T124611, start_date=20230731T125335, end_date=20230731T125339
[2023-07-31T12:53:40.096+0000] {local_task_job.py:159} INFO - Task exited with return code 0
[2023-07-31T12:53:40.436+0000] {taskinstance.py:2582} INFO - 0 downstream tasks scheduled from follow-on schedule check
