[2023-07-29T10:47:30.691+0000] {taskinstance.py:1087} INFO - Dependencies all met for <TaskInstance: data_engineering_jobs_dags_v2.get_jobs scheduled__2023-03-08T00:00:00+00:00 [queued]>
[2023-07-29T10:47:32.533+0000] {taskinstance.py:1087} INFO - Dependencies all met for <TaskInstance: data_engineering_jobs_dags_v2.get_jobs scheduled__2023-03-08T00:00:00+00:00 [queued]>
[2023-07-29T10:47:32.572+0000] {taskinstance.py:1283} INFO - 
--------------------------------------------------------------------------------
[2023-07-29T10:47:32.630+0000] {taskinstance.py:1284} INFO - Starting attempt 1 of 2
[2023-07-29T10:47:32.665+0000] {taskinstance.py:1285} INFO - 
--------------------------------------------------------------------------------
[2023-07-29T10:47:38.741+0000] {taskinstance.py:1304} INFO - Executing <Task(PythonOperator): get_jobs> on 2023-03-08 00:00:00+00:00
[2023-07-29T10:47:39.156+0000] {standard_task_runner.py:82} INFO - Running: ['***', 'tasks', 'run', 'data_engineering_jobs_dags_v2', 'get_jobs', 'scheduled__2023-03-08T00:00:00+00:00', '--job-id', '1954', '--raw', '--subdir', 'DAGS_FOLDER/load_data_v2.py', '--cfg-path', '/tmp/tmp1_47xgaq']
[2023-07-29T10:47:38.877+0000] {standard_task_runner.py:55} INFO - Started process 1252 to run task
[2023-07-29T10:47:39.304+0000] {standard_task_runner.py:83} INFO - Job 1954: Subtask get_jobs
[2023-07-29T10:47:47.007+0000] {task_command.py:389} INFO - Running <TaskInstance: data_engineering_jobs_dags_v2.get_jobs scheduled__2023-03-08T00:00:00+00:00 [running]> on host f1ea17bde741
[2023-07-29T10:47:57.609+0000] {taskinstance.py:1513} INFO - Exporting the following env vars:
AIRFLOW_CTX_DAG_OWNER=***
AIRFLOW_CTX_DAG_ID=data_engineering_jobs_dags_v2
AIRFLOW_CTX_TASK_ID=get_jobs
AIRFLOW_CTX_EXECUTION_DATE=2023-03-08T00:00:00+00:00
AIRFLOW_CTX_TRY_NUMBER=1
AIRFLOW_CTX_DAG_RUN_ID=scheduled__2023-03-08T00:00:00+00:00
[2023-07-29T10:48:03.170+0000] {python.py:177} INFO - Done. Returned value was: None
[2023-07-29T10:48:03.749+0000] {taskinstance.py:1327} INFO - Marking task as SUCCESS. dag_id=data_engineering_jobs_dags_v2, task_id=get_jobs, execution_date=20230308T000000, start_date=20230729T104730, end_date=20230729T104803
[2023-07-29T10:48:05.417+0000] {local_task_job.py:159} INFO - Task exited with return code 0
[2023-07-29T10:48:07.011+0000] {dagrun.py:696} ERROR - Failed to get task for ti <TaskInstance: data_engineering_jobs_dags_v2.write_to_csv scheduled__2023-03-08T00:00:00+00:00 [None]>. Marking it as removed.
[2023-07-29T10:48:07.062+0000] {dagrun.py:696} ERROR - Failed to get task for ti <TaskInstance: data_engineering_jobs_dags_v2.write_to_postgres scheduled__2023-03-08T00:00:00+00:00 [None]>. Marking it as removed.
[2023-07-29T10:48:07.473+0000] {taskinstance.py:2582} INFO - 1 downstream tasks scheduled from follow-on schedule check
