[2023-07-29T15:03:11.512+0000] {taskinstance.py:1087} INFO - Dependencies all met for <TaskInstance: data_engineering_jobs_dags_v3.get_jobs scheduled__2023-05-21T00:00:00+00:00 [queued]>
[2023-07-29T15:03:11.670+0000] {taskinstance.py:1087} INFO - Dependencies all met for <TaskInstance: data_engineering_jobs_dags_v3.get_jobs scheduled__2023-05-21T00:00:00+00:00 [queued]>
[2023-07-29T15:03:11.691+0000] {taskinstance.py:1283} INFO - 
--------------------------------------------------------------------------------
[2023-07-29T15:03:11.744+0000] {taskinstance.py:1284} INFO - Starting attempt 1 of 2
[2023-07-29T15:03:11.751+0000] {taskinstance.py:1285} INFO - 
--------------------------------------------------------------------------------
[2023-07-29T15:03:12.285+0000] {taskinstance.py:1304} INFO - Executing <Task(PythonOperator): get_jobs> on 2023-05-21 00:00:00+00:00
[2023-07-29T15:03:12.313+0000] {standard_task_runner.py:55} INFO - Started process 12269 to run task
[2023-07-29T15:03:12.343+0000] {standard_task_runner.py:82} INFO - Running: ['***', 'tasks', 'run', 'data_engineering_jobs_dags_v3', 'get_jobs', 'scheduled__2023-05-21T00:00:00+00:00', '--job-id', '2630', '--raw', '--subdir', 'DAGS_FOLDER/load_data_v3.py', '--cfg-path', '/tmp/tmpy8liy8sx']
[2023-07-29T15:03:12.386+0000] {standard_task_runner.py:83} INFO - Job 2630: Subtask get_jobs
[2023-07-29T15:03:13.884+0000] {task_command.py:389} INFO - Running <TaskInstance: data_engineering_jobs_dags_v3.get_jobs scheduled__2023-05-21T00:00:00+00:00 [running]> on host f1ea17bde741
[2023-07-29T15:03:15.075+0000] {taskinstance.py:1513} INFO - Exporting the following env vars:
AIRFLOW_CTX_DAG_OWNER=***
AIRFLOW_CTX_DAG_ID=data_engineering_jobs_dags_v3
AIRFLOW_CTX_TASK_ID=get_jobs
AIRFLOW_CTX_EXECUTION_DATE=2023-05-21T00:00:00+00:00
AIRFLOW_CTX_TRY_NUMBER=1
AIRFLOW_CTX_DAG_RUN_ID=scheduled__2023-05-21T00:00:00+00:00
[2023-07-29T15:03:33.082+0000] {python.py:177} INFO - Done. Returned value was: None
[2023-07-29T15:03:33.134+0000] {taskinstance.py:1327} INFO - Marking task as SUCCESS. dag_id=data_engineering_jobs_dags_v3, task_id=get_jobs, execution_date=20230521T000000, start_date=20230729T150311, end_date=20230729T150333
[2023-07-29T15:03:34.531+0000] {local_task_job.py:159} INFO - Task exited with return code 0
[2023-07-29T15:03:34.666+0000] {taskinstance.py:2582} INFO - 2 downstream tasks scheduled from follow-on schedule check
