[2023-07-31T12:27:02.863+0000] {taskinstance.py:1087} INFO - Dependencies all met for <TaskInstance: job_data_pipeline_plus_csv.write_to_postgres manual__2023-07-31T12:20:44.366634+00:00 [queued]>
[2023-07-31T12:27:02.970+0000] {taskinstance.py:1087} INFO - Dependencies all met for <TaskInstance: job_data_pipeline_plus_csv.write_to_postgres manual__2023-07-31T12:20:44.366634+00:00 [queued]>
[2023-07-31T12:27:03.041+0000] {taskinstance.py:1283} INFO - 
--------------------------------------------------------------------------------
[2023-07-31T12:27:03.088+0000] {taskinstance.py:1284} INFO - Starting attempt 1 of 2
[2023-07-31T12:27:03.106+0000] {taskinstance.py:1285} INFO - 
--------------------------------------------------------------------------------
[2023-07-31T12:27:03.411+0000] {taskinstance.py:1304} INFO - Executing <Task(PythonOperator): write_to_postgres> on 2023-07-31 12:20:44.366634+00:00
[2023-07-31T12:27:03.468+0000] {standard_task_runner.py:55} INFO - Started process 2457 to run task
[2023-07-31T12:27:03.483+0000] {standard_task_runner.py:82} INFO - Running: ['***', 'tasks', 'run', 'job_data_pipeline_plus_csv', 'write_to_postgres', 'manual__2023-07-31T12:20:44.366634+00:00', '--job-id', '3124', '--raw', '--subdir', 'DAGS_FOLDER/load_data_create_csv(Y).py', '--cfg-path', '/tmp/tmpomv__o9g']
[2023-07-31T12:27:03.513+0000] {standard_task_runner.py:83} INFO - Job 3124: Subtask write_to_postgres
[2023-07-31T12:27:04.441+0000] {task_command.py:389} INFO - Running <TaskInstance: job_data_pipeline_plus_csv.write_to_postgres manual__2023-07-31T12:20:44.366634+00:00 [running]> on host 4b7777060932
[2023-07-31T12:27:05.533+0000] {taskinstance.py:1513} INFO - Exporting the following env vars:
AIRFLOW_CTX_DAG_OWNER=***
AIRFLOW_CTX_DAG_ID=job_data_pipeline_plus_csv
AIRFLOW_CTX_TASK_ID=write_to_postgres
AIRFLOW_CTX_EXECUTION_DATE=2023-07-31T12:20:44.366634+00:00
AIRFLOW_CTX_TRY_NUMBER=1
AIRFLOW_CTX_DAG_RUN_ID=manual__2023-07-31T12:20:44.366634+00:00
[2023-07-31T12:27:05.946+0000] {base.py:73} INFO - Using connection ID 'my_connection' for task execution.
[2023-07-31T12:27:07.243+0000] {python.py:177} INFO - Done. Returned value was: None
[2023-07-31T12:27:07.411+0000] {taskinstance.py:1327} INFO - Marking task as SUCCESS. dag_id=job_data_pipeline_plus_csv, task_id=write_to_postgres, execution_date=20230731T122044, start_date=20230731T122702, end_date=20230731T122707
[2023-07-31T12:27:07.881+0000] {local_task_job.py:159} INFO - Task exited with return code 0
[2023-07-31T12:27:08.217+0000] {taskinstance.py:2582} INFO - 1 downstream tasks scheduled from follow-on schedule check
