[2023-07-29T15:20:48.685+0000] {taskinstance.py:1087} INFO - Dependencies all met for <TaskInstance: data_engineering_jobs_dags_v3.get_jobs scheduled__2023-06-17T00:00:00+00:00 [queued]>
[2023-07-29T15:20:50.038+0000] {taskinstance.py:1087} INFO - Dependencies all met for <TaskInstance: data_engineering_jobs_dags_v3.get_jobs scheduled__2023-06-17T00:00:00+00:00 [queued]>
[2023-07-29T15:20:50.057+0000] {taskinstance.py:1283} INFO - 
--------------------------------------------------------------------------------
[2023-07-29T15:20:50.164+0000] {taskinstance.py:1284} INFO - Starting attempt 2 of 2
[2023-07-29T15:20:50.173+0000] {taskinstance.py:1285} INFO - 
--------------------------------------------------------------------------------
[2023-07-29T15:20:52.303+0000] {taskinstance.py:1304} INFO - Executing <Task(PythonOperator): get_jobs> on 2023-06-17 00:00:00+00:00
[2023-07-29T15:20:52.370+0000] {standard_task_runner.py:55} INFO - Started process 13276 to run task
[2023-07-29T15:20:52.460+0000] {standard_task_runner.py:82} INFO - Running: ['***', 'tasks', 'run', 'data_engineering_jobs_dags_v3', 'get_jobs', 'scheduled__2023-06-17T00:00:00+00:00', '--job-id', '2760', '--raw', '--subdir', 'DAGS_FOLDER/load_data_v3.py', '--cfg-path', '/tmp/tmp0oq55xcj']
[2023-07-29T15:20:52.800+0000] {standard_task_runner.py:83} INFO - Job 2760: Subtask get_jobs
[2023-07-29T15:20:56.194+0000] {task_command.py:389} INFO - Running <TaskInstance: data_engineering_jobs_dags_v3.get_jobs scheduled__2023-06-17T00:00:00+00:00 [running]> on host f1ea17bde741
[2023-07-29T15:21:06.300+0000] {taskinstance.py:1513} INFO - Exporting the following env vars:
AIRFLOW_CTX_DAG_OWNER=***
AIRFLOW_CTX_DAG_ID=data_engineering_jobs_dags_v3
AIRFLOW_CTX_TASK_ID=get_jobs
AIRFLOW_CTX_EXECUTION_DATE=2023-06-17T00:00:00+00:00
AIRFLOW_CTX_TRY_NUMBER=2
AIRFLOW_CTX_DAG_RUN_ID=scheduled__2023-06-17T00:00:00+00:00
[2023-07-29T15:21:13.101+0000] {python.py:177} INFO - Done. Returned value was: None
[2023-07-29T15:21:13.990+0000] {taskinstance.py:1327} INFO - Marking task as SUCCESS. dag_id=data_engineering_jobs_dags_v3, task_id=get_jobs, execution_date=20230617T000000, start_date=20230729T152048, end_date=20230729T152113
[2023-07-29T15:21:19.422+0000] {local_task_job.py:159} INFO - Task exited with return code 0
[2023-07-29T15:21:24.436+0000] {taskinstance.py:2582} INFO - 2 downstream tasks scheduled from follow-on schedule check
