[2023-07-29T14:52:06.250+0000] {taskinstance.py:1087} INFO - Dependencies all met for <TaskInstance: data_engineering_jobs_dags_v3.get_jobs scheduled__2023-04-28T00:00:00+00:00 [queued]>
[2023-07-29T14:52:06.334+0000] {taskinstance.py:1087} INFO - Dependencies all met for <TaskInstance: data_engineering_jobs_dags_v3.get_jobs scheduled__2023-04-28T00:00:00+00:00 [queued]>
[2023-07-29T14:52:06.345+0000] {taskinstance.py:1283} INFO - 
--------------------------------------------------------------------------------
[2023-07-29T14:52:06.403+0000] {taskinstance.py:1284} INFO - Starting attempt 1 of 2
[2023-07-29T14:52:06.404+0000] {taskinstance.py:1285} INFO - 
--------------------------------------------------------------------------------
[2023-07-29T14:52:06.709+0000] {taskinstance.py:1304} INFO - Executing <Task(PythonOperator): get_jobs> on 2023-04-28 00:00:00+00:00
[2023-07-29T14:52:06.760+0000] {standard_task_runner.py:55} INFO - Started process 11578 to run task
[2023-07-29T14:52:06.810+0000] {standard_task_runner.py:82} INFO - Running: ['***', 'tasks', 'run', 'data_engineering_jobs_dags_v3', 'get_jobs', 'scheduled__2023-04-28T00:00:00+00:00', '--job-id', '2524', '--raw', '--subdir', 'DAGS_FOLDER/load_data_v3.py', '--cfg-path', '/tmp/tmpobwk52ap']
[2023-07-29T14:52:06.839+0000] {standard_task_runner.py:83} INFO - Job 2524: Subtask get_jobs
[2023-07-29T14:52:08.429+0000] {task_command.py:389} INFO - Running <TaskInstance: data_engineering_jobs_dags_v3.get_jobs scheduled__2023-04-28T00:00:00+00:00 [running]> on host f1ea17bde741
[2023-07-29T14:52:10.326+0000] {taskinstance.py:1513} INFO - Exporting the following env vars:
AIRFLOW_CTX_DAG_OWNER=***
AIRFLOW_CTX_DAG_ID=data_engineering_jobs_dags_v3
AIRFLOW_CTX_TASK_ID=get_jobs
AIRFLOW_CTX_EXECUTION_DATE=2023-04-28T00:00:00+00:00
AIRFLOW_CTX_TRY_NUMBER=1
AIRFLOW_CTX_DAG_RUN_ID=scheduled__2023-04-28T00:00:00+00:00
[2023-07-29T14:52:31.845+0000] {python.py:177} INFO - Done. Returned value was: None
[2023-07-29T14:52:31.959+0000] {taskinstance.py:1327} INFO - Marking task as SUCCESS. dag_id=data_engineering_jobs_dags_v3, task_id=get_jobs, execution_date=20230428T000000, start_date=20230729T145206, end_date=20230729T145231
[2023-07-29T14:52:32.275+0000] {local_task_job.py:159} INFO - Task exited with return code 0
[2023-07-29T14:52:32.836+0000] {taskinstance.py:2582} INFO - 2 downstream tasks scheduled from follow-on schedule check
