[2023-07-27T14:41:33.949+0000] {processor.py:153} INFO - Started process (PID=25582) to work on /opt/airflow/dags/load_data copy.py
[2023-07-27T14:41:33.953+0000] {processor.py:743} INFO - Processing file /opt/airflow/dags/load_data copy.py for tasks to queue
[2023-07-27T14:41:33.956+0000] {logging_mixin.py:137} INFO - [2023-07-27T14:41:33.956+0000] {dagbag.py:538} INFO - Filling up the DagBag from /opt/airflow/dags/load_data copy.py
[2023-07-27T14:41:35.302+0000] {processor.py:753} INFO - DAG(s) dict_keys(['data_engineer_jobs_dag']) retrieved from /opt/airflow/dags/load_data copy.py
[2023-07-27T14:41:35.590+0000] {logging_mixin.py:137} INFO - [2023-07-27T14:41:35.588+0000] {dag.py:2676} INFO - Sync 1 DAGs
[2023-07-27T14:41:35.667+0000] {logging_mixin.py:137} INFO - [2023-07-27T14:41:35.666+0000] {dag.py:3427} INFO - Setting next_dagrun for data_engineer_jobs_dag to 2023-07-27T00:00:00+00:00, run_after=2023-07-28T00:00:00+00:00
[2023-07-27T14:41:36.116+0000] {processor.py:175} INFO - Processing /opt/airflow/dags/load_data copy.py took 2.185 seconds
[2023-07-27T14:42:06.765+0000] {processor.py:153} INFO - Started process (PID=25608) to work on /opt/airflow/dags/load_data copy.py
[2023-07-27T14:42:06.768+0000] {processor.py:743} INFO - Processing file /opt/airflow/dags/load_data copy.py for tasks to queue
[2023-07-27T14:42:06.770+0000] {logging_mixin.py:137} INFO - [2023-07-27T14:42:06.770+0000] {dagbag.py:538} INFO - Filling up the DagBag from /opt/airflow/dags/load_data copy.py
[2023-07-27T14:42:07.590+0000] {processor.py:753} INFO - DAG(s) dict_keys(['data_engineer_jobs_dag']) retrieved from /opt/airflow/dags/load_data copy.py
[2023-07-27T14:42:07.663+0000] {logging_mixin.py:137} INFO - [2023-07-27T14:42:07.662+0000] {dag.py:2676} INFO - Sync 1 DAGs
[2023-07-27T14:42:07.723+0000] {logging_mixin.py:137} INFO - [2023-07-27T14:42:07.723+0000] {dag.py:3427} INFO - Setting next_dagrun for data_engineer_jobs_dag to 2023-07-27T00:00:00+00:00, run_after=2023-07-28T00:00:00+00:00
[2023-07-27T14:42:07.928+0000] {processor.py:175} INFO - Processing /opt/airflow/dags/load_data copy.py took 1.175 seconds
[2023-07-27T14:43:59.450+0000] {processor.py:153} INFO - Started process (PID=25736) to work on /opt/airflow/dags/load_data copy.py
[2023-07-27T14:43:59.455+0000] {processor.py:743} INFO - Processing file /opt/airflow/dags/load_data copy.py for tasks to queue
[2023-07-27T14:43:59.563+0000] {logging_mixin.py:137} INFO - [2023-07-27T14:43:59.562+0000] {dagbag.py:538} INFO - Filling up the DagBag from /opt/airflow/dags/load_data copy.py
[2023-07-27T14:44:03.341+0000] {processor.py:753} INFO - DAG(s) dict_keys(['data_engineer_jobs_dag']) retrieved from /opt/airflow/dags/load_data copy.py
[2023-07-27T14:44:04.376+0000] {logging_mixin.py:137} INFO - [2023-07-27T14:44:04.374+0000] {dag.py:2676} INFO - Sync 1 DAGs
[2023-07-27T14:44:04.665+0000] {logging_mixin.py:137} INFO - [2023-07-27T14:44:04.664+0000] {dag.py:3427} INFO - Setting next_dagrun for data_engineer_jobs_dag to 2023-07-27T00:00:00+00:00, run_after=2023-07-28T00:00:00+00:00
[2023-07-27T14:44:05.751+0000] {processor.py:175} INFO - Processing /opt/airflow/dags/load_data copy.py took 6.361 seconds
