[2023-07-29T16:06:37.764+0000] {taskinstance.py:1087} INFO - Dependencies all met for <TaskInstance: data_engineering_jobs_dags_v3.get_jobs manual__2023-07-29T16:06:31.792085+00:00 [queued]>
[2023-07-29T16:06:37.867+0000] {taskinstance.py:1087} INFO - Dependencies all met for <TaskInstance: data_engineering_jobs_dags_v3.get_jobs manual__2023-07-29T16:06:31.792085+00:00 [queued]>
[2023-07-29T16:06:37.880+0000] {taskinstance.py:1283} INFO - 
--------------------------------------------------------------------------------
[2023-07-29T16:06:37.955+0000] {taskinstance.py:1284} INFO - Starting attempt 1 of 2
[2023-07-29T16:06:37.956+0000] {taskinstance.py:1285} INFO - 
--------------------------------------------------------------------------------
[2023-07-29T16:06:38.265+0000] {taskinstance.py:1304} INFO - Executing <Task(PythonOperator): get_jobs> on 2023-07-29 16:06:31.792085+00:00
[2023-07-29T16:06:38.290+0000] {standard_task_runner.py:55} INFO - Started process 15499 to run task
[2023-07-29T16:06:38.302+0000] {standard_task_runner.py:82} INFO - Running: ['***', 'tasks', 'run', 'data_engineering_jobs_dags_v3', 'get_jobs', 'manual__2023-07-29T16:06:31.792085+00:00', '--job-id', '2959', '--raw', '--subdir', 'DAGS_FOLDER/load_data_v3.py', '--cfg-path', '/tmp/tmp8jovw27q']
[2023-07-29T16:06:38.307+0000] {standard_task_runner.py:83} INFO - Job 2959: Subtask get_jobs
[2023-07-29T16:06:38.943+0000] {task_command.py:389} INFO - Running <TaskInstance: data_engineering_jobs_dags_v3.get_jobs manual__2023-07-29T16:06:31.792085+00:00 [running]> on host f1ea17bde741
[2023-07-29T16:06:40.452+0000] {taskinstance.py:1513} INFO - Exporting the following env vars:
AIRFLOW_CTX_DAG_OWNER=***
AIRFLOW_CTX_DAG_ID=data_engineering_jobs_dags_v3
AIRFLOW_CTX_TASK_ID=get_jobs
AIRFLOW_CTX_EXECUTION_DATE=2023-07-29T16:06:31.792085+00:00
AIRFLOW_CTX_TRY_NUMBER=1
AIRFLOW_CTX_DAG_RUN_ID=manual__2023-07-29T16:06:31.792085+00:00
[2023-07-29T16:06:42.991+0000] {python.py:177} INFO - Done. Returned value was: None
[2023-07-29T16:06:43.068+0000] {taskinstance.py:1327} INFO - Marking task as SUCCESS. dag_id=data_engineering_jobs_dags_v3, task_id=get_jobs, execution_date=20230729T160631, start_date=20230729T160637, end_date=20230729T160643
[2023-07-29T16:06:43.717+0000] {local_task_job.py:159} INFO - Task exited with return code 0
[2023-07-29T16:06:44.093+0000] {taskinstance.py:2582} INFO - 1 downstream tasks scheduled from follow-on schedule check
