[2023-07-26T19:42:04.862+0000] {taskinstance.py:1087} INFO - Dependencies all met for <TaskInstance: my_first_dag_v2.greet_world scheduled__2023-07-24T02:00:00+00:00 [queued]>
[2023-07-26T19:42:05.094+0000] {taskinstance.py:1087} INFO - Dependencies all met for <TaskInstance: my_first_dag_v2.greet_world scheduled__2023-07-24T02:00:00+00:00 [queued]>
[2023-07-26T19:42:05.105+0000] {taskinstance.py:1283} INFO - 
--------------------------------------------------------------------------------
[2023-07-26T19:42:05.295+0000] {taskinstance.py:1284} INFO - Starting attempt 1 of 3
[2023-07-26T19:42:05.348+0000] {taskinstance.py:1285} INFO - 
--------------------------------------------------------------------------------
[2023-07-26T19:42:05.884+0000] {taskinstance.py:1304} INFO - Executing <Task(BashOperator): greet_world> on 2023-07-24 02:00:00+00:00
[2023-07-26T19:42:05.938+0000] {standard_task_runner.py:55} INFO - Started process 6855 to run task
[2023-07-26T19:42:06.000+0000] {standard_task_runner.py:82} INFO - Running: ['***', 'tasks', 'run', 'my_first_dag_v2', 'greet_world', 'scheduled__2023-07-24T02:00:00+00:00', '--job-id', '19', '--raw', '--subdir', 'DAGS_FOLDER/bash_operator.py', '--cfg-path', '/tmp/tmp6_t7mk4z']
[2023-07-26T19:42:06.052+0000] {standard_task_runner.py:83} INFO - Job 19: Subtask greet_world
[2023-07-26T19:42:07.209+0000] {task_command.py:389} INFO - Running <TaskInstance: my_first_dag_v2.greet_world scheduled__2023-07-24T02:00:00+00:00 [running]> on host bc3380e7707e
[2023-07-26T19:42:08.604+0000] {taskinstance.py:1513} INFO - Exporting the following env vars:
AIRFLOW_CTX_DAG_OWNER=ebejale
AIRFLOW_CTX_DAG_ID=my_first_dag_v2
AIRFLOW_CTX_TASK_ID=greet_world
AIRFLOW_CTX_EXECUTION_DATE=2023-07-24T02:00:00+00:00
AIRFLOW_CTX_TRY_NUMBER=1
AIRFLOW_CTX_DAG_RUN_ID=scheduled__2023-07-24T02:00:00+00:00
[2023-07-26T19:42:08.610+0000] {subprocess.py:63} INFO - Tmp dir root location: 
 /tmp
[2023-07-26T19:42:08.613+0000] {subprocess.py:75} INFO - Running command: ['/bin/bash', '-c', 'echo hello world']
[2023-07-26T19:42:08.646+0000] {subprocess.py:86} INFO - Output:
[2023-07-26T19:42:09.476+0000] {subprocess.py:93} INFO - hello world
[2023-07-26T19:42:09.478+0000] {subprocess.py:97} INFO - Command exited with return code 0
[2023-07-26T19:42:11.783+0000] {taskinstance.py:1327} INFO - Marking task as SUCCESS. dag_id=my_first_dag_v2, task_id=greet_world, execution_date=20230724T020000, start_date=20230726T194204, end_date=20230726T194211
[2023-07-26T19:42:12.768+0000] {local_task_job.py:159} INFO - Task exited with return code 0
[2023-07-26T19:42:12.964+0000] {taskinstance.py:2582} INFO - 1 downstream tasks scheduled from follow-on schedule check
