[2023-07-31T02:00:05.421+0000] {taskinstance.py:1087} INFO - Dependencies all met for <TaskInstance: my_python_dag_v7.my_address scheduled__2023-07-30T02:00:00+00:00 [queued]>
[2023-07-31T02:00:05.564+0000] {taskinstance.py:1087} INFO - Dependencies all met for <TaskInstance: my_python_dag_v7.my_address scheduled__2023-07-30T02:00:00+00:00 [queued]>
[2023-07-31T02:00:05.575+0000] {taskinstance.py:1283} INFO - 
--------------------------------------------------------------------------------
[2023-07-31T02:00:05.591+0000] {taskinstance.py:1284} INFO - Starting attempt 1 of 3
[2023-07-31T02:00:05.607+0000] {taskinstance.py:1285} INFO - 
--------------------------------------------------------------------------------
[2023-07-31T02:00:05.845+0000] {taskinstance.py:1304} INFO - Executing <Task(PythonOperator): my_address> on 2023-07-30 02:00:00+00:00
[2023-07-31T02:00:05.940+0000] {standard_task_runner.py:55} INFO - Started process 16497 to run task
[2023-07-31T02:00:05.976+0000] {standard_task_runner.py:82} INFO - Running: ['***', 'tasks', 'run', 'my_python_dag_v7', 'my_address', 'scheduled__2023-07-30T02:00:00+00:00', '--job-id', '3107', '--raw', '--subdir', 'DAGS_FOLDER/python_operatorv7.py', '--cfg-path', '/tmp/tmp5w4om059']
[2023-07-31T02:00:06.029+0000] {standard_task_runner.py:83} INFO - Job 3107: Subtask my_address
[2023-07-31T02:00:07.128+0000] {task_command.py:389} INFO - Running <TaskInstance: my_python_dag_v7.my_address scheduled__2023-07-30T02:00:00+00:00 [running]> on host 4b7777060932
[2023-07-31T02:00:08.495+0000] {taskinstance.py:1513} INFO - Exporting the following env vars:
AIRFLOW_CTX_DAG_OWNER=Byron
AIRFLOW_CTX_DAG_ID=my_python_dag_v7
AIRFLOW_CTX_TASK_ID=my_address
AIRFLOW_CTX_EXECUTION_DATE=2023-07-30T02:00:00+00:00
AIRFLOW_CTX_TRY_NUMBER=1
AIRFLOW_CTX_DAG_RUN_ID=scheduled__2023-07-30T02:00:00+00:00
[2023-07-31T02:00:09.439+0000] {python.py:177} INFO - Done. Returned value was: None
[2023-07-31T02:00:09.479+0000] {taskinstance.py:1327} INFO - Marking task as SUCCESS. dag_id=my_python_dag_v7, task_id=my_address, execution_date=20230730T020000, start_date=20230731T020005, end_date=20230731T020009
[2023-07-31T02:00:09.799+0000] {local_task_job.py:159} INFO - Task exited with return code 0
[2023-07-31T02:00:10.021+0000] {taskinstance.py:2582} INFO - 1 downstream tasks scheduled from follow-on schedule check
