[2023-07-29T13:03:45.623+0000] {taskinstance.py:1087} INFO - Dependencies all met for <TaskInstance: my_postgres_dag_v3-1.create_table manual__2023-07-29T13:03:24.560862+00:00 [queued]>
[2023-07-29T13:03:46.236+0000] {taskinstance.py:1087} INFO - Dependencies all met for <TaskInstance: my_postgres_dag_v3-1.create_table manual__2023-07-29T13:03:24.560862+00:00 [queued]>
[2023-07-29T13:03:46.282+0000] {taskinstance.py:1283} INFO - 
--------------------------------------------------------------------------------
[2023-07-29T13:03:46.329+0000] {taskinstance.py:1284} INFO - Starting attempt 1 of 3
[2023-07-29T13:03:46.361+0000] {taskinstance.py:1285} INFO - 
--------------------------------------------------------------------------------
[2023-07-29T13:03:48.085+0000] {taskinstance.py:1304} INFO - Executing <Task(PostgresOperator): create_table> on 2023-07-29 13:03:24.560862+00:00
[2023-07-29T13:03:48.315+0000] {standard_task_runner.py:82} INFO - Running: ['***', 'tasks', 'run', 'my_postgres_dag_v3-1', 'create_table', 'manual__2023-07-29T13:03:24.560862+00:00', '--job-id', '2075', '--raw', '--subdir', 'DAGS_FOLDER/postgres_operator_v2-2.py', '--cfg-path', '/tmp/tmpzcn9huo2']
[2023-07-29T13:03:48.324+0000] {standard_task_runner.py:83} INFO - Job 2075: Subtask create_table
[2023-07-29T13:03:48.208+0000] {standard_task_runner.py:55} INFO - Started process 6332 to run task
[2023-07-29T13:03:49.773+0000] {task_command.py:389} INFO - Running <TaskInstance: my_postgres_dag_v3-1.create_table manual__2023-07-29T13:03:24.560862+00:00 [running]> on host f1ea17bde741
[2023-07-29T13:03:51.858+0000] {taskinstance.py:1513} INFO - Exporting the following env vars:
AIRFLOW_CTX_DAG_OWNER=Byron
AIRFLOW_CTX_DAG_ID=my_postgres_dag_v3-1
AIRFLOW_CTX_TASK_ID=create_table
AIRFLOW_CTX_EXECUTION_DATE=2023-07-29T13:03:24.560862+00:00
AIRFLOW_CTX_TRY_NUMBER=1
AIRFLOW_CTX_DAG_RUN_ID=manual__2023-07-29T13:03:24.560862+00:00
[2023-07-29T13:03:51.941+0000] {sql.py:253} INFO - Executing: CREATE TABLE IF NOT EXISTS ***_users (id SERIAL PRIMARY KEY, name VARCHAR(30))
[2023-07-29T13:03:52.181+0000] {base.py:73} INFO - Using connection ID 'my_connection' for task execution.
[2023-07-29T13:04:01.394+0000] {base.py:73} INFO - Using connection ID 'my_connection' for task execution.
[2023-07-29T13:04:01.875+0000] {sql.py:364} INFO - Running statement: CREATE TABLE IF NOT EXISTS ***_users (id SERIAL PRIMARY KEY, name VARCHAR(30)), parameters: None
[2023-07-29T13:04:02.368+0000] {taskinstance.py:1327} INFO - Marking task as SUCCESS. dag_id=my_postgres_dag_v3-1, task_id=create_table, execution_date=20230729T130324, start_date=20230729T130345, end_date=20230729T130402
[2023-07-29T13:04:03.423+0000] {local_task_job.py:159} INFO - Task exited with return code 0
[2023-07-29T13:04:04.139+0000] {taskinstance.py:2582} INFO - 1 downstream tasks scheduled from follow-on schedule check
