[2023-08-03T03:59:04.342+0000] {taskinstance.py:1087} INFO - Dependencies all met for <TaskInstance: my_python_dag_v6.my_address scheduled__2023-08-02T02:00:00+00:00 [queued]>
[2023-08-03T03:59:04.615+0000] {taskinstance.py:1087} INFO - Dependencies all met for <TaskInstance: my_python_dag_v6.my_address scheduled__2023-08-02T02:00:00+00:00 [queued]>
[2023-08-03T03:59:04.616+0000] {taskinstance.py:1283} INFO - 
--------------------------------------------------------------------------------
[2023-08-03T03:59:04.816+0000] {taskinstance.py:1284} INFO - Starting attempt 1 of 3
[2023-08-03T03:59:04.818+0000] {taskinstance.py:1285} INFO - 
--------------------------------------------------------------------------------
[2023-08-03T03:59:07.465+0000] {taskinstance.py:1304} INFO - Executing <Task(PythonOperator): my_address> on 2023-08-02 02:00:00+00:00
[2023-08-03T03:59:07.635+0000] {standard_task_runner.py:55} INFO - Started process 30053 to run task
[2023-08-03T03:59:07.700+0000] {standard_task_runner.py:82} INFO - Running: ['***', 'tasks', 'run', 'my_python_dag_v6', 'my_address', 'scheduled__2023-08-02T02:00:00+00:00', '--job-id', '3249', '--raw', '--subdir', 'DAGS_FOLDER/python_operatorv6.py', '--cfg-path', '/tmp/tmphh9_6fcs']
[2023-08-03T03:59:07.745+0000] {standard_task_runner.py:83} INFO - Job 3249: Subtask my_address
[2023-08-03T03:59:12.784+0000] {task_command.py:389} INFO - Running <TaskInstance: my_python_dag_v6.my_address scheduled__2023-08-02T02:00:00+00:00 [running]> on host a4a69aba7e5b
[2023-08-03T03:59:19.385+0000] {taskinstance.py:1513} INFO - Exporting the following env vars:
AIRFLOW_CTX_DAG_OWNER=Byron
AIRFLOW_CTX_DAG_ID=my_python_dag_v6
AIRFLOW_CTX_TASK_ID=my_address
AIRFLOW_CTX_EXECUTION_DATE=2023-08-02T02:00:00+00:00
AIRFLOW_CTX_TRY_NUMBER=1
AIRFLOW_CTX_DAG_RUN_ID=scheduled__2023-08-02T02:00:00+00:00
[2023-08-03T03:59:19.391+0000] {python.py:177} INFO - Done. Returned value was: Canada
[2023-08-03T03:59:22.200+0000] {taskinstance.py:1327} INFO - Marking task as SUCCESS. dag_id=my_python_dag_v6, task_id=my_address, execution_date=20230802T020000, start_date=20230803T035904, end_date=20230803T035922
[2023-08-03T03:59:30.749+0000] {local_task_job.py:159} INFO - Task exited with return code 0
[2023-08-03T03:59:31.327+0000] {taskinstance.py:2582} INFO - 1 downstream tasks scheduled from follow-on schedule check
