[2023-07-29T13:55:02.524+0000] {taskinstance.py:1087} INFO - Dependencies all met for <TaskInstance: data_engineering_jobs_dags_v3.write_to_postgres scheduled__2023-01-05T00:00:00+00:00 [queued]>
[2023-07-29T13:55:03.350+0000] {taskinstance.py:1087} INFO - Dependencies all met for <TaskInstance: data_engineering_jobs_dags_v3.write_to_postgres scheduled__2023-01-05T00:00:00+00:00 [queued]>
[2023-07-29T13:55:03.465+0000] {taskinstance.py:1283} INFO - 
--------------------------------------------------------------------------------
[2023-07-29T13:55:03.550+0000] {taskinstance.py:1284} INFO - Starting attempt 1 of 2
[2023-07-29T13:55:03.560+0000] {taskinstance.py:1285} INFO - 
--------------------------------------------------------------------------------
[2023-07-29T13:55:04.916+0000] {taskinstance.py:1304} INFO - Executing <Task(PythonOperator): write_to_postgres> on 2023-01-05 00:00:00+00:00
[2023-07-29T13:55:05.087+0000] {standard_task_runner.py:55} INFO - Started process 8337 to run task
[2023-07-29T13:55:05.803+0000] {standard_task_runner.py:82} INFO - Running: ['***', 'tasks', 'run', 'data_engineering_jobs_dags_v3', 'write_to_postgres', 'scheduled__2023-01-05T00:00:00+00:00', '--job-id', '2104', '--raw', '--subdir', 'DAGS_FOLDER/load_data_v3.py', '--cfg-path', '/tmp/tmpszzcksjh']
[2023-07-29T13:55:05.917+0000] {standard_task_runner.py:83} INFO - Job 2104: Subtask write_to_postgres
[2023-07-29T13:55:08.761+0000] {task_command.py:389} INFO - Running <TaskInstance: data_engineering_jobs_dags_v3.write_to_postgres scheduled__2023-01-05T00:00:00+00:00 [running]> on host f1ea17bde741
[2023-07-29T13:55:13.133+0000] {taskinstance.py:1513} INFO - Exporting the following env vars:
AIRFLOW_CTX_DAG_OWNER=***
AIRFLOW_CTX_DAG_ID=data_engineering_jobs_dags_v3
AIRFLOW_CTX_TASK_ID=write_to_postgres
AIRFLOW_CTX_EXECUTION_DATE=2023-01-05T00:00:00+00:00
AIRFLOW_CTX_TRY_NUMBER=1
AIRFLOW_CTX_DAG_RUN_ID=scheduled__2023-01-05T00:00:00+00:00
[2023-07-29T13:55:13.484+0000] {taskinstance.py:1772} ERROR - Task failed with exception
Traceback (most recent call last):
  File "/home/airflow/.local/lib/python3.7/site-packages/airflow/operators/python.py", line 175, in execute
    return_value = self.execute_callable()
  File "/home/airflow/.local/lib/python3.7/site-packages/airflow/operators/python.py", line 192, in execute_callable
    return self.python_callable(*self.op_args, **self.op_kwargs)
  File "/opt/airflow/dags/load_data_v3.py", line 61, in write_to_postgres
    conn = psycopg2.connect(conn_string)
  File "/home/airflow/.local/lib/python3.7/site-packages/psycopg2/__init__.py", line 122, in connect
    conn = _connect(dsn, connection_factory=connection_factory, **kwasync)
psycopg2.OperationalError: connection to server at "host.docker.internal" (192.168.65.254), port 5436 failed: FATAL:  database "***_svr" does not exist

[2023-07-29T13:55:13.556+0000] {taskinstance.py:1327} INFO - Marking task as UP_FOR_RETRY. dag_id=data_engineering_jobs_dags_v3, task_id=write_to_postgres, execution_date=20230105T000000, start_date=20230729T135502, end_date=20230729T135513
[2023-07-29T13:55:14.703+0000] {standard_task_runner.py:105} ERROR - Failed to execute job 2104 for task write_to_postgres (connection to server at "host.docker.internal" (192.168.65.254), port 5436 failed: FATAL:  database "***_svr" does not exist
; 8337)
[2023-07-29T13:55:14.875+0000] {local_task_job.py:159} INFO - Task exited with return code 1
[2023-07-29T13:55:15.556+0000] {taskinstance.py:2582} INFO - 0 downstream tasks scheduled from follow-on schedule check
