[2023-07-31T12:26:47.260+0000] {taskinstance.py:1087} INFO - Dependencies all met for <TaskInstance: job_data_pipeline_plus_csv.write_to_csv manual__2023-07-31T12:20:44.366634+00:00 [queued]>
[2023-07-31T12:26:47.392+0000] {taskinstance.py:1087} INFO - Dependencies all met for <TaskInstance: job_data_pipeline_plus_csv.write_to_csv manual__2023-07-31T12:20:44.366634+00:00 [queued]>
[2023-07-31T12:26:47.410+0000] {taskinstance.py:1283} INFO - 
--------------------------------------------------------------------------------
[2023-07-31T12:26:47.419+0000] {taskinstance.py:1284} INFO - Starting attempt 1 of 2
[2023-07-31T12:26:47.420+0000] {taskinstance.py:1285} INFO - 
--------------------------------------------------------------------------------
[2023-07-31T12:26:47.892+0000] {taskinstance.py:1304} INFO - Executing <Task(PythonOperator): write_to_csv> on 2023-07-31 12:20:44.366634+00:00
[2023-07-31T12:26:47.917+0000] {standard_task_runner.py:55} INFO - Started process 2445 to run task
[2023-07-31T12:26:47.947+0000] {standard_task_runner.py:82} INFO - Running: ['***', 'tasks', 'run', 'job_data_pipeline_plus_csv', 'write_to_csv', 'manual__2023-07-31T12:20:44.366634+00:00', '--job-id', '3123', '--raw', '--subdir', 'DAGS_FOLDER/load_data_create_csv(Y).py', '--cfg-path', '/tmp/tmpv6ffbdxp']
[2023-07-31T12:26:47.985+0000] {standard_task_runner.py:83} INFO - Job 3123: Subtask write_to_csv
[2023-07-31T12:26:48.663+0000] {task_command.py:389} INFO - Running <TaskInstance: job_data_pipeline_plus_csv.write_to_csv manual__2023-07-31T12:20:44.366634+00:00 [running]> on host 4b7777060932
[2023-07-31T12:26:50.123+0000] {taskinstance.py:1513} INFO - Exporting the following env vars:
AIRFLOW_CTX_DAG_OWNER=***
AIRFLOW_CTX_DAG_ID=job_data_pipeline_plus_csv
AIRFLOW_CTX_TASK_ID=write_to_csv
AIRFLOW_CTX_EXECUTION_DATE=2023-07-31T12:20:44.366634+00:00
AIRFLOW_CTX_TRY_NUMBER=1
AIRFLOW_CTX_DAG_RUN_ID=manual__2023-07-31T12:20:44.366634+00:00
[2023-07-31T12:26:50.397+0000] {python.py:177} INFO - Done. Returned value was: None
[2023-07-31T12:26:50.486+0000] {taskinstance.py:1327} INFO - Marking task as SUCCESS. dag_id=job_data_pipeline_plus_csv, task_id=write_to_csv, execution_date=20230731T122044, start_date=20230731T122647, end_date=20230731T122650
[2023-07-31T12:26:51.126+0000] {local_task_job.py:159} INFO - Task exited with return code 0
[2023-07-31T12:26:51.570+0000] {taskinstance.py:2582} INFO - 1 downstream tasks scheduled from follow-on schedule check
