[2023-08-02T10:41:31.067+0000] {taskinstance.py:1087} INFO - Dependencies all met for <TaskInstance: my_python_dag_v6.my_address scheduled__2023-08-01T02:00:00+00:00 [queued]>
[2023-08-02T10:41:31.241+0000] {taskinstance.py:1087} INFO - Dependencies all met for <TaskInstance: my_python_dag_v6.my_address scheduled__2023-08-01T02:00:00+00:00 [queued]>
[2023-08-02T10:41:31.243+0000] {taskinstance.py:1283} INFO - 
--------------------------------------------------------------------------------
[2023-08-02T10:41:31.291+0000] {taskinstance.py:1284} INFO - Starting attempt 1 of 3
[2023-08-02T10:41:31.293+0000] {taskinstance.py:1285} INFO - 
--------------------------------------------------------------------------------
[2023-08-02T10:41:31.828+0000] {taskinstance.py:1304} INFO - Executing <Task(PythonOperator): my_address> on 2023-08-01 02:00:00+00:00
[2023-08-02T10:41:31.860+0000] {standard_task_runner.py:55} INFO - Started process 143 to run task
[2023-08-02T10:41:31.875+0000] {standard_task_runner.py:82} INFO - Running: ['***', 'tasks', 'run', 'my_python_dag_v6', 'my_address', 'scheduled__2023-08-01T02:00:00+00:00', '--job-id', '3208', '--raw', '--subdir', 'DAGS_FOLDER/python_operatorv6.py', '--cfg-path', '/tmp/tmpp8pojljl']
[2023-08-02T10:41:31.878+0000] {standard_task_runner.py:83} INFO - Job 3208: Subtask my_address
[2023-08-02T10:41:32.656+0000] {task_command.py:389} INFO - Running <TaskInstance: my_python_dag_v6.my_address scheduled__2023-08-01T02:00:00+00:00 [running]> on host a4a69aba7e5b
[2023-08-02T10:41:34.691+0000] {taskinstance.py:1513} INFO - Exporting the following env vars:
AIRFLOW_CTX_DAG_OWNER=Byron
AIRFLOW_CTX_DAG_ID=my_python_dag_v6
AIRFLOW_CTX_TASK_ID=my_address
AIRFLOW_CTX_EXECUTION_DATE=2023-08-01T02:00:00+00:00
AIRFLOW_CTX_TRY_NUMBER=1
AIRFLOW_CTX_DAG_RUN_ID=scheduled__2023-08-01T02:00:00+00:00
[2023-08-02T10:41:34.735+0000] {python.py:177} INFO - Done. Returned value was: Canada
[2023-08-02T10:41:35.734+0000] {taskinstance.py:1327} INFO - Marking task as SUCCESS. dag_id=my_python_dag_v6, task_id=my_address, execution_date=20230801T020000, start_date=20230802T104131, end_date=20230802T104135
[2023-08-02T10:41:36.100+0000] {local_task_job.py:159} INFO - Task exited with return code 0
[2023-08-02T10:41:36.588+0000] {taskinstance.py:2582} INFO - 1 downstream tasks scheduled from follow-on schedule check
