[2023-07-31T12:25:54.405+0000] {taskinstance.py:1087} INFO - Dependencies all met for <TaskInstance: job_data_pipeline_plus_csv.write_to_csv manual__2023-07-31T12:25:26.333623+00:00 [queued]>
[2023-07-31T12:25:54.536+0000] {taskinstance.py:1087} INFO - Dependencies all met for <TaskInstance: job_data_pipeline_plus_csv.write_to_csv manual__2023-07-31T12:25:26.333623+00:00 [queued]>
[2023-07-31T12:25:54.552+0000] {taskinstance.py:1283} INFO - 
--------------------------------------------------------------------------------
[2023-07-31T12:25:54.605+0000] {taskinstance.py:1284} INFO - Starting attempt 1 of 2
[2023-07-31T12:25:54.621+0000] {taskinstance.py:1285} INFO - 
--------------------------------------------------------------------------------
[2023-07-31T12:25:55.024+0000] {taskinstance.py:1304} INFO - Executing <Task(PythonOperator): write_to_csv> on 2023-07-31 12:25:26.333623+00:00
[2023-07-31T12:25:55.090+0000] {standard_task_runner.py:55} INFO - Started process 2406 to run task
[2023-07-31T12:25:55.219+0000] {standard_task_runner.py:82} INFO - Running: ['***', 'tasks', 'run', 'job_data_pipeline_plus_csv', 'write_to_csv', 'manual__2023-07-31T12:25:26.333623+00:00', '--job-id', '3119', '--raw', '--subdir', 'DAGS_FOLDER/load_data_create_csv(Y).py', '--cfg-path', '/tmp/tmpbqjwbhnx']
[2023-07-31T12:25:55.265+0000] {standard_task_runner.py:83} INFO - Job 3119: Subtask write_to_csv
[2023-07-31T12:25:56.068+0000] {task_command.py:389} INFO - Running <TaskInstance: job_data_pipeline_plus_csv.write_to_csv manual__2023-07-31T12:25:26.333623+00:00 [running]> on host 4b7777060932
[2023-07-31T12:25:57.176+0000] {taskinstance.py:1513} INFO - Exporting the following env vars:
AIRFLOW_CTX_DAG_OWNER=***
AIRFLOW_CTX_DAG_ID=job_data_pipeline_plus_csv
AIRFLOW_CTX_TASK_ID=write_to_csv
AIRFLOW_CTX_EXECUTION_DATE=2023-07-31T12:25:26.333623+00:00
AIRFLOW_CTX_TRY_NUMBER=1
AIRFLOW_CTX_DAG_RUN_ID=manual__2023-07-31T12:25:26.333623+00:00
[2023-07-31T12:25:57.454+0000] {python.py:177} INFO - Done. Returned value was: None
[2023-07-31T12:25:57.558+0000] {taskinstance.py:1327} INFO - Marking task as SUCCESS. dag_id=job_data_pipeline_plus_csv, task_id=write_to_csv, execution_date=20230731T122526, start_date=20230731T122554, end_date=20230731T122557
[2023-07-31T12:25:57.892+0000] {local_task_job.py:159} INFO - Task exited with return code 0
[2023-07-31T12:25:58.248+0000] {taskinstance.py:2582} INFO - 1 downstream tasks scheduled from follow-on schedule check
