[2023-08-01T00:00:12.232+0000] {taskinstance.py:1087} INFO - Dependencies all met for <TaskInstance: my_postgres_dag_v6.create_table scheduled__2023-07-31T00:00:00+00:00 [queued]>
[2023-08-01T00:00:12.395+0000] {taskinstance.py:1087} INFO - Dependencies all met for <TaskInstance: my_postgres_dag_v6.create_table scheduled__2023-07-31T00:00:00+00:00 [queued]>
[2023-08-01T00:00:12.417+0000] {taskinstance.py:1283} INFO - 
--------------------------------------------------------------------------------
[2023-08-01T00:00:12.535+0000] {taskinstance.py:1284} INFO - Starting attempt 1 of 3
[2023-08-01T00:00:12.551+0000] {taskinstance.py:1285} INFO - 
--------------------------------------------------------------------------------
[2023-08-01T00:00:12.952+0000] {taskinstance.py:1304} INFO - Executing <Task(PostgresOperator): create_table> on 2023-07-31 00:00:00+00:00
[2023-08-01T00:00:13.177+0000] {standard_task_runner.py:55} INFO - Started process 26428 to run task
[2023-08-01T00:00:13.230+0000] {standard_task_runner.py:82} INFO - Running: ['***', 'tasks', 'run', 'my_postgres_dag_v6', 'create_table', 'scheduled__2023-07-31T00:00:00+00:00', '--job-id', '3191', '--raw', '--subdir', 'DAGS_FOLDER/postgres_operator_v2.py', '--cfg-path', '/tmp/tmpfko7q9z8']
[2023-08-01T00:00:13.323+0000] {standard_task_runner.py:83} INFO - Job 3191: Subtask create_table
[2023-08-01T00:00:14.860+0000] {task_command.py:389} INFO - Running <TaskInstance: my_postgres_dag_v6.create_table scheduled__2023-07-31T00:00:00+00:00 [running]> on host 4b7777060932
[2023-08-01T00:00:17.079+0000] {taskinstance.py:1513} INFO - Exporting the following env vars:
AIRFLOW_CTX_DAG_OWNER=Byron
AIRFLOW_CTX_DAG_ID=my_postgres_dag_v6
AIRFLOW_CTX_TASK_ID=create_table
AIRFLOW_CTX_EXECUTION_DATE=2023-07-31T00:00:00+00:00
AIRFLOW_CTX_TRY_NUMBER=1
AIRFLOW_CTX_DAG_RUN_ID=scheduled__2023-07-31T00:00:00+00:00
[2023-08-01T00:00:17.097+0000] {sql.py:253} INFO - Executing: 
            CREATE TABLE IF NOT EXISTS ***_users(
                id SERIAL PRIMARY KEY,
                name VARCHAR(30)
            )
        
[2023-08-01T00:00:17.326+0000] {base.py:73} INFO - Using connection ID 'my_connection' for task execution.
[2023-08-01T00:00:23.965+0000] {base.py:73} INFO - Using connection ID 'my_connection' for task execution.
[2023-08-01T00:00:24.101+0000] {sql.py:364} INFO - Running statement: 
            CREATE TABLE IF NOT EXISTS ***_users(
                id SERIAL PRIMARY KEY,
                name VARCHAR(30)
            )
        , parameters: None
[2023-08-01T00:00:24.460+0000] {taskinstance.py:1327} INFO - Marking task as SUCCESS. dag_id=my_postgres_dag_v6, task_id=create_table, execution_date=20230731T000000, start_date=20230801T000012, end_date=20230801T000024
[2023-08-01T00:00:24.989+0000] {local_task_job.py:159} INFO - Task exited with return code 0
[2023-08-01T00:00:25.275+0000] {taskinstance.py:2582} INFO - 1 downstream tasks scheduled from follow-on schedule check
