[2023-07-29T21:03:16.805+0000] {taskinstance.py:1087} INFO - Dependencies all met for <TaskInstance: job_data_pipeline.write_to_postgres manual__2023-07-29T21:02:41.799077+00:00 [queued]>
[2023-07-29T21:03:16.903+0000] {taskinstance.py:1087} INFO - Dependencies all met for <TaskInstance: job_data_pipeline.write_to_postgres manual__2023-07-29T21:02:41.799077+00:00 [queued]>
[2023-07-29T21:03:16.919+0000] {taskinstance.py:1283} INFO - 
--------------------------------------------------------------------------------
[2023-07-29T21:03:16.945+0000] {taskinstance.py:1284} INFO - Starting attempt 1 of 2
[2023-07-29T21:03:16.949+0000] {taskinstance.py:1285} INFO - 
--------------------------------------------------------------------------------
[2023-07-29T21:03:17.305+0000] {taskinstance.py:1304} INFO - Executing <Task(PythonOperator): write_to_postgres> on 2023-07-29 21:02:41.799077+00:00
[2023-07-29T21:03:17.425+0000] {standard_task_runner.py:55} INFO - Started process 27657 to run task
[2023-07-29T21:03:17.456+0000] {standard_task_runner.py:82} INFO - Running: ['***', 'tasks', 'run', 'job_data_pipeline', 'write_to_postgres', 'manual__2023-07-29T21:02:41.799077+00:00', '--job-id', '3050', '--raw', '--subdir', 'DAGS_FOLDER/load_data_v4.py', '--cfg-path', '/tmp/tmp6o748klt']
[2023-07-29T21:03:17.497+0000] {standard_task_runner.py:83} INFO - Job 3050: Subtask write_to_postgres
[2023-07-29T21:03:18.491+0000] {task_command.py:389} INFO - Running <TaskInstance: job_data_pipeline.write_to_postgres manual__2023-07-29T21:02:41.799077+00:00 [running]> on host f1ea17bde741
[2023-07-29T21:03:19.789+0000] {taskinstance.py:1513} INFO - Exporting the following env vars:
AIRFLOW_CTX_DAG_OWNER=***
AIRFLOW_CTX_DAG_ID=job_data_pipeline
AIRFLOW_CTX_TASK_ID=write_to_postgres
AIRFLOW_CTX_EXECUTION_DATE=2023-07-29T21:02:41.799077+00:00
AIRFLOW_CTX_TRY_NUMBER=1
AIRFLOW_CTX_DAG_RUN_ID=manual__2023-07-29T21:02:41.799077+00:00
[2023-07-29T21:03:20.159+0000] {base.py:73} INFO - Using connection ID 'my_connection' for task execution.
[2023-07-29T21:03:20.838+0000] {python.py:177} INFO - Done. Returned value was: None
[2023-07-29T21:03:21.011+0000] {taskinstance.py:1327} INFO - Marking task as SUCCESS. dag_id=job_data_pipeline, task_id=write_to_postgres, execution_date=20230729T210241, start_date=20230729T210316, end_date=20230729T210321
[2023-07-29T21:03:21.403+0000] {local_task_job.py:159} INFO - Task exited with return code 0
[2023-07-29T21:03:21.572+0000] {taskinstance.py:2582} INFO - 0 downstream tasks scheduled from follow-on schedule check
