[2023-07-29T12:30:31.196+0000] {taskinstance.py:1087} INFO - Dependencies all met for <TaskInstance: my_postgres_dag_v1.create_table scheduled__2023-07-27T00:00:00+00:00 [queued]>
[2023-07-29T12:30:31.677+0000] {taskinstance.py:1087} INFO - Dependencies all met for <TaskInstance: my_postgres_dag_v1.create_table scheduled__2023-07-27T00:00:00+00:00 [queued]>
[2023-07-29T12:30:31.727+0000] {taskinstance.py:1283} INFO - 
--------------------------------------------------------------------------------
[2023-07-29T12:30:31.993+0000] {taskinstance.py:1284} INFO - Starting attempt 2 of 3
[2023-07-29T12:30:32.009+0000] {taskinstance.py:1285} INFO - 
--------------------------------------------------------------------------------
[2023-07-29T12:30:32.849+0000] {taskinstance.py:1304} INFO - Executing <Task(PostgresOperator): create_table> on 2023-07-27 00:00:00+00:00
[2023-07-29T12:30:32.979+0000] {standard_task_runner.py:55} INFO - Started process 5156 to run task
[2023-07-29T12:30:33.167+0000] {standard_task_runner.py:82} INFO - Running: ['***', 'tasks', 'run', 'my_postgres_dag_v1', 'create_table', 'scheduled__2023-07-27T00:00:00+00:00', '--job-id', '2035', '--raw', '--subdir', 'DAGS_FOLDER/postgres_operator_v1.py', '--cfg-path', '/tmp/tmpz53w7eeg']
[2023-07-29T12:30:33.252+0000] {standard_task_runner.py:83} INFO - Job 2035: Subtask create_table
[2023-07-29T12:30:35.622+0000] {task_command.py:389} INFO - Running <TaskInstance: my_postgres_dag_v1.create_table scheduled__2023-07-27T00:00:00+00:00 [running]> on host f1ea17bde741
[2023-07-29T12:30:39.133+0000] {taskinstance.py:1513} INFO - Exporting the following env vars:
AIRFLOW_CTX_DAG_OWNER=Byron
AIRFLOW_CTX_DAG_ID=my_postgres_dag_v1
AIRFLOW_CTX_TASK_ID=create_table
AIRFLOW_CTX_EXECUTION_DATE=2023-07-27T00:00:00+00:00
AIRFLOW_CTX_TRY_NUMBER=2
AIRFLOW_CTX_DAG_RUN_ID=scheduled__2023-07-27T00:00:00+00:00
[2023-07-29T12:30:39.188+0000] {sql.py:253} INFO - Executing: 
            CREATE TABLE IF NOT EXISTS ***_users(
                id SERIAL PRIMARY KEY,
                name VARCHAR(30)
            )
        
[2023-07-29T12:30:39.553+0000] {base.py:73} INFO - Using connection ID 'my_connection' for task execution.
[2023-07-29T12:30:47.812+0000] {base.py:73} INFO - Using connection ID 'my_connection' for task execution.
[2023-07-29T12:30:48.162+0000] {sql.py:364} INFO - Running statement: 
            CREATE TABLE IF NOT EXISTS ***_users(
                id SERIAL PRIMARY KEY,
                name VARCHAR(30)
            )
        , parameters: None
[2023-07-29T12:30:49.650+0000] {taskinstance.py:1327} INFO - Marking task as SUCCESS. dag_id=my_postgres_dag_v1, task_id=create_table, execution_date=20230727T000000, start_date=20230729T123031, end_date=20230729T123049
[2023-07-29T12:30:51.190+0000] {local_task_job.py:159} INFO - Task exited with return code 0
[2023-07-29T12:30:51.398+0000] {taskinstance.py:2582} INFO - 0 downstream tasks scheduled from follow-on schedule check
