[2023-07-29T15:21:27.957+0000] {taskinstance.py:1087} INFO - Dependencies all met for <TaskInstance: data_engineering_jobs_dags_v3.write_to_csv scheduled__2023-06-14T00:00:00+00:00 [queued]>
[2023-07-29T15:21:29.300+0000] {taskinstance.py:1087} INFO - Dependencies all met for <TaskInstance: data_engineering_jobs_dags_v3.write_to_csv scheduled__2023-06-14T00:00:00+00:00 [queued]>
[2023-07-29T15:21:29.601+0000] {taskinstance.py:1283} INFO - 
--------------------------------------------------------------------------------
[2023-07-29T15:21:29.712+0000] {taskinstance.py:1284} INFO - Starting attempt 1 of 2
[2023-07-29T15:21:29.728+0000] {taskinstance.py:1285} INFO - 
--------------------------------------------------------------------------------
[2023-07-29T15:21:30.867+0000] {taskinstance.py:1304} INFO - Executing <Task(PythonOperator): write_to_csv> on 2023-06-14 00:00:00+00:00
[2023-07-29T15:21:30.987+0000] {standard_task_runner.py:55} INFO - Started process 13309 to run task
[2023-07-29T15:21:31.079+0000] {standard_task_runner.py:82} INFO - Running: ['***', 'tasks', 'run', 'data_engineering_jobs_dags_v3', 'write_to_csv', 'scheduled__2023-06-14T00:00:00+00:00', '--job-id', '2766', '--raw', '--subdir', 'DAGS_FOLDER/load_data_v3.py', '--cfg-path', '/tmp/tmpge_fr1fn']
[2023-07-29T15:21:31.242+0000] {standard_task_runner.py:83} INFO - Job 2766: Subtask write_to_csv
[2023-07-29T15:21:38.075+0000] {task_command.py:389} INFO - Running <TaskInstance: data_engineering_jobs_dags_v3.write_to_csv scheduled__2023-06-14T00:00:00+00:00 [running]> on host f1ea17bde741
[2023-07-29T15:21:46.833+0000] {taskinstance.py:1513} INFO - Exporting the following env vars:
AIRFLOW_CTX_DAG_OWNER=***
AIRFLOW_CTX_DAG_ID=data_engineering_jobs_dags_v3
AIRFLOW_CTX_TASK_ID=write_to_csv
AIRFLOW_CTX_EXECUTION_DATE=2023-06-14T00:00:00+00:00
AIRFLOW_CTX_TRY_NUMBER=1
AIRFLOW_CTX_DAG_RUN_ID=scheduled__2023-06-14T00:00:00+00:00
[2023-07-29T15:21:47.284+0000] {python.py:177} INFO - Done. Returned value was: None
[2023-07-29T15:21:47.935+0000] {taskinstance.py:1327} INFO - Marking task as SUCCESS. dag_id=data_engineering_jobs_dags_v3, task_id=write_to_csv, execution_date=20230614T000000, start_date=20230729T152127, end_date=20230729T152147
[2023-07-29T15:21:48.950+0000] {local_task_job.py:159} INFO - Task exited with return code 0
[2023-07-29T15:21:50.304+0000] {taskinstance.py:2582} INFO - 0 downstream tasks scheduled from follow-on schedule check
