[2023-07-31T12:50:40.658+0000] {taskinstance.py:1087} INFO - Dependencies all met for <TaskInstance: job_data_pipeline_plus_csv.get_jobs manual__2023-07-31T12:50:28.216856+00:00 [queued]>
[2023-07-31T12:50:40.826+0000] {taskinstance.py:1087} INFO - Dependencies all met for <TaskInstance: job_data_pipeline_plus_csv.get_jobs manual__2023-07-31T12:50:28.216856+00:00 [queued]>
[2023-07-31T12:50:40.838+0000] {taskinstance.py:1283} INFO - 
--------------------------------------------------------------------------------
[2023-07-31T12:50:40.854+0000] {taskinstance.py:1284} INFO - Starting attempt 1 of 2
[2023-07-31T12:50:40.867+0000] {taskinstance.py:1285} INFO - 
--------------------------------------------------------------------------------
[2023-07-31T12:50:41.146+0000] {taskinstance.py:1304} INFO - Executing <Task(PythonOperator): get_jobs> on 2023-07-31 12:50:28.216856+00:00
[2023-07-31T12:50:41.227+0000] {standard_task_runner.py:55} INFO - Started process 3281 to run task
[2023-07-31T12:50:41.217+0000] {standard_task_runner.py:82} INFO - Running: ['***', 'tasks', 'run', 'job_data_pipeline_plus_csv', 'get_jobs', 'manual__2023-07-31T12:50:28.216856+00:00', '--job-id', '3127', '--raw', '--subdir', 'DAGS_FOLDER/load_data_create_csv(Y).py', '--cfg-path', '/tmp/tmpxx6yipgc']
[2023-07-31T12:50:41.257+0000] {standard_task_runner.py:83} INFO - Job 3127: Subtask get_jobs
[2023-07-31T12:50:42.424+0000] {task_command.py:389} INFO - Running <TaskInstance: job_data_pipeline_plus_csv.get_jobs manual__2023-07-31T12:50:28.216856+00:00 [running]> on host 4b7777060932
[2023-07-31T12:50:43.624+0000] {taskinstance.py:1513} INFO - Exporting the following env vars:
AIRFLOW_CTX_DAG_OWNER=***
AIRFLOW_CTX_DAG_ID=job_data_pipeline_plus_csv
AIRFLOW_CTX_TASK_ID=get_jobs
AIRFLOW_CTX_EXECUTION_DATE=2023-07-31T12:50:28.216856+00:00
AIRFLOW_CTX_TRY_NUMBER=1
AIRFLOW_CTX_DAG_RUN_ID=manual__2023-07-31T12:50:28.216856+00:00
[2023-07-31T12:50:49.427+0000] {python.py:177} INFO - Done. Returned value was: None
[2023-07-31T12:50:49.558+0000] {taskinstance.py:1327} INFO - Marking task as SUCCESS. dag_id=job_data_pipeline_plus_csv, task_id=get_jobs, execution_date=20230731T125028, start_date=20230731T125040, end_date=20230731T125049
[2023-07-31T12:50:49.993+0000] {local_task_job.py:159} INFO - Task exited with return code 0
[2023-07-31T12:50:50.591+0000] {taskinstance.py:2582} INFO - 1 downstream tasks scheduled from follow-on schedule check
