[2023-07-30T03:04:42.001+0000] {taskinstance.py:1087} INFO - Dependencies all met for <TaskInstance: my_python_dag_v6.my_name scheduled__2023-07-29T02:00:00+00:00 [queued]>
[2023-07-30T03:04:42.048+0000] {taskinstance.py:1087} INFO - Dependencies all met for <TaskInstance: my_python_dag_v6.my_name scheduled__2023-07-29T02:00:00+00:00 [queued]>
[2023-07-30T03:04:42.050+0000] {taskinstance.py:1283} INFO - 
--------------------------------------------------------------------------------
[2023-07-30T03:04:42.560+0000] {taskinstance.py:1284} INFO - Starting attempt 1 of 3
[2023-07-30T03:04:42.561+0000] {taskinstance.py:1285} INFO - 
--------------------------------------------------------------------------------
[2023-07-30T03:04:45.955+0000] {taskinstance.py:1304} INFO - Executing <Task(PythonOperator): my_name> on 2023-07-29 02:00:00+00:00
[2023-07-30T03:04:45.987+0000] {standard_task_runner.py:55} INFO - Started process 31440 to run task
[2023-07-30T03:04:45.997+0000] {standard_task_runner.py:82} INFO - Running: ['***', 'tasks', 'run', 'my_python_dag_v6', 'my_name', 'scheduled__2023-07-29T02:00:00+00:00', '--job-id', '3060', '--raw', '--subdir', 'DAGS_FOLDER/python_operatorv6.py', '--cfg-path', '/tmp/tmp9keav9q4']
[2023-07-30T03:04:46.000+0000] {standard_task_runner.py:83} INFO - Job 3060: Subtask my_name
[2023-07-30T03:04:50.876+0000] {task_command.py:389} INFO - Running <TaskInstance: my_python_dag_v6.my_name scheduled__2023-07-29T02:00:00+00:00 [running]> on host f1ea17bde741
[2023-07-30T03:04:55.355+0000] {taskinstance.py:1513} INFO - Exporting the following env vars:
AIRFLOW_CTX_DAG_OWNER=Byron
AIRFLOW_CTX_DAG_ID=my_python_dag_v6
AIRFLOW_CTX_TASK_ID=my_name
AIRFLOW_CTX_EXECUTION_DATE=2023-07-29T02:00:00+00:00
AIRFLOW_CTX_TRY_NUMBER=1
AIRFLOW_CTX_DAG_RUN_ID=scheduled__2023-07-29T02:00:00+00:00
[2023-07-30T03:04:55.366+0000] {logging_mixin.py:137} INFO - Kasimir!
[2023-07-30T03:04:55.373+0000] {python.py:177} INFO - Done. Returned value was: None
[2023-07-30T03:04:55.469+0000] {taskinstance.py:1327} INFO - Marking task as SUCCESS. dag_id=my_python_dag_v6, task_id=my_name, execution_date=20230729T020000, start_date=20230730T030442, end_date=20230730T030455
[2023-07-30T03:04:57.396+0000] {local_task_job.py:159} INFO - Task exited with return code 0
[2023-07-30T03:04:57.512+0000] {taskinstance.py:2582} INFO - 1 downstream tasks scheduled from follow-on schedule check
