[2023-07-29T15:31:52.622+0000] {taskinstance.py:1087} INFO - Dependencies all met for <TaskInstance: data_engineering_jobs_dags_v3.get_jobs scheduled__2023-07-10T00:00:00+00:00 [queued]>
[2023-07-29T15:31:52.859+0000] {taskinstance.py:1087} INFO - Dependencies all met for <TaskInstance: data_engineering_jobs_dags_v3.get_jobs scheduled__2023-07-10T00:00:00+00:00 [queued]>
[2023-07-29T15:31:52.860+0000] {taskinstance.py:1283} INFO - 
--------------------------------------------------------------------------------
[2023-07-29T15:31:52.908+0000] {taskinstance.py:1284} INFO - Starting attempt 1 of 2
[2023-07-29T15:31:52.910+0000] {taskinstance.py:1285} INFO - 
--------------------------------------------------------------------------------
[2023-07-29T15:31:53.712+0000] {taskinstance.py:1304} INFO - Executing <Task(PythonOperator): get_jobs> on 2023-07-10 00:00:00+00:00
[2023-07-29T15:31:53.920+0000] {standard_task_runner.py:55} INFO - Started process 13875 to run task
[2023-07-29T15:31:54.192+0000] {standard_task_runner.py:82} INFO - Running: ['***', 'tasks', 'run', 'data_engineering_jobs_dags_v3', 'get_jobs', 'scheduled__2023-07-10T00:00:00+00:00', '--job-id', '2839', '--raw', '--subdir', 'DAGS_FOLDER/load_data_v3.py', '--cfg-path', '/tmp/tmphuxcb5uq']
[2023-07-29T15:31:54.240+0000] {standard_task_runner.py:83} INFO - Job 2839: Subtask get_jobs
[2023-07-29T15:31:56.154+0000] {task_command.py:389} INFO - Running <TaskInstance: data_engineering_jobs_dags_v3.get_jobs scheduled__2023-07-10T00:00:00+00:00 [running]> on host f1ea17bde741
[2023-07-29T15:31:57.864+0000] {taskinstance.py:1513} INFO - Exporting the following env vars:
AIRFLOW_CTX_DAG_OWNER=***
AIRFLOW_CTX_DAG_ID=data_engineering_jobs_dags_v3
AIRFLOW_CTX_TASK_ID=get_jobs
AIRFLOW_CTX_EXECUTION_DATE=2023-07-10T00:00:00+00:00
AIRFLOW_CTX_TRY_NUMBER=1
AIRFLOW_CTX_DAG_RUN_ID=scheduled__2023-07-10T00:00:00+00:00
[2023-07-29T15:32:03.552+0000] {python.py:177} INFO - Done. Returned value was: None
[2023-07-29T15:32:03.750+0000] {taskinstance.py:1327} INFO - Marking task as SUCCESS. dag_id=data_engineering_jobs_dags_v3, task_id=get_jobs, execution_date=20230710T000000, start_date=20230729T153152, end_date=20230729T153203
[2023-07-29T15:32:04.487+0000] {local_task_job.py:159} INFO - Task exited with return code 0
[2023-07-29T15:32:09.935+0000] {taskinstance.py:2582} INFO - 2 downstream tasks scheduled from follow-on schedule check
