[2023-07-29T10:52:58.425+0000] {taskinstance.py:1087} INFO - Dependencies all met for <TaskInstance: data_engineering_jobs_dags_v2.get_jobs scheduled__2023-02-28T00:00:00+00:00 [queued]>
[2023-07-29T10:52:58.825+0000] {taskinstance.py:1087} INFO - Dependencies all met for <TaskInstance: data_engineering_jobs_dags_v2.get_jobs scheduled__2023-02-28T00:00:00+00:00 [queued]>
[2023-07-29T10:52:58.827+0000] {taskinstance.py:1283} INFO - 
--------------------------------------------------------------------------------
[2023-07-29T10:52:58.876+0000] {taskinstance.py:1284} INFO - Starting attempt 2 of 2
[2023-07-29T10:52:58.899+0000] {taskinstance.py:1285} INFO - 
--------------------------------------------------------------------------------
[2023-07-29T10:53:01.090+0000] {taskinstance.py:1304} INFO - Executing <Task(PythonOperator): get_jobs> on 2023-02-28 00:00:00+00:00
[2023-07-29T10:53:01.817+0000] {standard_task_runner.py:55} INFO - Started process 1499 to run task
[2023-07-29T10:53:02.326+0000] {standard_task_runner.py:82} INFO - Running: ['***', 'tasks', 'run', 'data_engineering_jobs_dags_v2', 'get_jobs', 'scheduled__2023-02-28T00:00:00+00:00', '--job-id', '1971', '--raw', '--subdir', 'DAGS_FOLDER/load_data_v3.py', '--cfg-path', '/tmp/tmptcb6bppg']
[2023-07-29T10:53:02.517+0000] {standard_task_runner.py:83} INFO - Job 1971: Subtask get_jobs
[2023-07-29T10:53:12.828+0000] {task_command.py:389} INFO - Running <TaskInstance: data_engineering_jobs_dags_v2.get_jobs scheduled__2023-02-28T00:00:00+00:00 [running]> on host f1ea17bde741
[2023-07-29T10:53:22.064+0000] {taskinstance.py:1513} INFO - Exporting the following env vars:
AIRFLOW_CTX_DAG_OWNER=***
AIRFLOW_CTX_DAG_ID=data_engineering_jobs_dags_v2
AIRFLOW_CTX_TASK_ID=get_jobs
AIRFLOW_CTX_EXECUTION_DATE=2023-02-28T00:00:00+00:00
AIRFLOW_CTX_TRY_NUMBER=2
AIRFLOW_CTX_DAG_RUN_ID=scheduled__2023-02-28T00:00:00+00:00
[2023-07-29T10:53:28.023+0000] {python.py:177} INFO - Done. Returned value was: None
[2023-07-29T10:53:29.131+0000] {taskinstance.py:1327} INFO - Marking task as SUCCESS. dag_id=data_engineering_jobs_dags_v2, task_id=get_jobs, execution_date=20230228T000000, start_date=20230729T105258, end_date=20230729T105329
[2023-07-29T10:53:38.946+0000] {local_task_job.py:159} INFO - Task exited with return code 0
[2023-07-29T10:53:43.132+0000] {taskinstance.py:2582} INFO - 2 downstream tasks scheduled from follow-on schedule check
