[2023-07-29T13:54:21.204+0000] {taskinstance.py:1087} INFO - Dependencies all met for <TaskInstance: data_engineering_jobs_dags_v3.get_jobs scheduled__2023-01-07T00:00:00+00:00 [queued]>
[2023-07-29T13:54:21.446+0000] {taskinstance.py:1087} INFO - Dependencies all met for <TaskInstance: data_engineering_jobs_dags_v3.get_jobs scheduled__2023-01-07T00:00:00+00:00 [queued]>
[2023-07-29T13:54:21.582+0000] {taskinstance.py:1283} INFO - 
--------------------------------------------------------------------------------
[2023-07-29T13:54:21.744+0000] {taskinstance.py:1284} INFO - Starting attempt 1 of 2
[2023-07-29T13:54:21.747+0000] {taskinstance.py:1285} INFO - 
--------------------------------------------------------------------------------
[2023-07-29T13:54:22.544+0000] {taskinstance.py:1304} INFO - Executing <Task(PythonOperator): get_jobs> on 2023-01-07 00:00:00+00:00
[2023-07-29T13:54:22.640+0000] {standard_task_runner.py:82} INFO - Running: ['***', 'tasks', 'run', 'data_engineering_jobs_dags_v3', 'get_jobs', 'scheduled__2023-01-07T00:00:00+00:00', '--job-id', '2090', '--raw', '--subdir', 'DAGS_FOLDER/load_data_v3.py', '--cfg-path', '/tmp/tmpcegpwrdp']
[2023-07-29T13:54:22.663+0000] {standard_task_runner.py:83} INFO - Job 2090: Subtask get_jobs
[2023-07-29T13:54:22.665+0000] {standard_task_runner.py:55} INFO - Started process 8272 to run task
[2023-07-29T13:54:24.028+0000] {task_command.py:389} INFO - Running <TaskInstance: data_engineering_jobs_dags_v3.get_jobs scheduled__2023-01-07T00:00:00+00:00 [running]> on host f1ea17bde741
[2023-07-29T13:54:26.640+0000] {taskinstance.py:1513} INFO - Exporting the following env vars:
AIRFLOW_CTX_DAG_OWNER=***
AIRFLOW_CTX_DAG_ID=data_engineering_jobs_dags_v3
AIRFLOW_CTX_TASK_ID=get_jobs
AIRFLOW_CTX_EXECUTION_DATE=2023-01-07T00:00:00+00:00
AIRFLOW_CTX_TRY_NUMBER=1
AIRFLOW_CTX_DAG_RUN_ID=scheduled__2023-01-07T00:00:00+00:00
[2023-07-29T13:54:30.855+0000] {python.py:177} INFO - Done. Returned value was: None
[2023-07-29T13:54:30.927+0000] {taskinstance.py:1327} INFO - Marking task as SUCCESS. dag_id=data_engineering_jobs_dags_v3, task_id=get_jobs, execution_date=20230107T000000, start_date=20230729T135421, end_date=20230729T135430
[2023-07-29T13:54:31.969+0000] {local_task_job.py:159} INFO - Task exited with return code 0
[2023-07-29T13:54:32.037+0000] {taskinstance.py:2582} INFO - 2 downstream tasks scheduled from follow-on schedule check
