[2023-07-31T15:25:38.987+0000] {taskinstance.py:1087} INFO - Dependencies all met for <TaskInstance: job_data_pipeline_plus_csv.write_to_csv manual__2023-07-31T15:24:30.219934+00:00 [queued]>
[2023-07-31T15:25:39.061+0000] {taskinstance.py:1087} INFO - Dependencies all met for <TaskInstance: job_data_pipeline_plus_csv.write_to_csv manual__2023-07-31T15:24:30.219934+00:00 [queued]>
[2023-07-31T15:25:39.062+0000] {taskinstance.py:1283} INFO - 
--------------------------------------------------------------------------------
[2023-07-31T15:25:39.066+0000] {taskinstance.py:1284} INFO - Starting attempt 1 of 2
[2023-07-31T15:25:39.068+0000] {taskinstance.py:1285} INFO - 
--------------------------------------------------------------------------------
[2023-07-31T15:25:39.260+0000] {taskinstance.py:1304} INFO - Executing <Task(PythonOperator): write_to_csv> on 2023-07-31 15:24:30.219934+00:00
[2023-07-31T15:25:39.273+0000] {standard_task_runner.py:55} INFO - Started process 7796 to run task
[2023-07-31T15:25:39.311+0000] {standard_task_runner.py:82} INFO - Running: ['***', 'tasks', 'run', 'job_data_pipeline_plus_csv', 'write_to_csv', 'manual__2023-07-31T15:24:30.219934+00:00', '--job-id', '3179', '--raw', '--subdir', 'DAGS_FOLDER/load_data_create_csv(Y).py', '--cfg-path', '/tmp/tmpeto_p6h4']
[2023-07-31T15:25:39.318+0000] {standard_task_runner.py:83} INFO - Job 3179: Subtask write_to_csv
[2023-07-31T15:25:39.963+0000] {task_command.py:389} INFO - Running <TaskInstance: job_data_pipeline_plus_csv.write_to_csv manual__2023-07-31T15:24:30.219934+00:00 [running]> on host 4b7777060932
[2023-07-31T15:25:40.934+0000] {taskinstance.py:1513} INFO - Exporting the following env vars:
AIRFLOW_CTX_DAG_OWNER=***
AIRFLOW_CTX_DAG_ID=job_data_pipeline_plus_csv
AIRFLOW_CTX_TASK_ID=write_to_csv
AIRFLOW_CTX_EXECUTION_DATE=2023-07-31T15:24:30.219934+00:00
AIRFLOW_CTX_TRY_NUMBER=1
AIRFLOW_CTX_DAG_RUN_ID=manual__2023-07-31T15:24:30.219934+00:00
[2023-07-31T15:25:41.205+0000] {load_data_create_csv(Y).py:48} INFO - Writing to file: Job_Search_2023-07-31.csv
[2023-07-31T15:25:41.449+0000] {python.py:177} INFO - Done. Returned value was: None
[2023-07-31T15:25:41.526+0000] {taskinstance.py:1327} INFO - Marking task as SUCCESS. dag_id=job_data_pipeline_plus_csv, task_id=write_to_csv, execution_date=20230731T152430, start_date=20230731T152538, end_date=20230731T152541
[2023-07-31T15:25:41.769+0000] {local_task_job.py:159} INFO - Task exited with return code 0
[2023-07-31T15:25:42.131+0000] {taskinstance.py:2582} INFO - 1 downstream tasks scheduled from follow-on schedule check
