[2023-07-29T13:55:59.008+0000] {taskinstance.py:1087} INFO - Dependencies all met for <TaskInstance: data_engineering_jobs_dags_v3.write_to_postgres scheduled__2023-01-14T00:00:00+00:00 [queued]>
[2023-07-29T13:55:59.285+0000] {taskinstance.py:1087} INFO - Dependencies all met for <TaskInstance: data_engineering_jobs_dags_v3.write_to_postgres scheduled__2023-01-14T00:00:00+00:00 [queued]>
[2023-07-29T13:55:59.346+0000] {taskinstance.py:1283} INFO - 
--------------------------------------------------------------------------------
[2023-07-29T13:55:59.409+0000] {taskinstance.py:1284} INFO - Starting attempt 1 of 2
[2023-07-29T13:55:59.415+0000] {taskinstance.py:1285} INFO - 
--------------------------------------------------------------------------------
[2023-07-29T13:56:00.158+0000] {taskinstance.py:1304} INFO - Executing <Task(PythonOperator): write_to_postgres> on 2023-01-14 00:00:00+00:00
[2023-07-29T13:56:00.423+0000] {standard_task_runner.py:55} INFO - Started process 8408 to run task
[2023-07-29T13:56:00.651+0000] {standard_task_runner.py:82} INFO - Running: ['***', 'tasks', 'run', 'data_engineering_jobs_dags_v3', 'write_to_postgres', 'scheduled__2023-01-14T00:00:00+00:00', '--job-id', '2122', '--raw', '--subdir', 'DAGS_FOLDER/load_data_v3.py', '--cfg-path', '/tmp/tmp_0tgsd2k']
[2023-07-29T13:56:00.661+0000] {standard_task_runner.py:83} INFO - Job 2122: Subtask write_to_postgres
[2023-07-29T13:56:04.843+0000] {task_command.py:389} INFO - Running <TaskInstance: data_engineering_jobs_dags_v3.write_to_postgres scheduled__2023-01-14T00:00:00+00:00 [running]> on host f1ea17bde741
[2023-07-29T13:56:09.976+0000] {taskinstance.py:1513} INFO - Exporting the following env vars:
AIRFLOW_CTX_DAG_OWNER=***
AIRFLOW_CTX_DAG_ID=data_engineering_jobs_dags_v3
AIRFLOW_CTX_TASK_ID=write_to_postgres
AIRFLOW_CTX_EXECUTION_DATE=2023-01-14T00:00:00+00:00
AIRFLOW_CTX_TRY_NUMBER=1
AIRFLOW_CTX_DAG_RUN_ID=scheduled__2023-01-14T00:00:00+00:00
[2023-07-29T13:56:11.489+0000] {taskinstance.py:1772} ERROR - Task failed with exception
Traceback (most recent call last):
  File "/home/airflow/.local/lib/python3.7/site-packages/airflow/operators/python.py", line 175, in execute
    return_value = self.execute_callable()
  File "/home/airflow/.local/lib/python3.7/site-packages/airflow/operators/python.py", line 192, in execute_callable
    return self.python_callable(*self.op_args, **self.op_kwargs)
  File "/opt/airflow/dags/load_data_v3.py", line 61, in write_to_postgres
    conn = psycopg2.connect(conn_string)
  File "/home/airflow/.local/lib/python3.7/site-packages/psycopg2/__init__.py", line 122, in connect
    conn = _connect(dsn, connection_factory=connection_factory, **kwasync)
psycopg2.OperationalError: connection to server at "host.docker.internal" (192.168.65.254), port 5436 failed: FATAL:  database "***_svr" does not exist

[2023-07-29T13:56:11.852+0000] {taskinstance.py:1327} INFO - Marking task as UP_FOR_RETRY. dag_id=data_engineering_jobs_dags_v3, task_id=write_to_postgres, execution_date=20230114T000000, start_date=20230729T135559, end_date=20230729T135611
[2023-07-29T13:56:12.619+0000] {standard_task_runner.py:105} ERROR - Failed to execute job 2122 for task write_to_postgres (connection to server at "host.docker.internal" (192.168.65.254), port 5436 failed: FATAL:  database "***_svr" does not exist
; 8408)
[2023-07-29T13:56:13.617+0000] {local_task_job.py:159} INFO - Task exited with return code 1
[2023-07-29T13:56:14.453+0000] {taskinstance.py:2582} INFO - 0 downstream tasks scheduled from follow-on schedule check
