[2023-07-29T13:55:07.746+0000] {taskinstance.py:1087} INFO - Dependencies all met for <TaskInstance: data_engineering_jobs_dags_v3.get_jobs scheduled__2023-01-14T00:00:00+00:00 [queued]>
[2023-07-29T13:55:08.154+0000] {taskinstance.py:1087} INFO - Dependencies all met for <TaskInstance: data_engineering_jobs_dags_v3.get_jobs scheduled__2023-01-14T00:00:00+00:00 [queued]>
[2023-07-29T13:55:08.158+0000] {taskinstance.py:1283} INFO - 
--------------------------------------------------------------------------------
[2023-07-29T13:55:11.971+0000] {taskinstance.py:1284} INFO - Starting attempt 1 of 2
[2023-07-29T13:55:12.019+0000] {taskinstance.py:1285} INFO - 
--------------------------------------------------------------------------------
[2023-07-29T13:55:13.951+0000] {taskinstance.py:1304} INFO - Executing <Task(PythonOperator): get_jobs> on 2023-01-14 00:00:00+00:00
[2023-07-29T13:55:13.967+0000] {standard_task_runner.py:55} INFO - Started process 8344 to run task
[2023-07-29T13:55:14.046+0000] {standard_task_runner.py:82} INFO - Running: ['***', 'tasks', 'run', 'data_engineering_jobs_dags_v3', 'get_jobs', 'scheduled__2023-01-14T00:00:00+00:00', '--job-id', '2107', '--raw', '--subdir', 'DAGS_FOLDER/load_data_v3.py', '--cfg-path', '/tmp/tmpcmw2f2_0']
[2023-07-29T13:55:14.067+0000] {standard_task_runner.py:83} INFO - Job 2107: Subtask get_jobs
[2023-07-29T13:55:17.072+0000] {task_command.py:389} INFO - Running <TaskInstance: data_engineering_jobs_dags_v3.get_jobs scheduled__2023-01-14T00:00:00+00:00 [running]> on host f1ea17bde741
[2023-07-29T13:55:23.669+0000] {taskinstance.py:1513} INFO - Exporting the following env vars:
AIRFLOW_CTX_DAG_OWNER=***
AIRFLOW_CTX_DAG_ID=data_engineering_jobs_dags_v3
AIRFLOW_CTX_TASK_ID=get_jobs
AIRFLOW_CTX_EXECUTION_DATE=2023-01-14T00:00:00+00:00
AIRFLOW_CTX_TRY_NUMBER=1
AIRFLOW_CTX_DAG_RUN_ID=scheduled__2023-01-14T00:00:00+00:00
[2023-07-29T13:55:28.899+0000] {python.py:177} INFO - Done. Returned value was: None
[2023-07-29T13:55:29.156+0000] {taskinstance.py:1327} INFO - Marking task as SUCCESS. dag_id=data_engineering_jobs_dags_v3, task_id=get_jobs, execution_date=20230114T000000, start_date=20230729T135507, end_date=20230729T135529
[2023-07-29T13:55:31.193+0000] {local_task_job.py:159} INFO - Task exited with return code 0
[2023-07-29T13:55:31.785+0000] {taskinstance.py:2582} INFO - 2 downstream tasks scheduled from follow-on schedule check
