[2023-07-29T14:21:56.774+0000] {taskinstance.py:1087} INFO - Dependencies all met for <TaskInstance: data_engineering_jobs_dags_v3.write_to_csv scheduled__2023-02-10T00:00:00+00:00 [queued]>
[2023-07-29T14:21:57.104+0000] {taskinstance.py:1087} INFO - Dependencies all met for <TaskInstance: data_engineering_jobs_dags_v3.write_to_csv scheduled__2023-02-10T00:00:00+00:00 [queued]>
[2023-07-29T14:21:57.125+0000] {taskinstance.py:1283} INFO - 
--------------------------------------------------------------------------------
[2023-07-29T14:21:57.319+0000] {taskinstance.py:1284} INFO - Starting attempt 1 of 2
[2023-07-29T14:21:57.519+0000] {taskinstance.py:1285} INFO - 
--------------------------------------------------------------------------------
[2023-07-29T14:21:59.404+0000] {taskinstance.py:1304} INFO - Executing <Task(PythonOperator): write_to_csv> on 2023-02-10 00:00:00+00:00
[2023-07-29T14:21:59.784+0000] {standard_task_runner.py:55} INFO - Started process 9692 to run task
[2023-07-29T14:21:59.994+0000] {standard_task_runner.py:82} INFO - Running: ['***', 'tasks', 'run', 'data_engineering_jobs_dags_v3', 'write_to_csv', 'scheduled__2023-02-10T00:00:00+00:00', '--job-id', '2239', '--raw', '--subdir', 'DAGS_FOLDER/load_data_v3.py', '--cfg-path', '/tmp/tmpy3xdqrmp']
[2023-07-29T14:22:00.119+0000] {standard_task_runner.py:83} INFO - Job 2239: Subtask write_to_csv
[2023-07-29T14:22:03.722+0000] {task_command.py:389} INFO - Running <TaskInstance: data_engineering_jobs_dags_v3.write_to_csv scheduled__2023-02-10T00:00:00+00:00 [running]> on host f1ea17bde741
[2023-07-29T14:22:10.417+0000] {taskinstance.py:1513} INFO - Exporting the following env vars:
AIRFLOW_CTX_DAG_OWNER=***
AIRFLOW_CTX_DAG_ID=data_engineering_jobs_dags_v3
AIRFLOW_CTX_TASK_ID=write_to_csv
AIRFLOW_CTX_EXECUTION_DATE=2023-02-10T00:00:00+00:00
AIRFLOW_CTX_TRY_NUMBER=1
AIRFLOW_CTX_DAG_RUN_ID=scheduled__2023-02-10T00:00:00+00:00
[2023-07-29T14:22:11.637+0000] {python.py:177} INFO - Done. Returned value was: None
[2023-07-29T14:22:11.771+0000] {taskinstance.py:1327} INFO - Marking task as SUCCESS. dag_id=data_engineering_jobs_dags_v3, task_id=write_to_csv, execution_date=20230210T000000, start_date=20230729T142156, end_date=20230729T142211
[2023-07-29T14:22:13.067+0000] {local_task_job.py:159} INFO - Task exited with return code 0
[2023-07-29T14:22:14.443+0000] {taskinstance.py:2582} INFO - 0 downstream tasks scheduled from follow-on schedule check
