[2023-07-29T14:15:22.591+0000] {taskinstance.py:1087} INFO - Dependencies all met for <TaskInstance: data_engineering_jobs_dags_v3.get_jobs manual__2023-07-29T14:15:04.465635+00:00 [queued]>
[2023-07-29T14:15:22.661+0000] {taskinstance.py:1087} INFO - Dependencies all met for <TaskInstance: data_engineering_jobs_dags_v3.get_jobs manual__2023-07-29T14:15:04.465635+00:00 [queued]>
[2023-07-29T14:15:22.670+0000] {taskinstance.py:1283} INFO - 
--------------------------------------------------------------------------------
[2023-07-29T14:15:22.769+0000] {taskinstance.py:1284} INFO - Starting attempt 1 of 2
[2023-07-29T14:15:22.781+0000] {taskinstance.py:1285} INFO - 
--------------------------------------------------------------------------------
[2023-07-29T14:15:23.079+0000] {taskinstance.py:1304} INFO - Executing <Task(PythonOperator): get_jobs> on 2023-07-29 14:15:04.465635+00:00
[2023-07-29T14:15:23.101+0000] {standard_task_runner.py:55} INFO - Started process 9314 to run task
[2023-07-29T14:15:23.126+0000] {standard_task_runner.py:82} INFO - Running: ['***', 'tasks', 'run', 'data_engineering_jobs_dags_v3', 'get_jobs', 'manual__2023-07-29T14:15:04.465635+00:00', '--job-id', '2185', '--raw', '--subdir', 'DAGS_FOLDER/load_data_v3.py', '--cfg-path', '/tmp/tmpbgr71svo']
[2023-07-29T14:15:23.131+0000] {standard_task_runner.py:83} INFO - Job 2185: Subtask get_jobs
[2023-07-29T14:15:24.346+0000] {task_command.py:389} INFO - Running <TaskInstance: data_engineering_jobs_dags_v3.get_jobs manual__2023-07-29T14:15:04.465635+00:00 [running]> on host f1ea17bde741
[2023-07-29T14:15:26.311+0000] {taskinstance.py:1513} INFO - Exporting the following env vars:
AIRFLOW_CTX_DAG_OWNER=***
AIRFLOW_CTX_DAG_ID=data_engineering_jobs_dags_v3
AIRFLOW_CTX_TASK_ID=get_jobs
AIRFLOW_CTX_EXECUTION_DATE=2023-07-29T14:15:04.465635+00:00
AIRFLOW_CTX_TRY_NUMBER=1
AIRFLOW_CTX_DAG_RUN_ID=manual__2023-07-29T14:15:04.465635+00:00
[2023-07-29T14:15:28.608+0000] {python.py:177} INFO - Done. Returned value was: None
[2023-07-29T14:15:28.673+0000] {taskinstance.py:1327} INFO - Marking task as SUCCESS. dag_id=data_engineering_jobs_dags_v3, task_id=get_jobs, execution_date=20230729T141504, start_date=20230729T141522, end_date=20230729T141528
[2023-07-29T14:15:29.075+0000] {local_task_job.py:159} INFO - Task exited with return code 0
[2023-07-29T14:15:29.407+0000] {taskinstance.py:2582} INFO - 2 downstream tasks scheduled from follow-on schedule check
