[2023-07-23T16:43:59.064+0000] {taskinstance.py:1087} INFO - Dependencies all met for <TaskInstance: my_first_dag.greet_world manual__2023-07-23T16:43:49.246354+00:00 [queued]>
[2023-07-23T16:43:59.255+0000] {taskinstance.py:1087} INFO - Dependencies all met for <TaskInstance: my_first_dag.greet_world manual__2023-07-23T16:43:49.246354+00:00 [queued]>
[2023-07-23T16:43:59.273+0000] {taskinstance.py:1283} INFO - 
--------------------------------------------------------------------------------
[2023-07-23T16:43:59.335+0000] {taskinstance.py:1284} INFO - Starting attempt 1 of 3
[2023-07-23T16:43:59.365+0000] {taskinstance.py:1285} INFO - 
--------------------------------------------------------------------------------
[2023-07-23T16:43:59.650+0000] {taskinstance.py:1304} INFO - Executing <Task(BashOperator): greet_world> on 2023-07-23 16:43:49.246354+00:00
[2023-07-23T16:43:59.775+0000] {standard_task_runner.py:55} INFO - Started process 1629 to run task
[2023-07-23T16:43:59.808+0000] {standard_task_runner.py:82} INFO - Running: ['***', 'tasks', 'run', 'my_first_dag', 'greet_world', 'manual__2023-07-23T16:43:49.246354+00:00', '--job-id', '11', '--raw', '--subdir', 'DAGS_FOLDER/bash_operator.py', '--cfg-path', '/tmp/tmpol86trr4']
[2023-07-23T16:43:59.954+0000] {standard_task_runner.py:83} INFO - Job 11: Subtask greet_world
[2023-07-23T16:44:01.201+0000] {task_command.py:389} INFO - Running <TaskInstance: my_first_dag.greet_world manual__2023-07-23T16:43:49.246354+00:00 [running]> on host bc3380e7707e
[2023-07-23T16:44:02.874+0000] {taskinstance.py:1513} INFO - Exporting the following env vars:
AIRFLOW_CTX_DAG_OWNER=ebejale
AIRFLOW_CTX_DAG_ID=my_first_dag
AIRFLOW_CTX_TASK_ID=greet_world
AIRFLOW_CTX_EXECUTION_DATE=2023-07-23T16:43:49.246354+00:00
AIRFLOW_CTX_TRY_NUMBER=1
AIRFLOW_CTX_DAG_RUN_ID=manual__2023-07-23T16:43:49.246354+00:00
[2023-07-23T16:44:02.885+0000] {subprocess.py:63} INFO - Tmp dir root location: 
 /tmp
[2023-07-23T16:44:02.891+0000] {subprocess.py:75} INFO - Running command: ['/bin/bash', '-c', 'echo hello world']
[2023-07-23T16:44:02.920+0000] {subprocess.py:86} INFO - Output:
[2023-07-23T16:44:02.974+0000] {subprocess.py:93} INFO - hello world
[2023-07-23T16:44:02.990+0000] {subprocess.py:97} INFO - Command exited with return code 0
[2023-07-23T16:44:03.523+0000] {taskinstance.py:1327} INFO - Marking task as SUCCESS. dag_id=my_first_dag, task_id=greet_world, execution_date=20230723T164349, start_date=20230723T164359, end_date=20230723T164403
[2023-07-23T16:44:04.049+0000] {local_task_job.py:159} INFO - Task exited with return code 0
[2023-07-23T16:44:04.178+0000] {taskinstance.py:2582} INFO - 0 downstream tasks scheduled from follow-on schedule check
