[2023-07-27T09:15:03.844+0000] {taskinstance.py:1087} INFO - Dependencies all met for <TaskInstance: data_engineer_jobs_dag.extract_relevant_records_from_overall_data scheduled__2023-01-23T00:00:00+00:00 [queued]>
[2023-07-27T09:15:03.949+0000] {taskinstance.py:1087} INFO - Dependencies all met for <TaskInstance: data_engineer_jobs_dag.extract_relevant_records_from_overall_data scheduled__2023-01-23T00:00:00+00:00 [queued]>
[2023-07-27T09:15:03.950+0000] {taskinstance.py:1283} INFO - 
--------------------------------------------------------------------------------
[2023-07-27T09:15:03.956+0000] {taskinstance.py:1284} INFO - Starting attempt 2 of 2
[2023-07-27T09:15:03.960+0000] {taskinstance.py:1285} INFO - 
--------------------------------------------------------------------------------
[2023-07-27T09:15:04.223+0000] {taskinstance.py:1304} INFO - Executing <Task(PythonOperator): extract_relevant_records_from_overall_data> on 2023-01-23 00:00:00+00:00
[2023-07-27T09:15:04.272+0000] {standard_task_runner.py:55} INFO - Started process 8974 to run task
[2023-07-27T09:15:04.312+0000] {standard_task_runner.py:82} INFO - Running: ['***', 'tasks', 'run', 'data_engineer_jobs_dag', 'extract_relevant_records_from_overall_data', 'scheduled__2023-01-23T00:00:00+00:00', '--job-id', '1234', '--raw', '--subdir', 'DAGS_FOLDER/load_data.py', '--cfg-path', '/tmp/tmpdmt6la3r']
[2023-07-27T09:15:04.341+0000] {standard_task_runner.py:83} INFO - Job 1234: Subtask extract_relevant_records_from_overall_data
[2023-07-27T09:15:04.841+0000] {task_command.py:389} INFO - Running <TaskInstance: data_engineer_jobs_dag.extract_relevant_records_from_overall_data scheduled__2023-01-23T00:00:00+00:00 [running]> on host bc3380e7707e
[2023-07-27T09:15:05.523+0000] {taskinstance.py:1513} INFO - Exporting the following env vars:
AIRFLOW_CTX_DAG_EMAIL=kasimir.Ikuenobe@hotmail.com
AIRFLOW_CTX_DAG_OWNER=ebejale
AIRFLOW_CTX_DAG_ID=data_engineer_jobs_dag
AIRFLOW_CTX_TASK_ID=extract_relevant_records_from_overall_data
AIRFLOW_CTX_EXECUTION_DATE=2023-01-23T00:00:00+00:00
AIRFLOW_CTX_TRY_NUMBER=2
AIRFLOW_CTX_DAG_RUN_ID=scheduled__2023-01-23T00:00:00+00:00
[2023-07-27T09:15:05.645+0000] {taskinstance.py:1772} ERROR - Task failed with exception
Traceback (most recent call last):
  File "/home/airflow/.local/lib/python3.7/site-packages/airflow/operators/python.py", line 175, in execute
    return_value = self.execute_callable()
  File "/home/airflow/.local/lib/python3.7/site-packages/airflow/operators/python.py", line 192, in execute_callable
    return self.python_callable(*self.op_args, **self.op_kwargs)
  File "/opt/airflow/dags/load_data.py", line 81, in extract_relevant_records_from_overall_data
    for i in range(len(data['data'])):
KeyError: 'data'
[2023-07-27T09:15:05.756+0000] {taskinstance.py:1327} INFO - Marking task as FAILED. dag_id=data_engineer_jobs_dag, task_id=extract_relevant_records_from_overall_data, execution_date=20230123T000000, start_date=20230727T091503, end_date=20230727T091505
[2023-07-27T09:15:06.171+0000] {standard_task_runner.py:105} ERROR - Failed to execute job 1234 for task extract_relevant_records_from_overall_data ('data'; 8974)
[2023-07-27T09:15:06.341+0000] {local_task_job.py:159} INFO - Task exited with return code 1
[2023-07-27T09:15:06.834+0000] {taskinstance.py:2582} INFO - 0 downstream tasks scheduled from follow-on schedule check
