[2023-07-29T10:23:27.956+0000] {taskinstance.py:1087} INFO - Dependencies all met for <TaskInstance: my_first_dag_v2.greet_world scheduled__2023-07-28T02:00:00+00:00 [queued]>
[2023-07-29T10:23:28.095+0000] {taskinstance.py:1087} INFO - Dependencies all met for <TaskInstance: my_first_dag_v2.greet_world scheduled__2023-07-28T02:00:00+00:00 [queued]>
[2023-07-29T10:23:28.107+0000] {taskinstance.py:1283} INFO - 
--------------------------------------------------------------------------------
[2023-07-29T10:23:28.145+0000] {taskinstance.py:1284} INFO - Starting attempt 1 of 3
[2023-07-29T10:23:28.180+0000] {taskinstance.py:1285} INFO - 
--------------------------------------------------------------------------------
[2023-07-29T10:23:28.919+0000] {taskinstance.py:1304} INFO - Executing <Task(BashOperator): greet_world> on 2023-07-28 02:00:00+00:00
[2023-07-29T10:23:29.001+0000] {standard_task_runner.py:55} INFO - Started process 158 to run task
[2023-07-29T10:23:29.307+0000] {standard_task_runner.py:82} INFO - Running: ['***', 'tasks', 'run', 'my_first_dag_v2', 'greet_world', 'scheduled__2023-07-28T02:00:00+00:00', '--job-id', '1852', '--raw', '--subdir', 'DAGS_FOLDER/bash_operator1.py', '--cfg-path', '/tmp/tmp1hbsm26x']
[2023-07-29T10:23:29.337+0000] {standard_task_runner.py:83} INFO - Job 1852: Subtask greet_world
[2023-07-29T10:23:31.850+0000] {task_command.py:389} INFO - Running <TaskInstance: my_first_dag_v2.greet_world scheduled__2023-07-28T02:00:00+00:00 [running]> on host f1ea17bde741
[2023-07-29T10:23:36.548+0000] {taskinstance.py:1513} INFO - Exporting the following env vars:
AIRFLOW_CTX_DAG_OWNER=ebejale
AIRFLOW_CTX_DAG_ID=my_first_dag_v2
AIRFLOW_CTX_TASK_ID=greet_world
AIRFLOW_CTX_EXECUTION_DATE=2023-07-28T02:00:00+00:00
AIRFLOW_CTX_TRY_NUMBER=1
AIRFLOW_CTX_DAG_RUN_ID=scheduled__2023-07-28T02:00:00+00:00
[2023-07-29T10:23:36.556+0000] {subprocess.py:63} INFO - Tmp dir root location: 
 /tmp
[2023-07-29T10:23:36.576+0000] {subprocess.py:75} INFO - Running command: ['/bin/bash', '-c', 'echo hello world']
[2023-07-29T10:23:37.166+0000] {subprocess.py:86} INFO - Output:
[2023-07-29T10:23:37.233+0000] {subprocess.py:93} INFO - hello world
[2023-07-29T10:23:37.273+0000] {subprocess.py:97} INFO - Command exited with return code 0
[2023-07-29T10:23:38.118+0000] {taskinstance.py:1327} INFO - Marking task as SUCCESS. dag_id=my_first_dag_v2, task_id=greet_world, execution_date=20230728T020000, start_date=20230729T102327, end_date=20230729T102338
[2023-07-29T10:23:40.387+0000] {local_task_job.py:159} INFO - Task exited with return code 0
[2023-07-29T10:23:40.747+0000] {dagrun.py:696} ERROR - Failed to get task for ti <TaskInstance: my_first_dag_v2.intro scheduled__2023-07-28T02:00:00+00:00 [queued]>. Marking it as removed.
[2023-07-29T10:23:40.811+0000] {taskinstance.py:2582} INFO - 1 downstream tasks scheduled from follow-on schedule check
