[2023-07-29T14:53:00.216+0000] {taskinstance.py:1087} INFO - Dependencies all met for <TaskInstance: data_engineering_jobs_dags_v3.write_to_csv scheduled__2023-04-27T00:00:00+00:00 [queued]>
[2023-07-29T14:53:00.766+0000] {taskinstance.py:1087} INFO - Dependencies all met for <TaskInstance: data_engineering_jobs_dags_v3.write_to_csv scheduled__2023-04-27T00:00:00+00:00 [queued]>
[2023-07-29T14:53:00.781+0000] {taskinstance.py:1283} INFO - 
--------------------------------------------------------------------------------
[2023-07-29T14:53:00.909+0000] {taskinstance.py:1284} INFO - Starting attempt 1 of 2
[2023-07-29T14:53:00.912+0000] {taskinstance.py:1285} INFO - 
--------------------------------------------------------------------------------
[2023-07-29T14:53:02.396+0000] {taskinstance.py:1304} INFO - Executing <Task(PythonOperator): write_to_csv> on 2023-04-27 00:00:00+00:00
[2023-07-29T14:53:02.495+0000] {standard_task_runner.py:55} INFO - Started process 11641 to run task
[2023-07-29T14:53:03.115+0000] {standard_task_runner.py:82} INFO - Running: ['***', 'tasks', 'run', 'data_engineering_jobs_dags_v3', 'write_to_csv', 'scheduled__2023-04-27T00:00:00+00:00', '--job-id', '2532', '--raw', '--subdir', 'DAGS_FOLDER/load_data_v3.py', '--cfg-path', '/tmp/tmpyhiu7aaj']
[2023-07-29T14:53:03.257+0000] {standard_task_runner.py:83} INFO - Job 2532: Subtask write_to_csv
[2023-07-29T14:53:08.882+0000] {task_command.py:389} INFO - Running <TaskInstance: data_engineering_jobs_dags_v3.write_to_csv scheduled__2023-04-27T00:00:00+00:00 [running]> on host f1ea17bde741
[2023-07-29T14:53:15.655+0000] {taskinstance.py:1513} INFO - Exporting the following env vars:
AIRFLOW_CTX_DAG_OWNER=***
AIRFLOW_CTX_DAG_ID=data_engineering_jobs_dags_v3
AIRFLOW_CTX_TASK_ID=write_to_csv
AIRFLOW_CTX_EXECUTION_DATE=2023-04-27T00:00:00+00:00
AIRFLOW_CTX_TRY_NUMBER=1
AIRFLOW_CTX_DAG_RUN_ID=scheduled__2023-04-27T00:00:00+00:00
[2023-07-29T14:53:16.084+0000] {python.py:177} INFO - Done. Returned value was: None
[2023-07-29T14:53:16.613+0000] {taskinstance.py:1327} INFO - Marking task as SUCCESS. dag_id=data_engineering_jobs_dags_v3, task_id=write_to_csv, execution_date=20230427T000000, start_date=20230729T145300, end_date=20230729T145316
[2023-07-29T14:53:20.064+0000] {local_task_job.py:159} INFO - Task exited with return code 0
[2023-07-29T14:53:21.550+0000] {taskinstance.py:2582} INFO - 0 downstream tasks scheduled from follow-on schedule check
