[2023-07-27T09:53:14.613+0000] {taskinstance.py:1087} INFO - Dependencies all met for <TaskInstance: data_engineer_jobs_dag.get_data_from_api scheduled__2023-04-24T00:00:00+00:00 [queued]>
[2023-07-27T09:53:14.639+0000] {taskinstance.py:1087} INFO - Dependencies all met for <TaskInstance: data_engineer_jobs_dag.get_data_from_api scheduled__2023-04-24T00:00:00+00:00 [queued]>
[2023-07-27T09:53:14.640+0000] {taskinstance.py:1283} INFO - 
--------------------------------------------------------------------------------
[2023-07-27T09:53:14.756+0000] {taskinstance.py:1284} INFO - Starting attempt 1 of 2
[2023-07-27T09:53:14.759+0000] {taskinstance.py:1285} INFO - 
--------------------------------------------------------------------------------
[2023-07-27T09:53:14.965+0000] {taskinstance.py:1304} INFO - Executing <Task(PythonOperator): get_data_from_api> on 2023-04-24 00:00:00+00:00
[2023-07-27T09:53:14.989+0000] {standard_task_runner.py:55} INFO - Started process 11091 to run task
[2023-07-27T09:53:15.017+0000] {standard_task_runner.py:82} INFO - Running: ['***', 'tasks', 'run', 'data_engineer_jobs_dag', 'get_data_from_api', 'scheduled__2023-04-24T00:00:00+00:00', '--job-id', '1491', '--raw', '--subdir', 'DAGS_FOLDER/load_data.py', '--cfg-path', '/tmp/tmpqx6ln99d']
[2023-07-27T09:53:15.038+0000] {standard_task_runner.py:83} INFO - Job 1491: Subtask get_data_from_api
[2023-07-27T09:53:15.463+0000] {task_command.py:389} INFO - Running <TaskInstance: data_engineer_jobs_dag.get_data_from_api scheduled__2023-04-24T00:00:00+00:00 [running]> on host bc3380e7707e
[2023-07-27T09:53:16.741+0000] {taskinstance.py:1513} INFO - Exporting the following env vars:
AIRFLOW_CTX_DAG_EMAIL=kasimir.Ikuenobe@hotmail.com
AIRFLOW_CTX_DAG_OWNER=ebejale
AIRFLOW_CTX_DAG_ID=data_engineer_jobs_dag
AIRFLOW_CTX_TASK_ID=get_data_from_api
AIRFLOW_CTX_EXECUTION_DATE=2023-04-24T00:00:00+00:00
AIRFLOW_CTX_TRY_NUMBER=1
AIRFLOW_CTX_DAG_RUN_ID=scheduled__2023-04-24T00:00:00+00:00
[2023-07-27T09:53:24.932+0000] {python.py:177} INFO - Done. Returned value was: {'message': 'You have exceeded the MONTHLY quota for Requests on your current plan, BASIC. Upgrade your plan at https://rapidapi.com/letscrape-6bRBa3QguO5/api/jsearch'}
[2023-07-27T09:53:25.162+0000] {taskinstance.py:1327} INFO - Marking task as SUCCESS. dag_id=data_engineer_jobs_dag, task_id=get_data_from_api, execution_date=20230424T000000, start_date=20230727T095314, end_date=20230727T095325
[2023-07-27T09:53:25.534+0000] {local_task_job.py:159} INFO - Task exited with return code 0
[2023-07-27T09:53:26.195+0000] {taskinstance.py:2582} INFO - 0 downstream tasks scheduled from follow-on schedule check
