[2023-07-29T14:35:39.314+0000] {taskinstance.py:1087} INFO - Dependencies all met for <TaskInstance: data_engineering_jobs_dags_v3.write_to_csv scheduled__2023-03-14T00:00:00+00:00 [queued]>
[2023-07-29T14:35:39.559+0000] {taskinstance.py:1087} INFO - Dependencies all met for <TaskInstance: data_engineering_jobs_dags_v3.write_to_csv scheduled__2023-03-14T00:00:00+00:00 [queued]>
[2023-07-29T14:35:39.564+0000] {taskinstance.py:1283} INFO - 
--------------------------------------------------------------------------------
[2023-07-29T14:35:39.581+0000] {taskinstance.py:1284} INFO - Starting attempt 1 of 2
[2023-07-29T14:35:39.582+0000] {taskinstance.py:1285} INFO - 
--------------------------------------------------------------------------------
[2023-07-29T14:35:42.629+0000] {taskinstance.py:1304} INFO - Executing <Task(PythonOperator): write_to_csv> on 2023-03-14 00:00:00+00:00
[2023-07-29T14:35:42.646+0000] {standard_task_runner.py:55} INFO - Started process 10541 to run task
[2023-07-29T14:35:42.843+0000] {standard_task_runner.py:82} INFO - Running: ['***', 'tasks', 'run', 'data_engineering_jobs_dags_v3', 'write_to_csv', 'scheduled__2023-03-14T00:00:00+00:00', '--job-id', '2367', '--raw', '--subdir', 'DAGS_FOLDER/load_data_v3.py', '--cfg-path', '/tmp/tmpmiroht43']
[2023-07-29T14:35:42.870+0000] {standard_task_runner.py:83} INFO - Job 2367: Subtask write_to_csv
[2023-07-29T14:35:44.941+0000] {task_command.py:389} INFO - Running <TaskInstance: data_engineering_jobs_dags_v3.write_to_csv scheduled__2023-03-14T00:00:00+00:00 [running]> on host f1ea17bde741
[2023-07-29T14:35:46.318+0000] {taskinstance.py:1513} INFO - Exporting the following env vars:
AIRFLOW_CTX_DAG_OWNER=***
AIRFLOW_CTX_DAG_ID=data_engineering_jobs_dags_v3
AIRFLOW_CTX_TASK_ID=write_to_csv
AIRFLOW_CTX_EXECUTION_DATE=2023-03-14T00:00:00+00:00
AIRFLOW_CTX_TRY_NUMBER=1
AIRFLOW_CTX_DAG_RUN_ID=scheduled__2023-03-14T00:00:00+00:00
[2023-07-29T14:35:46.489+0000] {python.py:177} INFO - Done. Returned value was: None
[2023-07-29T14:35:46.586+0000] {taskinstance.py:1327} INFO - Marking task as SUCCESS. dag_id=data_engineering_jobs_dags_v3, task_id=write_to_csv, execution_date=20230314T000000, start_date=20230729T143539, end_date=20230729T143546
[2023-07-29T14:35:47.025+0000] {local_task_job.py:159} INFO - Task exited with return code 0
[2023-07-29T14:35:47.607+0000] {taskinstance.py:2582} INFO - 0 downstream tasks scheduled from follow-on schedule check
