[2023-07-31T12:53:06.588+0000] {taskinstance.py:1087} INFO - Dependencies all met for <TaskInstance: job_data_pipeline_plus_csv.write_to_postgres manual__2023-07-31T12:46:11.714766+00:00 [queued]>
[2023-07-31T12:53:06.774+0000] {taskinstance.py:1087} INFO - Dependencies all met for <TaskInstance: job_data_pipeline_plus_csv.write_to_postgres manual__2023-07-31T12:46:11.714766+00:00 [queued]>
[2023-07-31T12:53:06.849+0000] {taskinstance.py:1283} INFO - 
--------------------------------------------------------------------------------
[2023-07-31T12:53:06.865+0000] {taskinstance.py:1284} INFO - Starting attempt 1 of 2
[2023-07-31T12:53:06.882+0000] {taskinstance.py:1285} INFO - 
--------------------------------------------------------------------------------
[2023-07-31T12:53:07.324+0000] {taskinstance.py:1304} INFO - Executing <Task(PythonOperator): write_to_postgres> on 2023-07-31 12:46:11.714766+00:00
[2023-07-31T12:53:07.404+0000] {standard_task_runner.py:55} INFO - Started process 3372 to run task
[2023-07-31T12:53:07.535+0000] {standard_task_runner.py:82} INFO - Running: ['***', 'tasks', 'run', 'job_data_pipeline_plus_csv', 'write_to_postgres', 'manual__2023-07-31T12:46:11.714766+00:00', '--job-id', '3133', '--raw', '--subdir', 'DAGS_FOLDER/load_data_create_csv(Y).py', '--cfg-path', '/tmp/tmpquv2_nf7']
[2023-07-31T12:53:07.579+0000] {standard_task_runner.py:83} INFO - Job 3133: Subtask write_to_postgres
[2023-07-31T12:53:09.064+0000] {task_command.py:389} INFO - Running <TaskInstance: job_data_pipeline_plus_csv.write_to_postgres manual__2023-07-31T12:46:11.714766+00:00 [running]> on host 4b7777060932
[2023-07-31T12:53:11.026+0000] {taskinstance.py:1513} INFO - Exporting the following env vars:
AIRFLOW_CTX_DAG_OWNER=***
AIRFLOW_CTX_DAG_ID=job_data_pipeline_plus_csv
AIRFLOW_CTX_TASK_ID=write_to_postgres
AIRFLOW_CTX_EXECUTION_DATE=2023-07-31T12:46:11.714766+00:00
AIRFLOW_CTX_TRY_NUMBER=1
AIRFLOW_CTX_DAG_RUN_ID=manual__2023-07-31T12:46:11.714766+00:00
[2023-07-31T12:53:12.134+0000] {base.py:73} INFO - Using connection ID 'my_connection' for task execution.
[2023-07-31T12:53:15.508+0000] {python.py:177} INFO - Done. Returned value was: None
[2023-07-31T12:53:15.787+0000] {taskinstance.py:1327} INFO - Marking task as SUCCESS. dag_id=job_data_pipeline_plus_csv, task_id=write_to_postgres, execution_date=20230731T124611, start_date=20230731T125306, end_date=20230731T125315
[2023-07-31T12:53:16.356+0000] {local_task_job.py:159} INFO - Task exited with return code 0
[2023-07-31T12:53:17.189+0000] {taskinstance.py:2582} INFO - 1 downstream tasks scheduled from follow-on schedule check
