[2023-07-31T12:51:23.127+0000] {taskinstance.py:1087} INFO - Dependencies all met for <TaskInstance: job_data_pipeline_plus_csv.write_to_postgres manual__2023-07-31T12:50:28.216856+00:00 [queued]>
[2023-07-31T12:51:23.295+0000] {taskinstance.py:1087} INFO - Dependencies all met for <TaskInstance: job_data_pipeline_plus_csv.write_to_postgres manual__2023-07-31T12:50:28.216856+00:00 [queued]>
[2023-07-31T12:51:23.299+0000] {taskinstance.py:1283} INFO - 
--------------------------------------------------------------------------------
[2023-07-31T12:51:23.325+0000] {taskinstance.py:1284} INFO - Starting attempt 1 of 2
[2023-07-31T12:51:23.356+0000] {taskinstance.py:1285} INFO - 
--------------------------------------------------------------------------------
[2023-07-31T12:51:23.776+0000] {taskinstance.py:1304} INFO - Executing <Task(PythonOperator): write_to_postgres> on 2023-07-31 12:50:28.216856+00:00
[2023-07-31T12:51:23.827+0000] {standard_task_runner.py:55} INFO - Started process 3309 to run task
[2023-07-31T12:51:23.908+0000] {standard_task_runner.py:82} INFO - Running: ['***', 'tasks', 'run', 'job_data_pipeline_plus_csv', 'write_to_postgres', 'manual__2023-07-31T12:50:28.216856+00:00', '--job-id', '3129', '--raw', '--subdir', 'DAGS_FOLDER/load_data_create_csv(Y).py', '--cfg-path', '/tmp/tmprn32t6aw']
[2023-07-31T12:51:23.974+0000] {standard_task_runner.py:83} INFO - Job 3129: Subtask write_to_postgres
[2023-07-31T12:51:25.321+0000] {task_command.py:389} INFO - Running <TaskInstance: job_data_pipeline_plus_csv.write_to_postgres manual__2023-07-31T12:50:28.216856+00:00 [running]> on host 4b7777060932
[2023-07-31T12:51:27.618+0000] {taskinstance.py:1513} INFO - Exporting the following env vars:
AIRFLOW_CTX_DAG_OWNER=***
AIRFLOW_CTX_DAG_ID=job_data_pipeline_plus_csv
AIRFLOW_CTX_TASK_ID=write_to_postgres
AIRFLOW_CTX_EXECUTION_DATE=2023-07-31T12:50:28.216856+00:00
AIRFLOW_CTX_TRY_NUMBER=1
AIRFLOW_CTX_DAG_RUN_ID=manual__2023-07-31T12:50:28.216856+00:00
[2023-07-31T12:51:28.204+0000] {base.py:73} INFO - Using connection ID 'my_connection' for task execution.
[2023-07-31T12:51:28.926+0000] {python.py:177} INFO - Done. Returned value was: None
[2023-07-31T12:51:29.187+0000] {taskinstance.py:1327} INFO - Marking task as SUCCESS. dag_id=job_data_pipeline_plus_csv, task_id=write_to_postgres, execution_date=20230731T125028, start_date=20230731T125123, end_date=20230731T125129
[2023-07-31T12:51:29.658+0000] {local_task_job.py:159} INFO - Task exited with return code 0
[2023-07-31T12:51:29.903+0000] {taskinstance.py:2582} INFO - 1 downstream tasks scheduled from follow-on schedule check
