[2023-07-29T12:50:26.055+0000] {taskinstance.py:1087} INFO - Dependencies all met for <TaskInstance: my_postgres_dag_v3-1.create_table manual__2023-07-29T12:49:56.931029+00:00 [queued]>
[2023-07-29T12:50:26.297+0000] {taskinstance.py:1087} INFO - Dependencies all met for <TaskInstance: my_postgres_dag_v3-1.create_table manual__2023-07-29T12:49:56.931029+00:00 [queued]>
[2023-07-29T12:50:26.299+0000] {taskinstance.py:1283} INFO - 
--------------------------------------------------------------------------------
[2023-07-29T12:50:26.389+0000] {taskinstance.py:1284} INFO - Starting attempt 1 of 3
[2023-07-29T12:50:26.392+0000] {taskinstance.py:1285} INFO - 
--------------------------------------------------------------------------------
[2023-07-29T12:50:27.029+0000] {taskinstance.py:1304} INFO - Executing <Task(PostgresOperator): create_table> on 2023-07-29 12:49:56.931029+00:00
[2023-07-29T12:50:27.149+0000] {standard_task_runner.py:55} INFO - Started process 5858 to run task
[2023-07-29T12:50:27.322+0000] {standard_task_runner.py:82} INFO - Running: ['***', 'tasks', 'run', 'my_postgres_dag_v3-1', 'create_table', 'manual__2023-07-29T12:49:56.931029+00:00', '--job-id', '2051', '--raw', '--subdir', 'DAGS_FOLDER/postgres_operator_v2-2.py', '--cfg-path', '/tmp/tmpee4qbg28']
[2023-07-29T12:50:27.368+0000] {standard_task_runner.py:83} INFO - Job 2051: Subtask create_table
[2023-07-29T12:50:30.146+0000] {task_command.py:389} INFO - Running <TaskInstance: my_postgres_dag_v3-1.create_table manual__2023-07-29T12:49:56.931029+00:00 [running]> on host f1ea17bde741
[2023-07-29T12:50:34.793+0000] {taskinstance.py:1513} INFO - Exporting the following env vars:
AIRFLOW_CTX_DAG_OWNER=Byron
AIRFLOW_CTX_DAG_ID=my_postgres_dag_v3-1
AIRFLOW_CTX_TASK_ID=create_table
AIRFLOW_CTX_EXECUTION_DATE=2023-07-29T12:49:56.931029+00:00
AIRFLOW_CTX_TRY_NUMBER=1
AIRFLOW_CTX_DAG_RUN_ID=manual__2023-07-29T12:49:56.931029+00:00
[2023-07-29T12:50:34.795+0000] {sql.py:253} INFO - Executing: CREATE TABLE IF NOT EXISTS ***_users (id SERIAL PRIMARY KEY, name VARCHAR(30))
[2023-07-29T12:50:35.021+0000] {base.py:73} INFO - Using connection ID 'my_connection' for task execution.
[2023-07-29T12:50:45.963+0000] {base.py:73} INFO - Using connection ID 'my_connection' for task execution.
[2023-07-29T12:50:46.082+0000] {sql.py:364} INFO - Running statement: CREATE TABLE IF NOT EXISTS ***_users (id SERIAL PRIMARY KEY, name VARCHAR(30)), parameters: None
[2023-07-29T12:50:46.343+0000] {taskinstance.py:1327} INFO - Marking task as SUCCESS. dag_id=my_postgres_dag_v3-1, task_id=create_table, execution_date=20230729T124956, start_date=20230729T125026, end_date=20230729T125046
[2023-07-29T12:50:47.103+0000] {local_task_job.py:159} INFO - Task exited with return code 0
[2023-07-29T12:50:48.049+0000] {taskinstance.py:2582} INFO - 1 downstream tasks scheduled from follow-on schedule check
