[2023-07-29T11:17:50.498+0000] {taskinstance.py:1087} INFO - Dependencies all met for <TaskInstance: my_python_dag_v7.my_address scheduled__2023-07-26T02:00:00+00:00 [queued]>
[2023-07-29T11:17:51.009+0000] {taskinstance.py:1087} INFO - Dependencies all met for <TaskInstance: my_python_dag_v7.my_address scheduled__2023-07-26T02:00:00+00:00 [queued]>
[2023-07-29T11:17:51.023+0000] {taskinstance.py:1283} INFO - 
--------------------------------------------------------------------------------
[2023-07-29T11:17:51.055+0000] {taskinstance.py:1284} INFO - Starting attempt 1 of 3
[2023-07-29T11:17:51.106+0000] {taskinstance.py:1285} INFO - 
--------------------------------------------------------------------------------
[2023-07-29T11:17:52.203+0000] {taskinstance.py:1304} INFO - Executing <Task(PythonOperator): my_address> on 2023-07-26 02:00:00+00:00
[2023-07-29T11:17:52.397+0000] {standard_task_runner.py:55} INFO - Started process 2482 to run task
[2023-07-29T11:17:52.457+0000] {standard_task_runner.py:82} INFO - Running: ['***', 'tasks', 'run', 'my_python_dag_v7', 'my_address', 'scheduled__2023-07-26T02:00:00+00:00', '--job-id', '2020', '--raw', '--subdir', 'DAGS_FOLDER/python_operatorv7.py', '--cfg-path', '/tmp/tmp_9csl19l']
[2023-07-29T11:17:52.600+0000] {standard_task_runner.py:83} INFO - Job 2020: Subtask my_address
[2023-07-29T11:17:54.591+0000] {task_command.py:389} INFO - Running <TaskInstance: my_python_dag_v7.my_address scheduled__2023-07-26T02:00:00+00:00 [running]> on host f1ea17bde741
[2023-07-29T11:17:58.684+0000] {taskinstance.py:1513} INFO - Exporting the following env vars:
AIRFLOW_CTX_DAG_OWNER=Byron
AIRFLOW_CTX_DAG_ID=my_python_dag_v7
AIRFLOW_CTX_TASK_ID=my_address
AIRFLOW_CTX_EXECUTION_DATE=2023-07-26T02:00:00+00:00
AIRFLOW_CTX_TRY_NUMBER=1
AIRFLOW_CTX_DAG_RUN_ID=scheduled__2023-07-26T02:00:00+00:00
[2023-07-29T11:18:04.455+0000] {python.py:177} INFO - Done. Returned value was: None
[2023-07-29T11:18:04.839+0000] {taskinstance.py:1327} INFO - Marking task as SUCCESS. dag_id=my_python_dag_v7, task_id=my_address, execution_date=20230726T020000, start_date=20230729T111750, end_date=20230729T111804
[2023-07-29T11:18:05.818+0000] {local_task_job.py:159} INFO - Task exited with return code 0
[2023-07-29T11:18:06.713+0000] {taskinstance.py:2582} INFO - 1 downstream tasks scheduled from follow-on schedule check
