[2023-07-29T15:29:47.279+0000] {taskinstance.py:1087} INFO - Dependencies all met for <TaskInstance: data_engineering_jobs_dags_v3.write_to_postgres scheduled__2023-06-20T00:00:00+00:00 [queued]>
[2023-07-29T15:29:47.824+0000] {taskinstance.py:1087} INFO - Dependencies all met for <TaskInstance: data_engineering_jobs_dags_v3.write_to_postgres scheduled__2023-06-20T00:00:00+00:00 [queued]>
[2023-07-29T15:29:47.854+0000] {taskinstance.py:1283} INFO - 
--------------------------------------------------------------------------------
[2023-07-29T15:29:47.921+0000] {taskinstance.py:1284} INFO - Starting attempt 2 of 2
[2023-07-29T15:29:47.937+0000] {taskinstance.py:1285} INFO - 
--------------------------------------------------------------------------------
[2023-07-29T15:29:49.000+0000] {taskinstance.py:1304} INFO - Executing <Task(PythonOperator): write_to_postgres> on 2023-06-20 00:00:00+00:00
[2023-07-29T15:29:49.324+0000] {standard_task_runner.py:55} INFO - Started process 13766 to run task
[2023-07-29T15:29:49.540+0000] {standard_task_runner.py:82} INFO - Running: ['***', 'tasks', 'run', 'data_engineering_jobs_dags_v3', 'write_to_postgres', 'scheduled__2023-06-20T00:00:00+00:00', '--job-id', '2826', '--raw', '--subdir', 'DAGS_FOLDER/load_data_v3.py', '--cfg-path', '/tmp/tmpehkspewd']
[2023-07-29T15:29:49.589+0000] {standard_task_runner.py:83} INFO - Job 2826: Subtask write_to_postgres
[2023-07-29T15:29:50.979+0000] {task_command.py:389} INFO - Running <TaskInstance: data_engineering_jobs_dags_v3.write_to_postgres scheduled__2023-06-20T00:00:00+00:00 [running]> on host f1ea17bde741
[2023-07-29T15:29:52.739+0000] {taskinstance.py:1513} INFO - Exporting the following env vars:
AIRFLOW_CTX_DAG_OWNER=***
AIRFLOW_CTX_DAG_ID=data_engineering_jobs_dags_v3
AIRFLOW_CTX_TASK_ID=write_to_postgres
AIRFLOW_CTX_EXECUTION_DATE=2023-06-20T00:00:00+00:00
AIRFLOW_CTX_TRY_NUMBER=2
AIRFLOW_CTX_DAG_RUN_ID=scheduled__2023-06-20T00:00:00+00:00
[2023-07-29T15:29:53.311+0000] {base.py:73} INFO - Using connection ID 'my_connection' for task execution.
[2023-07-29T15:29:53.922+0000] {taskinstance.py:1772} ERROR - Task failed with exception
Traceback (most recent call last):
  File "/home/airflow/.local/lib/python3.7/site-packages/airflow/operators/python.py", line 175, in execute
    return_value = self.execute_callable()
  File "/home/airflow/.local/lib/python3.7/site-packages/airflow/operators/python.py", line 192, in execute_callable
    return self.python_callable(*self.op_args, **self.op_kwargs)
  File "/opt/airflow/dags/load_data_v3.py", line 74, in write_to_postgres
    execute_values(cursor, insert_statement, [tuple(x) for x in df.to_records(index=False)])
  File "/home/airflow/.local/lib/python3.7/site-packages/psycopg2/extras.py", line 1299, in execute_values
    cur.execute(b''.join(parts))
psycopg2.errors.UndefinedTable: relation "jobs" does not exist
LINE 1: INSERT INTO jobs (description,salary_min,salary_max,contract...
                    ^

[2023-07-29T15:29:54.066+0000] {taskinstance.py:1327} INFO - Marking task as FAILED. dag_id=data_engineering_jobs_dags_v3, task_id=write_to_postgres, execution_date=20230620T000000, start_date=20230729T152947, end_date=20230729T152954
[2023-07-29T15:29:55.000+0000] {standard_task_runner.py:105} ERROR - Failed to execute job 2826 for task write_to_postgres (relation "jobs" does not exist
LINE 1: INSERT INTO jobs (description,salary_min,salary_max,contract...
                    ^
; 13766)
[2023-07-29T15:29:55.345+0000] {local_task_job.py:159} INFO - Task exited with return code 1
[2023-07-29T15:29:56.098+0000] {taskinstance.py:2582} INFO - 0 downstream tasks scheduled from follow-on schedule check
