[2023-07-29T15:12:30.411+0000] {taskinstance.py:1087} INFO - Dependencies all met for <TaskInstance: data_engineering_jobs_dags_v3.write_to_postgres scheduled__2023-05-24T00:00:00+00:00 [queued]>
[2023-07-29T15:12:30.694+0000] {taskinstance.py:1087} INFO - Dependencies all met for <TaskInstance: data_engineering_jobs_dags_v3.write_to_postgres scheduled__2023-05-24T00:00:00+00:00 [queued]>
[2023-07-29T15:12:30.709+0000] {taskinstance.py:1283} INFO - 
--------------------------------------------------------------------------------
[2023-07-29T15:12:30.725+0000] {taskinstance.py:1284} INFO - Starting attempt 2 of 2
[2023-07-29T15:12:30.741+0000] {taskinstance.py:1285} INFO - 
--------------------------------------------------------------------------------
[2023-07-29T15:12:32.706+0000] {taskinstance.py:1304} INFO - Executing <Task(PythonOperator): write_to_postgres> on 2023-05-24 00:00:00+00:00
[2023-07-29T15:12:32.780+0000] {standard_task_runner.py:55} INFO - Started process 12820 to run task
[2023-07-29T15:12:32.984+0000] {standard_task_runner.py:82} INFO - Running: ['***', 'tasks', 'run', 'data_engineering_jobs_dags_v3', 'write_to_postgres', 'scheduled__2023-05-24T00:00:00+00:00', '--job-id', '2705', '--raw', '--subdir', 'DAGS_FOLDER/load_data_v3.py', '--cfg-path', '/tmp/tmp6al2d4c8']
[2023-07-29T15:12:33.014+0000] {standard_task_runner.py:83} INFO - Job 2705: Subtask write_to_postgres
[2023-07-29T15:12:34.292+0000] {task_command.py:389} INFO - Running <TaskInstance: data_engineering_jobs_dags_v3.write_to_postgres scheduled__2023-05-24T00:00:00+00:00 [running]> on host f1ea17bde741
[2023-07-29T15:12:36.437+0000] {taskinstance.py:1513} INFO - Exporting the following env vars:
AIRFLOW_CTX_DAG_OWNER=***
AIRFLOW_CTX_DAG_ID=data_engineering_jobs_dags_v3
AIRFLOW_CTX_TASK_ID=write_to_postgres
AIRFLOW_CTX_EXECUTION_DATE=2023-05-24T00:00:00+00:00
AIRFLOW_CTX_TRY_NUMBER=2
AIRFLOW_CTX_DAG_RUN_ID=scheduled__2023-05-24T00:00:00+00:00
[2023-07-29T15:12:36.640+0000] {base.py:73} INFO - Using connection ID 'my_connection' for task execution.
[2023-07-29T15:12:36.775+0000] {taskinstance.py:1772} ERROR - Task failed with exception
Traceback (most recent call last):
  File "/home/airflow/.local/lib/python3.7/site-packages/airflow/operators/python.py", line 175, in execute
    return_value = self.execute_callable()
  File "/home/airflow/.local/lib/python3.7/site-packages/airflow/operators/python.py", line 192, in execute_callable
    return self.python_callable(*self.op_args, **self.op_kwargs)
  File "/opt/airflow/dags/load_data_v3.py", line 71, in write_to_postgres
    execute_values(cursor, insert_statement, [tuple(x) for x in df.to_records(index=False)])
  File "/home/airflow/.local/lib/python3.7/site-packages/psycopg2/extras.py", line 1296, in execute_values
    parts.append(cur.mogrify(template, args))
psycopg2.ProgrammingError: can't adapt type 'dict'
[2023-07-29T15:12:36.911+0000] {taskinstance.py:1327} INFO - Marking task as FAILED. dag_id=data_engineering_jobs_dags_v3, task_id=write_to_postgres, execution_date=20230524T000000, start_date=20230729T151230, end_date=20230729T151236
[2023-07-29T15:12:37.139+0000] {standard_task_runner.py:105} ERROR - Failed to execute job 2705 for task write_to_postgres (can't adapt type 'dict'; 12820)
[2023-07-29T15:12:37.314+0000] {local_task_job.py:159} INFO - Task exited with return code 1
[2023-07-29T15:12:38.342+0000] {taskinstance.py:2582} INFO - 0 downstream tasks scheduled from follow-on schedule check
