[2023-07-31T12:25:38.558+0000] {taskinstance.py:1087} INFO - Dependencies all met for <TaskInstance: job_data_pipeline_plus_csv.get_jobs manual__2023-07-31T12:25:26.333623+00:00 [queued]>
[2023-07-31T12:25:38.785+0000] {taskinstance.py:1087} INFO - Dependencies all met for <TaskInstance: job_data_pipeline_plus_csv.get_jobs manual__2023-07-31T12:25:26.333623+00:00 [queued]>
[2023-07-31T12:25:38.813+0000] {taskinstance.py:1283} INFO - 
--------------------------------------------------------------------------------
[2023-07-31T12:25:38.830+0000] {taskinstance.py:1284} INFO - Starting attempt 1 of 2
[2023-07-31T12:25:38.841+0000] {taskinstance.py:1285} INFO - 
--------------------------------------------------------------------------------
[2023-07-31T12:25:39.067+0000] {taskinstance.py:1304} INFO - Executing <Task(PythonOperator): get_jobs> on 2023-07-31 12:25:26.333623+00:00
[2023-07-31T12:25:39.165+0000] {standard_task_runner.py:55} INFO - Started process 2395 to run task
[2023-07-31T12:25:39.220+0000] {standard_task_runner.py:82} INFO - Running: ['***', 'tasks', 'run', 'job_data_pipeline_plus_csv', 'get_jobs', 'manual__2023-07-31T12:25:26.333623+00:00', '--job-id', '3118', '--raw', '--subdir', 'DAGS_FOLDER/load_data_create_csv(Y).py', '--cfg-path', '/tmp/tmppzu7whzz']
[2023-07-31T12:25:39.242+0000] {standard_task_runner.py:83} INFO - Job 3118: Subtask get_jobs
[2023-07-31T12:25:39.994+0000] {task_command.py:389} INFO - Running <TaskInstance: job_data_pipeline_plus_csv.get_jobs manual__2023-07-31T12:25:26.333623+00:00 [running]> on host 4b7777060932
[2023-07-31T12:25:41.283+0000] {taskinstance.py:1513} INFO - Exporting the following env vars:
AIRFLOW_CTX_DAG_OWNER=***
AIRFLOW_CTX_DAG_ID=job_data_pipeline_plus_csv
AIRFLOW_CTX_TASK_ID=get_jobs
AIRFLOW_CTX_EXECUTION_DATE=2023-07-31T12:25:26.333623+00:00
AIRFLOW_CTX_TRY_NUMBER=1
AIRFLOW_CTX_DAG_RUN_ID=manual__2023-07-31T12:25:26.333623+00:00
[2023-07-31T12:25:44.128+0000] {python.py:177} INFO - Done. Returned value was: None
[2023-07-31T12:25:44.256+0000] {taskinstance.py:1327} INFO - Marking task as SUCCESS. dag_id=job_data_pipeline_plus_csv, task_id=get_jobs, execution_date=20230731T122526, start_date=20230731T122538, end_date=20230731T122544
[2023-07-31T12:25:44.714+0000] {local_task_job.py:159} INFO - Task exited with return code 0
[2023-07-31T12:25:44.918+0000] {taskinstance.py:2582} INFO - 1 downstream tasks scheduled from follow-on schedule check
