[2023-07-29T10:42:18.613+0000] {taskinstance.py:1087} INFO - Dependencies all met for <TaskInstance: data_engineering_jobs_dags_v2.get_jobs scheduled__2023-02-19T00:00:00+00:00 [queued]>
[2023-07-29T10:42:19.627+0000] {taskinstance.py:1087} INFO - Dependencies all met for <TaskInstance: data_engineering_jobs_dags_v2.get_jobs scheduled__2023-02-19T00:00:00+00:00 [queued]>
[2023-07-29T10:42:19.657+0000] {taskinstance.py:1283} INFO - 
--------------------------------------------------------------------------------
[2023-07-29T10:42:19.692+0000] {taskinstance.py:1284} INFO - Starting attempt 1 of 2
[2023-07-29T10:42:19.753+0000] {taskinstance.py:1285} INFO - 
--------------------------------------------------------------------------------
[2023-07-29T10:42:22.717+0000] {taskinstance.py:1304} INFO - Executing <Task(PythonOperator): get_jobs> on 2023-02-19 00:00:00+00:00
[2023-07-29T10:42:22.912+0000] {standard_task_runner.py:55} INFO - Started process 993 to run task
[2023-07-29T10:42:23.226+0000] {standard_task_runner.py:82} INFO - Running: ['***', 'tasks', 'run', 'data_engineering_jobs_dags_v2', 'get_jobs', 'scheduled__2023-02-19T00:00:00+00:00', '--job-id', '1924', '--raw', '--subdir', 'DAGS_FOLDER/load_data_v2.py', '--cfg-path', '/tmp/tmp12lafgi9']
[2023-07-29T10:42:23.256+0000] {standard_task_runner.py:83} INFO - Job 1924: Subtask get_jobs
[2023-07-29T10:42:28.579+0000] {task_command.py:389} INFO - Running <TaskInstance: data_engineering_jobs_dags_v2.get_jobs scheduled__2023-02-19T00:00:00+00:00 [running]> on host f1ea17bde741
[2023-07-29T10:42:35.308+0000] {taskinstance.py:1513} INFO - Exporting the following env vars:
AIRFLOW_CTX_DAG_OWNER=***
AIRFLOW_CTX_DAG_ID=data_engineering_jobs_dags_v2
AIRFLOW_CTX_TASK_ID=get_jobs
AIRFLOW_CTX_EXECUTION_DATE=2023-02-19T00:00:00+00:00
AIRFLOW_CTX_TRY_NUMBER=1
AIRFLOW_CTX_DAG_RUN_ID=scheduled__2023-02-19T00:00:00+00:00
[2023-07-29T10:42:39.031+0000] {python.py:177} INFO - Done. Returned value was: None
[2023-07-29T10:42:39.823+0000] {taskinstance.py:1327} INFO - Marking task as SUCCESS. dag_id=data_engineering_jobs_dags_v2, task_id=get_jobs, execution_date=20230219T000000, start_date=20230729T104218, end_date=20230729T104239
[2023-07-29T10:42:41.545+0000] {local_task_job.py:159} INFO - Task exited with return code 0
[2023-07-29T10:42:48.143+0000] {taskinstance.py:2582} INFO - 0 downstream tasks scheduled from follow-on schedule check
