[2023-07-29T15:37:45.712+0000] {taskinstance.py:1087} INFO - Dependencies all met for <TaskInstance: data_engineering_jobs_dags_v3.write_to_postgres scheduled__2023-07-21T00:00:00+00:00 [queued]>
[2023-07-29T15:37:46.126+0000] {taskinstance.py:1087} INFO - Dependencies all met for <TaskInstance: data_engineering_jobs_dags_v3.write_to_postgres scheduled__2023-07-21T00:00:00+00:00 [queued]>
[2023-07-29T15:37:46.129+0000] {taskinstance.py:1283} INFO - 
--------------------------------------------------------------------------------
[2023-07-29T15:37:46.215+0000] {taskinstance.py:1284} INFO - Starting attempt 1 of 2
[2023-07-29T15:37:46.219+0000] {taskinstance.py:1285} INFO - 
--------------------------------------------------------------------------------
[2023-07-29T15:37:47.053+0000] {taskinstance.py:1304} INFO - Executing <Task(PythonOperator): write_to_postgres> on 2023-07-21 00:00:00+00:00
[2023-07-29T15:37:47.147+0000] {standard_task_runner.py:55} INFO - Started process 14214 to run task
[2023-07-29T15:37:47.250+0000] {standard_task_runner.py:82} INFO - Running: ['***', 'tasks', 'run', 'data_engineering_jobs_dags_v3', 'write_to_postgres', 'scheduled__2023-07-21T00:00:00+00:00', '--job-id', '2886', '--raw', '--subdir', 'DAGS_FOLDER/load_data_v3.py', '--cfg-path', '/tmp/tmposdq6_v8']
[2023-07-29T15:37:47.371+0000] {standard_task_runner.py:83} INFO - Job 2886: Subtask write_to_postgres
[2023-07-29T15:37:49.148+0000] {task_command.py:389} INFO - Running <TaskInstance: data_engineering_jobs_dags_v3.write_to_postgres scheduled__2023-07-21T00:00:00+00:00 [running]> on host f1ea17bde741
[2023-07-29T15:37:53.060+0000] {taskinstance.py:1513} INFO - Exporting the following env vars:
AIRFLOW_CTX_DAG_OWNER=***
AIRFLOW_CTX_DAG_ID=data_engineering_jobs_dags_v3
AIRFLOW_CTX_TASK_ID=write_to_postgres
AIRFLOW_CTX_EXECUTION_DATE=2023-07-21T00:00:00+00:00
AIRFLOW_CTX_TRY_NUMBER=1
AIRFLOW_CTX_DAG_RUN_ID=scheduled__2023-07-21T00:00:00+00:00
[2023-07-29T15:37:53.637+0000] {taskinstance.py:1772} ERROR - Task failed with exception
Traceback (most recent call last):
  File "/home/airflow/.local/lib/python3.7/site-packages/airflow/operators/python.py", line 175, in execute
    return_value = self.execute_callable()
  File "/home/airflow/.local/lib/python3.7/site-packages/airflow/operators/python.py", line 192, in execute_callable
    return self.python_callable(*self.op_args, **self.op_kwargs)
  File "/opt/airflow/dags/load_data_v3.py", line 65, in write_to_postgres
    df = pd.json_normalize(df.to_dict('records'), 'company', ['display_name'], record_prefix='company_')
  File "/home/airflow/.local/lib/python3.7/site-packages/pandas/io/json/_normalize.py", line 504, in _json_normalize
    _recursive_extract(data, record_path, {}, level=0)
  File "/home/airflow/.local/lib/python3.7/site-packages/pandas/io/json/_normalize.py", line 477, in _recursive_extract
    recs = _pull_records(obj, path[0])
  File "/home/airflow/.local/lib/python3.7/site-packages/pandas/io/json/_normalize.py", line 399, in _pull_records
    result = _pull_field(js, spec)
  File "/home/airflow/.local/lib/python3.7/site-packages/pandas/io/json/_normalize.py", line 390, in _pull_field
    result = result[spec]
KeyError: 'company'
[2023-07-29T15:37:54.548+0000] {taskinstance.py:1327} INFO - Marking task as UP_FOR_RETRY. dag_id=data_engineering_jobs_dags_v3, task_id=write_to_postgres, execution_date=20230721T000000, start_date=20230729T153745, end_date=20230729T153754
[2023-07-29T15:37:55.054+0000] {standard_task_runner.py:105} ERROR - Failed to execute job 2886 for task write_to_postgres ('company'; 14214)
[2023-07-29T15:37:55.317+0000] {local_task_job.py:159} INFO - Task exited with return code 1
[2023-07-29T15:37:58.163+0000] {taskinstance.py:2582} INFO - 0 downstream tasks scheduled from follow-on schedule check
