[2023-07-26T10:02:26.728+0000] {taskinstance.py:1087} INFO - Dependencies all met for <TaskInstance: my_first_dag.greet_world scheduled__2023-07-24T00:00:00+00:00 [queued]>
[2023-07-26T10:02:26.773+0000] {taskinstance.py:1087} INFO - Dependencies all met for <TaskInstance: my_first_dag.greet_world scheduled__2023-07-24T00:00:00+00:00 [queued]>
[2023-07-26T10:02:26.774+0000] {taskinstance.py:1283} INFO - 
--------------------------------------------------------------------------------
[2023-07-26T10:02:26.830+0000] {taskinstance.py:1284} INFO - Starting attempt 1 of 3
[2023-07-26T10:02:26.832+0000] {taskinstance.py:1285} INFO - 
--------------------------------------------------------------------------------
[2023-07-26T10:02:27.445+0000] {taskinstance.py:1304} INFO - Executing <Task(BashOperator): greet_world> on 2023-07-24 00:00:00+00:00
[2023-07-26T10:02:27.454+0000] {standard_task_runner.py:55} INFO - Started process 90 to run task
[2023-07-26T10:02:27.467+0000] {standard_task_runner.py:82} INFO - Running: ['***', 'tasks', 'run', 'my_first_dag', 'greet_world', 'scheduled__2023-07-24T00:00:00+00:00', '--job-id', '14', '--raw', '--subdir', 'DAGS_FOLDER/bash_operator.py', '--cfg-path', '/tmp/tmpki5s3xug']
[2023-07-26T10:02:27.468+0000] {standard_task_runner.py:83} INFO - Job 14: Subtask greet_world
[2023-07-26T10:02:28.063+0000] {task_command.py:389} INFO - Running <TaskInstance: my_first_dag.greet_world scheduled__2023-07-24T00:00:00+00:00 [running]> on host bc3380e7707e
[2023-07-26T10:02:29.695+0000] {taskinstance.py:1513} INFO - Exporting the following env vars:
AIRFLOW_CTX_DAG_OWNER=ebejale
AIRFLOW_CTX_DAG_ID=my_first_dag
AIRFLOW_CTX_TASK_ID=greet_world
AIRFLOW_CTX_EXECUTION_DATE=2023-07-24T00:00:00+00:00
AIRFLOW_CTX_TRY_NUMBER=1
AIRFLOW_CTX_DAG_RUN_ID=scheduled__2023-07-24T00:00:00+00:00
[2023-07-26T10:02:29.697+0000] {subprocess.py:63} INFO - Tmp dir root location: 
 /tmp
[2023-07-26T10:02:29.699+0000] {subprocess.py:75} INFO - Running command: ['/bin/bash', '-c', 'echo hello world']
[2023-07-26T10:02:29.717+0000] {subprocess.py:86} INFO - Output:
[2023-07-26T10:02:29.720+0000] {subprocess.py:93} INFO - hello world
[2023-07-26T10:02:29.722+0000] {subprocess.py:97} INFO - Command exited with return code 0
[2023-07-26T10:02:30.174+0000] {taskinstance.py:1327} INFO - Marking task as SUCCESS. dag_id=my_first_dag, task_id=greet_world, execution_date=20230724T000000, start_date=20230726T100226, end_date=20230726T100230
[2023-07-26T10:02:30.788+0000] {local_task_job.py:159} INFO - Task exited with return code 0
[2023-07-26T10:02:30.852+0000] {taskinstance.py:2582} INFO - 0 downstream tasks scheduled from follow-on schedule check
