[2023-07-30T19:17:16.971+0000] {taskinstance.py:1087} INFO - Dependencies all met for <TaskInstance: job_data_pipeline_plus_csv.write_to_csv manual__2023-07-30T19:16:07.341804+00:00 [queued]>
[2023-07-30T19:17:17.399+0000] {taskinstance.py:1087} INFO - Dependencies all met for <TaskInstance: job_data_pipeline_plus_csv.write_to_csv manual__2023-07-30T19:16:07.341804+00:00 [queued]>
[2023-07-30T19:17:17.478+0000] {taskinstance.py:1283} INFO - 
--------------------------------------------------------------------------------
[2023-07-30T19:17:17.578+0000] {taskinstance.py:1284} INFO - Starting attempt 1 of 2
[2023-07-30T19:17:17.591+0000] {taskinstance.py:1285} INFO - 
--------------------------------------------------------------------------------
[2023-07-30T19:17:18.392+0000] {taskinstance.py:1304} INFO - Executing <Task(PythonOperator): write_to_csv> on 2023-07-30 19:16:07.341804+00:00
[2023-07-30T19:17:18.669+0000] {standard_task_runner.py:55} INFO - Started process 1779 to run task
[2023-07-30T19:17:18.728+0000] {standard_task_runner.py:82} INFO - Running: ['***', 'tasks', 'run', 'job_data_pipeline_plus_csv', 'write_to_csv', 'manual__2023-07-30T19:16:07.341804+00:00', '--job-id', '3087', '--raw', '--subdir', 'DAGS_FOLDER/load_data_create_csv(Y).py', '--cfg-path', '/tmp/tmptlbaoxkw']
[2023-07-30T19:17:18.775+0000] {standard_task_runner.py:83} INFO - Job 3087: Subtask write_to_csv
[2023-07-30T19:17:20.694+0000] {task_command.py:389} INFO - Running <TaskInstance: job_data_pipeline_plus_csv.write_to_csv manual__2023-07-30T19:16:07.341804+00:00 [running]> on host 4b7777060932
[2023-07-30T19:17:24.001+0000] {taskinstance.py:1513} INFO - Exporting the following env vars:
AIRFLOW_CTX_DAG_OWNER=***
AIRFLOW_CTX_DAG_ID=job_data_pipeline_plus_csv
AIRFLOW_CTX_TASK_ID=write_to_csv
AIRFLOW_CTX_EXECUTION_DATE=2023-07-30T19:16:07.341804+00:00
AIRFLOW_CTX_TRY_NUMBER=1
AIRFLOW_CTX_DAG_RUN_ID=manual__2023-07-30T19:16:07.341804+00:00
[2023-07-30T19:17:24.949+0000] {python.py:177} INFO - Done. Returned value was: None
[2023-07-30T19:17:25.217+0000] {taskinstance.py:1327} INFO - Marking task as SUCCESS. dag_id=job_data_pipeline_plus_csv, task_id=write_to_csv, execution_date=20230730T191607, start_date=20230730T191717, end_date=20230730T191725
[2023-07-30T19:17:25.873+0000] {local_task_job.py:159} INFO - Task exited with return code 0
[2023-07-30T19:17:26.850+0000] {taskinstance.py:2582} INFO - 1 downstream tasks scheduled from follow-on schedule check
