[2023-07-27T06:45:34.515+0000] {taskinstance.py:1087} INFO - Dependencies all met for <TaskInstance: my_first_dag_v2.greet_nigeria scheduled__2023-07-26T02:00:00+00:00 [queued]>
[2023-07-27T06:45:34.639+0000] {taskinstance.py:1087} INFO - Dependencies all met for <TaskInstance: my_first_dag_v2.greet_nigeria scheduled__2023-07-26T02:00:00+00:00 [queued]>
[2023-07-27T06:45:34.640+0000] {taskinstance.py:1283} INFO - 
--------------------------------------------------------------------------------
[2023-07-27T06:45:34.707+0000] {taskinstance.py:1284} INFO - Starting attempt 1 of 3
[2023-07-27T06:45:34.710+0000] {taskinstance.py:1285} INFO - 
--------------------------------------------------------------------------------
[2023-07-27T06:45:35.051+0000] {taskinstance.py:1304} INFO - Executing <Task(BashOperator): greet_nigeria> on 2023-07-26 02:00:00+00:00
[2023-07-27T06:45:35.082+0000] {standard_task_runner.py:55} INFO - Started process 158 to run task
[2023-07-27T06:45:35.126+0000] {standard_task_runner.py:82} INFO - Running: ['***', 'tasks', 'run', 'my_first_dag_v2', 'greet_nigeria', 'scheduled__2023-07-26T02:00:00+00:00', '--job-id', '98', '--raw', '--subdir', 'DAGS_FOLDER/bash_operator.py', '--cfg-path', '/tmp/tmpwu210t_w']
[2023-07-27T06:45:35.168+0000] {standard_task_runner.py:83} INFO - Job 98: Subtask greet_nigeria
[2023-07-27T06:45:36.510+0000] {task_command.py:389} INFO - Running <TaskInstance: my_first_dag_v2.greet_nigeria scheduled__2023-07-26T02:00:00+00:00 [running]> on host bc3380e7707e
[2023-07-27T06:45:38.163+0000] {taskinstance.py:1513} INFO - Exporting the following env vars:
AIRFLOW_CTX_DAG_OWNER=ebejale
AIRFLOW_CTX_DAG_ID=my_first_dag_v2
AIRFLOW_CTX_TASK_ID=greet_nigeria
AIRFLOW_CTX_EXECUTION_DATE=2023-07-26T02:00:00+00:00
AIRFLOW_CTX_TRY_NUMBER=1
AIRFLOW_CTX_DAG_RUN_ID=scheduled__2023-07-26T02:00:00+00:00
[2023-07-27T06:45:38.228+0000] {subprocess.py:63} INFO - Tmp dir root location: 
 /tmp
[2023-07-27T06:45:38.231+0000] {subprocess.py:75} INFO - Running command: ['/bin/bash', '-c', 'echo hello nigeria']
[2023-07-27T06:45:38.304+0000] {subprocess.py:86} INFO - Output:
[2023-07-27T06:45:38.335+0000] {subprocess.py:93} INFO - hello nigeria
[2023-07-27T06:45:38.376+0000] {subprocess.py:97} INFO - Command exited with return code 0
[2023-07-27T06:45:39.415+0000] {taskinstance.py:1327} INFO - Marking task as SUCCESS. dag_id=my_first_dag_v2, task_id=greet_nigeria, execution_date=20230726T020000, start_date=20230727T064534, end_date=20230727T064539
[2023-07-27T06:45:40.008+0000] {local_task_job.py:159} INFO - Task exited with return code 0
[2023-07-27T06:45:40.568+0000] {taskinstance.py:2582} INFO - 2 downstream tasks scheduled from follow-on schedule check
