[2023-07-27T06:52:36.351+0000] {taskinstance.py:1087} INFO - Dependencies all met for <TaskInstance: data_engineer_jobs_dag.get_data_from_api scheduled__2022-02-10T00:00:00+00:00 [queued]>
[2023-07-27T06:52:36.395+0000] {taskinstance.py:1087} INFO - Dependencies all met for <TaskInstance: data_engineer_jobs_dag.get_data_from_api scheduled__2022-02-10T00:00:00+00:00 [queued]>
[2023-07-27T06:52:36.397+0000] {taskinstance.py:1283} INFO - 
--------------------------------------------------------------------------------
[2023-07-27T06:52:36.443+0000] {taskinstance.py:1284} INFO - Starting attempt 1 of 2
[2023-07-27T06:52:36.445+0000] {taskinstance.py:1285} INFO - 
--------------------------------------------------------------------------------
[2023-07-27T06:52:36.717+0000] {taskinstance.py:1304} INFO - Executing <Task(PythonOperator): get_data_from_api> on 2022-02-10 00:00:00+00:00
[2023-07-27T06:52:36.728+0000] {standard_task_runner.py:55} INFO - Started process 650 to run task
[2023-07-27T06:52:36.758+0000] {standard_task_runner.py:82} INFO - Running: ['***', 'tasks', 'run', 'data_engineer_jobs_dag', 'get_data_from_api', 'scheduled__2022-02-10T00:00:00+00:00', '--job-id', '167', '--raw', '--subdir', 'DAGS_FOLDER/load_data.py', '--cfg-path', '/tmp/tmpf9cjh08i']
[2023-07-27T06:52:36.770+0000] {standard_task_runner.py:83} INFO - Job 167: Subtask get_data_from_api
[2023-07-27T06:52:37.264+0000] {task_command.py:389} INFO - Running <TaskInstance: data_engineer_jobs_dag.get_data_from_api scheduled__2022-02-10T00:00:00+00:00 [running]> on host bc3380e7707e
[2023-07-27T06:52:38.161+0000] {taskinstance.py:1513} INFO - Exporting the following env vars:
AIRFLOW_CTX_DAG_EMAIL=your-email@example.com
AIRFLOW_CTX_DAG_OWNER=ebejale
AIRFLOW_CTX_DAG_ID=data_engineer_jobs_dag
AIRFLOW_CTX_TASK_ID=get_data_from_api
AIRFLOW_CTX_EXECUTION_DATE=2022-02-10T00:00:00+00:00
AIRFLOW_CTX_TRY_NUMBER=1
AIRFLOW_CTX_DAG_RUN_ID=scheduled__2022-02-10T00:00:00+00:00
[2023-07-27T06:52:39.114+0000] {python.py:177} INFO - Done. Returned value was: {'message': 'You have exceeded the MONTHLY quota for Requests on your current plan, BASIC. Upgrade your plan at https://rapidapi.com/letscrape-6bRBa3QguO5/api/jsearch'}
[2023-07-27T06:52:39.509+0000] {taskinstance.py:1327} INFO - Marking task as SUCCESS. dag_id=data_engineer_jobs_dag, task_id=get_data_from_api, execution_date=20220210T000000, start_date=20230727T065236, end_date=20230727T065239
[2023-07-27T06:52:40.659+0000] {local_task_job.py:159} INFO - Task exited with return code 0
[2023-07-27T06:52:41.176+0000] {taskinstance.py:2582} INFO - 1 downstream tasks scheduled from follow-on schedule check
