[2023-07-30T21:52:49.598+0000] {taskinstance.py:1087} INFO - Dependencies all met for <TaskInstance: job_data_pipeline_plus_csv.write_to_csv manual__2023-07-30T21:52:05.845546+00:00 [queued]>
[2023-07-30T21:52:49.902+0000] {taskinstance.py:1087} INFO - Dependencies all met for <TaskInstance: job_data_pipeline_plus_csv.write_to_csv manual__2023-07-30T21:52:05.845546+00:00 [queued]>
[2023-07-30T21:52:49.933+0000] {taskinstance.py:1283} INFO - 
--------------------------------------------------------------------------------
[2023-07-30T21:52:49.961+0000] {taskinstance.py:1284} INFO - Starting attempt 1 of 2
[2023-07-30T21:52:49.977+0000] {taskinstance.py:1285} INFO - 
--------------------------------------------------------------------------------
[2023-07-30T21:52:50.743+0000] {taskinstance.py:1304} INFO - Executing <Task(PythonOperator): write_to_csv> on 2023-07-30 21:52:05.845546+00:00
[2023-07-30T21:52:50.793+0000] {standard_task_runner.py:55} INFO - Started process 7120 to run task
[2023-07-30T21:52:50.839+0000] {standard_task_runner.py:82} INFO - Running: ['***', 'tasks', 'run', 'job_data_pipeline_plus_csv', 'write_to_csv', 'manual__2023-07-30T21:52:05.845546+00:00', '--job-id', '3091', '--raw', '--subdir', 'DAGS_FOLDER/load_data_create_csv(Y).py', '--cfg-path', '/tmp/tmpa698wdet']
[2023-07-30T21:52:50.886+0000] {standard_task_runner.py:83} INFO - Job 3091: Subtask write_to_csv
[2023-07-30T21:52:51.708+0000] {task_command.py:389} INFO - Running <TaskInstance: job_data_pipeline_plus_csv.write_to_csv manual__2023-07-30T21:52:05.845546+00:00 [running]> on host 4b7777060932
[2023-07-30T21:52:53.537+0000] {taskinstance.py:1513} INFO - Exporting the following env vars:
AIRFLOW_CTX_DAG_OWNER=***
AIRFLOW_CTX_DAG_ID=job_data_pipeline_plus_csv
AIRFLOW_CTX_TASK_ID=write_to_csv
AIRFLOW_CTX_EXECUTION_DATE=2023-07-30T21:52:05.845546+00:00
AIRFLOW_CTX_TRY_NUMBER=1
AIRFLOW_CTX_DAG_RUN_ID=manual__2023-07-30T21:52:05.845546+00:00
[2023-07-30T21:52:53.825+0000] {python.py:177} INFO - Done. Returned value was: None
[2023-07-30T21:52:54.043+0000] {taskinstance.py:1327} INFO - Marking task as SUCCESS. dag_id=job_data_pipeline_plus_csv, task_id=write_to_csv, execution_date=20230730T215205, start_date=20230730T215249, end_date=20230730T215254
[2023-07-30T21:52:54.453+0000] {local_task_job.py:159} INFO - Task exited with return code 0
[2023-07-30T21:52:55.448+0000] {taskinstance.py:2582} INFO - 0 downstream tasks scheduled from follow-on schedule check
