[2023-07-31T12:52:14.148+0000] {taskinstance.py:1087} INFO - Dependencies all met for <TaskInstance: job_data_pipeline_plus_csv.get_jobs manual__2023-07-31T12:46:11.714766+00:00 [queued]>
[2023-07-31T12:52:14.371+0000] {taskinstance.py:1087} INFO - Dependencies all met for <TaskInstance: job_data_pipeline_plus_csv.get_jobs manual__2023-07-31T12:46:11.714766+00:00 [queued]>
[2023-07-31T12:52:14.436+0000] {taskinstance.py:1283} INFO - 
--------------------------------------------------------------------------------
[2023-07-31T12:52:14.560+0000] {taskinstance.py:1284} INFO - Starting attempt 2 of 2
[2023-07-31T12:52:14.661+0000] {taskinstance.py:1285} INFO - 
--------------------------------------------------------------------------------
[2023-07-31T12:52:15.266+0000] {taskinstance.py:1304} INFO - Executing <Task(PythonOperator): get_jobs> on 2023-07-31 12:46:11.714766+00:00
[2023-07-31T12:52:15.490+0000] {standard_task_runner.py:55} INFO - Started process 3343 to run task
[2023-07-31T12:52:15.565+0000] {standard_task_runner.py:82} INFO - Running: ['***', 'tasks', 'run', 'job_data_pipeline_plus_csv', 'get_jobs', 'manual__2023-07-31T12:46:11.714766+00:00', '--job-id', '3131', '--raw', '--subdir', 'DAGS_FOLDER/load_data_create_csv(Y).py', '--cfg-path', '/tmp/tmp43qqvkw3']
[2023-07-31T12:52:15.816+0000] {standard_task_runner.py:83} INFO - Job 3131: Subtask get_jobs
[2023-07-31T12:52:17.421+0000] {task_command.py:389} INFO - Running <TaskInstance: job_data_pipeline_plus_csv.get_jobs manual__2023-07-31T12:46:11.714766+00:00 [running]> on host 4b7777060932
[2023-07-31T12:52:19.312+0000] {taskinstance.py:1513} INFO - Exporting the following env vars:
AIRFLOW_CTX_DAG_OWNER=***
AIRFLOW_CTX_DAG_ID=job_data_pipeline_plus_csv
AIRFLOW_CTX_TASK_ID=get_jobs
AIRFLOW_CTX_EXECUTION_DATE=2023-07-31T12:46:11.714766+00:00
AIRFLOW_CTX_TRY_NUMBER=2
AIRFLOW_CTX_DAG_RUN_ID=manual__2023-07-31T12:46:11.714766+00:00
[2023-07-31T12:52:23.640+0000] {python.py:177} INFO - Done. Returned value was: None
[2023-07-31T12:52:23.875+0000] {taskinstance.py:1327} INFO - Marking task as SUCCESS. dag_id=job_data_pipeline_plus_csv, task_id=get_jobs, execution_date=20230731T124611, start_date=20230731T125214, end_date=20230731T125223
[2023-07-31T12:52:24.449+0000] {local_task_job.py:159} INFO - Task exited with return code 0
[2023-07-31T12:52:24.923+0000] {taskinstance.py:2582} INFO - 1 downstream tasks scheduled from follow-on schedule check
