[2023-07-31T15:10:03.515+0000] {taskinstance.py:1087} INFO - Dependencies all met for <TaskInstance: job_data_pipeline_plus_csv.write_to_csv manual__2023-07-31T15:09:44.490218+00:00 [queued]>
[2023-07-31T15:10:03.556+0000] {taskinstance.py:1087} INFO - Dependencies all met for <TaskInstance: job_data_pipeline_plus_csv.write_to_csv manual__2023-07-31T15:09:44.490218+00:00 [queued]>
[2023-07-31T15:10:03.557+0000] {taskinstance.py:1283} INFO - 
--------------------------------------------------------------------------------
[2023-07-31T15:10:03.563+0000] {taskinstance.py:1284} INFO - Starting attempt 1 of 2
[2023-07-31T15:10:03.568+0000] {taskinstance.py:1285} INFO - 
--------------------------------------------------------------------------------
[2023-07-31T15:10:03.762+0000] {taskinstance.py:1304} INFO - Executing <Task(PythonOperator): write_to_csv> on 2023-07-31 15:09:44.490218+00:00
[2023-07-31T15:10:03.813+0000] {standard_task_runner.py:55} INFO - Started process 7192 to run task
[2023-07-31T15:10:03.847+0000] {standard_task_runner.py:82} INFO - Running: ['***', 'tasks', 'run', 'job_data_pipeline_plus_csv', 'write_to_csv', 'manual__2023-07-31T15:09:44.490218+00:00', '--job-id', '3163', '--raw', '--subdir', 'DAGS_FOLDER/load_data_create_csv(Y).py', '--cfg-path', '/tmp/tmpavip6z76']
[2023-07-31T15:10:03.862+0000] {standard_task_runner.py:83} INFO - Job 3163: Subtask write_to_csv
[2023-07-31T15:10:04.311+0000] {task_command.py:389} INFO - Running <TaskInstance: job_data_pipeline_plus_csv.write_to_csv manual__2023-07-31T15:09:44.490218+00:00 [running]> on host 4b7777060932
[2023-07-31T15:10:05.213+0000] {taskinstance.py:1513} INFO - Exporting the following env vars:
AIRFLOW_CTX_DAG_OWNER=***
AIRFLOW_CTX_DAG_ID=job_data_pipeline_plus_csv
AIRFLOW_CTX_TASK_ID=write_to_csv
AIRFLOW_CTX_EXECUTION_DATE=2023-07-31T15:09:44.490218+00:00
AIRFLOW_CTX_TRY_NUMBER=1
AIRFLOW_CTX_DAG_RUN_ID=manual__2023-07-31T15:09:44.490218+00:00
[2023-07-31T15:10:05.332+0000] {load_data_create_csv(Y).py:51} INFO - Writing to file: C:/Users/user/OneDrive/Desktop/materials/Airflow_Installation/dags/Job_Search_2023-07-31.csv
[2023-07-31T15:10:05.398+0000] {python.py:177} INFO - Done. Returned value was: None
[2023-07-31T15:10:05.476+0000] {taskinstance.py:1327} INFO - Marking task as SUCCESS. dag_id=job_data_pipeline_plus_csv, task_id=write_to_csv, execution_date=20230731T150944, start_date=20230731T151003, end_date=20230731T151005
[2023-07-31T15:10:05.821+0000] {local_task_job.py:159} INFO - Task exited with return code 0
[2023-07-31T15:10:06.035+0000] {taskinstance.py:2582} INFO - 1 downstream tasks scheduled from follow-on schedule check
