[2023-07-27T17:08:03.261+0000] {taskinstance.py:1087} INFO - Dependencies all met for <TaskInstance: data_engineering_jobs_dags_v2.get_jobs scheduled__2023-01-22T00:00:00+00:00 [queued]>
[2023-07-27T17:08:03.448+0000] {taskinstance.py:1087} INFO - Dependencies all met for <TaskInstance: data_engineering_jobs_dags_v2.get_jobs scheduled__2023-01-22T00:00:00+00:00 [queued]>
[2023-07-27T17:08:03.463+0000] {taskinstance.py:1283} INFO - 
--------------------------------------------------------------------------------
[2023-07-27T17:08:03.523+0000] {taskinstance.py:1284} INFO - Starting attempt 1 of 2
[2023-07-27T17:08:03.529+0000] {taskinstance.py:1285} INFO - 
--------------------------------------------------------------------------------
[2023-07-27T17:08:04.764+0000] {taskinstance.py:1304} INFO - Executing <Task(PythonOperator): get_jobs> on 2023-01-22 00:00:00+00:00
[2023-07-27T17:08:04.919+0000] {standard_task_runner.py:55} INFO - Started process 28791 to run task
[2023-07-27T17:08:05.138+0000] {standard_task_runner.py:82} INFO - Running: ['***', 'tasks', 'run', 'data_engineering_jobs_dags_v2', 'get_jobs', 'scheduled__2023-01-22T00:00:00+00:00', '--job-id', '1826', '--raw', '--subdir', 'DAGS_FOLDER/load_data_v2.py', '--cfg-path', '/tmp/tmppm3j08sj']
[2023-07-27T17:08:05.173+0000] {standard_task_runner.py:83} INFO - Job 1826: Subtask get_jobs
[2023-07-27T17:08:08.236+0000] {task_command.py:389} INFO - Running <TaskInstance: data_engineering_jobs_dags_v2.get_jobs scheduled__2023-01-22T00:00:00+00:00 [running]> on host bc3380e7707e
[2023-07-27T17:08:11.782+0000] {taskinstance.py:1513} INFO - Exporting the following env vars:
AIRFLOW_CTX_DAG_OWNER=***
AIRFLOW_CTX_DAG_ID=data_engineering_jobs_dags_v2
AIRFLOW_CTX_TASK_ID=get_jobs
AIRFLOW_CTX_EXECUTION_DATE=2023-01-22T00:00:00+00:00
AIRFLOW_CTX_TRY_NUMBER=1
AIRFLOW_CTX_DAG_RUN_ID=scheduled__2023-01-22T00:00:00+00:00
[2023-07-27T17:08:16.296+0000] {python.py:177} INFO - Done. Returned value was: None
[2023-07-27T17:08:16.636+0000] {taskinstance.py:1327} INFO - Marking task as SUCCESS. dag_id=data_engineering_jobs_dags_v2, task_id=get_jobs, execution_date=20230122T000000, start_date=20230727T170803, end_date=20230727T170816
[2023-07-27T17:08:19.521+0000] {local_task_job.py:159} INFO - Task exited with return code 0
[2023-07-27T17:08:20.514+0000] {taskinstance.py:2582} INFO - 1 downstream tasks scheduled from follow-on schedule check
