[2023-07-31T00:00:19.876+0000] {taskinstance.py:1087} INFO - Dependencies all met for <TaskInstance: my_postgres_dag_v6.create_table scheduled__2023-07-30T00:00:00+00:00 [queued]>
[2023-07-31T00:00:20.211+0000] {taskinstance.py:1087} INFO - Dependencies all met for <TaskInstance: my_postgres_dag_v6.create_table scheduled__2023-07-30T00:00:00+00:00 [queued]>
[2023-07-31T00:00:20.271+0000] {taskinstance.py:1283} INFO - 
--------------------------------------------------------------------------------
[2023-07-31T00:00:20.436+0000] {taskinstance.py:1284} INFO - Starting attempt 1 of 3
[2023-07-31T00:00:20.645+0000] {taskinstance.py:1285} INFO - 
--------------------------------------------------------------------------------
[2023-07-31T00:00:21.146+0000] {taskinstance.py:1304} INFO - Executing <Task(PostgresOperator): create_table> on 2023-07-30 00:00:00+00:00
[2023-07-31T00:00:21.392+0000] {standard_task_runner.py:55} INFO - Started process 11796 to run task
[2023-07-31T00:00:21.426+0000] {standard_task_runner.py:82} INFO - Running: ['***', 'tasks', 'run', 'my_postgres_dag_v6', 'create_table', 'scheduled__2023-07-30T00:00:00+00:00', '--job-id', '3096', '--raw', '--subdir', 'DAGS_FOLDER/postgres_operator_v2.py', '--cfg-path', '/tmp/tmpxk0ho2r1']
[2023-07-31T00:00:21.628+0000] {standard_task_runner.py:83} INFO - Job 3096: Subtask create_table
[2023-07-31T00:00:23.373+0000] {task_command.py:389} INFO - Running <TaskInstance: my_postgres_dag_v6.create_table scheduled__2023-07-30T00:00:00+00:00 [running]> on host 4b7777060932
[2023-07-31T00:00:25.919+0000] {taskinstance.py:1513} INFO - Exporting the following env vars:
AIRFLOW_CTX_DAG_OWNER=Byron
AIRFLOW_CTX_DAG_ID=my_postgres_dag_v6
AIRFLOW_CTX_TASK_ID=create_table
AIRFLOW_CTX_EXECUTION_DATE=2023-07-30T00:00:00+00:00
AIRFLOW_CTX_TRY_NUMBER=1
AIRFLOW_CTX_DAG_RUN_ID=scheduled__2023-07-30T00:00:00+00:00
[2023-07-31T00:00:26.059+0000] {sql.py:253} INFO - Executing: 
            CREATE TABLE IF NOT EXISTS ***_users(
                id SERIAL PRIMARY KEY,
                name VARCHAR(30)
            )
        
[2023-07-31T00:00:26.367+0000] {base.py:73} INFO - Using connection ID 'my_connection' for task execution.
[2023-07-31T00:00:35.035+0000] {base.py:73} INFO - Using connection ID 'my_connection' for task execution.
[2023-07-31T00:00:35.208+0000] {sql.py:364} INFO - Running statement: 
            CREATE TABLE IF NOT EXISTS ***_users(
                id SERIAL PRIMARY KEY,
                name VARCHAR(30)
            )
        , parameters: None
[2023-07-31T00:00:35.706+0000] {taskinstance.py:1327} INFO - Marking task as SUCCESS. dag_id=my_postgres_dag_v6, task_id=create_table, execution_date=20230730T000000, start_date=20230731T000019, end_date=20230731T000035
[2023-07-31T00:00:36.363+0000] {local_task_job.py:159} INFO - Task exited with return code 0
[2023-07-31T00:00:36.677+0000] {taskinstance.py:2582} INFO - 1 downstream tasks scheduled from follow-on schedule check
