[2023-07-29T20:30:58.572+0000] {taskinstance.py:1087} INFO - Dependencies all met for <TaskInstance: job_data_pipeline.get_jobs manual__2023-07-29T20:30:49.876473+00:00 [queued]>
[2023-07-29T20:30:58.720+0000] {taskinstance.py:1087} INFO - Dependencies all met for <TaskInstance: job_data_pipeline.get_jobs manual__2023-07-29T20:30:49.876473+00:00 [queued]>
[2023-07-29T20:30:58.733+0000] {taskinstance.py:1283} INFO - 
--------------------------------------------------------------------------------
[2023-07-29T20:30:58.781+0000] {taskinstance.py:1284} INFO - Starting attempt 1 of 2
[2023-07-29T20:30:58.782+0000] {taskinstance.py:1285} INFO - 
--------------------------------------------------------------------------------
[2023-07-29T20:30:59.160+0000] {taskinstance.py:1304} INFO - Executing <Task(PythonOperator): get_jobs> on 2023-07-29 20:30:49.876473+00:00
[2023-07-29T20:30:59.210+0000] {standard_task_runner.py:55} INFO - Started process 26364 to run task
[2023-07-29T20:30:59.236+0000] {standard_task_runner.py:82} INFO - Running: ['***', 'tasks', 'run', 'job_data_pipeline', 'get_jobs', 'manual__2023-07-29T20:30:49.876473+00:00', '--job-id', '3024', '--raw', '--subdir', 'DAGS_FOLDER/load_data_v4.py', '--cfg-path', '/tmp/tmpdflw5cpq']
[2023-07-29T20:30:59.312+0000] {standard_task_runner.py:83} INFO - Job 3024: Subtask get_jobs
[2023-07-29T20:31:00.163+0000] {task_command.py:389} INFO - Running <TaskInstance: job_data_pipeline.get_jobs manual__2023-07-29T20:30:49.876473+00:00 [running]> on host f1ea17bde741
[2023-07-29T20:31:02.114+0000] {taskinstance.py:1513} INFO - Exporting the following env vars:
AIRFLOW_CTX_DAG_OWNER=***
AIRFLOW_CTX_DAG_ID=job_data_pipeline
AIRFLOW_CTX_TASK_ID=get_jobs
AIRFLOW_CTX_EXECUTION_DATE=2023-07-29T20:30:49.876473+00:00
AIRFLOW_CTX_TRY_NUMBER=1
AIRFLOW_CTX_DAG_RUN_ID=manual__2023-07-29T20:30:49.876473+00:00
[2023-07-29T20:31:04.802+0000] {python.py:177} INFO - Done. Returned value was: None
[2023-07-29T20:31:04.897+0000] {taskinstance.py:1327} INFO - Marking task as SUCCESS. dag_id=job_data_pipeline, task_id=get_jobs, execution_date=20230729T203049, start_date=20230729T203058, end_date=20230729T203104
[2023-07-29T20:31:05.502+0000] {local_task_job.py:159} INFO - Task exited with return code 0
[2023-07-29T20:31:05.740+0000] {taskinstance.py:2582} INFO - 1 downstream tasks scheduled from follow-on schedule check
