[2023-08-02T16:15:24.053+0000] {taskinstance.py:1087} INFO - Dependencies all met for <TaskInstance: project_user_etl_dag.load manual__2023-08-02T16:14:54.999632+00:00 [queued]>
[2023-08-02T16:15:24.122+0000] {taskinstance.py:1087} INFO - Dependencies all met for <TaskInstance: project_user_etl_dag.load manual__2023-08-02T16:14:54.999632+00:00 [queued]>
[2023-08-02T16:15:24.123+0000] {taskinstance.py:1283} INFO - 
--------------------------------------------------------------------------------
[2023-08-02T16:15:24.223+0000] {taskinstance.py:1284} INFO - Starting attempt 1 of 2
[2023-08-02T16:15:24.239+0000] {taskinstance.py:1285} INFO - 
--------------------------------------------------------------------------------
[2023-08-02T16:15:24.585+0000] {taskinstance.py:1304} INFO - Executing <Task(PythonOperator): load> on 2023-08-02 16:14:54.999632+00:00
[2023-08-02T16:15:24.593+0000] {standard_task_runner.py:55} INFO - Started process 13423 to run task
[2023-08-02T16:15:24.618+0000] {standard_task_runner.py:82} INFO - Running: ['***', 'tasks', 'run', 'project_user_etl_dag', 'load', 'manual__2023-08-02T16:14:54.999632+00:00', '--job-id', '3233', '--raw', '--subdir', 'DAGS_FOLDER/project.py', '--cfg-path', '/tmp/tmpk_vxyl38']
[2023-08-02T16:15:24.635+0000] {standard_task_runner.py:83} INFO - Job 3233: Subtask load
[2023-08-02T16:15:25.219+0000] {task_command.py:389} INFO - Running <TaskInstance: project_user_etl_dag.load manual__2023-08-02T16:14:54.999632+00:00 [running]> on host a4a69aba7e5b
[2023-08-02T16:15:25.784+0000] {taskinstance.py:1513} INFO - Exporting the following env vars:
AIRFLOW_CTX_DAG_EMAIL=your_email@example.com
AIRFLOW_CTX_DAG_OWNER=***
AIRFLOW_CTX_DAG_ID=project_user_etl_dag
AIRFLOW_CTX_TASK_ID=load
AIRFLOW_CTX_EXECUTION_DATE=2023-08-02T16:14:54.999632+00:00
AIRFLOW_CTX_TRY_NUMBER=1
AIRFLOW_CTX_DAG_RUN_ID=manual__2023-08-02T16:14:54.999632+00:00
[2023-08-02T16:15:25.965+0000] {taskinstance.py:1772} ERROR - Task failed with exception
Traceback (most recent call last):
  File "/home/airflow/.local/lib/python3.7/site-packages/airflow/operators/python.py", line 175, in execute
    return_value = self.execute_callable()
  File "/home/airflow/.local/lib/python3.7/site-packages/airflow/operators/python.py", line 192, in execute_callable
    return self.python_callable(*self.op_args, **self.op_kwargs)
  File "/opt/airflow/dags/project.py", line 41, in load_data
    cur = conn.cursor()
AttributeError: 'PostgresHook' object has no attribute 'cursor'
[2023-08-02T16:15:26.041+0000] {taskinstance.py:1327} INFO - Marking task as UP_FOR_RETRY. dag_id=project_user_etl_dag, task_id=load, execution_date=20230802T161454, start_date=20230802T161524, end_date=20230802T161526
[2023-08-02T16:15:26.333+0000] {standard_task_runner.py:105} ERROR - Failed to execute job 3233 for task load ('PostgresHook' object has no attribute 'cursor'; 13423)
[2023-08-02T16:15:26.397+0000] {local_task_job.py:159} INFO - Task exited with return code 1
[2023-08-02T16:15:26.528+0000] {taskinstance.py:2582} INFO - 0 downstream tasks scheduled from follow-on schedule check
