[2023-07-29T20:52:25.468+0000] {taskinstance.py:1087} INFO - Dependencies all met for <TaskInstance: job_data_pipeline.write_to_postgres manual__2023-07-29T20:51:50.711089+00:00 [queued]>
[2023-07-29T20:52:25.611+0000] {taskinstance.py:1087} INFO - Dependencies all met for <TaskInstance: job_data_pipeline.write_to_postgres manual__2023-07-29T20:51:50.711089+00:00 [queued]>
[2023-07-29T20:52:25.616+0000] {taskinstance.py:1283} INFO - 
--------------------------------------------------------------------------------
[2023-07-29T20:52:25.636+0000] {taskinstance.py:1284} INFO - Starting attempt 1 of 2
[2023-07-29T20:52:25.651+0000] {taskinstance.py:1285} INFO - 
--------------------------------------------------------------------------------
[2023-07-29T20:52:26.040+0000] {taskinstance.py:1304} INFO - Executing <Task(PythonOperator): write_to_postgres> on 2023-07-29 20:51:50.711089+00:00
[2023-07-29T20:52:26.144+0000] {standard_task_runner.py:55} INFO - Started process 27204 to run task
[2023-07-29T20:52:26.254+0000] {standard_task_runner.py:82} INFO - Running: ['***', 'tasks', 'run', 'job_data_pipeline', 'write_to_postgres', 'manual__2023-07-29T20:51:50.711089+00:00', '--job-id', '3046', '--raw', '--subdir', 'DAGS_FOLDER/load_data_v4.py', '--cfg-path', '/tmp/tmpjluwc0ts']
[2023-07-29T20:52:26.269+0000] {standard_task_runner.py:83} INFO - Job 3046: Subtask write_to_postgres
[2023-07-29T20:52:27.385+0000] {task_command.py:389} INFO - Running <TaskInstance: job_data_pipeline.write_to_postgres manual__2023-07-29T20:51:50.711089+00:00 [running]> on host f1ea17bde741
[2023-07-29T20:52:28.441+0000] {taskinstance.py:1513} INFO - Exporting the following env vars:
AIRFLOW_CTX_DAG_OWNER=***
AIRFLOW_CTX_DAG_ID=job_data_pipeline
AIRFLOW_CTX_TASK_ID=write_to_postgres
AIRFLOW_CTX_EXECUTION_DATE=2023-07-29T20:51:50.711089+00:00
AIRFLOW_CTX_TRY_NUMBER=1
AIRFLOW_CTX_DAG_RUN_ID=manual__2023-07-29T20:51:50.711089+00:00
[2023-07-29T20:52:28.678+0000] {base.py:73} INFO - Using connection ID 'my_connection' for task execution.
[2023-07-29T20:52:29.647+0000] {taskinstance.py:1772} ERROR - Task failed with exception
Traceback (most recent call last):
  File "/home/airflow/.local/lib/python3.7/site-packages/airflow/operators/python.py", line 175, in execute
    return_value = self.execute_callable()
  File "/home/airflow/.local/lib/python3.7/site-packages/airflow/operators/python.py", line 192, in execute_callable
    return self.python_callable(*self.op_args, **self.op_kwargs)
  File "/opt/airflow/dags/load_data_v4.py", line 90, in write_to_postgres
    [tuple(x) for x in df.values]
  File "/home/airflow/.local/lib/python3.7/site-packages/psycopg2/extras.py", line 1299, in execute_values
    cur.execute(b''.join(parts))
psycopg2.errors.SyntaxError: syntax error at or near "Title"
LINE 1: ...ription,category,label,tag,location,longitude,Job Title,id,s...
                                                             ^

[2023-07-29T20:52:30.793+0000] {taskinstance.py:1327} INFO - Marking task as UP_FOR_RETRY. dag_id=job_data_pipeline, task_id=write_to_postgres, execution_date=20230729T205150, start_date=20230729T205225, end_date=20230729T205230
[2023-07-29T20:52:31.338+0000] {standard_task_runner.py:105} ERROR - Failed to execute job 3046 for task write_to_postgres (syntax error at or near "Title"
LINE 1: ...ription,category,label,tag,location,longitude,Job Title,id,s...
                                                             ^
; 27204)
[2023-07-29T20:52:31.777+0000] {local_task_job.py:159} INFO - Task exited with return code 1
[2023-07-29T20:52:32.074+0000] {taskinstance.py:2582} INFO - 0 downstream tasks scheduled from follow-on schedule check
