[2023-07-29T12:35:52.879+0000] {taskinstance.py:1087} INFO - Dependencies all met for <TaskInstance: my_postgres_dag_v1.create_table scheduled__2023-07-28T00:00:00+00:00 [queued]>
[2023-07-29T12:35:52.945+0000] {taskinstance.py:1087} INFO - Dependencies all met for <TaskInstance: my_postgres_dag_v1.create_table scheduled__2023-07-28T00:00:00+00:00 [queued]>
[2023-07-29T12:35:52.959+0000] {taskinstance.py:1283} INFO - 
--------------------------------------------------------------------------------
[2023-07-29T12:35:53.003+0000] {taskinstance.py:1284} INFO - Starting attempt 3 of 3
[2023-07-29T12:35:53.005+0000] {taskinstance.py:1285} INFO - 
--------------------------------------------------------------------------------
[2023-07-29T12:35:53.371+0000] {taskinstance.py:1304} INFO - Executing <Task(PostgresOperator): create_table> on 2023-07-28 00:00:00+00:00
[2023-07-29T12:35:53.380+0000] {standard_task_runner.py:55} INFO - Started process 5339 to run task
[2023-07-29T12:35:53.395+0000] {standard_task_runner.py:82} INFO - Running: ['***', 'tasks', 'run', 'my_postgres_dag_v1', 'create_table', 'scheduled__2023-07-28T00:00:00+00:00', '--job-id', '2041', '--raw', '--subdir', 'DAGS_FOLDER/postgres_operator_v1.py', '--cfg-path', '/tmp/tmpom8zbk2a']
[2023-07-29T12:35:53.398+0000] {standard_task_runner.py:83} INFO - Job 2041: Subtask create_table
[2023-07-29T12:35:53.795+0000] {task_command.py:389} INFO - Running <TaskInstance: my_postgres_dag_v1.create_table scheduled__2023-07-28T00:00:00+00:00 [running]> on host f1ea17bde741
[2023-07-29T12:35:54.317+0000] {taskinstance.py:1513} INFO - Exporting the following env vars:
AIRFLOW_CTX_DAG_OWNER=Byron
AIRFLOW_CTX_DAG_ID=my_postgres_dag_v1
AIRFLOW_CTX_TASK_ID=create_table
AIRFLOW_CTX_EXECUTION_DATE=2023-07-28T00:00:00+00:00
AIRFLOW_CTX_TRY_NUMBER=3
AIRFLOW_CTX_DAG_RUN_ID=scheduled__2023-07-28T00:00:00+00:00
[2023-07-29T12:35:54.324+0000] {sql.py:253} INFO - Executing: 
            CREATE TABLE IF NOT EXISTS ***_users(
                id SERIAL PRIMARY KEY,
                name VARCHAR(30)
            )
        
[2023-07-29T12:35:54.376+0000] {base.py:73} INFO - Using connection ID 'my_connection' for task execution.
[2023-07-29T12:35:55.501+0000] {base.py:73} INFO - Using connection ID 'my_connection' for task execution.
[2023-07-29T12:35:55.545+0000] {sql.py:364} INFO - Running statement: 
            CREATE TABLE IF NOT EXISTS ***_users(
                id SERIAL PRIMARY KEY,
                name VARCHAR(30)
            )
        , parameters: None
[2023-07-29T12:35:55.609+0000] {taskinstance.py:1327} INFO - Marking task as SUCCESS. dag_id=my_postgres_dag_v1, task_id=create_table, execution_date=20230728T000000, start_date=20230729T123552, end_date=20230729T123555
[2023-07-29T12:35:55.758+0000] {local_task_job.py:159} INFO - Task exited with return code 0
[2023-07-29T12:35:55.895+0000] {taskinstance.py:2582} INFO - 0 downstream tasks scheduled from follow-on schedule check
