[2023-07-29T13:54:43.059+0000] {taskinstance.py:1087} INFO - Dependencies all met for <TaskInstance: data_engineering_jobs_dags_v3.write_to_csv scheduled__2023-01-04T00:00:00+00:00 [queued]>
[2023-07-29T13:54:43.670+0000] {taskinstance.py:1087} INFO - Dependencies all met for <TaskInstance: data_engineering_jobs_dags_v3.write_to_csv scheduled__2023-01-04T00:00:00+00:00 [queued]>
[2023-07-29T13:54:43.686+0000] {taskinstance.py:1283} INFO - 
--------------------------------------------------------------------------------
[2023-07-29T13:54:43.719+0000] {taskinstance.py:1284} INFO - Starting attempt 1 of 2
[2023-07-29T13:54:43.721+0000] {taskinstance.py:1285} INFO - 
--------------------------------------------------------------------------------
[2023-07-29T13:54:45.310+0000] {taskinstance.py:1304} INFO - Executing <Task(PythonOperator): write_to_csv> on 2023-01-04 00:00:00+00:00
[2023-07-29T13:54:45.425+0000] {standard_task_runner.py:55} INFO - Started process 8306 to run task
[2023-07-29T13:54:45.575+0000] {standard_task_runner.py:82} INFO - Running: ['***', 'tasks', 'run', 'data_engineering_jobs_dags_v3', 'write_to_csv', 'scheduled__2023-01-04T00:00:00+00:00', '--job-id', '2099', '--raw', '--subdir', 'DAGS_FOLDER/load_data_v3.py', '--cfg-path', '/tmp/tmpmrfmsm6k']
[2023-07-29T13:54:45.912+0000] {standard_task_runner.py:83} INFO - Job 2099: Subtask write_to_csv
[2023-07-29T13:54:48.049+0000] {task_command.py:389} INFO - Running <TaskInstance: data_engineering_jobs_dags_v3.write_to_csv scheduled__2023-01-04T00:00:00+00:00 [running]> on host f1ea17bde741
[2023-07-29T13:54:53.119+0000] {taskinstance.py:1513} INFO - Exporting the following env vars:
AIRFLOW_CTX_DAG_OWNER=***
AIRFLOW_CTX_DAG_ID=data_engineering_jobs_dags_v3
AIRFLOW_CTX_TASK_ID=write_to_csv
AIRFLOW_CTX_EXECUTION_DATE=2023-01-04T00:00:00+00:00
AIRFLOW_CTX_TRY_NUMBER=1
AIRFLOW_CTX_DAG_RUN_ID=scheduled__2023-01-04T00:00:00+00:00
[2023-07-29T13:54:53.221+0000] {python.py:177} INFO - Done. Returned value was: None
[2023-07-29T13:54:53.654+0000] {taskinstance.py:1327} INFO - Marking task as SUCCESS. dag_id=data_engineering_jobs_dags_v3, task_id=write_to_csv, execution_date=20230104T000000, start_date=20230729T135443, end_date=20230729T135453
[2023-07-29T13:54:55.474+0000] {local_task_job.py:159} INFO - Task exited with return code 0
[2023-07-29T13:54:56.490+0000] {taskinstance.py:2582} INFO - 0 downstream tasks scheduled from follow-on schedule check
