[2023-07-29T15:22:17.698+0000] {taskinstance.py:1087} INFO - Dependencies all met for <TaskInstance: data_engineering_jobs_dags_v3.write_to_postgres scheduled__2023-06-16T00:00:00+00:00 [queued]>
[2023-07-29T15:22:19.054+0000] {taskinstance.py:1087} INFO - Dependencies all met for <TaskInstance: data_engineering_jobs_dags_v3.write_to_postgres scheduled__2023-06-16T00:00:00+00:00 [queued]>
[2023-07-29T15:22:19.074+0000] {taskinstance.py:1283} INFO - 
--------------------------------------------------------------------------------
[2023-07-29T15:22:19.184+0000] {taskinstance.py:1284} INFO - Starting attempt 1 of 2
[2023-07-29T15:22:19.186+0000] {taskinstance.py:1285} INFO - 
--------------------------------------------------------------------------------
[2023-07-29T15:22:21.555+0000] {taskinstance.py:1304} INFO - Executing <Task(PythonOperator): write_to_postgres> on 2023-06-16 00:00:00+00:00
[2023-07-29T15:22:21.579+0000] {standard_task_runner.py:55} INFO - Started process 13350 to run task
[2023-07-29T15:22:21.590+0000] {standard_task_runner.py:82} INFO - Running: ['***', 'tasks', 'run', 'data_engineering_jobs_dags_v3', 'write_to_postgres', 'scheduled__2023-06-16T00:00:00+00:00', '--job-id', '2769', '--raw', '--subdir', 'DAGS_FOLDER/load_data_v3.py', '--cfg-path', '/tmp/tmp4_nw9kf8']
[2023-07-29T15:22:21.648+0000] {standard_task_runner.py:83} INFO - Job 2769: Subtask write_to_postgres
[2023-07-29T15:22:24.992+0000] {task_command.py:389} INFO - Running <TaskInstance: data_engineering_jobs_dags_v3.write_to_postgres scheduled__2023-06-16T00:00:00+00:00 [running]> on host f1ea17bde741
[2023-07-29T15:22:31.074+0000] {taskinstance.py:1513} INFO - Exporting the following env vars:
AIRFLOW_CTX_DAG_OWNER=***
AIRFLOW_CTX_DAG_ID=data_engineering_jobs_dags_v3
AIRFLOW_CTX_TASK_ID=write_to_postgres
AIRFLOW_CTX_EXECUTION_DATE=2023-06-16T00:00:00+00:00
AIRFLOW_CTX_TRY_NUMBER=1
AIRFLOW_CTX_DAG_RUN_ID=scheduled__2023-06-16T00:00:00+00:00
[2023-07-29T15:22:32.093+0000] {base.py:73} INFO - Using connection ID 'my_connection' for task execution.
[2023-07-29T15:22:32.551+0000] {taskinstance.py:1772} ERROR - Task failed with exception
Traceback (most recent call last):
  File "/home/airflow/.local/lib/python3.7/site-packages/airflow/operators/python.py", line 175, in execute
    return_value = self.execute_callable()
  File "/home/airflow/.local/lib/python3.7/site-packages/airflow/operators/python.py", line 192, in execute_callable
    return self.python_callable(*self.op_args, **self.op_kwargs)
  File "/opt/airflow/dags/load_data_v3.py", line 71, in write_to_postgres
  File "/home/airflow/.local/lib/python3.7/site-packages/psycopg2/extras.py", line 1296, in execute_values
    parts.append(cur.mogrify(template, args))
psycopg2.ProgrammingError: can't adapt type 'dict'
[2023-07-29T15:22:32.850+0000] {taskinstance.py:1327} INFO - Marking task as UP_FOR_RETRY. dag_id=data_engineering_jobs_dags_v3, task_id=write_to_postgres, execution_date=20230616T000000, start_date=20230729T152218, end_date=20230729T152232
[2023-07-29T15:22:37.604+0000] {standard_task_runner.py:105} ERROR - Failed to execute job 2769 for task write_to_postgres (can't adapt type 'dict'; 13350)
[2023-07-29T15:22:38.464+0000] {local_task_job.py:159} INFO - Task exited with return code 1
[2023-07-29T15:22:44.999+0000] {taskinstance.py:2582} INFO - 0 downstream tasks scheduled from follow-on schedule check
