[2023-07-29T19:47:19.765+0000] {taskinstance.py:1087} INFO - Dependencies all met for <TaskInstance: job_data_pipeline.get_jobs manual__2023-07-29T19:47:13.636745+00:00 [queued]>
[2023-07-29T19:47:19.811+0000] {taskinstance.py:1087} INFO - Dependencies all met for <TaskInstance: job_data_pipeline.get_jobs manual__2023-07-29T19:47:13.636745+00:00 [queued]>
[2023-07-29T19:47:19.812+0000] {taskinstance.py:1283} INFO - 
--------------------------------------------------------------------------------
[2023-07-29T19:47:19.852+0000] {taskinstance.py:1284} INFO - Starting attempt 1 of 2
[2023-07-29T19:47:19.854+0000] {taskinstance.py:1285} INFO - 
--------------------------------------------------------------------------------
[2023-07-29T19:47:19.989+0000] {taskinstance.py:1304} INFO - Executing <Task(PythonOperator): get_jobs> on 2023-07-29 19:47:13.636745+00:00
[2023-07-29T19:47:19.999+0000] {standard_task_runner.py:55} INFO - Started process 24533 to run task
[2023-07-29T19:47:20.014+0000] {standard_task_runner.py:82} INFO - Running: ['***', 'tasks', 'run', 'job_data_pipeline', 'get_jobs', 'manual__2023-07-29T19:47:13.636745+00:00', '--job-id', '3012', '--raw', '--subdir', 'DAGS_FOLDER/load_data_v4.py', '--cfg-path', '/tmp/tmppu35x439']
[2023-07-29T19:47:20.021+0000] {standard_task_runner.py:83} INFO - Job 3012: Subtask get_jobs
[2023-07-29T19:47:20.367+0000] {task_command.py:389} INFO - Running <TaskInstance: job_data_pipeline.get_jobs manual__2023-07-29T19:47:13.636745+00:00 [running]> on host f1ea17bde741
[2023-07-29T19:47:21.350+0000] {taskinstance.py:1513} INFO - Exporting the following env vars:
AIRFLOW_CTX_DAG_OWNER=***
AIRFLOW_CTX_DAG_ID=job_data_pipeline
AIRFLOW_CTX_TASK_ID=get_jobs
AIRFLOW_CTX_EXECUTION_DATE=2023-07-29T19:47:13.636745+00:00
AIRFLOW_CTX_TRY_NUMBER=1
AIRFLOW_CTX_DAG_RUN_ID=manual__2023-07-29T19:47:13.636745+00:00
[2023-07-29T19:47:23.601+0000] {python.py:177} INFO - Done. Returned value was: None
[2023-07-29T19:47:23.647+0000] {taskinstance.py:1327} INFO - Marking task as SUCCESS. dag_id=job_data_pipeline, task_id=get_jobs, execution_date=20230729T194713, start_date=20230729T194719, end_date=20230729T194723
[2023-07-29T19:47:23.892+0000] {local_task_job.py:159} INFO - Task exited with return code 0
[2023-07-29T19:47:24.119+0000] {taskinstance.py:2582} INFO - 1 downstream tasks scheduled from follow-on schedule check
