[2023-07-27T08:10:23.494+0000] {taskinstance.py:1087} INFO - Dependencies all met for <TaskInstance: data_engineer_jobs_dag.extract_relevant_records_from_overall_data scheduled__2022-08-07T00:00:00+00:00 [queued]>
[2023-07-27T08:10:23.541+0000] {taskinstance.py:1087} INFO - Dependencies all met for <TaskInstance: data_engineer_jobs_dag.extract_relevant_records_from_overall_data scheduled__2022-08-07T00:00:00+00:00 [queued]>
[2023-07-27T08:10:23.544+0000] {taskinstance.py:1283} INFO - 
--------------------------------------------------------------------------------
[2023-07-27T08:10:23.604+0000] {taskinstance.py:1284} INFO - Starting attempt 2 of 2
[2023-07-27T08:10:23.607+0000] {taskinstance.py:1285} INFO - 
--------------------------------------------------------------------------------
[2023-07-27T08:10:23.822+0000] {taskinstance.py:1304} INFO - Executing <Task(PythonOperator): extract_relevant_records_from_overall_data> on 2022-08-07 00:00:00+00:00
[2023-07-27T08:10:23.836+0000] {standard_task_runner.py:55} INFO - Started process 5127 to run task
[2023-07-27T08:10:23.849+0000] {standard_task_runner.py:82} INFO - Running: ['***', 'tasks', 'run', 'data_engineer_jobs_dag', 'extract_relevant_records_from_overall_data', 'scheduled__2022-08-07T00:00:00+00:00', '--job-id', '737', '--raw', '--subdir', 'DAGS_FOLDER/load_data.py', '--cfg-path', '/tmp/tmp0zwaqs9p']
[2023-07-27T08:10:23.857+0000] {standard_task_runner.py:83} INFO - Job 737: Subtask extract_relevant_records_from_overall_data
[2023-07-27T08:10:24.366+0000] {task_command.py:389} INFO - Running <TaskInstance: data_engineer_jobs_dag.extract_relevant_records_from_overall_data scheduled__2022-08-07T00:00:00+00:00 [running]> on host bc3380e7707e
[2023-07-27T08:10:25.608+0000] {taskinstance.py:1513} INFO - Exporting the following env vars:
AIRFLOW_CTX_DAG_EMAIL=kasimir.Ikuenobe@hotmail.com
AIRFLOW_CTX_DAG_OWNER=ebejale
AIRFLOW_CTX_DAG_ID=data_engineer_jobs_dag
AIRFLOW_CTX_TASK_ID=extract_relevant_records_from_overall_data
AIRFLOW_CTX_EXECUTION_DATE=2022-08-07T00:00:00+00:00
AIRFLOW_CTX_TRY_NUMBER=2
AIRFLOW_CTX_DAG_RUN_ID=scheduled__2022-08-07T00:00:00+00:00
[2023-07-27T08:10:25.723+0000] {taskinstance.py:1772} ERROR - Task failed with exception
Traceback (most recent call last):
  File "/home/airflow/.local/lib/python3.7/site-packages/airflow/operators/python.py", line 175, in execute
    return_value = self.execute_callable()
  File "/home/airflow/.local/lib/python3.7/site-packages/airflow/operators/python.py", line 192, in execute_callable
    return self.python_callable(*self.op_args, **self.op_kwargs)
  File "/opt/airflow/dags/load_data.py", line 63, in extract_relevant_records_from_overall_data
    for i in range(len(data['data'])):
KeyError: 'data'
[2023-07-27T08:10:25.796+0000] {taskinstance.py:1327} INFO - Marking task as FAILED. dag_id=data_engineer_jobs_dag, task_id=extract_relevant_records_from_overall_data, execution_date=20220807T000000, start_date=20230727T081023, end_date=20230727T081025
[2023-07-27T08:10:26.107+0000] {standard_task_runner.py:105} ERROR - Failed to execute job 737 for task extract_relevant_records_from_overall_data ('data'; 5127)
[2023-07-27T08:10:26.178+0000] {local_task_job.py:159} INFO - Task exited with return code 1
[2023-07-27T08:10:26.707+0000] {taskinstance.py:2582} INFO - 0 downstream tasks scheduled from follow-on schedule check
