[2023-07-29T14:57:09.554+0000] {taskinstance.py:1087} INFO - Dependencies all met for <TaskInstance: data_engineering_jobs_dags_v3.write_to_csv scheduled__2023-05-04T00:00:00+00:00 [queued]>
[2023-07-29T14:57:09.938+0000] {taskinstance.py:1087} INFO - Dependencies all met for <TaskInstance: data_engineering_jobs_dags_v3.write_to_csv scheduled__2023-05-04T00:00:00+00:00 [queued]>
[2023-07-29T14:57:09.940+0000] {taskinstance.py:1283} INFO - 
--------------------------------------------------------------------------------
[2023-07-29T14:57:09.948+0000] {taskinstance.py:1284} INFO - Starting attempt 1 of 2
[2023-07-29T14:57:09.950+0000] {taskinstance.py:1285} INFO - 
--------------------------------------------------------------------------------
[2023-07-29T14:57:10.258+0000] {taskinstance.py:1304} INFO - Executing <Task(PythonOperator): write_to_csv> on 2023-05-04 00:00:00+00:00
[2023-07-29T14:57:10.350+0000] {standard_task_runner.py:55} INFO - Started process 11892 to run task
[2023-07-29T14:57:10.480+0000] {standard_task_runner.py:82} INFO - Running: ['***', 'tasks', 'run', 'data_engineering_jobs_dags_v3', 'write_to_csv', 'scheduled__2023-05-04T00:00:00+00:00', '--job-id', '2570', '--raw', '--subdir', 'DAGS_FOLDER/load_data_v3.py', '--cfg-path', '/tmp/tmpa_dt9y4w']
[2023-07-29T14:57:10.557+0000] {standard_task_runner.py:83} INFO - Job 2570: Subtask write_to_csv
[2023-07-29T14:57:11.817+0000] {task_command.py:389} INFO - Running <TaskInstance: data_engineering_jobs_dags_v3.write_to_csv scheduled__2023-05-04T00:00:00+00:00 [running]> on host f1ea17bde741
[2023-07-29T14:57:13.670+0000] {taskinstance.py:1513} INFO - Exporting the following env vars:
AIRFLOW_CTX_DAG_OWNER=***
AIRFLOW_CTX_DAG_ID=data_engineering_jobs_dags_v3
AIRFLOW_CTX_TASK_ID=write_to_csv
AIRFLOW_CTX_EXECUTION_DATE=2023-05-04T00:00:00+00:00
AIRFLOW_CTX_TRY_NUMBER=1
AIRFLOW_CTX_DAG_RUN_ID=scheduled__2023-05-04T00:00:00+00:00
[2023-07-29T14:57:14.250+0000] {python.py:177} INFO - Done. Returned value was: None
[2023-07-29T14:57:14.632+0000] {taskinstance.py:1327} INFO - Marking task as SUCCESS. dag_id=data_engineering_jobs_dags_v3, task_id=write_to_csv, execution_date=20230504T000000, start_date=20230729T145709, end_date=20230729T145714
[2023-07-29T14:57:15.159+0000] {local_task_job.py:159} INFO - Task exited with return code 0
[2023-07-29T14:57:15.813+0000] {taskinstance.py:2582} INFO - 0 downstream tasks scheduled from follow-on schedule check
