[2023-07-29T20:31:17.495+0000] {taskinstance.py:1087} INFO - Dependencies all met for <TaskInstance: job_data_pipeline.write_to_csv manual__2023-07-29T20:30:49.876473+00:00 [queued]>
[2023-07-29T20:31:17.611+0000] {taskinstance.py:1087} INFO - Dependencies all met for <TaskInstance: job_data_pipeline.write_to_csv manual__2023-07-29T20:30:49.876473+00:00 [queued]>
[2023-07-29T20:31:17.661+0000] {taskinstance.py:1283} INFO - 
--------------------------------------------------------------------------------
[2023-07-29T20:31:17.693+0000] {taskinstance.py:1284} INFO - Starting attempt 1 of 2
[2023-07-29T20:31:17.708+0000] {taskinstance.py:1285} INFO - 
--------------------------------------------------------------------------------
[2023-07-29T20:31:18.356+0000] {taskinstance.py:1304} INFO - Executing <Task(PythonOperator): write_to_csv> on 2023-07-29 20:30:49.876473+00:00
[2023-07-29T20:31:18.480+0000] {standard_task_runner.py:55} INFO - Started process 26379 to run task
[2023-07-29T20:31:18.546+0000] {standard_task_runner.py:82} INFO - Running: ['***', 'tasks', 'run', 'job_data_pipeline', 'write_to_csv', 'manual__2023-07-29T20:30:49.876473+00:00', '--job-id', '3025', '--raw', '--subdir', 'DAGS_FOLDER/load_data_v4.py', '--cfg-path', '/tmp/tmpy6bddbme']
[2023-07-29T20:31:18.608+0000] {standard_task_runner.py:83} INFO - Job 3025: Subtask write_to_csv
[2023-07-29T20:31:19.746+0000] {task_command.py:389} INFO - Running <TaskInstance: job_data_pipeline.write_to_csv manual__2023-07-29T20:30:49.876473+00:00 [running]> on host f1ea17bde741
[2023-07-29T20:31:20.734+0000] {taskinstance.py:1513} INFO - Exporting the following env vars:
AIRFLOW_CTX_DAG_OWNER=***
AIRFLOW_CTX_DAG_ID=job_data_pipeline
AIRFLOW_CTX_TASK_ID=write_to_csv
AIRFLOW_CTX_EXECUTION_DATE=2023-07-29T20:30:49.876473+00:00
AIRFLOW_CTX_TRY_NUMBER=1
AIRFLOW_CTX_DAG_RUN_ID=manual__2023-07-29T20:30:49.876473+00:00
[2023-07-29T20:31:20.902+0000] {python.py:177} INFO - Done. Returned value was: None
[2023-07-29T20:31:20.945+0000] {taskinstance.py:1327} INFO - Marking task as SUCCESS. dag_id=job_data_pipeline, task_id=write_to_csv, execution_date=20230729T203049, start_date=20230729T203117, end_date=20230729T203120
[2023-07-29T20:31:21.264+0000] {local_task_job.py:159} INFO - Task exited with return code 0
[2023-07-29T20:31:21.453+0000] {taskinstance.py:2582} INFO - 1 downstream tasks scheduled from follow-on schedule check
