[2023-07-30T03:08:57.488+0000] {taskinstance.py:1087} INFO - Dependencies all met for <TaskInstance: my_postgres_dag_v6.create_table scheduled__2023-07-29T00:00:00+00:00 [queued]>
[2023-07-30T03:08:57.603+0000] {taskinstance.py:1087} INFO - Dependencies all met for <TaskInstance: my_postgres_dag_v6.create_table scheduled__2023-07-29T00:00:00+00:00 [queued]>
[2023-07-30T03:08:57.604+0000] {taskinstance.py:1283} INFO - 
--------------------------------------------------------------------------------
[2023-07-30T03:08:57.667+0000] {taskinstance.py:1284} INFO - Starting attempt 2 of 3
[2023-07-30T03:08:57.698+0000] {taskinstance.py:1285} INFO - 
--------------------------------------------------------------------------------
[2023-07-30T03:08:58.437+0000] {taskinstance.py:1304} INFO - Executing <Task(PostgresOperator): create_table> on 2023-07-29 00:00:00+00:00
[2023-07-30T03:08:58.500+0000] {standard_task_runner.py:55} INFO - Started process 31590 to run task
[2023-07-30T03:08:58.586+0000] {standard_task_runner.py:82} INFO - Running: ['***', 'tasks', 'run', 'my_postgres_dag_v6', 'create_table', 'scheduled__2023-07-29T00:00:00+00:00', '--job-id', '3064', '--raw', '--subdir', 'DAGS_FOLDER/postgres_operator_v2.py', '--cfg-path', '/tmp/tmpc56mzrbo']
[2023-07-30T03:08:58.616+0000] {standard_task_runner.py:83} INFO - Job 3064: Subtask create_table
[2023-07-30T03:08:59.933+0000] {task_command.py:389} INFO - Running <TaskInstance: my_postgres_dag_v6.create_table scheduled__2023-07-29T00:00:00+00:00 [running]> on host f1ea17bde741
[2023-07-30T03:09:01.558+0000] {taskinstance.py:1513} INFO - Exporting the following env vars:
AIRFLOW_CTX_DAG_OWNER=Byron
AIRFLOW_CTX_DAG_ID=my_postgres_dag_v6
AIRFLOW_CTX_TASK_ID=create_table
AIRFLOW_CTX_EXECUTION_DATE=2023-07-29T00:00:00+00:00
AIRFLOW_CTX_TRY_NUMBER=2
AIRFLOW_CTX_DAG_RUN_ID=scheduled__2023-07-29T00:00:00+00:00
[2023-07-30T03:09:01.574+0000] {sql.py:253} INFO - Executing: 
            CREATE TABLE IF NOT EXISTS ***_users(
                id SERIAL PRIMARY KEY,
                name VARCHAR(30)
            )
        
[2023-07-30T03:09:01.693+0000] {base.py:73} INFO - Using connection ID 'my_connection' for task execution.
[2023-07-30T03:09:04.896+0000] {base.py:73} INFO - Using connection ID 'my_connection' for task execution.
[2023-07-30T03:09:05.155+0000] {sql.py:364} INFO - Running statement: 
            CREATE TABLE IF NOT EXISTS ***_users(
                id SERIAL PRIMARY KEY,
                name VARCHAR(30)
            )
        , parameters: None
[2023-07-30T03:09:05.483+0000] {taskinstance.py:1327} INFO - Marking task as SUCCESS. dag_id=my_postgres_dag_v6, task_id=create_table, execution_date=20230729T000000, start_date=20230730T030857, end_date=20230730T030905
[2023-07-30T03:09:06.549+0000] {local_task_job.py:159} INFO - Task exited with return code 0
[2023-07-30T03:09:06.650+0000] {taskinstance.py:2582} INFO - 0 downstream tasks scheduled from follow-on schedule check
