[2023-07-29T10:23:26.983+0000] {taskinstance.py:1081} INFO - Dependencies not met for <TaskInstance: my_first_dag_v2.intro scheduled__2023-07-28T02:00:00+00:00 [removed]>, dependency 'Task Instance State' FAILED: Task is in the 'removed' state.
[2023-07-29T10:23:27.406+0000] {local_task_job.py:98} INFO - Task is not able to be run
[2023-07-29T10:23:52.989+0000] {taskinstance.py:1087} INFO - Dependencies all met for <TaskInstance: my_first_dag_v2.intro scheduled__2023-07-28T02:00:00+00:00 [queued]>
[2023-07-29T10:23:53.441+0000] {taskinstance.py:1087} INFO - Dependencies all met for <TaskInstance: my_first_dag_v2.intro scheduled__2023-07-28T02:00:00+00:00 [queued]>
[2023-07-29T10:23:53.495+0000] {taskinstance.py:1283} INFO - 
--------------------------------------------------------------------------------
[2023-07-29T10:23:53.519+0000] {taskinstance.py:1284} INFO - Starting attempt 1 of 3
[2023-07-29T10:23:53.533+0000] {taskinstance.py:1285} INFO - 
--------------------------------------------------------------------------------
[2023-07-29T10:23:54.321+0000] {taskinstance.py:1304} INFO - Executing <Task(BashOperator): intro> on 2023-07-28 02:00:00+00:00
[2023-07-29T10:23:54.423+0000] {standard_task_runner.py:55} INFO - Started process 181 to run task
[2023-07-29T10:23:54.505+0000] {standard_task_runner.py:82} INFO - Running: ['***', 'tasks', 'run', 'my_first_dag_v2', 'intro', 'scheduled__2023-07-28T02:00:00+00:00', '--job-id', '1855', '--raw', '--subdir', 'DAGS_FOLDER/bash_operator3.py', '--cfg-path', '/tmp/tmp45fu2pjv']
[2023-07-29T10:23:54.543+0000] {standard_task_runner.py:83} INFO - Job 1855: Subtask intro
[2023-07-29T10:23:56.484+0000] {task_command.py:389} INFO - Running <TaskInstance: my_first_dag_v2.intro scheduled__2023-07-28T02:00:00+00:00 [running]> on host f1ea17bde741
[2023-07-29T10:23:59.999+0000] {taskinstance.py:1513} INFO - Exporting the following env vars:
AIRFLOW_CTX_DAG_OWNER=ebejale
AIRFLOW_CTX_DAG_ID=my_first_dag_v2
AIRFLOW_CTX_TASK_ID=intro
AIRFLOW_CTX_EXECUTION_DATE=2023-07-28T02:00:00+00:00
AIRFLOW_CTX_TRY_NUMBER=1
AIRFLOW_CTX_DAG_RUN_ID=scheduled__2023-07-28T02:00:00+00:00
[2023-07-29T10:24:00.042+0000] {subprocess.py:63} INFO - Tmp dir root location: 
 /tmp
[2023-07-29T10:24:00.067+0000] {subprocess.py:75} INFO - Running command: ['/bin/bash', '-c', 'echo this is how we greet']
[2023-07-29T10:24:00.464+0000] {subprocess.py:86} INFO - Output:
[2023-07-29T10:24:00.481+0000] {subprocess.py:93} INFO - this is how we greet
[2023-07-29T10:24:00.536+0000] {subprocess.py:97} INFO - Command exited with return code 0
[2023-07-29T10:24:01.618+0000] {taskinstance.py:1327} INFO - Marking task as SUCCESS. dag_id=my_first_dag_v2, task_id=intro, execution_date=20230728T020000, start_date=20230729T102353, end_date=20230729T102401
[2023-07-29T10:24:02.363+0000] {local_task_job.py:159} INFO - Task exited with return code 0
[2023-07-29T10:24:04.069+0000] {taskinstance.py:2582} INFO - 0 downstream tasks scheduled from follow-on schedule check
