[2023-07-29T10:26:45.235+0000] {taskinstance.py:1087} INFO - Dependencies all met for <TaskInstance: my_first_dag_v2.intro scheduled__2023-07-28T02:00:00+00:00 [queued]>
[2023-07-29T10:26:45.281+0000] {taskinstance.py:1087} INFO - Dependencies all met for <TaskInstance: my_first_dag_v2.intro scheduled__2023-07-28T02:00:00+00:00 [queued]>
[2023-07-29T10:26:45.284+0000] {taskinstance.py:1283} INFO - 
--------------------------------------------------------------------------------
[2023-07-29T10:26:45.289+0000] {taskinstance.py:1284} INFO - Starting attempt 3 of 3
[2023-07-29T10:26:45.291+0000] {taskinstance.py:1285} INFO - 
--------------------------------------------------------------------------------
[2023-07-29T10:26:45.559+0000] {taskinstance.py:1304} INFO - Executing <Task(BashOperator): intro> on 2023-07-28 02:00:00+00:00
[2023-07-29T10:26:45.581+0000] {standard_task_runner.py:55} INFO - Started process 296 to run task
[2023-07-29T10:26:45.589+0000] {standard_task_runner.py:82} INFO - Running: ['***', 'tasks', 'run', 'my_first_dag_v2', 'intro', 'scheduled__2023-07-28T02:00:00+00:00', '--job-id', '1863', '--raw', '--subdir', 'DAGS_FOLDER/bash_operator3.py', '--cfg-path', '/tmp/tmpi0mv1wnz']
[2023-07-29T10:26:45.591+0000] {standard_task_runner.py:83} INFO - Job 1863: Subtask intro
[2023-07-29T10:26:46.275+0000] {task_command.py:389} INFO - Running <TaskInstance: my_first_dag_v2.intro scheduled__2023-07-28T02:00:00+00:00 [running]> on host f1ea17bde741
[2023-07-29T10:26:47.322+0000] {taskinstance.py:1513} INFO - Exporting the following env vars:
AIRFLOW_CTX_DAG_OWNER=ebejale
AIRFLOW_CTX_DAG_ID=my_first_dag_v2
AIRFLOW_CTX_TASK_ID=intro
AIRFLOW_CTX_EXECUTION_DATE=2023-07-28T02:00:00+00:00
AIRFLOW_CTX_TRY_NUMBER=3
AIRFLOW_CTX_DAG_RUN_ID=scheduled__2023-07-28T02:00:00+00:00
[2023-07-29T10:26:47.354+0000] {subprocess.py:63} INFO - Tmp dir root location: 
 /tmp
[2023-07-29T10:26:47.369+0000] {subprocess.py:75} INFO - Running command: ['/bin/bash', '-c', 'echo this is how we greet']
[2023-07-29T10:26:47.422+0000] {subprocess.py:86} INFO - Output:
[2023-07-29T10:26:47.453+0000] {subprocess.py:93} INFO - this is how we greet
[2023-07-29T10:26:47.465+0000] {subprocess.py:97} INFO - Command exited with return code 0
[2023-07-29T10:26:47.983+0000] {taskinstance.py:1327} INFO - Marking task as SUCCESS. dag_id=my_first_dag_v2, task_id=intro, execution_date=20230728T020000, start_date=20230729T102645, end_date=20230729T102647
[2023-07-29T10:26:48.431+0000] {local_task_job.py:159} INFO - Task exited with return code 0
[2023-07-29T10:26:48.548+0000] {taskinstance.py:2582} INFO - 0 downstream tasks scheduled from follow-on schedule check
