[2023-07-29T16:03:50.246+0000] {taskinstance.py:1087} INFO - Dependencies all met for <TaskInstance: data_engineering_jobs_dags_v3.drop_table scheduled__2023-07-24T00:00:00+00:00 [queued]>
[2023-07-29T16:03:50.489+0000] {taskinstance.py:1087} INFO - Dependencies all met for <TaskInstance: data_engineering_jobs_dags_v3.drop_table scheduled__2023-07-24T00:00:00+00:00 [queued]>
[2023-07-29T16:03:50.510+0000] {taskinstance.py:1283} INFO - 
--------------------------------------------------------------------------------
[2023-07-29T16:03:50.535+0000] {taskinstance.py:1284} INFO - Starting attempt 1 of 2
[2023-07-29T16:03:50.537+0000] {taskinstance.py:1285} INFO - 
--------------------------------------------------------------------------------
[2023-07-29T16:03:52.496+0000] {taskinstance.py:1304} INFO - Executing <Task(PostgresOperator): drop_table> on 2023-07-24 00:00:00+00:00
[2023-07-29T16:03:52.520+0000] {standard_task_runner.py:55} INFO - Started process 15395 to run task
[2023-07-29T16:03:52.567+0000] {standard_task_runner.py:82} INFO - Running: ['***', 'tasks', 'run', 'data_engineering_jobs_dags_v3', 'drop_table', 'scheduled__2023-07-24T00:00:00+00:00', '--job-id', '2952', '--raw', '--subdir', 'DAGS_FOLDER/load_data_v3.py', '--cfg-path', '/tmp/tmp4nbzbprx']
[2023-07-29T16:03:52.612+0000] {standard_task_runner.py:83} INFO - Job 2952: Subtask drop_table
[2023-07-29T16:03:54.070+0000] {task_command.py:389} INFO - Running <TaskInstance: data_engineering_jobs_dags_v3.drop_table scheduled__2023-07-24T00:00:00+00:00 [running]> on host f1ea17bde741
[2023-07-29T16:03:56.805+0000] {taskinstance.py:1513} INFO - Exporting the following env vars:
AIRFLOW_CTX_DAG_OWNER=***
AIRFLOW_CTX_DAG_ID=data_engineering_jobs_dags_v3
AIRFLOW_CTX_TASK_ID=drop_table
AIRFLOW_CTX_EXECUTION_DATE=2023-07-24T00:00:00+00:00
AIRFLOW_CTX_TRY_NUMBER=1
AIRFLOW_CTX_DAG_RUN_ID=scheduled__2023-07-24T00:00:00+00:00
[2023-07-29T16:03:56.845+0000] {sql.py:253} INFO - Executing: 
        DROP TABLE IF EXISTS jobs
    
[2023-07-29T16:03:57.036+0000] {base.py:73} INFO - Using connection ID 'my_connection' for task execution.
[2023-07-29T16:04:06.154+0000] {base.py:73} INFO - Using connection ID 'my_connection' for task execution.
[2023-07-29T16:04:06.668+0000] {sql.py:364} INFO - Running statement: 
        DROP TABLE IF EXISTS jobs
    , parameters: None
[2023-07-29T16:04:07.173+0000] {taskinstance.py:1327} INFO - Marking task as SUCCESS. dag_id=data_engineering_jobs_dags_v3, task_id=drop_table, execution_date=20230724T000000, start_date=20230729T160350, end_date=20230729T160407
[2023-07-29T16:04:08.254+0000] {local_task_job.py:159} INFO - Task exited with return code 0
[2023-07-29T16:04:10.336+0000] {taskinstance.py:2582} INFO - 0 downstream tasks scheduled from follow-on schedule check
