[2023-07-30T03:08:38.558+0000] {taskinstance.py:1087} INFO - Dependencies all met for <TaskInstance: my_postgres_dag_v3-1.create_table scheduled__2023-07-29T00:00:00+00:00 [queued]>
[2023-07-30T03:08:38.685+0000] {taskinstance.py:1087} INFO - Dependencies all met for <TaskInstance: my_postgres_dag_v3-1.create_table scheduled__2023-07-29T00:00:00+00:00 [queued]>
[2023-07-30T03:08:38.701+0000] {taskinstance.py:1283} INFO - 
--------------------------------------------------------------------------------
[2023-07-30T03:08:38.753+0000] {taskinstance.py:1284} INFO - Starting attempt 2 of 3
[2023-07-30T03:08:38.766+0000] {taskinstance.py:1285} INFO - 
--------------------------------------------------------------------------------
[2023-07-30T03:08:39.151+0000] {taskinstance.py:1304} INFO - Executing <Task(PostgresOperator): create_table> on 2023-07-29 00:00:00+00:00
[2023-07-30T03:08:39.172+0000] {standard_task_runner.py:55} INFO - Started process 31578 to run task
[2023-07-30T03:08:39.205+0000] {standard_task_runner.py:82} INFO - Running: ['***', 'tasks', 'run', 'my_postgres_dag_v3-1', 'create_table', 'scheduled__2023-07-29T00:00:00+00:00', '--job-id', '3063', '--raw', '--subdir', 'DAGS_FOLDER/postgres_operator_v2-2.py', '--cfg-path', '/tmp/tmpshkylvs2']
[2023-07-30T03:08:39.217+0000] {standard_task_runner.py:83} INFO - Job 3063: Subtask create_table
[2023-07-30T03:08:39.888+0000] {task_command.py:389} INFO - Running <TaskInstance: my_postgres_dag_v3-1.create_table scheduled__2023-07-29T00:00:00+00:00 [running]> on host f1ea17bde741
[2023-07-30T03:08:41.081+0000] {taskinstance.py:1513} INFO - Exporting the following env vars:
AIRFLOW_CTX_DAG_OWNER=Byron
AIRFLOW_CTX_DAG_ID=my_postgres_dag_v3-1
AIRFLOW_CTX_TASK_ID=create_table
AIRFLOW_CTX_EXECUTION_DATE=2023-07-29T00:00:00+00:00
AIRFLOW_CTX_TRY_NUMBER=2
AIRFLOW_CTX_DAG_RUN_ID=scheduled__2023-07-29T00:00:00+00:00
[2023-07-30T03:08:41.090+0000] {sql.py:253} INFO - Executing: CREATE TABLE IF NOT EXISTS ***_users (id SERIAL PRIMARY KEY, name VARCHAR(30))
[2023-07-30T03:08:41.148+0000] {base.py:73} INFO - Using connection ID 'my_connection' for task execution.
[2023-07-30T03:08:42.013+0000] {base.py:73} INFO - Using connection ID 'my_connection' for task execution.
[2023-07-30T03:08:42.203+0000] {sql.py:364} INFO - Running statement: CREATE TABLE IF NOT EXISTS ***_users (id SERIAL PRIMARY KEY, name VARCHAR(30)), parameters: None
[2023-07-30T03:08:42.332+0000] {taskinstance.py:1327} INFO - Marking task as SUCCESS. dag_id=my_postgres_dag_v3-1, task_id=create_table, execution_date=20230729T000000, start_date=20230730T030838, end_date=20230730T030842
[2023-07-30T03:08:42.851+0000] {local_task_job.py:159} INFO - Task exited with return code 0
[2023-07-30T03:08:43.416+0000] {taskinstance.py:2582} INFO - 0 downstream tasks scheduled from follow-on schedule check
