[2023-07-30T03:03:23.096+0000] {taskinstance.py:1087} INFO - Dependencies all met for <TaskInstance: my_python_dag_v6.my_address scheduled__2023-07-29T02:00:00+00:00 [queued]>
[2023-07-30T03:03:23.114+0000] {taskinstance.py:1087} INFO - Dependencies all met for <TaskInstance: my_python_dag_v6.my_address scheduled__2023-07-29T02:00:00+00:00 [queued]>
[2023-07-30T03:03:23.115+0000] {taskinstance.py:1283} INFO - 
--------------------------------------------------------------------------------
[2023-07-30T03:03:24.682+0000] {taskinstance.py:1284} INFO - Starting attempt 1 of 3
[2023-07-30T03:03:24.744+0000] {taskinstance.py:1285} INFO - 
--------------------------------------------------------------------------------
[2023-07-30T03:03:29.470+0000] {taskinstance.py:1304} INFO - Executing <Task(PythonOperator): my_address> on 2023-07-29 02:00:00+00:00
[2023-07-30T03:03:29.529+0000] {standard_task_runner.py:82} INFO - Running: ['***', 'tasks', 'run', 'my_python_dag_v6', 'my_address', 'scheduled__2023-07-29T02:00:00+00:00', '--job-id', '3057', '--raw', '--subdir', 'DAGS_FOLDER/python_operatorv6.py', '--cfg-path', '/tmp/tmpaxxqf0or']
[2023-07-30T03:03:29.531+0000] {standard_task_runner.py:55} INFO - Started process 31398 to run task
[2023-07-30T03:03:29.543+0000] {standard_task_runner.py:83} INFO - Job 3057: Subtask my_address
[2023-07-30T03:03:33.884+0000] {task_command.py:389} INFO - Running <TaskInstance: my_python_dag_v6.my_address scheduled__2023-07-29T02:00:00+00:00 [running]> on host f1ea17bde741
[2023-07-30T03:03:38.719+0000] {taskinstance.py:1513} INFO - Exporting the following env vars:
AIRFLOW_CTX_DAG_OWNER=Byron
AIRFLOW_CTX_DAG_ID=my_python_dag_v6
AIRFLOW_CTX_TASK_ID=my_address
AIRFLOW_CTX_EXECUTION_DATE=2023-07-29T02:00:00+00:00
AIRFLOW_CTX_TRY_NUMBER=1
AIRFLOW_CTX_DAG_RUN_ID=scheduled__2023-07-29T02:00:00+00:00
[2023-07-30T03:03:38.721+0000] {python.py:177} INFO - Done. Returned value was: Canada
[2023-07-30T03:03:45.736+0000] {taskinstance.py:1327} INFO - Marking task as SUCCESS. dag_id=my_python_dag_v6, task_id=my_address, execution_date=20230729T020000, start_date=20230730T030323, end_date=20230730T030345
[2023-07-30T03:03:54.772+0000] {local_task_job.py:159} INFO - Task exited with return code 0
[2023-07-30T03:03:54.831+0000] {taskinstance.py:2582} INFO - 1 downstream tasks scheduled from follow-on schedule check
