[2023-07-31T12:26:23.286+0000] {taskinstance.py:1087} INFO - Dependencies all met for <TaskInstance: job_data_pipeline_plus_csv.get_jobs manual__2023-07-31T12:20:44.366634+00:00 [queued]>
[2023-07-31T12:26:23.408+0000] {taskinstance.py:1087} INFO - Dependencies all met for <TaskInstance: job_data_pipeline_plus_csv.get_jobs manual__2023-07-31T12:20:44.366634+00:00 [queued]>
[2023-07-31T12:26:23.413+0000] {taskinstance.py:1283} INFO - 
--------------------------------------------------------------------------------
[2023-07-31T12:26:23.488+0000] {taskinstance.py:1284} INFO - Starting attempt 2 of 2
[2023-07-31T12:26:23.505+0000] {taskinstance.py:1285} INFO - 
--------------------------------------------------------------------------------
[2023-07-31T12:26:23.852+0000] {taskinstance.py:1304} INFO - Executing <Task(PythonOperator): get_jobs> on 2023-07-31 12:20:44.366634+00:00
[2023-07-31T12:26:23.891+0000] {standard_task_runner.py:55} INFO - Started process 2424 to run task
[2023-07-31T12:26:23.956+0000] {standard_task_runner.py:82} INFO - Running: ['***', 'tasks', 'run', 'job_data_pipeline_plus_csv', 'get_jobs', 'manual__2023-07-31T12:20:44.366634+00:00', '--job-id', '3121', '--raw', '--subdir', 'DAGS_FOLDER/load_data_create_csv(Y).py', '--cfg-path', '/tmp/tmpj226a_8_']
[2023-07-31T12:26:24.044+0000] {standard_task_runner.py:83} INFO - Job 3121: Subtask get_jobs
[2023-07-31T12:26:25.417+0000] {task_command.py:389} INFO - Running <TaskInstance: job_data_pipeline_plus_csv.get_jobs manual__2023-07-31T12:20:44.366634+00:00 [running]> on host 4b7777060932
[2023-07-31T12:26:26.808+0000] {taskinstance.py:1513} INFO - Exporting the following env vars:
AIRFLOW_CTX_DAG_OWNER=***
AIRFLOW_CTX_DAG_ID=job_data_pipeline_plus_csv
AIRFLOW_CTX_TASK_ID=get_jobs
AIRFLOW_CTX_EXECUTION_DATE=2023-07-31T12:20:44.366634+00:00
AIRFLOW_CTX_TRY_NUMBER=2
AIRFLOW_CTX_DAG_RUN_ID=manual__2023-07-31T12:20:44.366634+00:00
[2023-07-31T12:26:36.263+0000] {python.py:177} INFO - Done. Returned value was: None
[2023-07-31T12:26:36.431+0000] {taskinstance.py:1327} INFO - Marking task as SUCCESS. dag_id=job_data_pipeline_plus_csv, task_id=get_jobs, execution_date=20230731T122044, start_date=20230731T122623, end_date=20230731T122636
[2023-07-31T12:26:36.747+0000] {local_task_job.py:159} INFO - Task exited with return code 0
[2023-07-31T12:26:38.065+0000] {taskinstance.py:2582} INFO - 0 downstream tasks scheduled from follow-on schedule check
