[2023-07-29T16:14:58.276+0000] {taskinstance.py:1087} INFO - Dependencies all met for <TaskInstance: data_engineering_jobs_dags_v3.drop_table manual__2023-07-29T16:14:36.118123+00:00 [queued]>
[2023-07-29T16:14:58.338+0000] {taskinstance.py:1087} INFO - Dependencies all met for <TaskInstance: data_engineering_jobs_dags_v3.drop_table manual__2023-07-29T16:14:36.118123+00:00 [queued]>
[2023-07-29T16:14:58.340+0000] {taskinstance.py:1283} INFO - 
--------------------------------------------------------------------------------
[2023-07-29T16:14:58.350+0000] {taskinstance.py:1284} INFO - Starting attempt 1 of 2
[2023-07-29T16:14:58.352+0000] {taskinstance.py:1285} INFO - 
--------------------------------------------------------------------------------
[2023-07-29T16:14:58.507+0000] {taskinstance.py:1304} INFO - Executing <Task(PostgresOperator): drop_table> on 2023-07-29 16:14:36.118123+00:00
[2023-07-29T16:14:58.525+0000] {standard_task_runner.py:55} INFO - Started process 15842 to run task
[2023-07-29T16:14:58.540+0000] {standard_task_runner.py:82} INFO - Running: ['***', 'tasks', 'run', 'data_engineering_jobs_dags_v3', 'drop_table', 'manual__2023-07-29T16:14:36.118123+00:00', '--job-id', '2968', '--raw', '--subdir', 'DAGS_FOLDER/load_data_v3.py', '--cfg-path', '/tmp/tmpfzl7f8y7']
[2023-07-29T16:14:58.547+0000] {standard_task_runner.py:83} INFO - Job 2968: Subtask drop_table
[2023-07-29T16:14:59.192+0000] {task_command.py:389} INFO - Running <TaskInstance: data_engineering_jobs_dags_v3.drop_table manual__2023-07-29T16:14:36.118123+00:00 [running]> on host f1ea17bde741
[2023-07-29T16:14:59.958+0000] {taskinstance.py:1513} INFO - Exporting the following env vars:
AIRFLOW_CTX_DAG_OWNER=***
AIRFLOW_CTX_DAG_ID=data_engineering_jobs_dags_v3
AIRFLOW_CTX_TASK_ID=drop_table
AIRFLOW_CTX_EXECUTION_DATE=2023-07-29T16:14:36.118123+00:00
AIRFLOW_CTX_TRY_NUMBER=1
AIRFLOW_CTX_DAG_RUN_ID=manual__2023-07-29T16:14:36.118123+00:00
[2023-07-29T16:14:59.964+0000] {sql.py:253} INFO - Executing: 
        DROP TABLE IF EXISTS jobs
    
[2023-07-29T16:14:59.990+0000] {base.py:73} INFO - Using connection ID 'my_connection' for task execution.
[2023-07-29T16:15:01.802+0000] {base.py:73} INFO - Using connection ID 'my_connection' for task execution.
[2023-07-29T16:15:01.887+0000] {sql.py:364} INFO - Running statement: 
        DROP TABLE IF EXISTS jobs
    , parameters: None
[2023-07-29T16:15:02.237+0000] {taskinstance.py:1327} INFO - Marking task as SUCCESS. dag_id=data_engineering_jobs_dags_v3, task_id=drop_table, execution_date=20230729T161436, start_date=20230729T161458, end_date=20230729T161502
[2023-07-29T16:15:02.583+0000] {local_task_job.py:159} INFO - Task exited with return code 0
[2023-07-29T16:15:03.522+0000] {taskinstance.py:2582} INFO - 0 downstream tasks scheduled from follow-on schedule check
