[2023-07-30T03:57:46.393+0000] {taskinstance.py:1087} INFO - Dependencies all met for <TaskInstance: job_data_pipeline_title_search.write_to_postgres manual__2023-07-30T03:57:08.601582+00:00 [queued]>
[2023-07-30T03:57:46.450+0000] {taskinstance.py:1087} INFO - Dependencies all met for <TaskInstance: job_data_pipeline_title_search.write_to_postgres manual__2023-07-30T03:57:08.601582+00:00 [queued]>
[2023-07-30T03:57:46.457+0000] {taskinstance.py:1283} INFO - 
--------------------------------------------------------------------------------
[2023-07-30T03:57:46.467+0000] {taskinstance.py:1284} INFO - Starting attempt 1 of 2
[2023-07-30T03:57:46.468+0000] {taskinstance.py:1285} INFO - 
--------------------------------------------------------------------------------
[2023-07-30T03:57:46.992+0000] {taskinstance.py:1304} INFO - Executing <Task(PythonOperator): write_to_postgres> on 2023-07-30 03:57:08.601582+00:00
[2023-07-30T03:57:47.040+0000] {standard_task_runner.py:55} INFO - Started process 33549 to run task
[2023-07-30T03:57:47.086+0000] {standard_task_runner.py:82} INFO - Running: ['***', 'tasks', 'run', 'job_data_pipeline_title_search', 'write_to_postgres', 'manual__2023-07-30T03:57:08.601582+00:00', '--job-id', '3075', '--raw', '--subdir', 'DAGS_FOLDER/load_data_title_search_(Y).py', '--cfg-path', '/tmp/tmpeju1rnfx']
[2023-07-30T03:57:47.147+0000] {standard_task_runner.py:83} INFO - Job 3075: Subtask write_to_postgres
[2023-07-30T03:57:47.993+0000] {task_command.py:389} INFO - Running <TaskInstance: job_data_pipeline_title_search.write_to_postgres manual__2023-07-30T03:57:08.601582+00:00 [running]> on host f1ea17bde741
[2023-07-30T03:57:49.019+0000] {taskinstance.py:1513} INFO - Exporting the following env vars:
AIRFLOW_CTX_DAG_OWNER=***
AIRFLOW_CTX_DAG_ID=job_data_pipeline_title_search
AIRFLOW_CTX_TASK_ID=write_to_postgres
AIRFLOW_CTX_EXECUTION_DATE=2023-07-30T03:57:08.601582+00:00
AIRFLOW_CTX_TRY_NUMBER=1
AIRFLOW_CTX_DAG_RUN_ID=manual__2023-07-30T03:57:08.601582+00:00
[2023-07-30T03:57:49.157+0000] {base.py:73} INFO - Using connection ID 'my_connection' for task execution.
[2023-07-30T03:57:50.002+0000] {python.py:177} INFO - Done. Returned value was: None
[2023-07-30T03:57:50.100+0000] {taskinstance.py:1327} INFO - Marking task as SUCCESS. dag_id=job_data_pipeline_title_search, task_id=write_to_postgres, execution_date=20230730T035708, start_date=20230730T035746, end_date=20230730T035750
[2023-07-30T03:57:50.514+0000] {local_task_job.py:159} INFO - Task exited with return code 0
[2023-07-30T03:57:50.707+0000] {taskinstance.py:2582} INFO - 0 downstream tasks scheduled from follow-on schedule check
