[2023-07-29T14:42:22.790+0000] {taskinstance.py:1087} INFO - Dependencies all met for <TaskInstance: data_engineering_jobs_dags_v3.get_jobs scheduled__2023-04-01T00:00:00+00:00 [queued]>
[2023-07-29T14:42:22.866+0000] {taskinstance.py:1087} INFO - Dependencies all met for <TaskInstance: data_engineering_jobs_dags_v3.get_jobs scheduled__2023-04-01T00:00:00+00:00 [queued]>
[2023-07-29T14:42:22.867+0000] {taskinstance.py:1283} INFO - 
--------------------------------------------------------------------------------
[2023-07-29T14:42:22.877+0000] {taskinstance.py:1284} INFO - Starting attempt 1 of 2
[2023-07-29T14:42:22.878+0000] {taskinstance.py:1285} INFO - 
--------------------------------------------------------------------------------
[2023-07-29T14:42:23.092+0000] {taskinstance.py:1304} INFO - Executing <Task(PythonOperator): get_jobs> on 2023-04-01 00:00:00+00:00
[2023-07-29T14:42:23.108+0000] {standard_task_runner.py:55} INFO - Started process 10957 to run task
[2023-07-29T14:42:23.166+0000] {standard_task_runner.py:82} INFO - Running: ['***', 'tasks', 'run', 'data_engineering_jobs_dags_v3', 'get_jobs', 'scheduled__2023-04-01T00:00:00+00:00', '--job-id', '2432', '--raw', '--subdir', 'DAGS_FOLDER/load_data_v3.py', '--cfg-path', '/tmp/tmp4l_vrs51']
[2023-07-29T14:42:23.174+0000] {standard_task_runner.py:83} INFO - Job 2432: Subtask get_jobs
[2023-07-29T14:42:23.852+0000] {task_command.py:389} INFO - Running <TaskInstance: data_engineering_jobs_dags_v3.get_jobs scheduled__2023-04-01T00:00:00+00:00 [running]> on host f1ea17bde741
[2023-07-29T14:42:25.086+0000] {taskinstance.py:1513} INFO - Exporting the following env vars:
AIRFLOW_CTX_DAG_OWNER=***
AIRFLOW_CTX_DAG_ID=data_engineering_jobs_dags_v3
AIRFLOW_CTX_TASK_ID=get_jobs
AIRFLOW_CTX_EXECUTION_DATE=2023-04-01T00:00:00+00:00
AIRFLOW_CTX_TRY_NUMBER=1
AIRFLOW_CTX_DAG_RUN_ID=scheduled__2023-04-01T00:00:00+00:00
[2023-07-29T14:42:27.077+0000] {python.py:177} INFO - Done. Returned value was: None
[2023-07-29T14:42:27.168+0000] {taskinstance.py:1327} INFO - Marking task as SUCCESS. dag_id=data_engineering_jobs_dags_v3, task_id=get_jobs, execution_date=20230401T000000, start_date=20230729T144222, end_date=20230729T144227
[2023-07-29T14:42:28.354+0000] {local_task_job.py:159} INFO - Task exited with return code 0
[2023-07-29T14:42:28.632+0000] {taskinstance.py:2582} INFO - 2 downstream tasks scheduled from follow-on schedule check
