[2023-07-29T10:56:09.156+0000] {taskinstance.py:1087} INFO - Dependencies all met for <TaskInstance: data_engineering_jobs_dags_v2.get_jobs scheduled__2023-03-23T00:00:00+00:00 [queued]>
[2023-07-29T10:56:10.223+0000] {taskinstance.py:1087} INFO - Dependencies all met for <TaskInstance: data_engineering_jobs_dags_v2.get_jobs scheduled__2023-03-23T00:00:00+00:00 [queued]>
[2023-07-29T10:56:10.319+0000] {taskinstance.py:1283} INFO - 
--------------------------------------------------------------------------------
[2023-07-29T10:56:10.465+0000] {taskinstance.py:1284} INFO - Starting attempt 1 of 2
[2023-07-29T10:56:10.723+0000] {taskinstance.py:1285} INFO - 
--------------------------------------------------------------------------------
[2023-07-29T10:56:12.055+0000] {taskinstance.py:1304} INFO - Executing <Task(PythonOperator): get_jobs> on 2023-03-23 00:00:00+00:00
[2023-07-29T10:56:13.028+0000] {standard_task_runner.py:55} INFO - Started process 1635 to run task
[2023-07-29T10:56:13.479+0000] {standard_task_runner.py:82} INFO - Running: ['***', 'tasks', 'run', 'data_engineering_jobs_dags_v2', 'get_jobs', 'scheduled__2023-03-23T00:00:00+00:00', '--job-id', '1986', '--raw', '--subdir', 'DAGS_FOLDER/load_data_v2.py', '--cfg-path', '/tmp/tmp7s2b5zky']
[2023-07-29T10:56:14.318+0000] {standard_task_runner.py:83} INFO - Job 1986: Subtask get_jobs
[2023-07-29T10:56:20.831+0000] {task_command.py:389} INFO - Running <TaskInstance: data_engineering_jobs_dags_v2.get_jobs scheduled__2023-03-23T00:00:00+00:00 [running]> on host f1ea17bde741
[2023-07-29T10:56:33.792+0000] {taskinstance.py:1513} INFO - Exporting the following env vars:
AIRFLOW_CTX_DAG_OWNER=***
AIRFLOW_CTX_DAG_ID=data_engineering_jobs_dags_v2
AIRFLOW_CTX_TASK_ID=get_jobs
AIRFLOW_CTX_EXECUTION_DATE=2023-03-23T00:00:00+00:00
AIRFLOW_CTX_TRY_NUMBER=1
AIRFLOW_CTX_DAG_RUN_ID=scheduled__2023-03-23T00:00:00+00:00
[2023-07-29T10:56:39.630+0000] {python.py:177} INFO - Done. Returned value was: None
[2023-07-29T10:56:39.841+0000] {taskinstance.py:1327} INFO - Marking task as SUCCESS. dag_id=data_engineering_jobs_dags_v2, task_id=get_jobs, execution_date=20230323T000000, start_date=20230729T105609, end_date=20230729T105639
[2023-07-29T10:56:42.044+0000] {local_task_job.py:159} INFO - Task exited with return code 0
[2023-07-29T10:56:46.745+0000] {taskinstance.py:2582} INFO - 0 downstream tasks scheduled from follow-on schedule check
