[2023-07-31T00:06:09.630+0000] {taskinstance.py:1087} INFO - Dependencies all met for <TaskInstance: my_postgres_dag_v3-1.insert_data scheduled__2023-07-30T00:00:00+00:00 [queued]>
[2023-07-31T00:06:09.741+0000] {taskinstance.py:1087} INFO - Dependencies all met for <TaskInstance: my_postgres_dag_v3-1.insert_data scheduled__2023-07-30T00:00:00+00:00 [queued]>
[2023-07-31T00:06:09.898+0000] {taskinstance.py:1283} INFO - 
--------------------------------------------------------------------------------
[2023-07-31T00:06:10.022+0000] {taskinstance.py:1284} INFO - Starting attempt 2 of 3
[2023-07-31T00:06:10.102+0000] {taskinstance.py:1285} INFO - 
--------------------------------------------------------------------------------
[2023-07-31T00:06:10.517+0000] {taskinstance.py:1304} INFO - Executing <Task(PostgresOperator): insert_data> on 2023-07-30 00:00:00+00:00
[2023-07-31T00:06:10.561+0000] {standard_task_runner.py:55} INFO - Started process 12015 to run task
[2023-07-31T00:06:10.596+0000] {standard_task_runner.py:82} INFO - Running: ['***', 'tasks', 'run', 'my_postgres_dag_v3-1', 'insert_data', 'scheduled__2023-07-30T00:00:00+00:00', '--job-id', '3104', '--raw', '--subdir', 'DAGS_FOLDER/postgres_operator_v2-2.py', '--cfg-path', '/tmp/tmpvl79n2sv']
[2023-07-31T00:06:10.609+0000] {standard_task_runner.py:83} INFO - Job 3104: Subtask insert_data
[2023-07-31T00:06:11.215+0000] {task_command.py:389} INFO - Running <TaskInstance: my_postgres_dag_v3-1.insert_data scheduled__2023-07-30T00:00:00+00:00 [running]> on host 4b7777060932
[2023-07-31T00:06:12.100+0000] {taskinstance.py:1513} INFO - Exporting the following env vars:
AIRFLOW_CTX_DAG_OWNER=Byron
AIRFLOW_CTX_DAG_ID=my_postgres_dag_v3-1
AIRFLOW_CTX_TASK_ID=insert_data
AIRFLOW_CTX_EXECUTION_DATE=2023-07-30T00:00:00+00:00
AIRFLOW_CTX_TRY_NUMBER=2
AIRFLOW_CTX_DAG_RUN_ID=scheduled__2023-07-30T00:00:00+00:00
[2023-07-31T00:06:12.123+0000] {sql.py:253} INFO - Executing: INSERT INTO ***_users (name) VALUES ("Chidi", "Joseph", "Cindy", "Sarai")
[2023-07-31T00:06:12.236+0000] {base.py:73} INFO - Using connection ID 'my_connection' for task execution.
[2023-07-31T00:06:14.809+0000] {base.py:73} INFO - Using connection ID 'my_connection' for task execution.
[2023-07-31T00:06:14.975+0000] {sql.py:364} INFO - Running statement: INSERT INTO ***_users (name) VALUES ("Chidi", "Joseph", "Cindy", "Sarai"), parameters: None
[2023-07-31T00:06:15.046+0000] {taskinstance.py:1772} ERROR - Task failed with exception
Traceback (most recent call last):
  File "/home/airflow/.local/lib/python3.7/site-packages/airflow/providers/common/sql/operators/sql.py", line 261, in execute
    return_last=self.return_last,
  File "/home/airflow/.local/lib/python3.7/site-packages/airflow/providers/common/sql/hooks/sql.py", line 338, in run
    self._run_command(cur, sql_statement, parameters)
  File "/home/airflow/.local/lib/python3.7/site-packages/airflow/providers/common/sql/hooks/sql.py", line 369, in _run_command
    cur.execute(sql_statement)
psycopg2.errors.UndefinedColumn: column "Chidi" does not exist
LINE 1: INSERT INTO ***_users (name) VALUES ("Chidi", "Joseph", ...
                                                 ^

[2023-07-31T00:06:15.112+0000] {taskinstance.py:1327} INFO - Marking task as UP_FOR_RETRY. dag_id=my_postgres_dag_v3-1, task_id=insert_data, execution_date=20230730T000000, start_date=20230731T000609, end_date=20230731T000615
[2023-07-31T00:06:15.504+0000] {standard_task_runner.py:105} ERROR - Failed to execute job 3104 for task insert_data (column "Chidi" does not exist
LINE 1: INSERT INTO ***_users (name) VALUES ("Chidi", "Joseph", ...
                                                 ^
; 12015)
[2023-07-31T00:06:15.937+0000] {local_task_job.py:159} INFO - Task exited with return code 1
[2023-07-31T00:06:16.141+0000] {taskinstance.py:2582} INFO - 0 downstream tasks scheduled from follow-on schedule check
