[2023-07-27T09:55:50.384+0000] {taskinstance.py:1087} INFO - Dependencies all met for <TaskInstance: data_engineer_jobs_dag.extract_relevant_records_from_overall_data scheduled__2023-04-19T00:00:00+00:00 [queued]>
[2023-07-27T09:55:50.421+0000] {taskinstance.py:1087} INFO - Dependencies all met for <TaskInstance: data_engineer_jobs_dag.extract_relevant_records_from_overall_data scheduled__2023-04-19T00:00:00+00:00 [queued]>
[2023-07-27T09:55:50.422+0000] {taskinstance.py:1283} INFO - 
--------------------------------------------------------------------------------
[2023-07-27T09:55:50.466+0000] {taskinstance.py:1284} INFO - Starting attempt 2 of 2
[2023-07-27T09:55:50.468+0000] {taskinstance.py:1285} INFO - 
--------------------------------------------------------------------------------
[2023-07-27T09:55:50.812+0000] {taskinstance.py:1304} INFO - Executing <Task(PythonOperator): extract_relevant_records_from_overall_data> on 2023-04-19 00:00:00+00:00
[2023-07-27T09:55:50.829+0000] {standard_task_runner.py:55} INFO - Started process 11254 to run task
[2023-07-27T09:55:50.858+0000] {standard_task_runner.py:82} INFO - Running: ['***', 'tasks', 'run', 'data_engineer_jobs_dag', 'extract_relevant_records_from_overall_data', 'scheduled__2023-04-19T00:00:00+00:00', '--job-id', '1513', '--raw', '--subdir', 'DAGS_FOLDER/load_data.py', '--cfg-path', '/tmp/tmpleby3odm']
[2023-07-27T09:55:50.867+0000] {standard_task_runner.py:83} INFO - Job 1513: Subtask extract_relevant_records_from_overall_data
[2023-07-27T09:55:51.393+0000] {task_command.py:389} INFO - Running <TaskInstance: data_engineer_jobs_dag.extract_relevant_records_from_overall_data scheduled__2023-04-19T00:00:00+00:00 [running]> on host bc3380e7707e
[2023-07-27T09:55:52.116+0000] {taskinstance.py:1513} INFO - Exporting the following env vars:
AIRFLOW_CTX_DAG_EMAIL=kasimir.Ikuenobe@hotmail.com
AIRFLOW_CTX_DAG_OWNER=ebejale
AIRFLOW_CTX_DAG_ID=data_engineer_jobs_dag
AIRFLOW_CTX_TASK_ID=extract_relevant_records_from_overall_data
AIRFLOW_CTX_EXECUTION_DATE=2023-04-19T00:00:00+00:00
AIRFLOW_CTX_TRY_NUMBER=2
AIRFLOW_CTX_DAG_RUN_ID=scheduled__2023-04-19T00:00:00+00:00
[2023-07-27T09:55:52.192+0000] {taskinstance.py:1772} ERROR - Task failed with exception
Traceback (most recent call last):
  File "/home/airflow/.local/lib/python3.7/site-packages/airflow/operators/python.py", line 175, in execute
    return_value = self.execute_callable()
  File "/home/airflow/.local/lib/python3.7/site-packages/airflow/operators/python.py", line 192, in execute_callable
    return self.python_callable(*self.op_args, **self.op_kwargs)
  File "/opt/airflow/dags/load_data.py", line 81, in extract_relevant_records_from_overall_data
    for i in range(len(data['data'])):
KeyError: 'data'
[2023-07-27T09:55:52.244+0000] {taskinstance.py:1327} INFO - Marking task as FAILED. dag_id=data_engineer_jobs_dag, task_id=extract_relevant_records_from_overall_data, execution_date=20230419T000000, start_date=20230727T095550, end_date=20230727T095552
[2023-07-27T09:55:52.567+0000] {standard_task_runner.py:105} ERROR - Failed to execute job 1513 for task extract_relevant_records_from_overall_data ('data'; 11254)
[2023-07-27T09:55:52.624+0000] {local_task_job.py:159} INFO - Task exited with return code 1
[2023-07-27T09:55:52.984+0000] {taskinstance.py:2582} INFO - 0 downstream tasks scheduled from follow-on schedule check
