[2023-07-29T14:08:26.037+0000] {taskinstance.py:1087} INFO - Dependencies all met for <TaskInstance: data_engineering_jobs_dags_v3.write_to_postgres scheduled__2023-01-03T00:00:00+00:00 [queued]>
[2023-07-29T14:08:26.344+0000] {taskinstance.py:1087} INFO - Dependencies all met for <TaskInstance: data_engineering_jobs_dags_v3.write_to_postgres scheduled__2023-01-03T00:00:00+00:00 [queued]>
[2023-07-29T14:08:26.351+0000] {taskinstance.py:1283} INFO - 
--------------------------------------------------------------------------------
[2023-07-29T14:08:26.405+0000] {taskinstance.py:1284} INFO - Starting attempt 2 of 2
[2023-07-29T14:08:26.436+0000] {taskinstance.py:1285} INFO - 
--------------------------------------------------------------------------------
[2023-07-29T14:08:29.507+0000] {taskinstance.py:1304} INFO - Executing <Task(PythonOperator): write_to_postgres> on 2023-01-03 00:00:00+00:00
[2023-07-29T14:08:29.746+0000] {standard_task_runner.py:55} INFO - Started process 8935 to run task
[2023-07-29T14:08:29.955+0000] {standard_task_runner.py:82} INFO - Running: ['***', 'tasks', 'run', 'data_engineering_jobs_dags_v3', 'write_to_postgres', 'scheduled__2023-01-03T00:00:00+00:00', '--job-id', '2126', '--raw', '--subdir', 'DAGS_FOLDER/load_data_v3.py', '--cfg-path', '/tmp/tmpal8l2ar4']
[2023-07-29T14:08:30.112+0000] {standard_task_runner.py:83} INFO - Job 2126: Subtask write_to_postgres
[2023-07-29T14:08:33.598+0000] {task_command.py:389} INFO - Running <TaskInstance: data_engineering_jobs_dags_v3.write_to_postgres scheduled__2023-01-03T00:00:00+00:00 [running]> on host f1ea17bde741
[2023-07-29T14:08:38.907+0000] {taskinstance.py:1513} INFO - Exporting the following env vars:
AIRFLOW_CTX_DAG_OWNER=***
AIRFLOW_CTX_DAG_ID=data_engineering_jobs_dags_v3
AIRFLOW_CTX_TASK_ID=write_to_postgres
AIRFLOW_CTX_EXECUTION_DATE=2023-01-03T00:00:00+00:00
AIRFLOW_CTX_TRY_NUMBER=2
AIRFLOW_CTX_DAG_RUN_ID=scheduled__2023-01-03T00:00:00+00:00
[2023-07-29T14:08:39.717+0000] {taskinstance.py:1772} ERROR - Task failed with exception
Traceback (most recent call last):
  File "/home/airflow/.local/lib/python3.7/site-packages/airflow/operators/python.py", line 175, in execute
    return_value = self.execute_callable()
  File "/home/airflow/.local/lib/python3.7/site-packages/airflow/operators/python.py", line 192, in execute_callable
    return self.python_callable(*self.op_args, **self.op_kwargs)
  File "/opt/airflow/dags/load_data_v3.py", line 66, in write_to_postgres
    conn = psycopg2.connect(conn_string)
  File "/home/airflow/.local/lib/python3.7/site-packages/psycopg2/__init__.py", line 121, in connect
    dsn = _ext.make_dsn(dsn, **kwargs)
  File "/home/airflow/.local/lib/python3.7/site-packages/psycopg2/extensions.py", line 145, in make_dsn
    parse_dsn(dsn)
psycopg2.ProgrammingError: invalid dsn: missing "=" after "my_connection" in connection info string

[2023-07-29T14:08:40.000+0000] {taskinstance.py:1327} INFO - Marking task as FAILED. dag_id=data_engineering_jobs_dags_v3, task_id=write_to_postgres, execution_date=20230103T000000, start_date=20230729T140826, end_date=20230729T140839
[2023-07-29T14:08:41.186+0000] {standard_task_runner.py:105} ERROR - Failed to execute job 2126 for task write_to_postgres (invalid dsn: missing "=" after "my_connection" in connection info string
; 8935)
[2023-07-29T14:08:41.570+0000] {local_task_job.py:159} INFO - Task exited with return code 1
[2023-07-29T14:08:42.320+0000] {taskinstance.py:2582} INFO - 0 downstream tasks scheduled from follow-on schedule check
