[2023-07-29T16:03:43.866+0000] {taskinstance.py:1087} INFO - Dependencies all met for <TaskInstance: data_engineering_jobs_dags_v3.drop_table scheduled__2023-07-27T00:00:00+00:00 [queued]>
[2023-07-29T16:03:44.496+0000] {taskinstance.py:1087} INFO - Dependencies all met for <TaskInstance: data_engineering_jobs_dags_v3.drop_table scheduled__2023-07-27T00:00:00+00:00 [queued]>
[2023-07-29T16:03:44.509+0000] {taskinstance.py:1283} INFO - 
--------------------------------------------------------------------------------
[2023-07-29T16:03:44.525+0000] {taskinstance.py:1284} INFO - Starting attempt 1 of 2
[2023-07-29T16:03:44.529+0000] {taskinstance.py:1285} INFO - 
--------------------------------------------------------------------------------
[2023-07-29T16:03:46.049+0000] {taskinstance.py:1304} INFO - Executing <Task(PostgresOperator): drop_table> on 2023-07-27 00:00:00+00:00
[2023-07-29T16:03:46.061+0000] {standard_task_runner.py:55} INFO - Started process 15392 to run task
[2023-07-29T16:03:46.146+0000] {standard_task_runner.py:82} INFO - Running: ['***', 'tasks', 'run', 'data_engineering_jobs_dags_v3', 'drop_table', 'scheduled__2023-07-27T00:00:00+00:00', '--job-id', '2950', '--raw', '--subdir', 'DAGS_FOLDER/load_data_v3.py', '--cfg-path', '/tmp/tmpqd19lpke']
[2023-07-29T16:03:46.162+0000] {standard_task_runner.py:83} INFO - Job 2950: Subtask drop_table
[2023-07-29T16:03:47.495+0000] {task_command.py:389} INFO - Running <TaskInstance: data_engineering_jobs_dags_v3.drop_table scheduled__2023-07-27T00:00:00+00:00 [running]> on host f1ea17bde741
[2023-07-29T16:03:50.567+0000] {taskinstance.py:1513} INFO - Exporting the following env vars:
AIRFLOW_CTX_DAG_OWNER=***
AIRFLOW_CTX_DAG_ID=data_engineering_jobs_dags_v3
AIRFLOW_CTX_TASK_ID=drop_table
AIRFLOW_CTX_EXECUTION_DATE=2023-07-27T00:00:00+00:00
AIRFLOW_CTX_TRY_NUMBER=1
AIRFLOW_CTX_DAG_RUN_ID=scheduled__2023-07-27T00:00:00+00:00
[2023-07-29T16:03:50.580+0000] {sql.py:253} INFO - Executing: 
        DROP TABLE IF EXISTS jobs
    
[2023-07-29T16:03:50.778+0000] {base.py:73} INFO - Using connection ID 'my_connection' for task execution.
[2023-07-29T16:03:57.663+0000] {base.py:73} INFO - Using connection ID 'my_connection' for task execution.
[2023-07-29T16:03:57.709+0000] {sql.py:364} INFO - Running statement: 
        DROP TABLE IF EXISTS jobs
    , parameters: None
[2023-07-29T16:03:58.020+0000] {taskinstance.py:1327} INFO - Marking task as SUCCESS. dag_id=data_engineering_jobs_dags_v3, task_id=drop_table, execution_date=20230727T000000, start_date=20230729T160343, end_date=20230729T160358
[2023-07-29T16:03:58.722+0000] {local_task_job.py:159} INFO - Task exited with return code 0
[2023-07-29T16:03:59.166+0000] {taskinstance.py:2582} INFO - 0 downstream tasks scheduled from follow-on schedule check
