[2023-07-29T16:03:38.511+0000] {taskinstance.py:1087} INFO - Dependencies all met for <TaskInstance: data_engineering_jobs_dags_v3.drop_table scheduled__2023-07-23T00:00:00+00:00 [queued]>
[2023-07-29T16:03:39.034+0000] {taskinstance.py:1087} INFO - Dependencies all met for <TaskInstance: data_engineering_jobs_dags_v3.drop_table scheduled__2023-07-23T00:00:00+00:00 [queued]>
[2023-07-29T16:03:39.061+0000] {taskinstance.py:1283} INFO - 
--------------------------------------------------------------------------------
[2023-07-29T16:03:39.105+0000] {taskinstance.py:1284} INFO - Starting attempt 1 of 2
[2023-07-29T16:03:39.121+0000] {taskinstance.py:1285} INFO - 
--------------------------------------------------------------------------------
[2023-07-29T16:03:39.722+0000] {taskinstance.py:1304} INFO - Executing <Task(PostgresOperator): drop_table> on 2023-07-23 00:00:00+00:00
[2023-07-29T16:03:39.736+0000] {standard_task_runner.py:55} INFO - Started process 15381 to run task
[2023-07-29T16:03:39.830+0000] {standard_task_runner.py:82} INFO - Running: ['***', 'tasks', 'run', 'data_engineering_jobs_dags_v3', 'drop_table', 'scheduled__2023-07-23T00:00:00+00:00', '--job-id', '2949', '--raw', '--subdir', 'DAGS_FOLDER/load_data_v3.py', '--cfg-path', '/tmp/tmp4p3lnnwf']
[2023-07-29T16:03:39.995+0000] {standard_task_runner.py:83} INFO - Job 2949: Subtask drop_table
[2023-07-29T16:03:42.621+0000] {task_command.py:389} INFO - Running <TaskInstance: data_engineering_jobs_dags_v3.drop_table scheduled__2023-07-23T00:00:00+00:00 [running]> on host f1ea17bde741
[2023-07-29T16:03:44.238+0000] {taskinstance.py:1513} INFO - Exporting the following env vars:
AIRFLOW_CTX_DAG_OWNER=***
AIRFLOW_CTX_DAG_ID=data_engineering_jobs_dags_v3
AIRFLOW_CTX_TASK_ID=drop_table
AIRFLOW_CTX_EXECUTION_DATE=2023-07-23T00:00:00+00:00
AIRFLOW_CTX_TRY_NUMBER=1
AIRFLOW_CTX_DAG_RUN_ID=scheduled__2023-07-23T00:00:00+00:00
[2023-07-29T16:03:44.241+0000] {sql.py:253} INFO - Executing: 
        DROP TABLE IF EXISTS jobs
    
[2023-07-29T16:03:44.294+0000] {base.py:73} INFO - Using connection ID 'my_connection' for task execution.
[2023-07-29T16:03:52.334+0000] {base.py:73} INFO - Using connection ID 'my_connection' for task execution.
[2023-07-29T16:03:52.477+0000] {sql.py:364} INFO - Running statement: 
        DROP TABLE IF EXISTS jobs
    , parameters: None
[2023-07-29T16:03:54.101+0000] {taskinstance.py:1327} INFO - Marking task as SUCCESS. dag_id=data_engineering_jobs_dags_v3, task_id=drop_table, execution_date=20230723T000000, start_date=20230729T160338, end_date=20230729T160354
[2023-07-29T16:03:55.101+0000] {local_task_job.py:159} INFO - Task exited with return code 0
[2023-07-29T16:03:55.733+0000] {taskinstance.py:2582} INFO - 0 downstream tasks scheduled from follow-on schedule check
