[2023-07-29T15:34:50.138+0000] {taskinstance.py:1087} INFO - Dependencies all met for <TaskInstance: data_engineering_jobs_dags_v3.get_jobs manual__2023-07-29T15:34:17.549608+00:00 [queued]>
[2023-07-29T15:34:50.515+0000] {taskinstance.py:1087} INFO - Dependencies all met for <TaskInstance: data_engineering_jobs_dags_v3.get_jobs manual__2023-07-29T15:34:17.549608+00:00 [queued]>
[2023-07-29T15:34:50.517+0000] {taskinstance.py:1283} INFO - 
--------------------------------------------------------------------------------
[2023-07-29T15:34:50.579+0000] {taskinstance.py:1284} INFO - Starting attempt 1 of 2
[2023-07-29T15:34:50.598+0000] {taskinstance.py:1285} INFO - 
--------------------------------------------------------------------------------
[2023-07-29T15:34:51.198+0000] {taskinstance.py:1304} INFO - Executing <Task(PythonOperator): get_jobs> on 2023-07-29 15:34:17.549608+00:00
[2023-07-29T15:34:51.217+0000] {standard_task_runner.py:55} INFO - Started process 14038 to run task
[2023-07-29T15:34:51.396+0000] {standard_task_runner.py:82} INFO - Running: ['***', 'tasks', 'run', 'data_engineering_jobs_dags_v3', 'get_jobs', 'manual__2023-07-29T15:34:17.549608+00:00', '--job-id', '2862', '--raw', '--subdir', 'DAGS_FOLDER/load_data_v3.py', '--cfg-path', '/tmp/tmpy6eg1ul8']
[2023-07-29T15:34:51.444+0000] {standard_task_runner.py:83} INFO - Job 2862: Subtask get_jobs
[2023-07-29T15:34:52.590+0000] {task_command.py:389} INFO - Running <TaskInstance: data_engineering_jobs_dags_v3.get_jobs manual__2023-07-29T15:34:17.549608+00:00 [running]> on host f1ea17bde741
[2023-07-29T15:34:54.735+0000] {taskinstance.py:1513} INFO - Exporting the following env vars:
AIRFLOW_CTX_DAG_OWNER=***
AIRFLOW_CTX_DAG_ID=data_engineering_jobs_dags_v3
AIRFLOW_CTX_TASK_ID=get_jobs
AIRFLOW_CTX_EXECUTION_DATE=2023-07-29T15:34:17.549608+00:00
AIRFLOW_CTX_TRY_NUMBER=1
AIRFLOW_CTX_DAG_RUN_ID=manual__2023-07-29T15:34:17.549608+00:00
[2023-07-29T15:34:59.252+0000] {python.py:177} INFO - Done. Returned value was: None
[2023-07-29T15:34:59.458+0000] {taskinstance.py:1327} INFO - Marking task as SUCCESS. dag_id=data_engineering_jobs_dags_v3, task_id=get_jobs, execution_date=20230729T153417, start_date=20230729T153450, end_date=20230729T153459
[2023-07-29T15:34:59.873+0000] {local_task_job.py:159} INFO - Task exited with return code 0
[2023-07-29T15:35:00.505+0000] {taskinstance.py:2582} INFO - 2 downstream tasks scheduled from follow-on schedule check
