[2023-07-27T09:00:41.052+0000] {taskinstance.py:1087} INFO - Dependencies all met for <TaskInstance: data_engineer_jobs_dag.extract_relevant_records_from_overall_data scheduled__2022-12-18T00:00:00+00:00 [queued]>
[2023-07-27T09:00:41.241+0000] {taskinstance.py:1087} INFO - Dependencies all met for <TaskInstance: data_engineer_jobs_dag.extract_relevant_records_from_overall_data scheduled__2022-12-18T00:00:00+00:00 [queued]>
[2023-07-27T09:00:41.242+0000] {taskinstance.py:1283} INFO - 
--------------------------------------------------------------------------------
[2023-07-27T09:00:41.570+0000] {taskinstance.py:1284} INFO - Starting attempt 2 of 2
[2023-07-27T09:00:41.571+0000] {taskinstance.py:1285} INFO - 
--------------------------------------------------------------------------------
[2023-07-27T09:00:43.085+0000] {taskinstance.py:1304} INFO - Executing <Task(PythonOperator): extract_relevant_records_from_overall_data> on 2022-12-18 00:00:00+00:00
[2023-07-27T09:00:43.184+0000] {standard_task_runner.py:55} INFO - Started process 8178 to run task
[2023-07-27T09:00:43.229+0000] {standard_task_runner.py:82} INFO - Running: ['***', 'tasks', 'run', 'data_engineer_jobs_dag', 'extract_relevant_records_from_overall_data', 'scheduled__2022-12-18T00:00:00+00:00', '--job-id', '1129', '--raw', '--subdir', 'DAGS_FOLDER/load_data.py', '--cfg-path', '/tmp/tmpvb3zzn8k']
[2023-07-27T09:00:43.312+0000] {standard_task_runner.py:83} INFO - Job 1129: Subtask extract_relevant_records_from_overall_data
[2023-07-27T09:00:44.364+0000] {task_command.py:389} INFO - Running <TaskInstance: data_engineer_jobs_dag.extract_relevant_records_from_overall_data scheduled__2022-12-18T00:00:00+00:00 [running]> on host bc3380e7707e
[2023-07-27T09:00:47.900+0000] {taskinstance.py:1513} INFO - Exporting the following env vars:
AIRFLOW_CTX_DAG_EMAIL=kasimir.Ikuenobe@hotmail.com
AIRFLOW_CTX_DAG_OWNER=ebejale
AIRFLOW_CTX_DAG_ID=data_engineer_jobs_dag
AIRFLOW_CTX_TASK_ID=extract_relevant_records_from_overall_data
AIRFLOW_CTX_EXECUTION_DATE=2022-12-18T00:00:00+00:00
AIRFLOW_CTX_TRY_NUMBER=2
AIRFLOW_CTX_DAG_RUN_ID=scheduled__2022-12-18T00:00:00+00:00
[2023-07-27T09:00:48.010+0000] {taskinstance.py:1772} ERROR - Task failed with exception
Traceback (most recent call last):
  File "/home/airflow/.local/lib/python3.7/site-packages/airflow/operators/python.py", line 175, in execute
    return_value = self.execute_callable()
  File "/home/airflow/.local/lib/python3.7/site-packages/airflow/operators/python.py", line 192, in execute_callable
    return self.python_callable(*self.op_args, **self.op_kwargs)
  File "/opt/airflow/dags/load_data.py", line 81, in extract_relevant_records_from_overall_data
    for i in range(len(data['data'])):
KeyError: 'data'
[2023-07-27T09:00:48.322+0000] {taskinstance.py:1327} INFO - Marking task as FAILED. dag_id=data_engineer_jobs_dag, task_id=extract_relevant_records_from_overall_data, execution_date=20221218T000000, start_date=20230727T090041, end_date=20230727T090048
[2023-07-27T09:00:49.402+0000] {standard_task_runner.py:105} ERROR - Failed to execute job 1129 for task extract_relevant_records_from_overall_data ('data'; 8178)
[2023-07-27T09:00:49.537+0000] {local_task_job.py:159} INFO - Task exited with return code 1
[2023-07-27T09:00:52.054+0000] {taskinstance.py:2582} INFO - 0 downstream tasks scheduled from follow-on schedule check
