[2023-07-29T15:36:21.861+0000] {taskinstance.py:1087} INFO - Dependencies all met for <TaskInstance: data_engineering_jobs_dags_v3.get_jobs scheduled__2023-07-07T00:00:00+00:00 [queued]>
[2023-07-29T15:36:21.939+0000] {taskinstance.py:1087} INFO - Dependencies all met for <TaskInstance: data_engineering_jobs_dags_v3.get_jobs scheduled__2023-07-07T00:00:00+00:00 [queued]>
[2023-07-29T15:36:21.943+0000] {taskinstance.py:1283} INFO - 
--------------------------------------------------------------------------------
[2023-07-29T15:36:21.945+0000] {taskinstance.py:1284} INFO - Starting attempt 2 of 2
[2023-07-29T15:36:21.946+0000] {taskinstance.py:1285} INFO - 
--------------------------------------------------------------------------------
[2023-07-29T15:36:22.248+0000] {taskinstance.py:1304} INFO - Executing <Task(PythonOperator): get_jobs> on 2023-07-07 00:00:00+00:00
[2023-07-29T15:36:22.264+0000] {standard_task_runner.py:55} INFO - Started process 14123 to run task
[2023-07-29T15:36:22.283+0000] {standard_task_runner.py:82} INFO - Running: ['***', 'tasks', 'run', 'data_engineering_jobs_dags_v3', 'get_jobs', 'scheduled__2023-07-07T00:00:00+00:00', '--job-id', '2873', '--raw', '--subdir', 'DAGS_FOLDER/load_data_v3.py', '--cfg-path', '/tmp/tmp1ek4ivk6']
[2023-07-29T15:36:22.294+0000] {standard_task_runner.py:83} INFO - Job 2873: Subtask get_jobs
[2023-07-29T15:36:22.690+0000] {task_command.py:389} INFO - Running <TaskInstance: data_engineering_jobs_dags_v3.get_jobs scheduled__2023-07-07T00:00:00+00:00 [running]> on host f1ea17bde741
[2023-07-29T15:36:23.537+0000] {taskinstance.py:1513} INFO - Exporting the following env vars:
AIRFLOW_CTX_DAG_OWNER=***
AIRFLOW_CTX_DAG_ID=data_engineering_jobs_dags_v3
AIRFLOW_CTX_TASK_ID=get_jobs
AIRFLOW_CTX_EXECUTION_DATE=2023-07-07T00:00:00+00:00
AIRFLOW_CTX_TRY_NUMBER=2
AIRFLOW_CTX_DAG_RUN_ID=scheduled__2023-07-07T00:00:00+00:00
[2023-07-29T15:36:27.657+0000] {python.py:177} INFO - Done. Returned value was: None
[2023-07-29T15:36:27.697+0000] {taskinstance.py:1327} INFO - Marking task as SUCCESS. dag_id=data_engineering_jobs_dags_v3, task_id=get_jobs, execution_date=20230707T000000, start_date=20230729T153621, end_date=20230729T153627
[2023-07-29T15:36:28.365+0000] {local_task_job.py:159} INFO - Task exited with return code 0
[2023-07-29T15:36:28.520+0000] {taskinstance.py:2582} INFO - 2 downstream tasks scheduled from follow-on schedule check
