[2023-07-29T14:46:43.294+0000] {taskinstance.py:1087} INFO - Dependencies all met for <TaskInstance: data_engineering_jobs_dags_v3.get_jobs scheduled__2023-04-14T00:00:00+00:00 [queued]>
[2023-07-29T14:46:43.338+0000] {taskinstance.py:1087} INFO - Dependencies all met for <TaskInstance: data_engineering_jobs_dags_v3.get_jobs scheduled__2023-04-14T00:00:00+00:00 [queued]>
[2023-07-29T14:46:43.344+0000] {taskinstance.py:1283} INFO - 
--------------------------------------------------------------------------------
[2023-07-29T14:46:43.348+0000] {taskinstance.py:1284} INFO - Starting attempt 1 of 2
[2023-07-29T14:46:43.350+0000] {taskinstance.py:1285} INFO - 
--------------------------------------------------------------------------------
[2023-07-29T14:46:43.722+0000] {taskinstance.py:1304} INFO - Executing <Task(PythonOperator): get_jobs> on 2023-04-14 00:00:00+00:00
[2023-07-29T14:46:43.754+0000] {standard_task_runner.py:55} INFO - Started process 11243 to run task
[2023-07-29T14:46:43.775+0000] {standard_task_runner.py:82} INFO - Running: ['***', 'tasks', 'run', 'data_engineering_jobs_dags_v3', 'get_jobs', 'scheduled__2023-04-14T00:00:00+00:00', '--job-id', '2480', '--raw', '--subdir', 'DAGS_FOLDER/load_data_v3.py', '--cfg-path', '/tmp/tmpxvg5w6cr']
[2023-07-29T14:46:43.782+0000] {standard_task_runner.py:83} INFO - Job 2480: Subtask get_jobs
[2023-07-29T14:46:44.139+0000] {task_command.py:389} INFO - Running <TaskInstance: data_engineering_jobs_dags_v3.get_jobs scheduled__2023-04-14T00:00:00+00:00 [running]> on host f1ea17bde741
[2023-07-29T14:46:45.210+0000] {taskinstance.py:1513} INFO - Exporting the following env vars:
AIRFLOW_CTX_DAG_OWNER=***
AIRFLOW_CTX_DAG_ID=data_engineering_jobs_dags_v3
AIRFLOW_CTX_TASK_ID=get_jobs
AIRFLOW_CTX_EXECUTION_DATE=2023-04-14T00:00:00+00:00
AIRFLOW_CTX_TRY_NUMBER=1
AIRFLOW_CTX_DAG_RUN_ID=scheduled__2023-04-14T00:00:00+00:00
[2023-07-29T14:46:47.085+0000] {python.py:177} INFO - Done. Returned value was: None
[2023-07-29T14:46:47.135+0000] {taskinstance.py:1327} INFO - Marking task as SUCCESS. dag_id=data_engineering_jobs_dags_v3, task_id=get_jobs, execution_date=20230414T000000, start_date=20230729T144643, end_date=20230729T144647
[2023-07-29T14:46:47.337+0000] {local_task_job.py:159} INFO - Task exited with return code 0
[2023-07-29T14:46:47.539+0000] {taskinstance.py:2582} INFO - 2 downstream tasks scheduled from follow-on schedule check
