[2023-07-29T10:35:47.520+0000] {taskinstance.py:1087} INFO - Dependencies all met for <TaskInstance: data_engineering_jobs_dags_v2.get_jobs scheduled__2023-02-10T00:00:00+00:00 [queued]>
[2023-07-29T10:35:48.524+0000] {taskinstance.py:1087} INFO - Dependencies all met for <TaskInstance: data_engineering_jobs_dags_v2.get_jobs scheduled__2023-02-10T00:00:00+00:00 [queued]>
[2023-07-29T10:35:48.554+0000] {taskinstance.py:1283} INFO - 
--------------------------------------------------------------------------------
[2023-07-29T10:35:48.610+0000] {taskinstance.py:1284} INFO - Starting attempt 1 of 2
[2023-07-29T10:35:48.642+0000] {taskinstance.py:1285} INFO - 
--------------------------------------------------------------------------------
[2023-07-29T10:35:50.086+0000] {taskinstance.py:1304} INFO - Executing <Task(PythonOperator): get_jobs> on 2023-02-10 00:00:00+00:00
[2023-07-29T10:35:50.321+0000] {standard_task_runner.py:55} INFO - Started process 712 to run task
[2023-07-29T10:35:50.989+0000] {standard_task_runner.py:82} INFO - Running: ['***', 'tasks', 'run', 'data_engineering_jobs_dags_v2', 'get_jobs', 'scheduled__2023-02-10T00:00:00+00:00', '--job-id', '1900', '--raw', '--subdir', 'DAGS_FOLDER/load_data_v3.py', '--cfg-path', '/tmp/tmp_jdoem67']
[2023-07-29T10:35:51.297+0000] {standard_task_runner.py:83} INFO - Job 1900: Subtask get_jobs
[2023-07-29T10:35:58.144+0000] {task_command.py:389} INFO - Running <TaskInstance: data_engineering_jobs_dags_v2.get_jobs scheduled__2023-02-10T00:00:00+00:00 [running]> on host f1ea17bde741
[2023-07-29T10:36:06.273+0000] {taskinstance.py:1513} INFO - Exporting the following env vars:
AIRFLOW_CTX_DAG_OWNER=***
AIRFLOW_CTX_DAG_ID=data_engineering_jobs_dags_v2
AIRFLOW_CTX_TASK_ID=get_jobs
AIRFLOW_CTX_EXECUTION_DATE=2023-02-10T00:00:00+00:00
AIRFLOW_CTX_TRY_NUMBER=1
AIRFLOW_CTX_DAG_RUN_ID=scheduled__2023-02-10T00:00:00+00:00
[2023-07-29T10:36:12.655+0000] {python.py:177} INFO - Done. Returned value was: None
[2023-07-29T10:36:13.972+0000] {taskinstance.py:1327} INFO - Marking task as SUCCESS. dag_id=data_engineering_jobs_dags_v2, task_id=get_jobs, execution_date=20230210T000000, start_date=20230729T103547, end_date=20230729T103613
[2023-07-29T10:36:15.113+0000] {local_task_job.py:159} INFO - Task exited with return code 0
[2023-07-29T10:36:25.579+0000] {taskinstance.py:2582} INFO - 0 downstream tasks scheduled from follow-on schedule check
