[2023-07-30T03:03:23.103+0000] {taskinstance.py:1087} INFO - Dependencies all met for <TaskInstance: my_python_dag_v7.my_address scheduled__2023-07-29T02:00:00+00:00 [queued]>
[2023-07-30T03:03:23.121+0000] {taskinstance.py:1087} INFO - Dependencies all met for <TaskInstance: my_python_dag_v7.my_address scheduled__2023-07-29T02:00:00+00:00 [queued]>
[2023-07-30T03:03:23.122+0000] {taskinstance.py:1283} INFO - 
--------------------------------------------------------------------------------
[2023-07-30T03:03:24.652+0000] {taskinstance.py:1284} INFO - Starting attempt 1 of 3
[2023-07-30T03:03:24.654+0000] {taskinstance.py:1285} INFO - 
--------------------------------------------------------------------------------
[2023-07-30T03:03:29.471+0000] {taskinstance.py:1304} INFO - Executing <Task(PythonOperator): my_address> on 2023-07-29 02:00:00+00:00
[2023-07-30T03:03:29.496+0000] {standard_task_runner.py:55} INFO - Started process 31397 to run task
[2023-07-30T03:03:29.533+0000] {standard_task_runner.py:82} INFO - Running: ['***', 'tasks', 'run', 'my_python_dag_v7', 'my_address', 'scheduled__2023-07-29T02:00:00+00:00', '--job-id', '3056', '--raw', '--subdir', 'DAGS_FOLDER/python_operatorv7.py', '--cfg-path', '/tmp/tmpls4kpre5']
[2023-07-30T03:03:29.539+0000] {standard_task_runner.py:83} INFO - Job 3056: Subtask my_address
[2023-07-30T03:03:33.889+0000] {task_command.py:389} INFO - Running <TaskInstance: my_python_dag_v7.my_address scheduled__2023-07-29T02:00:00+00:00 [running]> on host f1ea17bde741
[2023-07-30T03:03:38.719+0000] {taskinstance.py:1513} INFO - Exporting the following env vars:
AIRFLOW_CTX_DAG_OWNER=Byron
AIRFLOW_CTX_DAG_ID=my_python_dag_v7
AIRFLOW_CTX_TASK_ID=my_address
AIRFLOW_CTX_EXECUTION_DATE=2023-07-29T02:00:00+00:00
AIRFLOW_CTX_TRY_NUMBER=1
AIRFLOW_CTX_DAG_RUN_ID=scheduled__2023-07-29T02:00:00+00:00
[2023-07-30T03:04:00.477+0000] {python.py:177} INFO - Done. Returned value was: None
[2023-07-30T03:04:00.564+0000] {taskinstance.py:1327} INFO - Marking task as SUCCESS. dag_id=my_python_dag_v7, task_id=my_address, execution_date=20230729T020000, start_date=20230730T030323, end_date=20230730T030400
[2023-07-30T03:04:06.520+0000] {local_task_job.py:159} INFO - Task exited with return code 0
[2023-07-30T03:04:06.585+0000] {taskinstance.py:2582} INFO - 1 downstream tasks scheduled from follow-on schedule check
