[2023-07-29T15:36:46.207+0000] {taskinstance.py:1087} INFO - Dependencies all met for <TaskInstance: data_engineering_jobs_dags_v3.get_jobs scheduled__2023-07-18T00:00:00+00:00 [queued]>
[2023-07-29T15:36:46.323+0000] {taskinstance.py:1087} INFO - Dependencies all met for <TaskInstance: data_engineering_jobs_dags_v3.get_jobs scheduled__2023-07-18T00:00:00+00:00 [queued]>
[2023-07-29T15:36:46.324+0000] {taskinstance.py:1283} INFO - 
--------------------------------------------------------------------------------
[2023-07-29T15:36:46.327+0000] {taskinstance.py:1284} INFO - Starting attempt 1 of 2
[2023-07-29T15:36:46.331+0000] {taskinstance.py:1285} INFO - 
--------------------------------------------------------------------------------
[2023-07-29T15:36:46.616+0000] {taskinstance.py:1304} INFO - Executing <Task(PythonOperator): get_jobs> on 2023-07-18 00:00:00+00:00
[2023-07-29T15:36:46.647+0000] {standard_task_runner.py:82} INFO - Running: ['***', 'tasks', 'run', 'data_engineering_jobs_dags_v3', 'get_jobs', 'scheduled__2023-07-18T00:00:00+00:00', '--job-id', '2876', '--raw', '--subdir', 'DAGS_FOLDER/load_data_v3.py', '--cfg-path', '/tmp/tmpjkvezd0h']
[2023-07-29T15:36:46.662+0000] {standard_task_runner.py:83} INFO - Job 2876: Subtask get_jobs
[2023-07-29T15:36:46.634+0000] {standard_task_runner.py:55} INFO - Started process 14146 to run task
[2023-07-29T15:36:47.464+0000] {task_command.py:389} INFO - Running <TaskInstance: data_engineering_jobs_dags_v3.get_jobs scheduled__2023-07-18T00:00:00+00:00 [running]> on host f1ea17bde741
[2023-07-29T15:36:48.762+0000] {taskinstance.py:1513} INFO - Exporting the following env vars:
AIRFLOW_CTX_DAG_OWNER=***
AIRFLOW_CTX_DAG_ID=data_engineering_jobs_dags_v3
AIRFLOW_CTX_TASK_ID=get_jobs
AIRFLOW_CTX_EXECUTION_DATE=2023-07-18T00:00:00+00:00
AIRFLOW_CTX_TRY_NUMBER=1
AIRFLOW_CTX_DAG_RUN_ID=scheduled__2023-07-18T00:00:00+00:00
[2023-07-29T15:36:50.555+0000] {taskinstance.py:1772} ERROR - Task failed with exception
Traceback (most recent call last):
  File "/home/airflow/.local/lib/python3.7/site-packages/airflow/operators/python.py", line 175, in execute
    return_value = self.execute_callable()
  File "/home/airflow/.local/lib/python3.7/site-packages/airflow/operators/python.py", line 192, in execute_callable
    return self.python_callable(*self.op_args, **self.op_kwargs)
  File "/opt/airflow/dags/load_data_v3.py", line 34, in get_jobs
    raise Exception(f"API request failed with status {response.status_code}")
Exception: API request failed with status 503
[2023-07-29T15:36:50.719+0000] {taskinstance.py:1327} INFO - Marking task as UP_FOR_RETRY. dag_id=data_engineering_jobs_dags_v3, task_id=get_jobs, execution_date=20230718T000000, start_date=20230729T153646, end_date=20230729T153650
[2023-07-29T15:36:52.759+0000] {standard_task_runner.py:105} ERROR - Failed to execute job 2876 for task get_jobs (API request failed with status 503; 14146)
[2023-07-29T15:36:52.983+0000] {local_task_job.py:159} INFO - Task exited with return code 1
[2023-07-29T15:36:53.233+0000] {taskinstance.py:2582} INFO - 0 downstream tasks scheduled from follow-on schedule check
