[2023-07-27T07:41:35.910+0000] {taskinstance.py:1087} INFO - Dependencies all met for <TaskInstance: data_engineer_jobs_dag.get_data_from_api scheduled__2022-06-08T00:00:00+00:00 [queued]>
[2023-07-27T07:41:35.949+0000] {taskinstance.py:1087} INFO - Dependencies all met for <TaskInstance: data_engineer_jobs_dag.get_data_from_api scheduled__2022-06-08T00:00:00+00:00 [queued]>
[2023-07-27T07:41:35.950+0000] {taskinstance.py:1283} INFO - 
--------------------------------------------------------------------------------
[2023-07-27T07:41:36.093+0000] {taskinstance.py:1284} INFO - Starting attempt 1 of 2
[2023-07-27T07:41:36.095+0000] {taskinstance.py:1285} INFO - 
--------------------------------------------------------------------------------
[2023-07-27T07:41:36.348+0000] {taskinstance.py:1304} INFO - Executing <Task(PythonOperator): get_data_from_api> on 2022-06-08 00:00:00+00:00
[2023-07-27T07:41:36.358+0000] {standard_task_runner.py:55} INFO - Started process 3429 to run task
[2023-07-27T07:41:36.367+0000] {standard_task_runner.py:82} INFO - Running: ['***', 'tasks', 'run', 'data_engineer_jobs_dag', 'get_data_from_api', 'scheduled__2022-06-08T00:00:00+00:00', '--job-id', '515', '--raw', '--subdir', 'DAGS_FOLDER/load_data.py', '--cfg-path', '/tmp/tmpk2obk8go']
[2023-07-27T07:41:36.372+0000] {standard_task_runner.py:83} INFO - Job 515: Subtask get_data_from_api
[2023-07-27T07:41:36.802+0000] {task_command.py:389} INFO - Running <TaskInstance: data_engineer_jobs_dag.get_data_from_api scheduled__2022-06-08T00:00:00+00:00 [running]> on host bc3380e7707e
[2023-07-27T07:41:37.360+0000] {taskinstance.py:1513} INFO - Exporting the following env vars:
AIRFLOW_CTX_DAG_EMAIL=your-email@example.com
AIRFLOW_CTX_DAG_OWNER=ebejale
AIRFLOW_CTX_DAG_ID=data_engineer_jobs_dag
AIRFLOW_CTX_TASK_ID=get_data_from_api
AIRFLOW_CTX_EXECUTION_DATE=2022-06-08T00:00:00+00:00
AIRFLOW_CTX_TRY_NUMBER=1
AIRFLOW_CTX_DAG_RUN_ID=scheduled__2022-06-08T00:00:00+00:00
[2023-07-27T07:41:38.168+0000] {python.py:177} INFO - Done. Returned value was: {'message': 'You have exceeded the MONTHLY quota for Requests on your current plan, BASIC. Upgrade your plan at https://rapidapi.com/letscrape-6bRBa3QguO5/api/jsearch'}
[2023-07-27T07:41:38.374+0000] {taskinstance.py:1327} INFO - Marking task as SUCCESS. dag_id=data_engineer_jobs_dag, task_id=get_data_from_api, execution_date=20220608T000000, start_date=20230727T074135, end_date=20230727T074138
[2023-07-27T07:41:38.624+0000] {local_task_job.py:159} INFO - Task exited with return code 0
[2023-07-27T07:41:38.723+0000] {taskinstance.py:2582} INFO - 1 downstream tasks scheduled from follow-on schedule check
