[2023-07-27T06:45:46.723+0000] {taskinstance.py:1087} INFO - Dependencies all met for <TaskInstance: my_first_dag_v2.greet_africa scheduled__2023-07-26T02:00:00+00:00 [queued]>
[2023-07-27T06:45:46.774+0000] {taskinstance.py:1087} INFO - Dependencies all met for <TaskInstance: my_first_dag_v2.greet_africa scheduled__2023-07-26T02:00:00+00:00 [queued]>
[2023-07-27T06:45:46.776+0000] {taskinstance.py:1283} INFO - 
--------------------------------------------------------------------------------
[2023-07-27T06:45:46.803+0000] {taskinstance.py:1284} INFO - Starting attempt 1 of 3
[2023-07-27T06:45:46.804+0000] {taskinstance.py:1285} INFO - 
--------------------------------------------------------------------------------
[2023-07-27T06:45:47.069+0000] {taskinstance.py:1304} INFO - Executing <Task(BashOperator): greet_africa> on 2023-07-26 02:00:00+00:00
[2023-07-27T06:45:47.077+0000] {standard_task_runner.py:55} INFO - Started process 180 to run task
[2023-07-27T06:45:47.084+0000] {standard_task_runner.py:82} INFO - Running: ['***', 'tasks', 'run', 'my_first_dag_v2', 'greet_africa', 'scheduled__2023-07-26T02:00:00+00:00', '--job-id', '109', '--raw', '--subdir', 'DAGS_FOLDER/bash_operator.py', '--cfg-path', '/tmp/tmp1s0orklx']
[2023-07-27T06:45:47.086+0000] {standard_task_runner.py:83} INFO - Job 109: Subtask greet_africa
[2023-07-27T06:45:47.424+0000] {task_command.py:389} INFO - Running <TaskInstance: my_first_dag_v2.greet_africa scheduled__2023-07-26T02:00:00+00:00 [running]> on host bc3380e7707e
[2023-07-27T06:45:48.111+0000] {taskinstance.py:1513} INFO - Exporting the following env vars:
AIRFLOW_CTX_DAG_OWNER=ebejale
AIRFLOW_CTX_DAG_ID=my_first_dag_v2
AIRFLOW_CTX_TASK_ID=greet_africa
AIRFLOW_CTX_EXECUTION_DATE=2023-07-26T02:00:00+00:00
AIRFLOW_CTX_TRY_NUMBER=1
AIRFLOW_CTX_DAG_RUN_ID=scheduled__2023-07-26T02:00:00+00:00
[2023-07-27T06:45:48.124+0000] {subprocess.py:63} INFO - Tmp dir root location: 
 /tmp
[2023-07-27T06:45:48.129+0000] {subprocess.py:75} INFO - Running command: ['/bin/bash', '-c', 'echo hello Africa']
[2023-07-27T06:45:48.165+0000] {subprocess.py:86} INFO - Output:
[2023-07-27T06:45:48.170+0000] {subprocess.py:93} INFO - hello Africa
[2023-07-27T06:45:48.171+0000] {subprocess.py:97} INFO - Command exited with return code 0
[2023-07-27T06:45:48.406+0000] {taskinstance.py:1327} INFO - Marking task as SUCCESS. dag_id=my_first_dag_v2, task_id=greet_africa, execution_date=20230726T020000, start_date=20230727T064546, end_date=20230727T064548
[2023-07-27T06:45:48.763+0000] {local_task_job.py:159} INFO - Task exited with return code 0
[2023-07-27T06:45:48.883+0000] {taskinstance.py:2582} INFO - 0 downstream tasks scheduled from follow-on schedule check
