[2023-07-27T08:35:55.791+0000] {taskinstance.py:1087} INFO - Dependencies all met for <TaskInstance: data_engineer_jobs_dag.extract_relevant_records_from_overall_data scheduled__2022-10-31T00:00:00+00:00 [queued]>
[2023-07-27T08:35:55.832+0000] {taskinstance.py:1087} INFO - Dependencies all met for <TaskInstance: data_engineer_jobs_dag.extract_relevant_records_from_overall_data scheduled__2022-10-31T00:00:00+00:00 [queued]>
[2023-07-27T08:35:55.833+0000] {taskinstance.py:1283} INFO - 
--------------------------------------------------------------------------------
[2023-07-27T08:35:55.965+0000] {taskinstance.py:1284} INFO - Starting attempt 1 of 2
[2023-07-27T08:35:55.973+0000] {taskinstance.py:1285} INFO - 
--------------------------------------------------------------------------------
[2023-07-27T08:35:56.696+0000] {taskinstance.py:1304} INFO - Executing <Task(PythonOperator): extract_relevant_records_from_overall_data> on 2022-10-31 00:00:00+00:00
[2023-07-27T08:35:56.709+0000] {standard_task_runner.py:55} INFO - Started process 6751 to run task
[2023-07-27T08:35:56.721+0000] {standard_task_runner.py:82} INFO - Running: ['***', 'tasks', 'run', 'data_engineer_jobs_dag', 'extract_relevant_records_from_overall_data', 'scheduled__2022-10-31T00:00:00+00:00', '--job-id', '948', '--raw', '--subdir', 'DAGS_FOLDER/load_data.py', '--cfg-path', '/tmp/tmpaj2v4nrc']
[2023-07-27T08:35:56.727+0000] {standard_task_runner.py:83} INFO - Job 948: Subtask extract_relevant_records_from_overall_data
[2023-07-27T08:35:57.698+0000] {task_command.py:389} INFO - Running <TaskInstance: data_engineer_jobs_dag.extract_relevant_records_from_overall_data scheduled__2022-10-31T00:00:00+00:00 [running]> on host bc3380e7707e
[2023-07-27T08:35:59.918+0000] {taskinstance.py:1513} INFO - Exporting the following env vars:
AIRFLOW_CTX_DAG_EMAIL=kasimir.Ikuenobe@hotmail.com
AIRFLOW_CTX_DAG_OWNER=ebejale
AIRFLOW_CTX_DAG_ID=data_engineer_jobs_dag
AIRFLOW_CTX_TASK_ID=extract_relevant_records_from_overall_data
AIRFLOW_CTX_EXECUTION_DATE=2022-10-31T00:00:00+00:00
AIRFLOW_CTX_TRY_NUMBER=1
AIRFLOW_CTX_DAG_RUN_ID=scheduled__2022-10-31T00:00:00+00:00
[2023-07-27T08:35:59.967+0000] {taskinstance.py:1772} ERROR - Task failed with exception
Traceback (most recent call last):
  File "/home/airflow/.local/lib/python3.7/site-packages/airflow/operators/python.py", line 175, in execute
    return_value = self.execute_callable()
  File "/home/airflow/.local/lib/python3.7/site-packages/airflow/operators/python.py", line 192, in execute_callable
    return self.python_callable(*self.op_args, **self.op_kwargs)
  File "/opt/airflow/dags/load_data.py", line 63, in extract_relevant_records_from_overall_data
    for i in range(len(data['data'])):
KeyError: 'data'
[2023-07-27T08:36:00.024+0000] {taskinstance.py:1327} INFO - Marking task as UP_FOR_RETRY. dag_id=data_engineer_jobs_dag, task_id=extract_relevant_records_from_overall_data, execution_date=20221031T000000, start_date=20230727T083555, end_date=20230727T083600
[2023-07-27T08:36:00.289+0000] {standard_task_runner.py:105} ERROR - Failed to execute job 948 for task extract_relevant_records_from_overall_data ('data'; 6751)
[2023-07-27T08:36:00.321+0000] {local_task_job.py:159} INFO - Task exited with return code 1
[2023-07-27T08:36:00.431+0000] {taskinstance.py:2582} INFO - 0 downstream tasks scheduled from follow-on schedule check
