[2023-08-03T03:58:17.753+0000] {taskinstance.py:1087} INFO - Dependencies all met for <TaskInstance: my_postgres_dag_v6.create_table scheduled__2023-08-02T00:00:00+00:00 [queued]>
[2023-08-03T03:58:21.387+0000] {taskinstance.py:1087} INFO - Dependencies all met for <TaskInstance: my_postgres_dag_v6.create_table scheduled__2023-08-02T00:00:00+00:00 [queued]>
[2023-08-03T03:58:21.418+0000] {taskinstance.py:1283} INFO - 
--------------------------------------------------------------------------------
[2023-08-03T03:58:22.166+0000] {taskinstance.py:1284} INFO - Starting attempt 1 of 3
[2023-08-03T03:58:22.198+0000] {taskinstance.py:1285} INFO - 
--------------------------------------------------------------------------------
[2023-08-03T03:58:25.753+0000] {taskinstance.py:1304} INFO - Executing <Task(PostgresOperator): create_table> on 2023-08-02 00:00:00+00:00
[2023-08-03T03:58:25.795+0000] {standard_task_runner.py:55} INFO - Started process 30030 to run task
[2023-08-03T03:58:25.819+0000] {standard_task_runner.py:82} INFO - Running: ['***', 'tasks', 'run', 'my_postgres_dag_v6', 'create_table', 'scheduled__2023-08-02T00:00:00+00:00', '--job-id', '3244', '--raw', '--subdir', 'DAGS_FOLDER/postgres_operator_v2.py', '--cfg-path', '/tmp/tmpoipiwxuf']
[2023-08-03T03:58:26.315+0000] {standard_task_runner.py:83} INFO - Job 3244: Subtask create_table
[2023-08-03T03:58:38.596+0000] {task_command.py:389} INFO - Running <TaskInstance: my_postgres_dag_v6.create_table scheduled__2023-08-02T00:00:00+00:00 [running]> on host a4a69aba7e5b
[2023-08-03T03:58:47.593+0000] {taskinstance.py:1513} INFO - Exporting the following env vars:
AIRFLOW_CTX_DAG_OWNER=Byron
AIRFLOW_CTX_DAG_ID=my_postgres_dag_v6
AIRFLOW_CTX_TASK_ID=create_table
AIRFLOW_CTX_EXECUTION_DATE=2023-08-02T00:00:00+00:00
AIRFLOW_CTX_TRY_NUMBER=1
AIRFLOW_CTX_DAG_RUN_ID=scheduled__2023-08-02T00:00:00+00:00
[2023-08-03T03:58:47.597+0000] {sql.py:253} INFO - Executing: 
            CREATE TABLE IF NOT EXISTS ***_users(
                id SERIAL PRIMARY KEY,
                name VARCHAR(30)
            )
        
[2023-08-03T03:58:47.619+0000] {base.py:73} INFO - Using connection ID 'my_connection' for task execution.
[2023-08-03T03:58:50.241+0000] {base.py:73} INFO - Using connection ID 'my_connection' for task execution.
[2023-08-03T03:58:51.139+0000] {sql.py:364} INFO - Running statement: 
            CREATE TABLE IF NOT EXISTS ***_users(
                id SERIAL PRIMARY KEY,
                name VARCHAR(30)
            )
        , parameters: None
[2023-08-03T03:58:51.177+0000] {taskinstance.py:1327} INFO - Marking task as SUCCESS. dag_id=my_postgres_dag_v6, task_id=create_table, execution_date=20230802T000000, start_date=20230803T035818, end_date=20230803T035851
[2023-08-03T03:58:55.022+0000] {local_task_job.py:159} INFO - Task exited with return code 0
[2023-08-03T03:58:55.056+0000] {taskinstance.py:2582} INFO - 1 downstream tasks scheduled from follow-on schedule check
