[2023-08-03T03:58:57.285+0000] {taskinstance.py:1087} INFO - Dependencies all met for <TaskInstance: project_user_etl_dag.extract scheduled__2023-08-02T00:00:00+00:00 [queued]>
[2023-08-03T03:58:57.889+0000] {taskinstance.py:1087} INFO - Dependencies all met for <TaskInstance: project_user_etl_dag.extract scheduled__2023-08-02T00:00:00+00:00 [queued]>
[2023-08-03T03:58:57.892+0000] {taskinstance.py:1283} INFO - 
--------------------------------------------------------------------------------
[2023-08-03T03:58:57.951+0000] {taskinstance.py:1284} INFO - Starting attempt 1 of 2
[2023-08-03T03:58:57.952+0000] {taskinstance.py:1285} INFO - 
--------------------------------------------------------------------------------
[2023-08-03T03:58:59.905+0000] {taskinstance.py:1304} INFO - Executing <Task(PythonOperator): extract> on 2023-08-02 00:00:00+00:00
[2023-08-03T03:58:59.915+0000] {standard_task_runner.py:55} INFO - Started process 30048 to run task
[2023-08-03T03:58:59.944+0000] {standard_task_runner.py:82} INFO - Running: ['***', 'tasks', 'run', 'project_user_etl_dag', 'extract', 'scheduled__2023-08-02T00:00:00+00:00', '--job-id', '3247', '--raw', '--subdir', 'DAGS_FOLDER/project.py', '--cfg-path', '/tmp/tmpzbpq6g3y']
[2023-08-03T03:58:59.959+0000] {standard_task_runner.py:83} INFO - Job 3247: Subtask extract
[2023-08-03T03:59:04.358+0000] {task_command.py:389} INFO - Running <TaskInstance: project_user_etl_dag.extract scheduled__2023-08-02T00:00:00+00:00 [running]> on host a4a69aba7e5b
[2023-08-03T03:59:14.271+0000] {taskinstance.py:1513} INFO - Exporting the following env vars:
AIRFLOW_CTX_DAG_EMAIL=your_email@example.com
AIRFLOW_CTX_DAG_OWNER=***
AIRFLOW_CTX_DAG_ID=project_user_etl_dag
AIRFLOW_CTX_TASK_ID=extract
AIRFLOW_CTX_EXECUTION_DATE=2023-08-02T00:00:00+00:00
AIRFLOW_CTX_TRY_NUMBER=1
AIRFLOW_CTX_DAG_RUN_ID=scheduled__2023-08-02T00:00:00+00:00
[2023-08-03T03:59:28.125+0000] {python.py:177} INFO - Done. Returned value was: None
[2023-08-03T03:59:28.217+0000] {taskinstance.py:1327} INFO - Marking task as SUCCESS. dag_id=project_user_etl_dag, task_id=extract, execution_date=20230802T000000, start_date=20230803T035857, end_date=20230803T035928
[2023-08-03T03:59:34.102+0000] {local_task_job.py:159} INFO - Task exited with return code 0
[2023-08-03T03:59:34.309+0000] {taskinstance.py:2582} INFO - 1 downstream tasks scheduled from follow-on schedule check
