[2023-07-30T04:15:38.311+0000] {taskinstance.py:1087} INFO - Dependencies all met for <TaskInstance: job_data_pipeline_plus_csv.write_to_file scheduled__2023-07-29T00:00:00+00:00 [queued]>
[2023-07-30T04:15:38.433+0000] {taskinstance.py:1087} INFO - Dependencies all met for <TaskInstance: job_data_pipeline_plus_csv.write_to_file scheduled__2023-07-29T00:00:00+00:00 [queued]>
[2023-07-30T04:15:38.534+0000] {taskinstance.py:1283} INFO - 
--------------------------------------------------------------------------------
[2023-07-30T04:15:38.620+0000] {taskinstance.py:1284} INFO - Starting attempt 1 of 2
[2023-07-30T04:15:38.627+0000] {taskinstance.py:1285} INFO - 
--------------------------------------------------------------------------------
[2023-07-30T04:15:39.151+0000] {taskinstance.py:1304} INFO - Executing <Task(PythonOperator): write_to_file> on 2023-07-29 00:00:00+00:00
[2023-07-30T04:15:39.175+0000] {standard_task_runner.py:55} INFO - Started process 34215 to run task
[2023-07-30T04:15:39.213+0000] {standard_task_runner.py:82} INFO - Running: ['***', 'tasks', 'run', 'job_data_pipeline_plus_csv', 'write_to_file', 'scheduled__2023-07-29T00:00:00+00:00', '--job-id', '3079', '--raw', '--subdir', 'DAGS_FOLDER/load_data_create_csv(Y).py', '--cfg-path', '/tmp/tmpus8r0l5x']
[2023-07-30T04:15:39.225+0000] {standard_task_runner.py:83} INFO - Job 3079: Subtask write_to_file
[2023-07-30T04:15:39.781+0000] {task_command.py:389} INFO - Running <TaskInstance: job_data_pipeline_plus_csv.write_to_file scheduled__2023-07-29T00:00:00+00:00 [running]> on host f1ea17bde741
[2023-07-30T04:15:41.174+0000] {taskinstance.py:1513} INFO - Exporting the following env vars:
AIRFLOW_CTX_DAG_OWNER=***
AIRFLOW_CTX_DAG_ID=job_data_pipeline_plus_csv
AIRFLOW_CTX_TASK_ID=write_to_file
AIRFLOW_CTX_EXECUTION_DATE=2023-07-29T00:00:00+00:00
AIRFLOW_CTX_TRY_NUMBER=1
AIRFLOW_CTX_DAG_RUN_ID=scheduled__2023-07-29T00:00:00+00:00
[2023-07-30T04:15:41.383+0000] {python.py:177} INFO - Done. Returned value was: None
[2023-07-30T04:15:41.553+0000] {taskinstance.py:1327} INFO - Marking task as SUCCESS. dag_id=job_data_pipeline_plus_csv, task_id=write_to_file, execution_date=20230729T000000, start_date=20230730T041538, end_date=20230730T041541
[2023-07-30T04:15:43.078+0000] {local_task_job.py:159} INFO - Task exited with return code 0
[2023-07-30T04:15:43.208+0000] {taskinstance.py:2582} INFO - 0 downstream tasks scheduled from follow-on schedule check
