[2023-07-29T10:29:08.469+0000] {taskinstance.py:1087} INFO - Dependencies all met for <TaskInstance: my_first_dag_v2.greet_africa scheduled__2023-07-28T02:00:00+00:00 [queued]>
[2023-07-29T10:29:08.587+0000] {taskinstance.py:1087} INFO - Dependencies all met for <TaskInstance: my_first_dag_v2.greet_africa scheduled__2023-07-28T02:00:00+00:00 [queued]>
[2023-07-29T10:29:08.592+0000] {taskinstance.py:1283} INFO - 
--------------------------------------------------------------------------------
[2023-07-29T10:29:08.617+0000] {taskinstance.py:1284} INFO - Starting attempt 2 of 3
[2023-07-29T10:29:08.618+0000] {taskinstance.py:1285} INFO - 
--------------------------------------------------------------------------------
[2023-07-29T10:29:08.837+0000] {taskinstance.py:1304} INFO - Executing <Task(BashOperator): greet_africa> on 2023-07-28 02:00:00+00:00
[2023-07-29T10:29:08.864+0000] {standard_task_runner.py:55} INFO - Started process 397 to run task
[2023-07-29T10:29:08.889+0000] {standard_task_runner.py:82} INFO - Running: ['***', 'tasks', 'run', 'my_first_dag_v2', 'greet_africa', 'scheduled__2023-07-28T02:00:00+00:00', '--job-id', '1865', '--raw', '--subdir', 'DAGS_FOLDER/bash_operator1.py', '--cfg-path', '/tmp/tmp44nr08or']
[2023-07-29T10:29:08.897+0000] {standard_task_runner.py:83} INFO - Job 1865: Subtask greet_africa
[2023-07-29T10:29:09.537+0000] {task_command.py:389} INFO - Running <TaskInstance: my_first_dag_v2.greet_africa scheduled__2023-07-28T02:00:00+00:00 [running]> on host f1ea17bde741
[2023-07-29T10:29:10.455+0000] {taskinstance.py:1513} INFO - Exporting the following env vars:
AIRFLOW_CTX_DAG_OWNER=ebejale
AIRFLOW_CTX_DAG_ID=my_first_dag_v2
AIRFLOW_CTX_TASK_ID=greet_africa
AIRFLOW_CTX_EXECUTION_DATE=2023-07-28T02:00:00+00:00
AIRFLOW_CTX_TRY_NUMBER=2
AIRFLOW_CTX_DAG_RUN_ID=scheduled__2023-07-28T02:00:00+00:00
[2023-07-29T10:29:10.537+0000] {subprocess.py:63} INFO - Tmp dir root location: 
 /tmp
[2023-07-29T10:29:10.551+0000] {subprocess.py:75} INFO - Running command: ['/bin/bash', '-c', 'echo hello Africa!']
[2023-07-29T10:29:10.621+0000] {subprocess.py:86} INFO - Output:
[2023-07-29T10:29:10.638+0000] {subprocess.py:93} INFO - hello Africa!
[2023-07-29T10:29:10.651+0000] {subprocess.py:97} INFO - Command exited with return code 0
[2023-07-29T10:29:10.927+0000] {taskinstance.py:1327} INFO - Marking task as SUCCESS. dag_id=my_first_dag_v2, task_id=greet_africa, execution_date=20230728T020000, start_date=20230729T102908, end_date=20230729T102910
[2023-07-29T10:29:11.167+0000] {local_task_job.py:159} INFO - Task exited with return code 0
[2023-07-29T10:29:11.388+0000] {taskinstance.py:2582} INFO - 0 downstream tasks scheduled from follow-on schedule check
