[2023-08-03T04:01:14.192+0000] {taskinstance.py:1087} INFO - Dependencies all met for <TaskInstance: my_python_dag_v6.greet scheduled__2023-08-02T02:00:00+00:00 [queued]>
[2023-08-03T04:01:14.316+0000] {taskinstance.py:1087} INFO - Dependencies all met for <TaskInstance: my_python_dag_v6.greet scheduled__2023-08-02T02:00:00+00:00 [queued]>
[2023-08-03T04:01:14.369+0000] {taskinstance.py:1283} INFO - 
--------------------------------------------------------------------------------
[2023-08-03T04:01:14.546+0000] {taskinstance.py:1284} INFO - Starting attempt 1 of 3
[2023-08-03T04:01:14.593+0000] {taskinstance.py:1285} INFO - 
--------------------------------------------------------------------------------
[2023-08-03T04:01:16.003+0000] {taskinstance.py:1304} INFO - Executing <Task(PythonOperator): greet> on 2023-08-02 02:00:00+00:00
[2023-08-03T04:01:16.037+0000] {standard_task_runner.py:55} INFO - Started process 30110 to run task
[2023-08-03T04:01:16.040+0000] {standard_task_runner.py:82} INFO - Running: ['***', 'tasks', 'run', 'my_python_dag_v6', 'greet', 'scheduled__2023-08-02T02:00:00+00:00', '--job-id', '3258', '--raw', '--subdir', 'DAGS_FOLDER/python_operatorv6.py', '--cfg-path', '/tmp/tmp5o1tikm2']
[2023-08-03T04:01:16.046+0000] {standard_task_runner.py:83} INFO - Job 3258: Subtask greet
[2023-08-03T04:01:18.521+0000] {task_command.py:389} INFO - Running <TaskInstance: my_python_dag_v6.greet scheduled__2023-08-02T02:00:00+00:00 [running]> on host a4a69aba7e5b
[2023-08-03T04:01:20.991+0000] {taskinstance.py:1513} INFO - Exporting the following env vars:
AIRFLOW_CTX_DAG_OWNER=Byron
AIRFLOW_CTX_DAG_ID=my_python_dag_v6
AIRFLOW_CTX_TASK_ID=greet
AIRFLOW_CTX_EXECUTION_DATE=2023-08-02T02:00:00+00:00
AIRFLOW_CTX_TRY_NUMBER=1
AIRFLOW_CTX_DAG_RUN_ID=scheduled__2023-08-02T02:00:00+00:00
[2023-08-03T04:01:21.054+0000] {logging_mixin.py:137} INFO - my name is None and I am 32years old and I am from Canada 
[2023-08-03T04:01:21.056+0000] {python.py:177} INFO - Done. Returned value was: None
[2023-08-03T04:01:21.128+0000] {taskinstance.py:1327} INFO - Marking task as SUCCESS. dag_id=my_python_dag_v6, task_id=greet, execution_date=20230802T020000, start_date=20230803T040114, end_date=20230803T040121
[2023-08-03T04:01:21.788+0000] {local_task_job.py:159} INFO - Task exited with return code 0
[2023-08-03T04:01:21.818+0000] {taskinstance.py:2582} INFO - 0 downstream tasks scheduled from follow-on schedule check
