[2023-07-27T17:03:30.173+0000] {taskinstance.py:1087} INFO - Dependencies all met for <TaskInstance: data_engineering_jobs_dags_v2.get_jobs scheduled__2023-01-05T00:00:00+00:00 [queued]>
[2023-07-27T17:03:30.383+0000] {taskinstance.py:1087} INFO - Dependencies all met for <TaskInstance: data_engineering_jobs_dags_v2.get_jobs scheduled__2023-01-05T00:00:00+00:00 [queued]>
[2023-07-27T17:03:30.596+0000] {taskinstance.py:1283} INFO - 
--------------------------------------------------------------------------------
[2023-07-27T17:03:30.878+0000] {taskinstance.py:1284} INFO - Starting attempt 1 of 2
[2023-07-27T17:03:30.896+0000] {taskinstance.py:1285} INFO - 
--------------------------------------------------------------------------------
[2023-07-27T17:03:32.108+0000] {taskinstance.py:1304} INFO - Executing <Task(PythonOperator): get_jobs> on 2023-01-05 00:00:00+00:00
[2023-07-27T17:03:32.226+0000] {standard_task_runner.py:55} INFO - Started process 28582 to run task
[2023-07-27T17:03:32.362+0000] {standard_task_runner.py:82} INFO - Running: ['***', 'tasks', 'run', 'data_engineering_jobs_dags_v2', 'get_jobs', 'scheduled__2023-01-05T00:00:00+00:00', '--job-id', '1790', '--raw', '--subdir', 'DAGS_FOLDER/load_data_v2.py', '--cfg-path', '/tmp/tmplzhvznfk']
[2023-07-27T17:03:32.381+0000] {standard_task_runner.py:83} INFO - Job 1790: Subtask get_jobs
[2023-07-27T17:03:35.274+0000] {task_command.py:389} INFO - Running <TaskInstance: data_engineering_jobs_dags_v2.get_jobs scheduled__2023-01-05T00:00:00+00:00 [running]> on host bc3380e7707e
[2023-07-27T17:03:38.405+0000] {taskinstance.py:1513} INFO - Exporting the following env vars:
AIRFLOW_CTX_DAG_OWNER=***
AIRFLOW_CTX_DAG_ID=data_engineering_jobs_dags_v2
AIRFLOW_CTX_TASK_ID=get_jobs
AIRFLOW_CTX_EXECUTION_DATE=2023-01-05T00:00:00+00:00
AIRFLOW_CTX_TRY_NUMBER=1
AIRFLOW_CTX_DAG_RUN_ID=scheduled__2023-01-05T00:00:00+00:00
[2023-07-27T17:04:13.721+0000] {python.py:177} INFO - Done. Returned value was: None
[2023-07-27T17:04:13.893+0000] {taskinstance.py:1327} INFO - Marking task as SUCCESS. dag_id=data_engineering_jobs_dags_v2, task_id=get_jobs, execution_date=20230105T000000, start_date=20230727T170330, end_date=20230727T170413
[2023-07-27T17:04:16.241+0000] {local_task_job.py:159} INFO - Task exited with return code 0
[2023-07-27T17:04:17.410+0000] {taskinstance.py:2582} INFO - 1 downstream tasks scheduled from follow-on schedule check
