[2023-07-29T15:35:25.581+0000] {taskinstance.py:1087} INFO - Dependencies all met for <TaskInstance: data_engineering_jobs_dags_v3.write_to_postgres manual__2023-07-29T15:34:17.549608+00:00 [queued]>
[2023-07-29T15:35:25.995+0000] {taskinstance.py:1087} INFO - Dependencies all met for <TaskInstance: data_engineering_jobs_dags_v3.write_to_postgres manual__2023-07-29T15:34:17.549608+00:00 [queued]>
[2023-07-29T15:35:26.012+0000] {taskinstance.py:1283} INFO - 
--------------------------------------------------------------------------------
[2023-07-29T15:35:26.022+0000] {taskinstance.py:1284} INFO - Starting attempt 1 of 2
[2023-07-29T15:35:26.054+0000] {taskinstance.py:1285} INFO - 
--------------------------------------------------------------------------------
[2023-07-29T15:35:27.022+0000] {taskinstance.py:1304} INFO - Executing <Task(PythonOperator): write_to_postgres> on 2023-07-29 15:34:17.549608+00:00
[2023-07-29T15:35:27.150+0000] {standard_task_runner.py:55} INFO - Started process 14078 to run task
[2023-07-29T15:35:27.264+0000] {standard_task_runner.py:82} INFO - Running: ['***', 'tasks', 'run', 'data_engineering_jobs_dags_v3', 'write_to_postgres', 'manual__2023-07-29T15:34:17.549608+00:00', '--job-id', '2868', '--raw', '--subdir', 'DAGS_FOLDER/load_data_v3.py', '--cfg-path', '/tmp/tmp4jdl0ort']
[2023-07-29T15:35:27.385+0000] {standard_task_runner.py:83} INFO - Job 2868: Subtask write_to_postgres
[2023-07-29T15:35:28.550+0000] {task_command.py:389} INFO - Running <TaskInstance: data_engineering_jobs_dags_v3.write_to_postgres manual__2023-07-29T15:34:17.549608+00:00 [running]> on host f1ea17bde741
[2023-07-29T15:35:30.114+0000] {taskinstance.py:1513} INFO - Exporting the following env vars:
AIRFLOW_CTX_DAG_OWNER=***
AIRFLOW_CTX_DAG_ID=data_engineering_jobs_dags_v3
AIRFLOW_CTX_TASK_ID=write_to_postgres
AIRFLOW_CTX_EXECUTION_DATE=2023-07-29T15:34:17.549608+00:00
AIRFLOW_CTX_TRY_NUMBER=1
AIRFLOW_CTX_DAG_RUN_ID=manual__2023-07-29T15:34:17.549608+00:00
[2023-07-29T15:35:30.208+0000] {taskinstance.py:1772} ERROR - Task failed with exception
Traceback (most recent call last):
  File "/home/airflow/.local/lib/python3.7/site-packages/airflow/operators/python.py", line 175, in execute
    return_value = self.execute_callable()
  File "/home/airflow/.local/lib/python3.7/site-packages/airflow/operators/python.py", line 192, in execute_callable
    return self.python_callable(*self.op_args, **self.op_kwargs)
  File "/opt/airflow/dags/load_data_v3.py", line 65, in write_to_postgres
    df = pd.json_normalize(df.to_dict('records'), 'company', ['display_name'], record_prefix='company_')
  File "/home/airflow/.local/lib/python3.7/site-packages/pandas/io/json/_normalize.py", line 504, in _json_normalize
    _recursive_extract(data, record_path, {}, level=0)
  File "/home/airflow/.local/lib/python3.7/site-packages/pandas/io/json/_normalize.py", line 477, in _recursive_extract
    recs = _pull_records(obj, path[0])
  File "/home/airflow/.local/lib/python3.7/site-packages/pandas/io/json/_normalize.py", line 399, in _pull_records
    result = _pull_field(js, spec)
  File "/home/airflow/.local/lib/python3.7/site-packages/pandas/io/json/_normalize.py", line 390, in _pull_field
    result = result[spec]
KeyError: 'company'
[2023-07-29T15:35:30.389+0000] {taskinstance.py:1327} INFO - Marking task as UP_FOR_RETRY. dag_id=data_engineering_jobs_dags_v3, task_id=write_to_postgres, execution_date=20230729T153417, start_date=20230729T153525, end_date=20230729T153530
[2023-07-29T15:35:30.733+0000] {standard_task_runner.py:105} ERROR - Failed to execute job 2868 for task write_to_postgres ('company'; 14078)
[2023-07-29T15:35:30.809+0000] {local_task_job.py:159} INFO - Task exited with return code 1
[2023-07-29T15:35:31.129+0000] {taskinstance.py:2582} INFO - 0 downstream tasks scheduled from follow-on schedule check
