[2023-07-29T13:07:01.159+0000] {taskinstance.py:1087} INFO - Dependencies all met for <TaskInstance: my_postgres_dag_v6.insert_data manual__2023-07-29T13:06:03.715144+00:00 [queued]>
[2023-07-29T13:07:01.747+0000] {taskinstance.py:1087} INFO - Dependencies all met for <TaskInstance: my_postgres_dag_v6.insert_data manual__2023-07-29T13:06:03.715144+00:00 [queued]>
[2023-07-29T13:07:01.753+0000] {taskinstance.py:1283} INFO - 
--------------------------------------------------------------------------------
[2023-07-29T13:07:01.770+0000] {taskinstance.py:1284} INFO - Starting attempt 1 of 3
[2023-07-29T13:07:01.802+0000] {taskinstance.py:1285} INFO - 
--------------------------------------------------------------------------------
[2023-07-29T13:07:02.373+0000] {taskinstance.py:1304} INFO - Executing <Task(PostgresOperator): insert_data> on 2023-07-29 13:06:03.715144+00:00
[2023-07-29T13:07:02.638+0000] {standard_task_runner.py:55} INFO - Started process 6437 to run task
[2023-07-29T13:07:02.704+0000] {standard_task_runner.py:82} INFO - Running: ['***', 'tasks', 'run', 'my_postgres_dag_v6', 'insert_data', 'manual__2023-07-29T13:06:03.715144+00:00', '--job-id', '2078', '--raw', '--subdir', 'DAGS_FOLDER/postgres_operator_v2.py', '--cfg-path', '/tmp/tmpae4paau6']
[2023-07-29T13:07:02.721+0000] {standard_task_runner.py:83} INFO - Job 2078: Subtask insert_data
[2023-07-29T13:07:04.530+0000] {task_command.py:389} INFO - Running <TaskInstance: my_postgres_dag_v6.insert_data manual__2023-07-29T13:06:03.715144+00:00 [running]> on host f1ea17bde741
[2023-07-29T13:07:07.138+0000] {taskinstance.py:1513} INFO - Exporting the following env vars:
AIRFLOW_CTX_DAG_OWNER=Byron
AIRFLOW_CTX_DAG_ID=my_postgres_dag_v6
AIRFLOW_CTX_TASK_ID=insert_data
AIRFLOW_CTX_EXECUTION_DATE=2023-07-29T13:06:03.715144+00:00
AIRFLOW_CTX_TRY_NUMBER=1
AIRFLOW_CTX_DAG_RUN_ID=manual__2023-07-29T13:06:03.715144+00:00
[2023-07-29T13:07:07.220+0000] {sql.py:253} INFO - Executing: 
        INSERT INTO ***_users (name) VALUES ('Chidi'),('Joseph'),('Cindy'),('Sarai');
       
   
[2023-07-29T13:07:07.444+0000] {base.py:73} INFO - Using connection ID 'my_connection' for task execution.
[2023-07-29T13:07:18.766+0000] {base.py:73} INFO - Using connection ID 'my_connection' for task execution.
[2023-07-29T13:07:19.450+0000] {sql.py:364} INFO - Running statement: 
        INSERT INTO ***_users (name) VALUES ('Chidi'),('Joseph'),('Cindy'),('Sarai');
       
   , parameters: None
[2023-07-29T13:07:19.643+0000] {sql.py:373} INFO - Rows affected: 4
[2023-07-29T13:07:20.141+0000] {taskinstance.py:1327} INFO - Marking task as SUCCESS. dag_id=my_postgres_dag_v6, task_id=insert_data, execution_date=20230729T130603, start_date=20230729T130701, end_date=20230729T130720
[2023-07-29T13:07:21.433+0000] {local_task_job.py:159} INFO - Task exited with return code 0
[2023-07-29T13:07:22.312+0000] {taskinstance.py:2582} INFO - 0 downstream tasks scheduled from follow-on schedule check
