[2023-07-29T10:41:50.638+0000] {taskinstance.py:1087} INFO - Dependencies all met for <TaskInstance: data_engineering_jobs_dags_v2.get_jobs scheduled__2023-02-18T00:00:00+00:00 [queued]>
[2023-07-29T10:41:51.433+0000] {taskinstance.py:1087} INFO - Dependencies all met for <TaskInstance: data_engineering_jobs_dags_v2.get_jobs scheduled__2023-02-18T00:00:00+00:00 [queued]>
[2023-07-29T10:41:51.462+0000] {taskinstance.py:1283} INFO - 
--------------------------------------------------------------------------------
[2023-07-29T10:41:51.504+0000] {taskinstance.py:1284} INFO - Starting attempt 1 of 2
[2023-07-29T10:41:51.508+0000] {taskinstance.py:1285} INFO - 
--------------------------------------------------------------------------------
[2023-07-29T10:41:52.664+0000] {taskinstance.py:1304} INFO - Executing <Task(PythonOperator): get_jobs> on 2023-02-18 00:00:00+00:00
[2023-07-29T10:41:52.693+0000] {standard_task_runner.py:55} INFO - Started process 969 to run task
[2023-07-29T10:41:52.961+0000] {standard_task_runner.py:82} INFO - Running: ['***', 'tasks', 'run', 'data_engineering_jobs_dags_v2', 'get_jobs', 'scheduled__2023-02-18T00:00:00+00:00', '--job-id', '1923', '--raw', '--subdir', 'DAGS_FOLDER/load_data_v2.py', '--cfg-path', '/tmp/tmpywa5fxc8']
[2023-07-29T10:41:52.994+0000] {standard_task_runner.py:83} INFO - Job 1923: Subtask get_jobs
[2023-07-29T10:41:57.461+0000] {task_command.py:389} INFO - Running <TaskInstance: data_engineering_jobs_dags_v2.get_jobs scheduled__2023-02-18T00:00:00+00:00 [running]> on host f1ea17bde741
[2023-07-29T10:42:01.011+0000] {taskinstance.py:1513} INFO - Exporting the following env vars:
AIRFLOW_CTX_DAG_OWNER=***
AIRFLOW_CTX_DAG_ID=data_engineering_jobs_dags_v2
AIRFLOW_CTX_TASK_ID=get_jobs
AIRFLOW_CTX_EXECUTION_DATE=2023-02-18T00:00:00+00:00
AIRFLOW_CTX_TRY_NUMBER=1
AIRFLOW_CTX_DAG_RUN_ID=scheduled__2023-02-18T00:00:00+00:00
[2023-07-29T10:42:07.831+0000] {python.py:177} INFO - Done. Returned value was: None
[2023-07-29T10:42:08.534+0000] {taskinstance.py:1327} INFO - Marking task as SUCCESS. dag_id=data_engineering_jobs_dags_v2, task_id=get_jobs, execution_date=20230218T000000, start_date=20230729T104150, end_date=20230729T104208
[2023-07-29T10:42:10.480+0000] {local_task_job.py:159} INFO - Task exited with return code 0
[2023-07-29T10:42:13.520+0000] {taskinstance.py:2582} INFO - 1 downstream tasks scheduled from follow-on schedule check
