[2023-07-29T10:53:36.273+0000] {taskinstance.py:1087} INFO - Dependencies all met for <TaskInstance: data_engineering_jobs_dags_v2.get_jobs scheduled__2023-03-21T00:00:00+00:00 [queued]>
[2023-07-29T10:53:36.956+0000] {taskinstance.py:1087} INFO - Dependencies all met for <TaskInstance: data_engineering_jobs_dags_v2.get_jobs scheduled__2023-03-21T00:00:00+00:00 [queued]>
[2023-07-29T10:53:36.980+0000] {taskinstance.py:1283} INFO - 
--------------------------------------------------------------------------------
[2023-07-29T10:53:36.990+0000] {taskinstance.py:1284} INFO - Starting attempt 1 of 2
[2023-07-29T10:53:36.999+0000] {taskinstance.py:1285} INFO - 
--------------------------------------------------------------------------------
[2023-07-29T10:53:37.663+0000] {taskinstance.py:1304} INFO - Executing <Task(PythonOperator): get_jobs> on 2023-03-21 00:00:00+00:00
[2023-07-29T10:53:38.543+0000] {standard_task_runner.py:55} INFO - Started process 1521 to run task
[2023-07-29T10:53:39.258+0000] {standard_task_runner.py:82} INFO - Running: ['***', 'tasks', 'run', 'data_engineering_jobs_dags_v2', 'get_jobs', 'scheduled__2023-03-21T00:00:00+00:00', '--job-id', '1975', '--raw', '--subdir', 'DAGS_FOLDER/load_data_v2.py', '--cfg-path', '/tmp/tmpkm6p141v']
[2023-07-29T10:53:39.437+0000] {standard_task_runner.py:83} INFO - Job 1975: Subtask get_jobs
[2023-07-29T10:53:43.581+0000] {task_command.py:389} INFO - Running <TaskInstance: data_engineering_jobs_dags_v2.get_jobs scheduled__2023-03-21T00:00:00+00:00 [running]> on host f1ea17bde741
[2023-07-29T10:53:52.201+0000] {taskinstance.py:1513} INFO - Exporting the following env vars:
AIRFLOW_CTX_DAG_OWNER=***
AIRFLOW_CTX_DAG_ID=data_engineering_jobs_dags_v2
AIRFLOW_CTX_TASK_ID=get_jobs
AIRFLOW_CTX_EXECUTION_DATE=2023-03-21T00:00:00+00:00
AIRFLOW_CTX_TRY_NUMBER=1
AIRFLOW_CTX_DAG_RUN_ID=scheduled__2023-03-21T00:00:00+00:00
[2023-07-29T10:53:59.408+0000] {python.py:177} INFO - Done. Returned value was: None
[2023-07-29T10:54:00.085+0000] {taskinstance.py:1327} INFO - Marking task as SUCCESS. dag_id=data_engineering_jobs_dags_v2, task_id=get_jobs, execution_date=20230321T000000, start_date=20230729T105336, end_date=20230729T105400
[2023-07-29T10:54:10.523+0000] {local_task_job.py:159} INFO - Task exited with return code 0
[2023-07-29T10:54:14.193+0000] {taskinstance.py:2582} INFO - 1 downstream tasks scheduled from follow-on schedule check
