[2023-07-27T17:03:55.004+0000] {taskinstance.py:1087} INFO - Dependencies all met for <TaskInstance: data_engineering_jobs_dags_v2.get_jobs scheduled__2023-01-08T00:00:00+00:00 [queued]>
[2023-07-27T17:03:55.285+0000] {taskinstance.py:1087} INFO - Dependencies all met for <TaskInstance: data_engineering_jobs_dags_v2.get_jobs scheduled__2023-01-08T00:00:00+00:00 [queued]>
[2023-07-27T17:03:55.298+0000] {taskinstance.py:1283} INFO - 
--------------------------------------------------------------------------------
[2023-07-27T17:03:55.350+0000] {taskinstance.py:1284} INFO - Starting attempt 1 of 2
[2023-07-27T17:03:55.398+0000] {taskinstance.py:1285} INFO - 
--------------------------------------------------------------------------------
[2023-07-27T17:03:56.725+0000] {taskinstance.py:1304} INFO - Executing <Task(PythonOperator): get_jobs> on 2023-01-08 00:00:00+00:00
[2023-07-27T17:03:56.737+0000] {standard_task_runner.py:55} INFO - Started process 28603 to run task
[2023-07-27T17:03:56.758+0000] {standard_task_runner.py:82} INFO - Running: ['***', 'tasks', 'run', 'data_engineering_jobs_dags_v2', 'get_jobs', 'scheduled__2023-01-08T00:00:00+00:00', '--job-id', '1793', '--raw', '--subdir', 'DAGS_FOLDER/load_data_v2.py', '--cfg-path', '/tmp/tmpyu1bvelb']
[2023-07-27T17:03:56.762+0000] {standard_task_runner.py:83} INFO - Job 1793: Subtask get_jobs
[2023-07-27T17:03:59.494+0000] {task_command.py:389} INFO - Running <TaskInstance: data_engineering_jobs_dags_v2.get_jobs scheduled__2023-01-08T00:00:00+00:00 [running]> on host bc3380e7707e
[2023-07-27T17:04:02.640+0000] {taskinstance.py:1513} INFO - Exporting the following env vars:
AIRFLOW_CTX_DAG_OWNER=***
AIRFLOW_CTX_DAG_ID=data_engineering_jobs_dags_v2
AIRFLOW_CTX_TASK_ID=get_jobs
AIRFLOW_CTX_EXECUTION_DATE=2023-01-08T00:00:00+00:00
AIRFLOW_CTX_TRY_NUMBER=1
AIRFLOW_CTX_DAG_RUN_ID=scheduled__2023-01-08T00:00:00+00:00
[2023-07-27T17:04:14.026+0000] {python.py:177} INFO - Done. Returned value was: None
[2023-07-27T17:04:14.591+0000] {taskinstance.py:1327} INFO - Marking task as SUCCESS. dag_id=data_engineering_jobs_dags_v2, task_id=get_jobs, execution_date=20230108T000000, start_date=20230727T170355, end_date=20230727T170414
[2023-07-27T17:04:17.409+0000] {local_task_job.py:159} INFO - Task exited with return code 0
[2023-07-27T17:04:18.278+0000] {taskinstance.py:2582} INFO - 1 downstream tasks scheduled from follow-on schedule check
