[2023-07-27T17:07:40.070+0000] {taskinstance.py:1087} INFO - Dependencies all met for <TaskInstance: data_engineering_jobs_dags_v2.get_jobs scheduled__2023-01-19T00:00:00+00:00 [queued]>
[2023-07-27T17:07:40.776+0000] {taskinstance.py:1087} INFO - Dependencies all met for <TaskInstance: data_engineering_jobs_dags_v2.get_jobs scheduled__2023-01-19T00:00:00+00:00 [queued]>
[2023-07-27T17:07:40.804+0000] {taskinstance.py:1283} INFO - 
--------------------------------------------------------------------------------
[2023-07-27T17:07:40.997+0000] {taskinstance.py:1284} INFO - Starting attempt 1 of 2
[2023-07-27T17:07:41.017+0000] {taskinstance.py:1285} INFO - 
--------------------------------------------------------------------------------
[2023-07-27T17:07:42.305+0000] {taskinstance.py:1304} INFO - Executing <Task(PythonOperator): get_jobs> on 2023-01-19 00:00:00+00:00
[2023-07-27T17:07:42.451+0000] {standard_task_runner.py:55} INFO - Started process 28772 to run task
[2023-07-27T17:07:43.069+0000] {standard_task_runner.py:82} INFO - Running: ['***', 'tasks', 'run', 'data_engineering_jobs_dags_v2', 'get_jobs', 'scheduled__2023-01-19T00:00:00+00:00', '--job-id', '1822', '--raw', '--subdir', 'DAGS_FOLDER/load_data_v2.py', '--cfg-path', '/tmp/tmpiyi2b9yq']
[2023-07-27T17:07:43.118+0000] {standard_task_runner.py:83} INFO - Job 1822: Subtask get_jobs
[2023-07-27T17:07:45.701+0000] {task_command.py:389} INFO - Running <TaskInstance: data_engineering_jobs_dags_v2.get_jobs scheduled__2023-01-19T00:00:00+00:00 [running]> on host bc3380e7707e
[2023-07-27T17:07:49.524+0000] {taskinstance.py:1513} INFO - Exporting the following env vars:
AIRFLOW_CTX_DAG_OWNER=***
AIRFLOW_CTX_DAG_ID=data_engineering_jobs_dags_v2
AIRFLOW_CTX_TASK_ID=get_jobs
AIRFLOW_CTX_EXECUTION_DATE=2023-01-19T00:00:00+00:00
AIRFLOW_CTX_TRY_NUMBER=1
AIRFLOW_CTX_DAG_RUN_ID=scheduled__2023-01-19T00:00:00+00:00
[2023-07-27T17:08:14.752+0000] {python.py:177} INFO - Done. Returned value was: None
[2023-07-27T17:08:15.321+0000] {taskinstance.py:1327} INFO - Marking task as SUCCESS. dag_id=data_engineering_jobs_dags_v2, task_id=get_jobs, execution_date=20230119T000000, start_date=20230727T170740, end_date=20230727T170815
[2023-07-27T17:08:16.706+0000] {local_task_job.py:159} INFO - Task exited with return code 0
[2023-07-27T17:08:17.530+0000] {taskinstance.py:2582} INFO - 1 downstream tasks scheduled from follow-on schedule check
