[2023-07-27T08:11:22.539+0000] {taskinstance.py:1087} INFO - Dependencies all met for <TaskInstance: data_engineer_jobs_dag.extract_relevant_records_from_overall_data scheduled__2022-08-25T00:00:00+00:00 [queued]>
[2023-07-27T08:11:22.596+0000] {taskinstance.py:1087} INFO - Dependencies all met for <TaskInstance: data_engineer_jobs_dag.extract_relevant_records_from_overall_data scheduled__2022-08-25T00:00:00+00:00 [queued]>
[2023-07-27T08:11:22.598+0000] {taskinstance.py:1283} INFO - 
--------------------------------------------------------------------------------
[2023-07-27T08:11:22.609+0000] {taskinstance.py:1284} INFO - Starting attempt 1 of 2
[2023-07-27T08:11:22.610+0000] {taskinstance.py:1285} INFO - 
--------------------------------------------------------------------------------
[2023-07-27T08:11:22.999+0000] {taskinstance.py:1304} INFO - Executing <Task(PythonOperator): extract_relevant_records_from_overall_data> on 2022-08-25 00:00:00+00:00
[2023-07-27T08:11:23.038+0000] {standard_task_runner.py:55} INFO - Started process 5196 to run task
[2023-07-27T08:11:23.077+0000] {standard_task_runner.py:82} INFO - Running: ['***', 'tasks', 'run', 'data_engineer_jobs_dag', 'extract_relevant_records_from_overall_data', 'scheduled__2022-08-25T00:00:00+00:00', '--job-id', '749', '--raw', '--subdir', 'DAGS_FOLDER/load_data.py', '--cfg-path', '/tmp/tmpurci6qia']
[2023-07-27T08:11:23.103+0000] {standard_task_runner.py:83} INFO - Job 749: Subtask extract_relevant_records_from_overall_data
[2023-07-27T08:11:23.902+0000] {task_command.py:389} INFO - Running <TaskInstance: data_engineer_jobs_dag.extract_relevant_records_from_overall_data scheduled__2022-08-25T00:00:00+00:00 [running]> on host bc3380e7707e
[2023-07-27T08:11:24.699+0000] {taskinstance.py:1513} INFO - Exporting the following env vars:
AIRFLOW_CTX_DAG_EMAIL=kasimir.Ikuenobe@hotmail.com
AIRFLOW_CTX_DAG_OWNER=ebejale
AIRFLOW_CTX_DAG_ID=data_engineer_jobs_dag
AIRFLOW_CTX_TASK_ID=extract_relevant_records_from_overall_data
AIRFLOW_CTX_EXECUTION_DATE=2022-08-25T00:00:00+00:00
AIRFLOW_CTX_TRY_NUMBER=1
AIRFLOW_CTX_DAG_RUN_ID=scheduled__2022-08-25T00:00:00+00:00
[2023-07-27T08:11:24.780+0000] {taskinstance.py:1772} ERROR - Task failed with exception
Traceback (most recent call last):
  File "/home/airflow/.local/lib/python3.7/site-packages/airflow/operators/python.py", line 175, in execute
    return_value = self.execute_callable()
  File "/home/airflow/.local/lib/python3.7/site-packages/airflow/operators/python.py", line 192, in execute_callable
    return self.python_callable(*self.op_args, **self.op_kwargs)
  File "/opt/airflow/dags/load_data.py", line 63, in extract_relevant_records_from_overall_data
    for i in range(len(data['data'])):
KeyError: 'data'
[2023-07-27T08:11:24.815+0000] {taskinstance.py:1327} INFO - Marking task as UP_FOR_RETRY. dag_id=data_engineer_jobs_dag, task_id=extract_relevant_records_from_overall_data, execution_date=20220825T000000, start_date=20230727T081122, end_date=20230727T081124
[2023-07-27T08:11:24.993+0000] {standard_task_runner.py:105} ERROR - Failed to execute job 749 for task extract_relevant_records_from_overall_data ('data'; 5196)
[2023-07-27T08:11:25.062+0000] {local_task_job.py:159} INFO - Task exited with return code 1
[2023-07-27T08:11:25.711+0000] {taskinstance.py:2582} INFO - 0 downstream tasks scheduled from follow-on schedule check
