[2023-07-29T15:12:30.901+0000] {taskinstance.py:1087} INFO - Dependencies all met for <TaskInstance: data_engineering_jobs_dags_v3.write_to_postgres scheduled__2023-05-25T00:00:00+00:00 [queued]>
[2023-07-29T15:12:31.254+0000] {taskinstance.py:1087} INFO - Dependencies all met for <TaskInstance: data_engineering_jobs_dags_v3.write_to_postgres scheduled__2023-05-25T00:00:00+00:00 [queued]>
[2023-07-29T15:12:31.301+0000] {taskinstance.py:1283} INFO - 
--------------------------------------------------------------------------------
[2023-07-29T15:12:31.346+0000] {taskinstance.py:1284} INFO - Starting attempt 2 of 2
[2023-07-29T15:12:31.362+0000] {taskinstance.py:1285} INFO - 
--------------------------------------------------------------------------------
[2023-07-29T15:12:31.937+0000] {taskinstance.py:1304} INFO - Executing <Task(PythonOperator): write_to_postgres> on 2023-05-25 00:00:00+00:00
[2023-07-29T15:12:32.002+0000] {standard_task_runner.py:55} INFO - Started process 12818 to run task
[2023-07-29T15:12:32.071+0000] {standard_task_runner.py:82} INFO - Running: ['***', 'tasks', 'run', 'data_engineering_jobs_dags_v3', 'write_to_postgres', 'scheduled__2023-05-25T00:00:00+00:00', '--job-id', '2706', '--raw', '--subdir', 'DAGS_FOLDER/load_data_v3.py', '--cfg-path', '/tmp/tmp840dh76u']
[2023-07-29T15:12:32.120+0000] {standard_task_runner.py:83} INFO - Job 2706: Subtask write_to_postgres
[2023-07-29T15:12:33.131+0000] {task_command.py:389} INFO - Running <TaskInstance: data_engineering_jobs_dags_v3.write_to_postgres scheduled__2023-05-25T00:00:00+00:00 [running]> on host f1ea17bde741
[2023-07-29T15:12:35.632+0000] {taskinstance.py:1513} INFO - Exporting the following env vars:
AIRFLOW_CTX_DAG_OWNER=***
AIRFLOW_CTX_DAG_ID=data_engineering_jobs_dags_v3
AIRFLOW_CTX_TASK_ID=write_to_postgres
AIRFLOW_CTX_EXECUTION_DATE=2023-05-25T00:00:00+00:00
AIRFLOW_CTX_TRY_NUMBER=2
AIRFLOW_CTX_DAG_RUN_ID=scheduled__2023-05-25T00:00:00+00:00
[2023-07-29T15:12:36.303+0000] {base.py:73} INFO - Using connection ID 'my_connection' for task execution.
[2023-07-29T15:12:36.467+0000] {taskinstance.py:1772} ERROR - Task failed with exception
Traceback (most recent call last):
  File "/home/airflow/.local/lib/python3.7/site-packages/airflow/operators/python.py", line 175, in execute
    return_value = self.execute_callable()
  File "/home/airflow/.local/lib/python3.7/site-packages/airflow/operators/python.py", line 192, in execute_callable
    return self.python_callable(*self.op_args, **self.op_kwargs)
  File "/opt/airflow/dags/load_data_v3.py", line 71, in write_to_postgres
    execute_values(cursor, insert_statement, [tuple(x) for x in df.to_records(index=False)])
  File "/home/airflow/.local/lib/python3.7/site-packages/psycopg2/extras.py", line 1296, in execute_values
    parts.append(cur.mogrify(template, args))
psycopg2.ProgrammingError: can't adapt type 'dict'
[2023-07-29T15:12:36.686+0000] {taskinstance.py:1327} INFO - Marking task as FAILED. dag_id=data_engineering_jobs_dags_v3, task_id=write_to_postgres, execution_date=20230525T000000, start_date=20230729T151230, end_date=20230729T151236
[2023-07-29T15:12:37.475+0000] {standard_task_runner.py:105} ERROR - Failed to execute job 2706 for task write_to_postgres (can't adapt type 'dict'; 12818)
[2023-07-29T15:12:37.715+0000] {local_task_job.py:159} INFO - Task exited with return code 1
[2023-07-29T15:12:38.221+0000] {taskinstance.py:2582} INFO - 0 downstream tasks scheduled from follow-on schedule check
