[2023-07-31T13:30:07.060+0000] {taskinstance.py:1087} INFO - Dependencies all met for <TaskInstance: job_data_pipeline_plus_csv.write_to_csv manual__2023-07-31T13:28:59.976625+00:00 [queued]>
[2023-07-31T13:30:07.300+0000] {taskinstance.py:1087} INFO - Dependencies all met for <TaskInstance: job_data_pipeline_plus_csv.write_to_csv manual__2023-07-31T13:28:59.976625+00:00 [queued]>
[2023-07-31T13:30:07.408+0000] {taskinstance.py:1283} INFO - 
--------------------------------------------------------------------------------
[2023-07-31T13:30:07.424+0000] {taskinstance.py:1284} INFO - Starting attempt 1 of 2
[2023-07-31T13:30:07.440+0000] {taskinstance.py:1285} INFO - 
--------------------------------------------------------------------------------
[2023-07-31T13:30:07.913+0000] {taskinstance.py:1304} INFO - Executing <Task(PythonOperator): write_to_csv> on 2023-07-31 13:28:59.976625+00:00
[2023-07-31T13:30:08.155+0000] {standard_task_runner.py:55} INFO - Started process 4666 to run task
[2023-07-31T13:30:08.277+0000] {standard_task_runner.py:82} INFO - Running: ['***', 'tasks', 'run', 'job_data_pipeline_plus_csv', 'write_to_csv', 'manual__2023-07-31T13:28:59.976625+00:00', '--job-id', '3144', '--raw', '--subdir', 'DAGS_FOLDER/load_data_create_csv(Y).py', '--cfg-path', '/tmp/tmp6pak4tcy']
[2023-07-31T13:30:08.457+0000] {standard_task_runner.py:83} INFO - Job 3144: Subtask write_to_csv
[2023-07-31T13:30:10.319+0000] {task_command.py:389} INFO - Running <TaskInstance: job_data_pipeline_plus_csv.write_to_csv manual__2023-07-31T13:28:59.976625+00:00 [running]> on host 4b7777060932
[2023-07-31T13:30:11.911+0000] {taskinstance.py:1513} INFO - Exporting the following env vars:
AIRFLOW_CTX_DAG_OWNER=***
AIRFLOW_CTX_DAG_ID=job_data_pipeline_plus_csv
AIRFLOW_CTX_TASK_ID=write_to_csv
AIRFLOW_CTX_EXECUTION_DATE=2023-07-31T13:28:59.976625+00:00
AIRFLOW_CTX_TRY_NUMBER=1
AIRFLOW_CTX_DAG_RUN_ID=manual__2023-07-31T13:28:59.976625+00:00
[2023-07-31T13:30:12.247+0000] {taskinstance.py:1772} ERROR - Task failed with exception
Traceback (most recent call last):
  File "/home/airflow/.local/lib/python3.7/site-packages/airflow/operators/python.py", line 175, in execute
    return_value = self.execute_callable()
  File "/home/airflow/.local/lib/python3.7/site-packages/airflow/operators/python.py", line 192, in execute_callable
    return self.python_callable(*self.op_args, **self.op_kwargs)
  File "/opt/airflow/dags/load_data_create_csv(Y).py", line 43, in write_to_csv
    df.to_csv(file_name, index=False)
  File "/home/airflow/.local/lib/python3.7/site-packages/pandas/core/generic.py", line 3482, in to_csv
    storage_options=storage_options,
  File "/home/airflow/.local/lib/python3.7/site-packages/pandas/io/formats/format.py", line 1105, in to_csv
    csv_formatter.save()
  File "/home/airflow/.local/lib/python3.7/site-packages/pandas/io/formats/csvs.py", line 243, in save
    storage_options=self.storage_options,
  File "/home/airflow/.local/lib/python3.7/site-packages/pandas/io/common.py", line 707, in get_handle
    newline="",
FileNotFoundError: [Errno 2] No such file or directory: 'C:/Users/user/OneDrive/Desktop/materials/Airflow_Installation/dags/Job_Search_2023-07-31.csv'
[2023-07-31T13:30:14.001+0000] {taskinstance.py:1327} INFO - Marking task as UP_FOR_RETRY. dag_id=job_data_pipeline_plus_csv, task_id=write_to_csv, execution_date=20230731T132859, start_date=20230731T133007, end_date=20230731T133013
[2023-07-31T13:30:14.513+0000] {standard_task_runner.py:105} ERROR - Failed to execute job 3144 for task write_to_csv ([Errno 2] No such file or directory: 'C:/Users/user/OneDrive/Desktop/materials/Airflow_Installation/dags/Job_Search_2023-07-31.csv'; 4666)
[2023-07-31T13:30:14.916+0000] {local_task_job.py:159} INFO - Task exited with return code 1
[2023-07-31T13:30:15.732+0000] {taskinstance.py:2582} INFO - 0 downstream tasks scheduled from follow-on schedule check
