[2023-08-03T03:59:43.136+0000] {taskinstance.py:1087} INFO - Dependencies all met for <TaskInstance: job_data_pipeline_plus_csv.write_to_csv scheduled__2023-08-02T00:00:00+00:00 [queued]>
[2023-08-03T03:59:43.396+0000] {taskinstance.py:1087} INFO - Dependencies all met for <TaskInstance: job_data_pipeline_plus_csv.write_to_csv scheduled__2023-08-02T00:00:00+00:00 [queued]>
[2023-08-03T03:59:43.397+0000] {taskinstance.py:1283} INFO - 
--------------------------------------------------------------------------------
[2023-08-03T03:59:43.580+0000] {taskinstance.py:1284} INFO - Starting attempt 1 of 2
[2023-08-03T03:59:43.586+0000] {taskinstance.py:1285} INFO - 
--------------------------------------------------------------------------------
[2023-08-03T03:59:44.964+0000] {taskinstance.py:1304} INFO - Executing <Task(PythonOperator): write_to_csv> on 2023-08-02 00:00:00+00:00
[2023-08-03T03:59:44.989+0000] {standard_task_runner.py:55} INFO - Started process 30075 to run task
[2023-08-03T03:59:45.008+0000] {standard_task_runner.py:82} INFO - Running: ['***', 'tasks', 'run', 'job_data_pipeline_plus_csv', 'write_to_csv', 'scheduled__2023-08-02T00:00:00+00:00', '--job-id', '3252', '--raw', '--subdir', 'DAGS_FOLDER/load_data_create_csv(Y).py', '--cfg-path', '/tmp/tmpvkwzrokj']
[2023-08-03T03:59:45.047+0000] {standard_task_runner.py:83} INFO - Job 3252: Subtask write_to_csv
[2023-08-03T03:59:47.312+0000] {task_command.py:389} INFO - Running <TaskInstance: job_data_pipeline_plus_csv.write_to_csv scheduled__2023-08-02T00:00:00+00:00 [running]> on host a4a69aba7e5b
[2023-08-03T03:59:50.556+0000] {taskinstance.py:1513} INFO - Exporting the following env vars:
AIRFLOW_CTX_DAG_OWNER=***
AIRFLOW_CTX_DAG_ID=job_data_pipeline_plus_csv
AIRFLOW_CTX_TASK_ID=write_to_csv
AIRFLOW_CTX_EXECUTION_DATE=2023-08-02T00:00:00+00:00
AIRFLOW_CTX_TRY_NUMBER=1
AIRFLOW_CTX_DAG_RUN_ID=scheduled__2023-08-02T00:00:00+00:00
[2023-08-03T03:59:50.609+0000] {load_data_create_csv(Y).py:48} INFO - Writing to file: Job_Search_2023-08-03.csv
[2023-08-03T03:59:50.628+0000] {python.py:177} INFO - Done. Returned value was: None
[2023-08-03T03:59:50.654+0000] {taskinstance.py:1327} INFO - Marking task as SUCCESS. dag_id=job_data_pipeline_plus_csv, task_id=write_to_csv, execution_date=20230802T000000, start_date=20230803T035943, end_date=20230803T035950
[2023-08-03T03:59:53.336+0000] {local_task_job.py:159} INFO - Task exited with return code 0
[2023-08-03T03:59:53.501+0000] {taskinstance.py:2582} INFO - 1 downstream tasks scheduled from follow-on schedule check
