[2023-07-29T15:20:23.499+0000] {taskinstance.py:1087} INFO - Dependencies all met for <TaskInstance: data_engineering_jobs_dags_v3.get_jobs scheduled__2023-06-16T00:00:00+00:00 [queued]>
[2023-07-29T15:20:23.795+0000] {taskinstance.py:1087} INFO - Dependencies all met for <TaskInstance: data_engineering_jobs_dags_v3.get_jobs scheduled__2023-06-16T00:00:00+00:00 [queued]>
[2023-07-29T15:20:23.826+0000] {taskinstance.py:1283} INFO - 
--------------------------------------------------------------------------------
[2023-07-29T15:20:23.894+0000] {taskinstance.py:1284} INFO - Starting attempt 2 of 2
[2023-07-29T15:20:23.960+0000] {taskinstance.py:1285} INFO - 
--------------------------------------------------------------------------------
[2023-07-29T15:20:26.522+0000] {taskinstance.py:1304} INFO - Executing <Task(PythonOperator): get_jobs> on 2023-06-16 00:00:00+00:00
[2023-07-29T15:20:26.555+0000] {standard_task_runner.py:55} INFO - Started process 13243 to run task
[2023-07-29T15:20:26.842+0000] {standard_task_runner.py:82} INFO - Running: ['***', 'tasks', 'run', 'data_engineering_jobs_dags_v3', 'get_jobs', 'scheduled__2023-06-16T00:00:00+00:00', '--job-id', '2755', '--raw', '--subdir', 'DAGS_FOLDER/load_data_v3.py', '--cfg-path', '/tmp/tmpxqhxrj6k']
[2023-07-29T15:20:26.942+0000] {standard_task_runner.py:83} INFO - Job 2755: Subtask get_jobs
[2023-07-29T15:20:30.258+0000] {task_command.py:389} INFO - Running <TaskInstance: data_engineering_jobs_dags_v3.get_jobs scheduled__2023-06-16T00:00:00+00:00 [running]> on host f1ea17bde741
[2023-07-29T15:20:35.279+0000] {taskinstance.py:1513} INFO - Exporting the following env vars:
AIRFLOW_CTX_DAG_OWNER=***
AIRFLOW_CTX_DAG_ID=data_engineering_jobs_dags_v3
AIRFLOW_CTX_TASK_ID=get_jobs
AIRFLOW_CTX_EXECUTION_DATE=2023-06-16T00:00:00+00:00
AIRFLOW_CTX_TRY_NUMBER=2
AIRFLOW_CTX_DAG_RUN_ID=scheduled__2023-06-16T00:00:00+00:00
[2023-07-29T15:20:38.793+0000] {python.py:177} INFO - Done. Returned value was: None
[2023-07-29T15:20:38.979+0000] {taskinstance.py:1327} INFO - Marking task as SUCCESS. dag_id=data_engineering_jobs_dags_v3, task_id=get_jobs, execution_date=20230616T000000, start_date=20230729T152023, end_date=20230729T152038
[2023-07-29T15:20:42.763+0000] {local_task_job.py:159} INFO - Task exited with return code 0
[2023-07-29T15:20:46.270+0000] {taskinstance.py:2582} INFO - 2 downstream tasks scheduled from follow-on schedule check
