[2023-07-29T20:43:07.160+0000] {taskinstance.py:1087} INFO - Dependencies all met for <TaskInstance: job_data_pipeline.get_jobs manual__2023-07-29T20:42:54.484133+00:00 [queued]>
[2023-07-29T20:43:07.229+0000] {taskinstance.py:1087} INFO - Dependencies all met for <TaskInstance: job_data_pipeline.get_jobs manual__2023-07-29T20:42:54.484133+00:00 [queued]>
[2023-07-29T20:43:07.241+0000] {taskinstance.py:1283} INFO - 
--------------------------------------------------------------------------------
[2023-07-29T20:43:07.327+0000] {taskinstance.py:1284} INFO - Starting attempt 1 of 2
[2023-07-29T20:43:07.344+0000] {taskinstance.py:1285} INFO - 
--------------------------------------------------------------------------------
[2023-07-29T20:43:07.677+0000] {taskinstance.py:1304} INFO - Executing <Task(PythonOperator): get_jobs> on 2023-07-29 20:42:54.484133+00:00
[2023-07-29T20:43:07.724+0000] {standard_task_runner.py:55} INFO - Started process 26818 to run task
[2023-07-29T20:43:07.753+0000] {standard_task_runner.py:82} INFO - Running: ['***', 'tasks', 'run', 'job_data_pipeline', 'get_jobs', 'manual__2023-07-29T20:42:54.484133+00:00', '--job-id', '3038', '--raw', '--subdir', 'DAGS_FOLDER/load_data_v4.py', '--cfg-path', '/tmp/tmpm6t2c_1y']
[2023-07-29T20:43:07.772+0000] {standard_task_runner.py:83} INFO - Job 3038: Subtask get_jobs
[2023-07-29T20:43:08.829+0000] {task_command.py:389} INFO - Running <TaskInstance: job_data_pipeline.get_jobs manual__2023-07-29T20:42:54.484133+00:00 [running]> on host f1ea17bde741
[2023-07-29T20:43:10.522+0000] {taskinstance.py:1513} INFO - Exporting the following env vars:
AIRFLOW_CTX_DAG_OWNER=***
AIRFLOW_CTX_DAG_ID=job_data_pipeline
AIRFLOW_CTX_TASK_ID=get_jobs
AIRFLOW_CTX_EXECUTION_DATE=2023-07-29T20:42:54.484133+00:00
AIRFLOW_CTX_TRY_NUMBER=1
AIRFLOW_CTX_DAG_RUN_ID=manual__2023-07-29T20:42:54.484133+00:00
[2023-07-29T20:43:12.881+0000] {python.py:177} INFO - Done. Returned value was: None
[2023-07-29T20:43:12.998+0000] {taskinstance.py:1327} INFO - Marking task as SUCCESS. dag_id=job_data_pipeline, task_id=get_jobs, execution_date=20230729T204254, start_date=20230729T204307, end_date=20230729T204312
[2023-07-29T20:43:13.691+0000] {local_task_job.py:159} INFO - Task exited with return code 0
[2023-07-29T20:43:14.152+0000] {taskinstance.py:2582} INFO - 1 downstream tasks scheduled from follow-on schedule check
