[2023-07-27T08:16:32.731+0000] {taskinstance.py:1087} INFO - Dependencies all met for <TaskInstance: data_engineer_jobs_dag.extract_relevant_records_from_overall_data scheduled__2022-08-26T00:00:00+00:00 [queued]>
[2023-07-27T08:16:32.781+0000] {taskinstance.py:1087} INFO - Dependencies all met for <TaskInstance: data_engineer_jobs_dag.extract_relevant_records_from_overall_data scheduled__2022-08-26T00:00:00+00:00 [queued]>
[2023-07-27T08:16:32.783+0000] {taskinstance.py:1283} INFO - 
--------------------------------------------------------------------------------
[2023-07-27T08:16:32.791+0000] {taskinstance.py:1284} INFO - Starting attempt 2 of 2
[2023-07-27T08:16:32.792+0000] {taskinstance.py:1285} INFO - 
--------------------------------------------------------------------------------
[2023-07-27T08:16:32.998+0000] {taskinstance.py:1304} INFO - Executing <Task(PythonOperator): extract_relevant_records_from_overall_data> on 2022-08-26 00:00:00+00:00
[2023-07-27T08:16:33.043+0000] {standard_task_runner.py:55} INFO - Started process 5506 to run task
[2023-07-27T08:16:33.065+0000] {standard_task_runner.py:82} INFO - Running: ['***', 'tasks', 'run', 'data_engineer_jobs_dag', 'extract_relevant_records_from_overall_data', 'scheduled__2022-08-26T00:00:00+00:00', '--job-id', '789', '--raw', '--subdir', 'DAGS_FOLDER/load_data.py', '--cfg-path', '/tmp/tmp5x5blvmd']
[2023-07-27T08:16:33.082+0000] {standard_task_runner.py:83} INFO - Job 789: Subtask extract_relevant_records_from_overall_data
[2023-07-27T08:16:33.596+0000] {task_command.py:389} INFO - Running <TaskInstance: data_engineer_jobs_dag.extract_relevant_records_from_overall_data scheduled__2022-08-26T00:00:00+00:00 [running]> on host bc3380e7707e
[2023-07-27T08:16:34.126+0000] {taskinstance.py:1513} INFO - Exporting the following env vars:
AIRFLOW_CTX_DAG_EMAIL=kasimir.Ikuenobe@hotmail.com
AIRFLOW_CTX_DAG_OWNER=ebejale
AIRFLOW_CTX_DAG_ID=data_engineer_jobs_dag
AIRFLOW_CTX_TASK_ID=extract_relevant_records_from_overall_data
AIRFLOW_CTX_EXECUTION_DATE=2022-08-26T00:00:00+00:00
AIRFLOW_CTX_TRY_NUMBER=2
AIRFLOW_CTX_DAG_RUN_ID=scheduled__2022-08-26T00:00:00+00:00
[2023-07-27T08:16:34.236+0000] {taskinstance.py:1772} ERROR - Task failed with exception
Traceback (most recent call last):
  File "/home/airflow/.local/lib/python3.7/site-packages/airflow/operators/python.py", line 175, in execute
    return_value = self.execute_callable()
  File "/home/airflow/.local/lib/python3.7/site-packages/airflow/operators/python.py", line 192, in execute_callable
    return self.python_callable(*self.op_args, **self.op_kwargs)
  File "/opt/airflow/dags/load_data.py", line 63, in extract_relevant_records_from_overall_data
    for i in range(len(data['data'])):
KeyError: 'data'
[2023-07-27T08:16:34.291+0000] {taskinstance.py:1327} INFO - Marking task as FAILED. dag_id=data_engineer_jobs_dag, task_id=extract_relevant_records_from_overall_data, execution_date=20220826T000000, start_date=20230727T081632, end_date=20230727T081634
[2023-07-27T08:16:34.478+0000] {standard_task_runner.py:105} ERROR - Failed to execute job 789 for task extract_relevant_records_from_overall_data ('data'; 5506)
[2023-07-27T08:16:34.571+0000] {local_task_job.py:159} INFO - Task exited with return code 1
[2023-07-27T08:16:34.993+0000] {taskinstance.py:2582} INFO - 0 downstream tasks scheduled from follow-on schedule check
