[2023-07-29T16:43:10.960+0000] {taskinstance.py:1087} INFO - Dependencies all met for <TaskInstance: data_engineering_jobs_dags_v3.drop_table manual__2023-07-29T16:42:43.627773+00:00 [queued]>
[2023-07-29T16:43:11.168+0000] {taskinstance.py:1087} INFO - Dependencies all met for <TaskInstance: data_engineering_jobs_dags_v3.drop_table manual__2023-07-29T16:42:43.627773+00:00 [queued]>
[2023-07-29T16:43:11.186+0000] {taskinstance.py:1283} INFO - 
--------------------------------------------------------------------------------
[2023-07-29T16:43:11.509+0000] {taskinstance.py:1284} INFO - Starting attempt 1 of 2
[2023-07-29T16:43:11.518+0000] {taskinstance.py:1285} INFO - 
--------------------------------------------------------------------------------
[2023-07-29T16:43:11.845+0000] {taskinstance.py:1304} INFO - Executing <Task(PostgresOperator): drop_table> on 2023-07-29 16:42:43.627773+00:00
[2023-07-29T16:43:11.985+0000] {standard_task_runner.py:55} INFO - Started process 16981 to run task
[2023-07-29T16:43:12.067+0000] {standard_task_runner.py:82} INFO - Running: ['***', 'tasks', 'run', 'data_engineering_jobs_dags_v3', 'drop_table', 'manual__2023-07-29T16:42:43.627773+00:00', '--job-id', '2973', '--raw', '--subdir', 'DAGS_FOLDER/load_data_v3.py', '--cfg-path', '/tmp/tmp1hactg_l']
[2023-07-29T16:43:12.099+0000] {standard_task_runner.py:83} INFO - Job 2973: Subtask drop_table
[2023-07-29T16:43:13.515+0000] {task_command.py:389} INFO - Running <TaskInstance: data_engineering_jobs_dags_v3.drop_table manual__2023-07-29T16:42:43.627773+00:00 [running]> on host f1ea17bde741
[2023-07-29T16:43:15.040+0000] {taskinstance.py:1513} INFO - Exporting the following env vars:
AIRFLOW_CTX_DAG_OWNER=***
AIRFLOW_CTX_DAG_ID=data_engineering_jobs_dags_v3
AIRFLOW_CTX_TASK_ID=drop_table
AIRFLOW_CTX_EXECUTION_DATE=2023-07-29T16:42:43.627773+00:00
AIRFLOW_CTX_TRY_NUMBER=1
AIRFLOW_CTX_DAG_RUN_ID=manual__2023-07-29T16:42:43.627773+00:00
[2023-07-29T16:43:15.054+0000] {sql.py:253} INFO - Executing: 
        DROP TABLE IF EXISTS jobs
    
[2023-07-29T16:43:15.093+0000] {base.py:73} INFO - Using connection ID 'my_connection' for task execution.
[2023-07-29T16:43:17.412+0000] {base.py:73} INFO - Using connection ID 'my_connection' for task execution.
[2023-07-29T16:43:17.529+0000] {sql.py:364} INFO - Running statement: 
        DROP TABLE IF EXISTS jobs
    , parameters: None
[2023-07-29T16:43:18.049+0000] {taskinstance.py:1327} INFO - Marking task as SUCCESS. dag_id=data_engineering_jobs_dags_v3, task_id=drop_table, execution_date=20230729T164243, start_date=20230729T164311, end_date=20230729T164318
[2023-07-29T16:43:18.457+0000] {local_task_job.py:159} INFO - Task exited with return code 0
[2023-07-29T16:43:18.779+0000] {taskinstance.py:2582} INFO - 1 downstream tasks scheduled from follow-on schedule check
