[2023-07-29T12:26:17.753+0000] {taskinstance.py:1087} INFO - Dependencies all met for <TaskInstance: my_postgres_dag_v1-1.create_table scheduled__2023-07-28T00:00:00+00:00 [queued]>
[2023-07-29T12:26:18.097+0000] {taskinstance.py:1087} INFO - Dependencies all met for <TaskInstance: my_postgres_dag_v1-1.create_table scheduled__2023-07-28T00:00:00+00:00 [queued]>
[2023-07-29T12:26:18.143+0000] {taskinstance.py:1283} INFO - 
--------------------------------------------------------------------------------
[2023-07-29T12:26:18.242+0000] {taskinstance.py:1284} INFO - Starting attempt 1 of 3
[2023-07-29T12:26:18.289+0000] {taskinstance.py:1285} INFO - 
--------------------------------------------------------------------------------
[2023-07-29T12:26:19.405+0000] {taskinstance.py:1304} INFO - Executing <Task(PostgresOperator): create_table> on 2023-07-28 00:00:00+00:00
[2023-07-29T12:26:19.487+0000] {standard_task_runner.py:55} INFO - Started process 5006 to run task
[2023-07-29T12:26:19.501+0000] {standard_task_runner.py:82} INFO - Running: ['***', 'tasks', 'run', 'my_postgres_dag_v1-1', 'create_table', 'scheduled__2023-07-28T00:00:00+00:00', '--job-id', '2032', '--raw', '--subdir', 'DAGS_FOLDER/postgres_operator_v1-1.py', '--cfg-path', '/tmp/tmp2l1g2xry']
[2023-07-29T12:26:19.550+0000] {standard_task_runner.py:83} INFO - Job 2032: Subtask create_table
[2023-07-29T12:26:22.132+0000] {task_command.py:389} INFO - Running <TaskInstance: my_postgres_dag_v1-1.create_table scheduled__2023-07-28T00:00:00+00:00 [running]> on host f1ea17bde741
[2023-07-29T12:26:24.091+0000] {taskinstance.py:1513} INFO - Exporting the following env vars:
AIRFLOW_CTX_DAG_OWNER=Byron
AIRFLOW_CTX_DAG_ID=my_postgres_dag_v1-1
AIRFLOW_CTX_TASK_ID=create_table
AIRFLOW_CTX_EXECUTION_DATE=2023-07-28T00:00:00+00:00
AIRFLOW_CTX_TRY_NUMBER=1
AIRFLOW_CTX_DAG_RUN_ID=scheduled__2023-07-28T00:00:00+00:00
[2023-07-29T12:26:24.122+0000] {sql.py:253} INFO - Executing: CREATE TABLE IF NOT EXISTS ***_users (id SERIAL PRIMARY KEY, name VARCHAR(30))
[2023-07-29T12:26:24.736+0000] {base.py:73} INFO - Using connection ID 'my_connection' for task execution.
[2023-07-29T12:26:35.091+0000] {base.py:73} INFO - Using connection ID 'my_connection' for task execution.
[2023-07-29T12:26:35.527+0000] {taskinstance.py:1772} ERROR - Task failed with exception
Traceback (most recent call last):
  File "/home/airflow/.local/lib/python3.7/site-packages/airflow/providers/common/sql/operators/sql.py", line 261, in execute
    return_last=self.return_last,
  File "/home/airflow/.local/lib/python3.7/site-packages/airflow/providers/common/sql/hooks/sql.py", line 331, in run
    with closing(self.get_conn()) as conn:
  File "/home/airflow/.local/lib/python3.7/site-packages/airflow/providers/postgres/hooks/postgres.py", line 144, in get_conn
    self.conn = psycopg2.connect(**conn_args)
  File "/home/airflow/.local/lib/python3.7/site-packages/psycopg2/__init__.py", line 122, in connect
    conn = _connect(dsn, connection_factory=connection_factory, **kwasync)
psycopg2.OperationalError: connection to server at "host.docker.internal" (192.168.65.254), port 5432 failed: FATAL:  database "test_db" does not exist

[2023-07-29T12:26:35.651+0000] {taskinstance.py:1327} INFO - Marking task as UP_FOR_RETRY. dag_id=my_postgres_dag_v1-1, task_id=create_table, execution_date=20230728T000000, start_date=20230729T122617, end_date=20230729T122635
[2023-07-29T12:26:36.082+0000] {standard_task_runner.py:105} ERROR - Failed to execute job 2032 for task create_table (connection to server at "host.docker.internal" (192.168.65.254), port 5432 failed: FATAL:  database "test_db" does not exist
; 5006)
[2023-07-29T12:26:36.217+0000] {local_task_job.py:159} INFO - Task exited with return code 1
[2023-07-29T12:26:36.470+0000] {taskinstance.py:2582} INFO - 0 downstream tasks scheduled from follow-on schedule check
