[2023-08-02T16:21:24.340+0000] {taskinstance.py:1087} INFO - Dependencies all met for <TaskInstance: project_user_etl_dag.extract manual__2023-08-02T16:21:15.824637+00:00 [queued]>
[2023-08-02T16:21:24.552+0000] {taskinstance.py:1087} INFO - Dependencies all met for <TaskInstance: project_user_etl_dag.extract manual__2023-08-02T16:21:15.824637+00:00 [queued]>
[2023-08-02T16:21:24.564+0000] {taskinstance.py:1283} INFO - 
--------------------------------------------------------------------------------
[2023-08-02T16:21:24.675+0000] {taskinstance.py:1284} INFO - Starting attempt 1 of 2
[2023-08-02T16:21:24.691+0000] {taskinstance.py:1285} INFO - 
--------------------------------------------------------------------------------
[2023-08-02T16:21:25.187+0000] {taskinstance.py:1304} INFO - Executing <Task(PythonOperator): extract> on 2023-08-02 16:21:15.824637+00:00
[2023-08-02T16:21:25.415+0000] {standard_task_runner.py:55} INFO - Started process 13639 to run task
[2023-08-02T16:21:25.461+0000] {standard_task_runner.py:82} INFO - Running: ['***', 'tasks', 'run', 'project_user_etl_dag', 'extract', 'manual__2023-08-02T16:21:15.824637+00:00', '--job-id', '3235', '--raw', '--subdir', 'DAGS_FOLDER/project.py', '--cfg-path', '/tmp/tmpw532kggu']
[2023-08-02T16:21:25.635+0000] {standard_task_runner.py:83} INFO - Job 3235: Subtask extract
[2023-08-02T16:21:26.787+0000] {task_command.py:389} INFO - Running <TaskInstance: project_user_etl_dag.extract manual__2023-08-02T16:21:15.824637+00:00 [running]> on host a4a69aba7e5b
[2023-08-02T16:21:27.901+0000] {taskinstance.py:1513} INFO - Exporting the following env vars:
AIRFLOW_CTX_DAG_EMAIL=your_email@example.com
AIRFLOW_CTX_DAG_OWNER=***
AIRFLOW_CTX_DAG_ID=project_user_etl_dag
AIRFLOW_CTX_TASK_ID=extract
AIRFLOW_CTX_EXECUTION_DATE=2023-08-02T16:21:15.824637+00:00
AIRFLOW_CTX_TRY_NUMBER=1
AIRFLOW_CTX_DAG_RUN_ID=manual__2023-08-02T16:21:15.824637+00:00
[2023-08-02T16:21:29.808+0000] {python.py:177} INFO - Done. Returned value was: None
[2023-08-02T16:21:29.894+0000] {taskinstance.py:1327} INFO - Marking task as SUCCESS. dag_id=project_user_etl_dag, task_id=extract, execution_date=20230802T162115, start_date=20230802T162124, end_date=20230802T162129
[2023-08-02T16:21:30.510+0000] {local_task_job.py:159} INFO - Task exited with return code 0
[2023-08-02T16:21:30.908+0000] {taskinstance.py:2582} INFO - 1 downstream tasks scheduled from follow-on schedule check
