[2023-07-29T12:30:30.583+0000] {taskinstance.py:1087} INFO - Dependencies all met for <TaskInstance: my_postgres_dag_v1.create_table scheduled__2023-07-28T00:00:00+00:00 [queued]>
[2023-07-29T12:30:30.919+0000] {taskinstance.py:1087} INFO - Dependencies all met for <TaskInstance: my_postgres_dag_v1.create_table scheduled__2023-07-28T00:00:00+00:00 [queued]>
[2023-07-29T12:30:30.928+0000] {taskinstance.py:1283} INFO - 
--------------------------------------------------------------------------------
[2023-07-29T12:30:31.040+0000] {taskinstance.py:1284} INFO - Starting attempt 2 of 3
[2023-07-29T12:30:31.067+0000] {taskinstance.py:1285} INFO - 
--------------------------------------------------------------------------------
[2023-07-29T12:30:32.043+0000] {taskinstance.py:1304} INFO - Executing <Task(PostgresOperator): create_table> on 2023-07-28 00:00:00+00:00
[2023-07-29T12:30:32.158+0000] {standard_task_runner.py:55} INFO - Started process 5155 to run task
[2023-07-29T12:30:32.216+0000] {standard_task_runner.py:82} INFO - Running: ['***', 'tasks', 'run', 'my_postgres_dag_v1', 'create_table', 'scheduled__2023-07-28T00:00:00+00:00', '--job-id', '2034', '--raw', '--subdir', 'DAGS_FOLDER/postgres_operator_v1.py', '--cfg-path', '/tmp/tmpy2f7iklb']
[2023-07-29T12:30:32.381+0000] {standard_task_runner.py:83} INFO - Job 2034: Subtask create_table
[2023-07-29T12:30:35.171+0000] {task_command.py:389} INFO - Running <TaskInstance: my_postgres_dag_v1.create_table scheduled__2023-07-28T00:00:00+00:00 [running]> on host f1ea17bde741
[2023-07-29T12:30:38.723+0000] {taskinstance.py:1513} INFO - Exporting the following env vars:
AIRFLOW_CTX_DAG_OWNER=Byron
AIRFLOW_CTX_DAG_ID=my_postgres_dag_v1
AIRFLOW_CTX_TASK_ID=create_table
AIRFLOW_CTX_EXECUTION_DATE=2023-07-28T00:00:00+00:00
AIRFLOW_CTX_TRY_NUMBER=2
AIRFLOW_CTX_DAG_RUN_ID=scheduled__2023-07-28T00:00:00+00:00
[2023-07-29T12:30:38.727+0000] {sql.py:253} INFO - Executing: 
            CREATE TABLE IF NOT EXISTS ***_users(
                id SERIAL PRIMARY KEY,
                name VARCHAR(30)
            )
        
[2023-07-29T12:30:39.052+0000] {base.py:73} INFO - Using connection ID 'my_connection' for task execution.
[2023-07-29T12:30:48.037+0000] {base.py:73} INFO - Using connection ID 'my_connection' for task execution.
[2023-07-29T12:30:48.387+0000] {sql.py:364} INFO - Running statement: 
            CREATE TABLE IF NOT EXISTS ***_users(
                id SERIAL PRIMARY KEY,
                name VARCHAR(30)
            )
        , parameters: None
[2023-07-29T12:30:49.231+0000] {taskinstance.py:1772} ERROR - Task failed with exception
Traceback (most recent call last):
  File "/home/airflow/.local/lib/python3.7/site-packages/airflow/providers/common/sql/operators/sql.py", line 261, in execute
    return_last=self.return_last,
  File "/home/airflow/.local/lib/python3.7/site-packages/airflow/providers/common/sql/hooks/sql.py", line 338, in run
    self._run_command(cur, sql_statement, parameters)
  File "/home/airflow/.local/lib/python3.7/site-packages/airflow/providers/common/sql/hooks/sql.py", line 369, in _run_command
    cur.execute(sql_statement)
psycopg2.errors.UniqueViolation: duplicate key value violates unique constraint "pg_type_typname_nsp_index"
DETAIL:  Key (typname, typnamespace)=(***_users_id_seq, 2200) already exists.

[2023-07-29T12:30:49.667+0000] {taskinstance.py:1327} INFO - Marking task as UP_FOR_RETRY. dag_id=my_postgres_dag_v1, task_id=create_table, execution_date=20230728T000000, start_date=20230729T123030, end_date=20230729T123049
[2023-07-29T12:30:51.154+0000] {standard_task_runner.py:105} ERROR - Failed to execute job 2034 for task create_table (duplicate key value violates unique constraint "pg_type_typname_nsp_index"
DETAIL:  Key (typname, typnamespace)=(***_users_id_seq, 2200) already exists.
; 5155)
[2023-07-29T12:30:51.373+0000] {local_task_job.py:159} INFO - Task exited with return code 1
[2023-07-29T12:30:51.932+0000] {taskinstance.py:2582} INFO - 0 downstream tasks scheduled from follow-on schedule check
