[2023-07-29T15:07:02.057+0000] {taskinstance.py:1087} INFO - Dependencies all met for <TaskInstance: data_engineering_jobs_dags_v3.write_to_csv scheduled__2023-05-25T00:00:00+00:00 [queued]>
[2023-07-29T15:07:02.500+0000] {taskinstance.py:1087} INFO - Dependencies all met for <TaskInstance: data_engineering_jobs_dags_v3.write_to_csv scheduled__2023-05-25T00:00:00+00:00 [queued]>
[2023-07-29T15:07:02.511+0000] {taskinstance.py:1283} INFO - 
--------------------------------------------------------------------------------
[2023-07-29T15:07:02.656+0000] {taskinstance.py:1284} INFO - Starting attempt 1 of 2
[2023-07-29T15:07:02.687+0000] {taskinstance.py:1285} INFO - 
--------------------------------------------------------------------------------
[2023-07-29T15:07:03.796+0000] {taskinstance.py:1304} INFO - Executing <Task(PythonOperator): write_to_csv> on 2023-05-25 00:00:00+00:00
[2023-07-29T15:07:03.860+0000] {standard_task_runner.py:55} INFO - Started process 12508 to run task
[2023-07-29T15:07:03.876+0000] {standard_task_runner.py:82} INFO - Running: ['***', 'tasks', 'run', 'data_engineering_jobs_dags_v3', 'write_to_csv', 'scheduled__2023-05-25T00:00:00+00:00', '--job-id', '2659', '--raw', '--subdir', 'DAGS_FOLDER/load_data_v3.py', '--cfg-path', '/tmp/tmpclr4v19c']
[2023-07-29T15:07:03.897+0000] {standard_task_runner.py:83} INFO - Job 2659: Subtask write_to_csv
[2023-07-29T15:07:06.780+0000] {task_command.py:389} INFO - Running <TaskInstance: data_engineering_jobs_dags_v3.write_to_csv scheduled__2023-05-25T00:00:00+00:00 [running]> on host f1ea17bde741
[2023-07-29T15:07:12.025+0000] {taskinstance.py:1513} INFO - Exporting the following env vars:
AIRFLOW_CTX_DAG_OWNER=***
AIRFLOW_CTX_DAG_ID=data_engineering_jobs_dags_v3
AIRFLOW_CTX_TASK_ID=write_to_csv
AIRFLOW_CTX_EXECUTION_DATE=2023-05-25T00:00:00+00:00
AIRFLOW_CTX_TRY_NUMBER=1
AIRFLOW_CTX_DAG_RUN_ID=scheduled__2023-05-25T00:00:00+00:00
[2023-07-29T15:07:13.253+0000] {python.py:177} INFO - Done. Returned value was: None
[2023-07-29T15:07:13.557+0000] {taskinstance.py:1327} INFO - Marking task as SUCCESS. dag_id=data_engineering_jobs_dags_v3, task_id=write_to_csv, execution_date=20230525T000000, start_date=20230729T150702, end_date=20230729T150713
[2023-07-29T15:07:17.030+0000] {local_task_job.py:159} INFO - Task exited with return code 0
[2023-07-29T15:07:18.086+0000] {taskinstance.py:2582} INFO - 0 downstream tasks scheduled from follow-on schedule check
