[2023-07-29T10:50:04.456+0000] {taskinstance.py:1087} INFO - Dependencies all met for <TaskInstance: data_engineering_jobs_dags_v2.get_jobs scheduled__2023-03-15T00:00:00+00:00 [queued]>
[2023-07-29T10:50:06.820+0000] {taskinstance.py:1087} INFO - Dependencies all met for <TaskInstance: data_engineering_jobs_dags_v2.get_jobs scheduled__2023-03-15T00:00:00+00:00 [queued]>
[2023-07-29T10:50:06.882+0000] {taskinstance.py:1283} INFO - 
--------------------------------------------------------------------------------
[2023-07-29T10:50:07.051+0000] {taskinstance.py:1284} INFO - Starting attempt 1 of 2
[2023-07-29T10:50:07.070+0000] {taskinstance.py:1285} INFO - 
--------------------------------------------------------------------------------
[2023-07-29T10:50:11.252+0000] {taskinstance.py:1304} INFO - Executing <Task(PythonOperator): get_jobs> on 2023-03-15 00:00:00+00:00
[2023-07-29T10:50:12.098+0000] {standard_task_runner.py:55} INFO - Started process 1382 to run task
[2023-07-29T10:50:12.534+0000] {standard_task_runner.py:82} INFO - Running: ['***', 'tasks', 'run', 'data_engineering_jobs_dags_v2', 'get_jobs', 'scheduled__2023-03-15T00:00:00+00:00', '--job-id', '1965', '--raw', '--subdir', 'DAGS_FOLDER/load_data_v2.py', '--cfg-path', '/tmp/tmpre5c8uzo']
[2023-07-29T10:50:12.580+0000] {standard_task_runner.py:83} INFO - Job 1965: Subtask get_jobs
[2023-07-29T10:50:17.792+0000] {task_command.py:389} INFO - Running <TaskInstance: data_engineering_jobs_dags_v2.get_jobs scheduled__2023-03-15T00:00:00+00:00 [running]> on host f1ea17bde741
[2023-07-29T10:50:29.816+0000] {taskinstance.py:1513} INFO - Exporting the following env vars:
AIRFLOW_CTX_DAG_OWNER=***
AIRFLOW_CTX_DAG_ID=data_engineering_jobs_dags_v2
AIRFLOW_CTX_TASK_ID=get_jobs
AIRFLOW_CTX_EXECUTION_DATE=2023-03-15T00:00:00+00:00
AIRFLOW_CTX_TRY_NUMBER=1
AIRFLOW_CTX_DAG_RUN_ID=scheduled__2023-03-15T00:00:00+00:00
[2023-07-29T10:50:36.003+0000] {python.py:177} INFO - Done. Returned value was: None
[2023-07-29T10:50:36.857+0000] {taskinstance.py:1327} INFO - Marking task as SUCCESS. dag_id=data_engineering_jobs_dags_v2, task_id=get_jobs, execution_date=20230315T000000, start_date=20230729T105004, end_date=20230729T105036
[2023-07-29T10:50:38.992+0000] {local_task_job.py:159} INFO - Task exited with return code 0
[2023-07-29T10:50:40.621+0000] {taskinstance.py:2582} INFO - 1 downstream tasks scheduled from follow-on schedule check
