[2023-07-29T12:49:45.456+0000] {taskinstance.py:1087} INFO - Dependencies all met for <TaskInstance: my_postgres_dag_v3-1.create_table scheduled__2023-07-26T00:00:00+00:00 [queued]>
[2023-07-29T12:49:45.834+0000] {taskinstance.py:1087} INFO - Dependencies all met for <TaskInstance: my_postgres_dag_v3-1.create_table scheduled__2023-07-26T00:00:00+00:00 [queued]>
[2023-07-29T12:49:45.849+0000] {taskinstance.py:1283} INFO - 
--------------------------------------------------------------------------------
[2023-07-29T12:49:45.865+0000] {taskinstance.py:1284} INFO - Starting attempt 1 of 3
[2023-07-29T12:49:45.894+0000] {taskinstance.py:1285} INFO - 
--------------------------------------------------------------------------------
[2023-07-29T12:49:46.764+0000] {taskinstance.py:1304} INFO - Executing <Task(PostgresOperator): create_table> on 2023-07-26 00:00:00+00:00
[2023-07-29T12:49:46.897+0000] {standard_task_runner.py:55} INFO - Started process 5831 to run task
[2023-07-29T12:49:47.015+0000] {standard_task_runner.py:82} INFO - Running: ['***', 'tasks', 'run', 'my_postgres_dag_v3-1', 'create_table', 'scheduled__2023-07-26T00:00:00+00:00', '--job-id', '2048', '--raw', '--subdir', 'DAGS_FOLDER/postgres_operator_v2-2.py', '--cfg-path', '/tmp/tmpq7bg8p04']
[2023-07-29T12:49:47.139+0000] {standard_task_runner.py:83} INFO - Job 2048: Subtask create_table
[2023-07-29T12:49:49.462+0000] {task_command.py:389} INFO - Running <TaskInstance: my_postgres_dag_v3-1.create_table scheduled__2023-07-26T00:00:00+00:00 [running]> on host f1ea17bde741
[2023-07-29T12:49:52.943+0000] {taskinstance.py:1513} INFO - Exporting the following env vars:
AIRFLOW_CTX_DAG_OWNER=Byron
AIRFLOW_CTX_DAG_ID=my_postgres_dag_v3-1
AIRFLOW_CTX_TASK_ID=create_table
AIRFLOW_CTX_EXECUTION_DATE=2023-07-26T00:00:00+00:00
AIRFLOW_CTX_TRY_NUMBER=1
AIRFLOW_CTX_DAG_RUN_ID=scheduled__2023-07-26T00:00:00+00:00
[2023-07-29T12:49:52.960+0000] {sql.py:253} INFO - Executing: CREATE TABLE IF NOT EXISTS ***_users (id SERIAL PRIMARY KEY, name VARCHAR(30))
[2023-07-29T12:49:53.239+0000] {base.py:73} INFO - Using connection ID 'my_connection' for task execution.
[2023-07-29T12:50:03.037+0000] {base.py:73} INFO - Using connection ID 'my_connection' for task execution.
[2023-07-29T12:50:03.479+0000] {sql.py:364} INFO - Running statement: CREATE TABLE IF NOT EXISTS ***_users (id SERIAL PRIMARY KEY, name VARCHAR(30)), parameters: None
[2023-07-29T12:50:03.946+0000] {taskinstance.py:1327} INFO - Marking task as SUCCESS. dag_id=my_postgres_dag_v3-1, task_id=create_table, execution_date=20230726T000000, start_date=20230729T124945, end_date=20230729T125003
[2023-07-29T12:50:05.393+0000] {local_task_job.py:159} INFO - Task exited with return code 0
[2023-07-29T12:50:07.228+0000] {taskinstance.py:2582} INFO - 1 downstream tasks scheduled from follow-on schedule check
