[2023-07-29T11:05:05.093+0000] {taskinstance.py:1087} INFO - Dependencies all met for <TaskInstance: my_python_dag_v6.greet scheduled__2023-07-28T02:00:00+00:00 [queued]>
[2023-07-29T11:05:05.214+0000] {taskinstance.py:1087} INFO - Dependencies all met for <TaskInstance: my_python_dag_v6.greet scheduled__2023-07-28T02:00:00+00:00 [queued]>
[2023-07-29T11:05:05.215+0000] {taskinstance.py:1283} INFO - 
--------------------------------------------------------------------------------
[2023-07-29T11:05:05.230+0000] {taskinstance.py:1284} INFO - Starting attempt 1 of 3
[2023-07-29T11:05:05.260+0000] {taskinstance.py:1285} INFO - 
--------------------------------------------------------------------------------
[2023-07-29T11:05:06.195+0000] {taskinstance.py:1304} INFO - Executing <Task(PythonOperator): greet> on 2023-07-28 02:00:00+00:00
[2023-07-29T11:05:06.276+0000] {standard_task_runner.py:55} INFO - Started process 2006 to run task
[2023-07-29T11:05:06.444+0000] {standard_task_runner.py:82} INFO - Running: ['***', 'tasks', 'run', 'my_python_dag_v6', 'greet', 'scheduled__2023-07-28T02:00:00+00:00', '--job-id', '2019', '--raw', '--subdir', 'DAGS_FOLDER/python_operatorv6.py', '--cfg-path', '/tmp/tmp5ycv2gcj']
[2023-07-29T11:05:06.505+0000] {standard_task_runner.py:83} INFO - Job 2019: Subtask greet
[2023-07-29T11:05:09.620+0000] {task_command.py:389} INFO - Running <TaskInstance: my_python_dag_v6.greet scheduled__2023-07-28T02:00:00+00:00 [running]> on host f1ea17bde741
[2023-07-29T11:05:13.527+0000] {taskinstance.py:1513} INFO - Exporting the following env vars:
AIRFLOW_CTX_DAG_OWNER=Byron
AIRFLOW_CTX_DAG_ID=my_python_dag_v6
AIRFLOW_CTX_TASK_ID=greet
AIRFLOW_CTX_EXECUTION_DATE=2023-07-28T02:00:00+00:00
AIRFLOW_CTX_TRY_NUMBER=1
AIRFLOW_CTX_DAG_RUN_ID=scheduled__2023-07-28T02:00:00+00:00
[2023-07-29T11:05:14.677+0000] {logging_mixin.py:137} INFO - my name is None and I am 32years old and I am from Canada 
[2023-07-29T11:05:14.746+0000] {python.py:177} INFO - Done. Returned value was: None
[2023-07-29T11:05:15.163+0000] {taskinstance.py:1327} INFO - Marking task as SUCCESS. dag_id=my_python_dag_v6, task_id=greet, execution_date=20230728T020000, start_date=20230729T110505, end_date=20230729T110515
[2023-07-29T11:05:16.192+0000] {local_task_job.py:159} INFO - Task exited with return code 0
[2023-07-29T11:05:17.570+0000] {taskinstance.py:2582} INFO - 0 downstream tasks scheduled from follow-on schedule check
