[2023-08-02T10:41:31.883+0000] {taskinstance.py:1087} INFO - Dependencies all met for <TaskInstance: my_postgres_dag_v1-1.create_table scheduled__2023-08-01T00:00:00+00:00 [queued]>
[2023-08-02T10:41:31.921+0000] {taskinstance.py:1087} INFO - Dependencies all met for <TaskInstance: my_postgres_dag_v1-1.create_table scheduled__2023-08-01T00:00:00+00:00 [queued]>
[2023-08-02T10:41:31.922+0000] {taskinstance.py:1283} INFO - 
--------------------------------------------------------------------------------
[2023-08-02T10:41:31.978+0000] {taskinstance.py:1284} INFO - Starting attempt 1 of 3
[2023-08-02T10:41:31.979+0000] {taskinstance.py:1285} INFO - 
--------------------------------------------------------------------------------
[2023-08-02T10:41:32.259+0000] {taskinstance.py:1304} INFO - Executing <Task(PostgresOperator): create_table> on 2023-08-01 00:00:00+00:00
[2023-08-02T10:41:32.266+0000] {standard_task_runner.py:55} INFO - Started process 147 to run task
[2023-08-02T10:41:32.276+0000] {standard_task_runner.py:82} INFO - Running: ['***', 'tasks', 'run', 'my_postgres_dag_v1-1', 'create_table', 'scheduled__2023-08-01T00:00:00+00:00', '--job-id', '3213', '--raw', '--subdir', 'DAGS_FOLDER/postgres_operator_v1-1.py', '--cfg-path', '/tmp/tmpei46qhup']
[2023-08-02T10:41:32.283+0000] {standard_task_runner.py:83} INFO - Job 3213: Subtask create_table
[2023-08-02T10:41:33.118+0000] {task_command.py:389} INFO - Running <TaskInstance: my_postgres_dag_v1-1.create_table scheduled__2023-08-01T00:00:00+00:00 [running]> on host a4a69aba7e5b
[2023-08-02T10:41:34.754+0000] {taskinstance.py:1513} INFO - Exporting the following env vars:
AIRFLOW_CTX_DAG_OWNER=Byron
AIRFLOW_CTX_DAG_ID=my_postgres_dag_v1-1
AIRFLOW_CTX_TASK_ID=create_table
AIRFLOW_CTX_EXECUTION_DATE=2023-08-01T00:00:00+00:00
AIRFLOW_CTX_TRY_NUMBER=1
AIRFLOW_CTX_DAG_RUN_ID=scheduled__2023-08-01T00:00:00+00:00
[2023-08-02T10:41:34.777+0000] {sql.py:253} INFO - Executing: CREATE TABLE IF NOT EXISTS ***_users (id SERIAL PRIMARY KEY, name VARCHAR(30))
[2023-08-02T10:41:35.026+0000] {base.py:73} INFO - Using connection ID 'my_connection' for task execution.
[2023-08-02T10:41:41.478+0000] {base.py:73} INFO - Using connection ID 'my_connection' for task execution.
[2023-08-02T10:41:41.515+0000] {sql.py:364} INFO - Running statement: CREATE TABLE IF NOT EXISTS ***_users (id SERIAL PRIMARY KEY, name VARCHAR(30)), parameters: None
[2023-08-02T10:41:41.824+0000] {taskinstance.py:1327} INFO - Marking task as SUCCESS. dag_id=my_postgres_dag_v1-1, task_id=create_table, execution_date=20230801T000000, start_date=20230802T104131, end_date=20230802T104141
[2023-08-02T10:41:43.055+0000] {local_task_job.py:159} INFO - Task exited with return code 0
[2023-08-02T10:41:43.267+0000] {taskinstance.py:2582} INFO - 0 downstream tasks scheduled from follow-on schedule check
