[2023-07-31T02:00:04.853+0000] {taskinstance.py:1087} INFO - Dependencies all met for <TaskInstance: my_python_dag_v6.my_address scheduled__2023-07-30T02:00:00+00:00 [queued]>
[2023-07-31T02:00:04.956+0000] {taskinstance.py:1087} INFO - Dependencies all met for <TaskInstance: my_python_dag_v6.my_address scheduled__2023-07-30T02:00:00+00:00 [queued]>
[2023-07-31T02:00:05.111+0000] {taskinstance.py:1283} INFO - 
--------------------------------------------------------------------------------
[2023-07-31T02:00:05.159+0000] {taskinstance.py:1284} INFO - Starting attempt 1 of 3
[2023-07-31T02:00:05.175+0000] {taskinstance.py:1285} INFO - 
--------------------------------------------------------------------------------
[2023-07-31T02:00:05.386+0000] {taskinstance.py:1304} INFO - Executing <Task(PythonOperator): my_address> on 2023-07-30 02:00:00+00:00
[2023-07-31T02:00:05.405+0000] {standard_task_runner.py:55} INFO - Started process 16496 to run task
[2023-07-31T02:00:05.452+0000] {standard_task_runner.py:82} INFO - Running: ['***', 'tasks', 'run', 'my_python_dag_v6', 'my_address', 'scheduled__2023-07-30T02:00:00+00:00', '--job-id', '3106', '--raw', '--subdir', 'DAGS_FOLDER/python_operatorv6.py', '--cfg-path', '/tmp/tmpar0cuwvx']
[2023-07-31T02:00:05.499+0000] {standard_task_runner.py:83} INFO - Job 3106: Subtask my_address
[2023-07-31T02:00:06.398+0000] {task_command.py:389} INFO - Running <TaskInstance: my_python_dag_v6.my_address scheduled__2023-07-30T02:00:00+00:00 [running]> on host 4b7777060932
[2023-07-31T02:00:07.825+0000] {taskinstance.py:1513} INFO - Exporting the following env vars:
AIRFLOW_CTX_DAG_OWNER=Byron
AIRFLOW_CTX_DAG_ID=my_python_dag_v6
AIRFLOW_CTX_TASK_ID=my_address
AIRFLOW_CTX_EXECUTION_DATE=2023-07-30T02:00:00+00:00
AIRFLOW_CTX_TRY_NUMBER=1
AIRFLOW_CTX_DAG_RUN_ID=scheduled__2023-07-30T02:00:00+00:00
[2023-07-31T02:00:07.851+0000] {python.py:177} INFO - Done. Returned value was: Canada
[2023-07-31T02:00:08.574+0000] {taskinstance.py:1327} INFO - Marking task as SUCCESS. dag_id=my_python_dag_v6, task_id=my_address, execution_date=20230730T020000, start_date=20230731T020004, end_date=20230731T020008
[2023-07-31T02:00:08.907+0000] {local_task_job.py:159} INFO - Task exited with return code 0
[2023-07-31T02:00:09.200+0000] {taskinstance.py:2582} INFO - 1 downstream tasks scheduled from follow-on schedule check
