[2023-07-30T01:24:37.459+0000] {processor.py:153} INFO - Started process (PID=44824) to work on /opt/airflow/dags/load_data_good.py
[2023-07-30T01:24:37.465+0000] {processor.py:743} INFO - Processing file /opt/airflow/dags/load_data_good.py for tasks to queue
[2023-07-30T01:24:37.467+0000] {logging_mixin.py:137} INFO - [2023-07-30T01:24:37.467+0000] {dagbag.py:538} INFO - Filling up the DagBag from /opt/airflow/dags/load_data_good.py
[2023-07-30T01:24:39.528+0000] {processor.py:753} INFO - DAG(s) dict_keys(['job_data_pipeline']) retrieved from /opt/airflow/dags/load_data_good.py
[2023-07-30T01:24:39.772+0000] {logging_mixin.py:137} INFO - [2023-07-30T01:24:39.771+0000] {dag.py:2676} INFO - Sync 1 DAGs
[2023-07-30T01:24:39.866+0000] {logging_mixin.py:137} INFO - [2023-07-30T01:24:39.866+0000] {dag.py:3427} INFO - Setting next_dagrun for job_data_pipeline to 2023-07-30T00:00:00+00:00, run_after=2023-07-31T00:00:00+00:00
[2023-07-30T01:24:40.951+0000] {processor.py:175} INFO - Processing /opt/airflow/dags/load_data_good.py took 3.500 seconds
[2023-07-30T03:03:38.163+0000] {processor.py:153} INFO - Started process (PID=44872) to work on /opt/airflow/dags/load_data_good.py
[2023-07-30T03:03:38.677+0000] {processor.py:743} INFO - Processing file /opt/airflow/dags/load_data_good.py for tasks to queue
[2023-07-30T03:03:38.694+0000] {logging_mixin.py:137} INFO - [2023-07-30T03:03:38.694+0000] {dagbag.py:538} INFO - Filling up the DagBag from /opt/airflow/dags/load_data_good.py
[2023-07-30T03:03:41.279+0000] {processor.py:753} INFO - DAG(s) dict_keys(['job_data_pipeline']) retrieved from /opt/airflow/dags/load_data_good.py
[2023-07-30T03:03:41.351+0000] {logging_mixin.py:137} INFO - [2023-07-30T03:03:41.350+0000] {taskinstance.py:1774} ERROR - {'DAG Id': 'job_data_pipeline', 'Task Id': 'get_jobs', 'Run Id': 'scheduled__2023-07-29T00:00:00+00:00', 'Hostname': 'f1ea17bde741', 'External Executor Id': 'e8b7b5c2-096c-435a-8f35-a4d540c3f6b6'}
[2023-07-30T03:03:41.404+0000] {logging_mixin.py:137} INFO - [2023-07-30T03:03:41.404+0000] {taskinstance.py:1327} INFO - Marking task as FAILED. dag_id=job_data_pipeline, task_id=get_jobs, execution_date=20230729T000000, start_date=20230730T012439, end_date=20230730T030341
[2023-07-30T03:03:41.428+0000] {processor.py:713} INFO - Executed failure callback for <TaskInstance: job_data_pipeline.get_jobs scheduled__2023-07-29T00:00:00+00:00 [failed]> in state failed
[2023-07-30T03:03:47.684+0000] {logging_mixin.py:137} INFO - [2023-07-30T03:03:47.683+0000] {dag.py:2676} INFO - Sync 1 DAGs
[2023-07-30T03:03:47.775+0000] {logging_mixin.py:137} INFO - [2023-07-30T03:03:47.772+0000] {dag.py:3427} INFO - Setting next_dagrun for job_data_pipeline to 2023-07-30T00:00:00+00:00, run_after=2023-07-31T00:00:00+00:00
[2023-07-30T03:03:54.724+0000] {processor.py:175} INFO - Processing /opt/airflow/dags/load_data_good.py took 16.568 seconds
[2023-07-30T03:04:42.071+0000] {processor.py:153} INFO - Started process (PID=44912) to work on /opt/airflow/dags/load_data_good.py
[2023-07-30T03:04:43.008+0000] {processor.py:743} INFO - Processing file /opt/airflow/dags/load_data_good.py for tasks to queue
[2023-07-30T03:04:43.013+0000] {logging_mixin.py:137} INFO - [2023-07-30T03:04:43.012+0000] {dagbag.py:538} INFO - Filling up the DagBag from /opt/airflow/dags/load_data_good.py
[2023-07-30T03:04:43.899+0000] {processor.py:753} INFO - DAG(s) dict_keys(['job_data_pipeline']) retrieved from /opt/airflow/dags/load_data_good.py
[2023-07-30T03:04:43.947+0000] {logging_mixin.py:137} INFO - [2023-07-30T03:04:43.946+0000] {dag.py:2676} INFO - Sync 1 DAGs
[2023-07-30T03:04:43.989+0000] {logging_mixin.py:137} INFO - [2023-07-30T03:04:43.988+0000] {dag.py:3427} INFO - Setting next_dagrun for job_data_pipeline to 2023-07-30T00:00:00+00:00, run_after=2023-07-31T00:00:00+00:00
[2023-07-30T03:04:46.007+0000] {processor.py:175} INFO - Processing /opt/airflow/dags/load_data_good.py took 3.942 seconds
[2023-07-30T03:05:17.454+0000] {processor.py:153} INFO - Started process (PID=44957) to work on /opt/airflow/dags/load_data_good.py
[2023-07-30T03:05:17.456+0000] {processor.py:743} INFO - Processing file /opt/airflow/dags/load_data_good.py for tasks to queue
[2023-07-30T03:05:17.458+0000] {logging_mixin.py:137} INFO - [2023-07-30T03:05:17.458+0000] {dagbag.py:538} INFO - Filling up the DagBag from /opt/airflow/dags/load_data_good.py
[2023-07-30T03:05:18.293+0000] {processor.py:753} INFO - DAG(s) dict_keys(['job_data_pipeline']) retrieved from /opt/airflow/dags/load_data_good.py
[2023-07-30T03:05:18.378+0000] {logging_mixin.py:137} INFO - [2023-07-30T03:05:18.378+0000] {dag.py:2676} INFO - Sync 1 DAGs
[2023-07-30T03:05:18.420+0000] {logging_mixin.py:137} INFO - [2023-07-30T03:05:18.420+0000] {dag.py:3427} INFO - Setting next_dagrun for job_data_pipeline to 2023-07-30T00:00:00+00:00, run_after=2023-07-31T00:00:00+00:00
[2023-07-30T03:05:20.171+0000] {processor.py:175} INFO - Processing /opt/airflow/dags/load_data_good.py took 2.728 seconds
[2023-07-30T03:05:50.393+0000] {processor.py:153} INFO - Started process (PID=44988) to work on /opt/airflow/dags/load_data_good.py
[2023-07-30T03:05:50.395+0000] {processor.py:743} INFO - Processing file /opt/airflow/dags/load_data_good.py for tasks to queue
[2023-07-30T03:05:50.397+0000] {logging_mixin.py:137} INFO - [2023-07-30T03:05:50.396+0000] {dagbag.py:538} INFO - Filling up the DagBag from /opt/airflow/dags/load_data_good.py
[2023-07-30T03:05:51.120+0000] {processor.py:753} INFO - DAG(s) dict_keys(['job_data_pipeline']) retrieved from /opt/airflow/dags/load_data_good.py
[2023-07-30T03:05:51.192+0000] {logging_mixin.py:137} INFO - [2023-07-30T03:05:51.192+0000] {dag.py:2676} INFO - Sync 1 DAGs
[2023-07-30T03:05:51.247+0000] {logging_mixin.py:137} INFO - [2023-07-30T03:05:51.246+0000] {dag.py:3427} INFO - Setting next_dagrun for job_data_pipeline to 2023-07-30T00:00:00+00:00, run_after=2023-07-31T00:00:00+00:00
[2023-07-30T03:05:51.777+0000] {processor.py:175} INFO - Processing /opt/airflow/dags/load_data_good.py took 1.392 seconds
[2023-07-30T03:06:22.261+0000] {processor.py:153} INFO - Started process (PID=45033) to work on /opt/airflow/dags/load_data_good.py
[2023-07-30T03:06:22.263+0000] {processor.py:743} INFO - Processing file /opt/airflow/dags/load_data_good.py for tasks to queue
[2023-07-30T03:06:22.265+0000] {logging_mixin.py:137} INFO - [2023-07-30T03:06:22.265+0000] {dagbag.py:538} INFO - Filling up the DagBag from /opt/airflow/dags/load_data_good.py
[2023-07-30T03:06:23.396+0000] {processor.py:753} INFO - DAG(s) dict_keys(['job_data_pipeline']) retrieved from /opt/airflow/dags/load_data_good.py
[2023-07-30T03:06:23.469+0000] {logging_mixin.py:137} INFO - [2023-07-30T03:06:23.468+0000] {dag.py:2676} INFO - Sync 1 DAGs
[2023-07-30T03:06:23.528+0000] {logging_mixin.py:137} INFO - [2023-07-30T03:06:23.528+0000] {dag.py:3427} INFO - Setting next_dagrun for job_data_pipeline to 2023-07-30T00:00:00+00:00, run_after=2023-07-31T00:00:00+00:00
[2023-07-30T03:06:24.090+0000] {processor.py:175} INFO - Processing /opt/airflow/dags/load_data_good.py took 1.833 seconds
[2023-07-30T03:06:54.370+0000] {processor.py:153} INFO - Started process (PID=45076) to work on /opt/airflow/dags/load_data_good.py
[2023-07-30T03:06:54.372+0000] {processor.py:743} INFO - Processing file /opt/airflow/dags/load_data_good.py for tasks to queue
[2023-07-30T03:06:54.379+0000] {logging_mixin.py:137} INFO - [2023-07-30T03:06:54.375+0000] {dagbag.py:538} INFO - Filling up the DagBag from /opt/airflow/dags/load_data_good.py
[2023-07-30T03:06:55.720+0000] {processor.py:753} INFO - DAG(s) dict_keys(['job_data_pipeline']) retrieved from /opt/airflow/dags/load_data_good.py
[2023-07-30T03:06:55.877+0000] {logging_mixin.py:137} INFO - [2023-07-30T03:06:55.876+0000] {dag.py:2676} INFO - Sync 1 DAGs
[2023-07-30T03:06:55.955+0000] {logging_mixin.py:137} INFO - [2023-07-30T03:06:55.955+0000] {dag.py:3427} INFO - Setting next_dagrun for job_data_pipeline to 2023-07-30T00:00:00+00:00, run_after=2023-07-31T00:00:00+00:00
[2023-07-30T03:06:57.185+0000] {processor.py:175} INFO - Processing /opt/airflow/dags/load_data_good.py took 2.823 seconds
[2023-07-30T03:07:27.416+0000] {processor.py:153} INFO - Started process (PID=45108) to work on /opt/airflow/dags/load_data_good.py
[2023-07-30T03:07:27.418+0000] {processor.py:743} INFO - Processing file /opt/airflow/dags/load_data_good.py for tasks to queue
[2023-07-30T03:07:27.421+0000] {logging_mixin.py:137} INFO - [2023-07-30T03:07:27.420+0000] {dagbag.py:538} INFO - Filling up the DagBag from /opt/airflow/dags/load_data_good.py
[2023-07-30T03:07:28.606+0000] {processor.py:753} INFO - DAG(s) dict_keys(['job_data_pipeline']) retrieved from /opt/airflow/dags/load_data_good.py
[2023-07-30T03:07:28.682+0000] {logging_mixin.py:137} INFO - [2023-07-30T03:07:28.681+0000] {dag.py:2676} INFO - Sync 1 DAGs
[2023-07-30T03:07:28.729+0000] {logging_mixin.py:137} INFO - [2023-07-30T03:07:28.729+0000] {dag.py:3427} INFO - Setting next_dagrun for job_data_pipeline to 2023-07-30T00:00:00+00:00, run_after=2023-07-31T00:00:00+00:00
[2023-07-30T03:07:29.291+0000] {processor.py:175} INFO - Processing /opt/airflow/dags/load_data_good.py took 1.882 seconds
[2023-07-30T03:08:01.939+0000] {processor.py:153} INFO - Started process (PID=45151) to work on /opt/airflow/dags/load_data_good.py
[2023-07-30T03:08:02.014+0000] {processor.py:743} INFO - Processing file /opt/airflow/dags/load_data_good.py for tasks to queue
[2023-07-30T03:08:02.029+0000] {logging_mixin.py:137} INFO - [2023-07-30T03:08:02.028+0000] {dagbag.py:538} INFO - Filling up the DagBag from /opt/airflow/dags/load_data_good.py
[2023-07-30T03:08:02.805+0000] {processor.py:753} INFO - DAG(s) dict_keys(['job_data_pipeline']) retrieved from /opt/airflow/dags/load_data_good.py
[2023-07-30T03:08:02.862+0000] {logging_mixin.py:137} INFO - [2023-07-30T03:08:02.861+0000] {dag.py:2676} INFO - Sync 1 DAGs
[2023-07-30T03:08:02.909+0000] {logging_mixin.py:137} INFO - [2023-07-30T03:08:02.909+0000] {dag.py:3427} INFO - Setting next_dagrun for job_data_pipeline to 2023-07-30T00:00:00+00:00, run_after=2023-07-31T00:00:00+00:00
[2023-07-30T03:08:04.046+0000] {processor.py:175} INFO - Processing /opt/airflow/dags/load_data_good.py took 2.113 seconds
[2023-07-30T03:08:34.979+0000] {processor.py:153} INFO - Started process (PID=45191) to work on /opt/airflow/dags/load_data_good.py
[2023-07-30T03:08:35.005+0000] {processor.py:743} INFO - Processing file /opt/airflow/dags/load_data_good.py for tasks to queue
[2023-07-30T03:08:35.008+0000] {logging_mixin.py:137} INFO - [2023-07-30T03:08:35.007+0000] {dagbag.py:538} INFO - Filling up the DagBag from /opt/airflow/dags/load_data_good.py
[2023-07-30T03:08:39.135+0000] {processor.py:753} INFO - DAG(s) dict_keys(['job_data_pipeline']) retrieved from /opt/airflow/dags/load_data_good.py
[2023-07-30T03:08:39.362+0000] {logging_mixin.py:137} INFO - [2023-07-30T03:08:39.361+0000] {dag.py:2676} INFO - Sync 1 DAGs
[2023-07-30T03:08:39.452+0000] {logging_mixin.py:137} INFO - [2023-07-30T03:08:39.452+0000] {dag.py:3427} INFO - Setting next_dagrun for job_data_pipeline to 2023-07-30T00:00:00+00:00, run_after=2023-07-31T00:00:00+00:00
[2023-07-30T03:08:39.942+0000] {processor.py:175} INFO - Processing /opt/airflow/dags/load_data_good.py took 4.996 seconds
[2023-07-30T03:09:10.632+0000] {processor.py:153} INFO - Started process (PID=45230) to work on /opt/airflow/dags/load_data_good.py
[2023-07-30T03:09:10.638+0000] {processor.py:743} INFO - Processing file /opt/airflow/dags/load_data_good.py for tasks to queue
[2023-07-30T03:09:10.667+0000] {logging_mixin.py:137} INFO - [2023-07-30T03:09:10.666+0000] {dagbag.py:538} INFO - Filling up the DagBag from /opt/airflow/dags/load_data_good.py
[2023-07-30T03:09:13.007+0000] {processor.py:753} INFO - DAG(s) dict_keys(['job_data_pipeline']) retrieved from /opt/airflow/dags/load_data_good.py
[2023-07-30T03:09:13.163+0000] {logging_mixin.py:137} INFO - [2023-07-30T03:09:13.162+0000] {dag.py:2676} INFO - Sync 1 DAGs
[2023-07-30T03:09:13.211+0000] {logging_mixin.py:137} INFO - [2023-07-30T03:09:13.210+0000] {dag.py:3427} INFO - Setting next_dagrun for job_data_pipeline to 2023-07-30T00:00:00+00:00, run_after=2023-07-31T00:00:00+00:00
[2023-07-30T03:09:13.478+0000] {processor.py:175} INFO - Processing /opt/airflow/dags/load_data_good.py took 2.871 seconds
[2023-07-30T03:09:43.832+0000] {processor.py:153} INFO - Started process (PID=45273) to work on /opt/airflow/dags/load_data_good.py
[2023-07-30T03:09:43.834+0000] {processor.py:743} INFO - Processing file /opt/airflow/dags/load_data_good.py for tasks to queue
[2023-07-30T03:09:43.837+0000] {logging_mixin.py:137} INFO - [2023-07-30T03:09:43.837+0000] {dagbag.py:538} INFO - Filling up the DagBag from /opt/airflow/dags/load_data_good.py
[2023-07-30T03:09:45.356+0000] {processor.py:753} INFO - DAG(s) dict_keys(['job_data_pipeline']) retrieved from /opt/airflow/dags/load_data_good.py
[2023-07-30T03:09:45.467+0000] {logging_mixin.py:137} INFO - [2023-07-30T03:09:45.465+0000] {dag.py:2676} INFO - Sync 1 DAGs
[2023-07-30T03:09:45.550+0000] {logging_mixin.py:137} INFO - [2023-07-30T03:09:45.549+0000] {dag.py:3427} INFO - Setting next_dagrun for job_data_pipeline to 2023-07-30T00:00:00+00:00, run_after=2023-07-31T00:00:00+00:00
[2023-07-30T03:09:45.748+0000] {processor.py:175} INFO - Processing /opt/airflow/dags/load_data_good.py took 1.922 seconds
[2023-07-30T03:10:16.489+0000] {processor.py:153} INFO - Started process (PID=45305) to work on /opt/airflow/dags/load_data_good.py
[2023-07-30T03:10:16.494+0000] {processor.py:743} INFO - Processing file /opt/airflow/dags/load_data_good.py for tasks to queue
[2023-07-30T03:10:16.498+0000] {logging_mixin.py:137} INFO - [2023-07-30T03:10:16.497+0000] {dagbag.py:538} INFO - Filling up the DagBag from /opt/airflow/dags/load_data_good.py
[2023-07-30T03:10:18.183+0000] {processor.py:753} INFO - DAG(s) dict_keys(['job_data_pipeline']) retrieved from /opt/airflow/dags/load_data_good.py
[2023-07-30T03:10:18.346+0000] {logging_mixin.py:137} INFO - [2023-07-30T03:10:18.345+0000] {dag.py:2676} INFO - Sync 1 DAGs
[2023-07-30T03:10:18.447+0000] {logging_mixin.py:137} INFO - [2023-07-30T03:10:18.446+0000] {dag.py:3427} INFO - Setting next_dagrun for job_data_pipeline to 2023-07-30T00:00:00+00:00, run_after=2023-07-31T00:00:00+00:00
[2023-07-30T03:10:19.007+0000] {processor.py:175} INFO - Processing /opt/airflow/dags/load_data_good.py took 2.545 seconds
[2023-07-30T03:10:49.530+0000] {processor.py:153} INFO - Started process (PID=45349) to work on /opt/airflow/dags/load_data_good.py
[2023-07-30T03:10:49.631+0000] {processor.py:743} INFO - Processing file /opt/airflow/dags/load_data_good.py for tasks to queue
[2023-07-30T03:10:49.633+0000] {logging_mixin.py:137} INFO - [2023-07-30T03:10:49.632+0000] {dagbag.py:538} INFO - Filling up the DagBag from /opt/airflow/dags/load_data_good.py
[2023-07-30T03:10:50.731+0000] {processor.py:753} INFO - DAG(s) dict_keys(['job_data_pipeline']) retrieved from /opt/airflow/dags/load_data_good.py
[2023-07-30T03:10:50.994+0000] {logging_mixin.py:137} INFO - [2023-07-30T03:10:50.992+0000] {dag.py:2676} INFO - Sync 1 DAGs
[2023-07-30T03:10:51.081+0000] {logging_mixin.py:137} INFO - [2023-07-30T03:10:51.081+0000] {dag.py:3427} INFO - Setting next_dagrun for job_data_pipeline to 2023-07-30T00:00:00+00:00, run_after=2023-07-31T00:00:00+00:00
[2023-07-30T03:10:51.786+0000] {processor.py:175} INFO - Processing /opt/airflow/dags/load_data_good.py took 2.262 seconds
[2023-07-30T03:11:22.095+0000] {processor.py:153} INFO - Started process (PID=45388) to work on /opt/airflow/dags/load_data_good.py
[2023-07-30T03:11:22.102+0000] {processor.py:743} INFO - Processing file /opt/airflow/dags/load_data_good.py for tasks to queue
[2023-07-30T03:11:22.108+0000] {logging_mixin.py:137} INFO - [2023-07-30T03:11:22.108+0000] {dagbag.py:538} INFO - Filling up the DagBag from /opt/airflow/dags/load_data_good.py
[2023-07-30T03:11:23.464+0000] {processor.py:753} INFO - DAG(s) dict_keys(['job_data_pipeline']) retrieved from /opt/airflow/dags/load_data_good.py
[2023-07-30T03:11:23.538+0000] {logging_mixin.py:137} INFO - [2023-07-30T03:11:23.538+0000] {dag.py:2676} INFO - Sync 1 DAGs
[2023-07-30T03:11:23.600+0000] {logging_mixin.py:137} INFO - [2023-07-30T03:11:23.599+0000] {dag.py:3427} INFO - Setting next_dagrun for job_data_pipeline to 2023-07-30T00:00:00+00:00, run_after=2023-07-31T00:00:00+00:00
[2023-07-30T03:11:24.004+0000] {processor.py:175} INFO - Processing /opt/airflow/dags/load_data_good.py took 1.928 seconds
[2023-07-30T03:11:54.619+0000] {processor.py:153} INFO - Started process (PID=45422) to work on /opt/airflow/dags/load_data_good.py
[2023-07-30T03:11:54.621+0000] {processor.py:743} INFO - Processing file /opt/airflow/dags/load_data_good.py for tasks to queue
[2023-07-30T03:11:54.623+0000] {logging_mixin.py:137} INFO - [2023-07-30T03:11:54.623+0000] {dagbag.py:538} INFO - Filling up the DagBag from /opt/airflow/dags/load_data_good.py
[2023-07-30T03:11:56.334+0000] {processor.py:753} INFO - DAG(s) dict_keys(['job_data_pipeline']) retrieved from /opt/airflow/dags/load_data_good.py
[2023-07-30T03:11:56.554+0000] {logging_mixin.py:137} INFO - [2023-07-30T03:11:56.553+0000] {dag.py:2676} INFO - Sync 1 DAGs
[2023-07-30T03:11:56.676+0000] {logging_mixin.py:137} INFO - [2023-07-30T03:11:56.676+0000] {dag.py:3427} INFO - Setting next_dagrun for job_data_pipeline to 2023-07-30T00:00:00+00:00, run_after=2023-07-31T00:00:00+00:00
[2023-07-30T03:11:57.010+0000] {processor.py:175} INFO - Processing /opt/airflow/dags/load_data_good.py took 2.398 seconds
[2023-07-30T03:12:28.585+0000] {processor.py:153} INFO - Started process (PID=45465) to work on /opt/airflow/dags/load_data_good.py
[2023-07-30T03:12:28.587+0000] {processor.py:743} INFO - Processing file /opt/airflow/dags/load_data_good.py for tasks to queue
[2023-07-30T03:12:28.590+0000] {logging_mixin.py:137} INFO - [2023-07-30T03:12:28.590+0000] {dagbag.py:538} INFO - Filling up the DagBag from /opt/airflow/dags/load_data_good.py
[2023-07-30T03:12:30.377+0000] {processor.py:753} INFO - DAG(s) dict_keys(['job_data_pipeline']) retrieved from /opt/airflow/dags/load_data_good.py
[2023-07-30T03:12:30.503+0000] {logging_mixin.py:137} INFO - [2023-07-30T03:12:30.502+0000] {dag.py:2676} INFO - Sync 1 DAGs
[2023-07-30T03:12:30.585+0000] {logging_mixin.py:137} INFO - [2023-07-30T03:12:30.585+0000] {dag.py:3427} INFO - Setting next_dagrun for job_data_pipeline to 2023-07-30T00:00:00+00:00, run_after=2023-07-31T00:00:00+00:00
[2023-07-30T03:12:32.712+0000] {processor.py:175} INFO - Processing /opt/airflow/dags/load_data_good.py took 4.134 seconds
[2023-07-30T03:13:03.731+0000] {processor.py:153} INFO - Started process (PID=45497) to work on /opt/airflow/dags/load_data_good.py
[2023-07-30T03:13:03.733+0000] {processor.py:743} INFO - Processing file /opt/airflow/dags/load_data_good.py for tasks to queue
[2023-07-30T03:13:03.736+0000] {logging_mixin.py:137} INFO - [2023-07-30T03:13:03.735+0000] {dagbag.py:538} INFO - Filling up the DagBag from /opt/airflow/dags/load_data_good.py
[2023-07-30T03:13:05.761+0000] {processor.py:753} INFO - DAG(s) dict_keys(['job_data_pipeline']) retrieved from /opt/airflow/dags/load_data_good.py
[2023-07-30T03:13:06.035+0000] {logging_mixin.py:137} INFO - [2023-07-30T03:13:06.034+0000] {dag.py:2676} INFO - Sync 1 DAGs
[2023-07-30T03:13:06.267+0000] {logging_mixin.py:137} INFO - [2023-07-30T03:13:06.267+0000] {dag.py:3427} INFO - Setting next_dagrun for job_data_pipeline to 2023-07-30T00:00:00+00:00, run_after=2023-07-31T00:00:00+00:00
[2023-07-30T03:13:06.471+0000] {processor.py:175} INFO - Processing /opt/airflow/dags/load_data_good.py took 2.750 seconds
[2023-07-30T03:13:36.942+0000] {processor.py:153} INFO - Started process (PID=45541) to work on /opt/airflow/dags/load_data_good.py
[2023-07-30T03:13:36.944+0000] {processor.py:743} INFO - Processing file /opt/airflow/dags/load_data_good.py for tasks to queue
[2023-07-30T03:13:36.947+0000] {logging_mixin.py:137} INFO - [2023-07-30T03:13:36.947+0000] {dagbag.py:538} INFO - Filling up the DagBag from /opt/airflow/dags/load_data_good.py
[2023-07-30T03:13:38.190+0000] {processor.py:753} INFO - DAG(s) dict_keys(['job_data_pipeline']) retrieved from /opt/airflow/dags/load_data_good.py
[2023-07-30T03:13:38.268+0000] {logging_mixin.py:137} INFO - [2023-07-30T03:13:38.267+0000] {dag.py:2676} INFO - Sync 1 DAGs
[2023-07-30T03:13:38.322+0000] {logging_mixin.py:137} INFO - [2023-07-30T03:13:38.322+0000] {dag.py:3427} INFO - Setting next_dagrun for job_data_pipeline to 2023-07-30T00:00:00+00:00, run_after=2023-07-31T00:00:00+00:00
[2023-07-30T03:13:38.657+0000] {processor.py:175} INFO - Processing /opt/airflow/dags/load_data_good.py took 1.725 seconds
[2023-07-30T03:14:09.224+0000] {processor.py:153} INFO - Started process (PID=45582) to work on /opt/airflow/dags/load_data_good.py
[2023-07-30T03:14:09.226+0000] {processor.py:743} INFO - Processing file /opt/airflow/dags/load_data_good.py for tasks to queue
[2023-07-30T03:14:09.228+0000] {logging_mixin.py:137} INFO - [2023-07-30T03:14:09.228+0000] {dagbag.py:538} INFO - Filling up the DagBag from /opt/airflow/dags/load_data_good.py
[2023-07-30T03:14:11.708+0000] {processor.py:753} INFO - DAG(s) dict_keys(['job_data_pipeline']) retrieved from /opt/airflow/dags/load_data_good.py
[2023-07-30T03:14:11.868+0000] {logging_mixin.py:137} INFO - [2023-07-30T03:14:11.866+0000] {dag.py:2676} INFO - Sync 1 DAGs
[2023-07-30T03:14:11.988+0000] {logging_mixin.py:137} INFO - [2023-07-30T03:14:11.988+0000] {dag.py:3427} INFO - Setting next_dagrun for job_data_pipeline to 2023-07-30T00:00:00+00:00, run_after=2023-07-31T00:00:00+00:00
[2023-07-30T03:14:12.288+0000] {processor.py:175} INFO - Processing /opt/airflow/dags/load_data_good.py took 3.070 seconds
[2023-07-30T03:14:43.228+0000] {processor.py:153} INFO - Started process (PID=45617) to work on /opt/airflow/dags/load_data_good.py
[2023-07-30T03:14:43.230+0000] {processor.py:743} INFO - Processing file /opt/airflow/dags/load_data_good.py for tasks to queue
[2023-07-30T03:14:43.231+0000] {logging_mixin.py:137} INFO - [2023-07-30T03:14:43.231+0000] {dagbag.py:538} INFO - Filling up the DagBag from /opt/airflow/dags/load_data_good.py
[2023-07-30T03:14:44.032+0000] {processor.py:753} INFO - DAG(s) dict_keys(['job_data_pipeline']) retrieved from /opt/airflow/dags/load_data_good.py
[2023-07-30T03:14:44.089+0000] {logging_mixin.py:137} INFO - [2023-07-30T03:14:44.088+0000] {dag.py:2676} INFO - Sync 1 DAGs
[2023-07-30T03:14:44.132+0000] {logging_mixin.py:137} INFO - [2023-07-30T03:14:44.132+0000] {dag.py:3427} INFO - Setting next_dagrun for job_data_pipeline to 2023-07-30T00:00:00+00:00, run_after=2023-07-31T00:00:00+00:00
[2023-07-30T03:14:44.265+0000] {processor.py:175} INFO - Processing /opt/airflow/dags/load_data_good.py took 1.042 seconds
[2023-07-30T03:15:14.529+0000] {processor.py:153} INFO - Started process (PID=45661) to work on /opt/airflow/dags/load_data_good.py
[2023-07-30T03:15:14.530+0000] {processor.py:743} INFO - Processing file /opt/airflow/dags/load_data_good.py for tasks to queue
[2023-07-30T03:15:14.532+0000] {logging_mixin.py:137} INFO - [2023-07-30T03:15:14.532+0000] {dagbag.py:538} INFO - Filling up the DagBag from /opt/airflow/dags/load_data_good.py
[2023-07-30T03:15:15.374+0000] {processor.py:753} INFO - DAG(s) dict_keys(['job_data_pipeline']) retrieved from /opt/airflow/dags/load_data_good.py
[2023-07-30T03:15:15.430+0000] {logging_mixin.py:137} INFO - [2023-07-30T03:15:15.429+0000] {dag.py:2676} INFO - Sync 1 DAGs
[2023-07-30T03:15:15.471+0000] {logging_mixin.py:137} INFO - [2023-07-30T03:15:15.471+0000] {dag.py:3427} INFO - Setting next_dagrun for job_data_pipeline to 2023-07-30T00:00:00+00:00, run_after=2023-07-31T00:00:00+00:00
[2023-07-30T03:15:15.861+0000] {processor.py:175} INFO - Processing /opt/airflow/dags/load_data_good.py took 1.338 seconds
[2023-07-30T03:15:46.252+0000] {processor.py:153} INFO - Started process (PID=45705) to work on /opt/airflow/dags/load_data_good.py
[2023-07-30T03:15:46.255+0000] {processor.py:743} INFO - Processing file /opt/airflow/dags/load_data_good.py for tasks to queue
[2023-07-30T03:15:46.258+0000] {logging_mixin.py:137} INFO - [2023-07-30T03:15:46.258+0000] {dagbag.py:538} INFO - Filling up the DagBag from /opt/airflow/dags/load_data_good.py
[2023-07-30T03:15:47.751+0000] {processor.py:753} INFO - DAG(s) dict_keys(['job_data_pipeline']) retrieved from /opt/airflow/dags/load_data_good.py
[2023-07-30T03:15:47.971+0000] {logging_mixin.py:137} INFO - [2023-07-30T03:15:47.970+0000] {dag.py:2676} INFO - Sync 1 DAGs
[2023-07-30T03:15:48.085+0000] {logging_mixin.py:137} INFO - [2023-07-30T03:15:48.085+0000] {dag.py:3427} INFO - Setting next_dagrun for job_data_pipeline to 2023-07-30T00:00:00+00:00, run_after=2023-07-31T00:00:00+00:00
[2023-07-30T03:15:48.601+0000] {processor.py:175} INFO - Processing /opt/airflow/dags/load_data_good.py took 2.357 seconds
[2023-07-30T03:16:18.978+0000] {processor.py:153} INFO - Started process (PID=45737) to work on /opt/airflow/dags/load_data_good.py
[2023-07-30T03:16:18.980+0000] {processor.py:743} INFO - Processing file /opt/airflow/dags/load_data_good.py for tasks to queue
[2023-07-30T03:16:18.982+0000] {logging_mixin.py:137} INFO - [2023-07-30T03:16:18.982+0000] {dagbag.py:538} INFO - Filling up the DagBag from /opt/airflow/dags/load_data_good.py
[2023-07-30T03:16:19.773+0000] {processor.py:753} INFO - DAG(s) dict_keys(['job_data_pipeline']) retrieved from /opt/airflow/dags/load_data_good.py
[2023-07-30T03:16:19.824+0000] {logging_mixin.py:137} INFO - [2023-07-30T03:16:19.823+0000] {dag.py:2676} INFO - Sync 1 DAGs
[2023-07-30T03:16:19.863+0000] {logging_mixin.py:137} INFO - [2023-07-30T03:16:19.863+0000] {dag.py:3427} INFO - Setting next_dagrun for job_data_pipeline to 2023-07-30T00:00:00+00:00, run_after=2023-07-31T00:00:00+00:00
[2023-07-30T03:16:20.334+0000] {processor.py:175} INFO - Processing /opt/airflow/dags/load_data_good.py took 1.365 seconds
[2023-07-30T03:16:50.963+0000] {processor.py:153} INFO - Started process (PID=45782) to work on /opt/airflow/dags/load_data_good.py
[2023-07-30T03:16:50.965+0000] {processor.py:743} INFO - Processing file /opt/airflow/dags/load_data_good.py for tasks to queue
[2023-07-30T03:16:50.966+0000] {logging_mixin.py:137} INFO - [2023-07-30T03:16:50.966+0000] {dagbag.py:538} INFO - Filling up the DagBag from /opt/airflow/dags/load_data_good.py
[2023-07-30T03:16:51.837+0000] {processor.py:753} INFO - DAG(s) dict_keys(['job_data_pipeline']) retrieved from /opt/airflow/dags/load_data_good.py
[2023-07-30T03:16:51.884+0000] {logging_mixin.py:137} INFO - [2023-07-30T03:16:51.884+0000] {dag.py:2676} INFO - Sync 1 DAGs
[2023-07-30T03:16:51.929+0000] {logging_mixin.py:137} INFO - [2023-07-30T03:16:51.929+0000] {dag.py:3427} INFO - Setting next_dagrun for job_data_pipeline to 2023-07-30T00:00:00+00:00, run_after=2023-07-31T00:00:00+00:00
[2023-07-30T03:16:52.059+0000] {processor.py:175} INFO - Processing /opt/airflow/dags/load_data_good.py took 1.102 seconds
[2023-07-30T03:17:22.862+0000] {processor.py:153} INFO - Started process (PID=45826) to work on /opt/airflow/dags/load_data_good.py
[2023-07-30T03:17:22.864+0000] {processor.py:743} INFO - Processing file /opt/airflow/dags/load_data_good.py for tasks to queue
[2023-07-30T03:17:22.866+0000] {logging_mixin.py:137} INFO - [2023-07-30T03:17:22.866+0000] {dagbag.py:538} INFO - Filling up the DagBag from /opt/airflow/dags/load_data_good.py
[2023-07-30T03:17:24.527+0000] {processor.py:753} INFO - DAG(s) dict_keys(['job_data_pipeline']) retrieved from /opt/airflow/dags/load_data_good.py
[2023-07-30T03:17:24.611+0000] {logging_mixin.py:137} INFO - [2023-07-30T03:17:24.610+0000] {dag.py:2676} INFO - Sync 1 DAGs
[2023-07-30T03:17:24.706+0000] {logging_mixin.py:137} INFO - [2023-07-30T03:17:24.706+0000] {dag.py:3427} INFO - Setting next_dagrun for job_data_pipeline to 2023-07-30T00:00:00+00:00, run_after=2023-07-31T00:00:00+00:00
[2023-07-30T03:17:25.103+0000] {processor.py:175} INFO - Processing /opt/airflow/dags/load_data_good.py took 2.251 seconds
[2023-07-30T03:17:55.705+0000] {processor.py:153} INFO - Started process (PID=45857) to work on /opt/airflow/dags/load_data_good.py
[2023-07-30T03:17:55.707+0000] {processor.py:743} INFO - Processing file /opt/airflow/dags/load_data_good.py for tasks to queue
[2023-07-30T03:17:55.709+0000] {logging_mixin.py:137} INFO - [2023-07-30T03:17:55.709+0000] {dagbag.py:538} INFO - Filling up the DagBag from /opt/airflow/dags/load_data_good.py
[2023-07-30T03:17:56.579+0000] {processor.py:753} INFO - DAG(s) dict_keys(['job_data_pipeline']) retrieved from /opt/airflow/dags/load_data_good.py
[2023-07-30T03:17:56.644+0000] {logging_mixin.py:137} INFO - [2023-07-30T03:17:56.644+0000] {dag.py:2676} INFO - Sync 1 DAGs
[2023-07-30T03:17:56.706+0000] {logging_mixin.py:137} INFO - [2023-07-30T03:17:56.705+0000] {dag.py:3427} INFO - Setting next_dagrun for job_data_pipeline to 2023-07-30T00:00:00+00:00, run_after=2023-07-31T00:00:00+00:00
[2023-07-30T03:17:56.842+0000] {processor.py:175} INFO - Processing /opt/airflow/dags/load_data_good.py took 1.144 seconds
[2023-07-30T03:18:27.194+0000] {processor.py:153} INFO - Started process (PID=45900) to work on /opt/airflow/dags/load_data_good.py
[2023-07-30T03:18:27.196+0000] {processor.py:743} INFO - Processing file /opt/airflow/dags/load_data_good.py for tasks to queue
[2023-07-30T03:18:27.199+0000] {logging_mixin.py:137} INFO - [2023-07-30T03:18:27.198+0000] {dagbag.py:538} INFO - Filling up the DagBag from /opt/airflow/dags/load_data_good.py
[2023-07-30T03:18:28.070+0000] {processor.py:753} INFO - DAG(s) dict_keys(['job_data_pipeline']) retrieved from /opt/airflow/dags/load_data_good.py
[2023-07-30T03:18:28.131+0000] {logging_mixin.py:137} INFO - [2023-07-30T03:18:28.131+0000] {dag.py:2676} INFO - Sync 1 DAGs
[2023-07-30T03:18:28.195+0000] {logging_mixin.py:137} INFO - [2023-07-30T03:18:28.195+0000] {dag.py:3427} INFO - Setting next_dagrun for job_data_pipeline to 2023-07-30T00:00:00+00:00, run_after=2023-07-31T00:00:00+00:00
[2023-07-30T03:18:28.387+0000] {processor.py:175} INFO - Processing /opt/airflow/dags/load_data_good.py took 1.203 seconds
[2023-07-30T03:18:58.916+0000] {processor.py:153} INFO - Started process (PID=45945) to work on /opt/airflow/dags/load_data_good.py
[2023-07-30T03:18:58.919+0000] {processor.py:743} INFO - Processing file /opt/airflow/dags/load_data_good.py for tasks to queue
[2023-07-30T03:18:58.924+0000] {logging_mixin.py:137} INFO - [2023-07-30T03:18:58.924+0000] {dagbag.py:538} INFO - Filling up the DagBag from /opt/airflow/dags/load_data_good.py
[2023-07-30T03:19:00.200+0000] {processor.py:753} INFO - DAG(s) dict_keys(['job_data_pipeline']) retrieved from /opt/airflow/dags/load_data_good.py
[2023-07-30T03:19:00.254+0000] {logging_mixin.py:137} INFO - [2023-07-30T03:19:00.254+0000] {dag.py:2676} INFO - Sync 1 DAGs
[2023-07-30T03:19:00.298+0000] {logging_mixin.py:137} INFO - [2023-07-30T03:19:00.298+0000] {dag.py:3427} INFO - Setting next_dagrun for job_data_pipeline to 2023-07-30T00:00:00+00:00, run_after=2023-07-31T00:00:00+00:00
[2023-07-30T03:19:00.485+0000] {processor.py:175} INFO - Processing /opt/airflow/dags/load_data_good.py took 1.587 seconds
[2023-07-30T03:19:31.191+0000] {processor.py:153} INFO - Started process (PID=45987) to work on /opt/airflow/dags/load_data_good.py
[2023-07-30T03:19:31.194+0000] {processor.py:743} INFO - Processing file /opt/airflow/dags/load_data_good.py for tasks to queue
[2023-07-30T03:19:31.196+0000] {logging_mixin.py:137} INFO - [2023-07-30T03:19:31.196+0000] {dagbag.py:538} INFO - Filling up the DagBag from /opt/airflow/dags/load_data_good.py
[2023-07-30T03:19:32.696+0000] {processor.py:753} INFO - DAG(s) dict_keys(['job_data_pipeline']) retrieved from /opt/airflow/dags/load_data_good.py
[2023-07-30T03:19:32.777+0000] {logging_mixin.py:137} INFO - [2023-07-30T03:19:32.776+0000] {dag.py:2676} INFO - Sync 1 DAGs
[2023-07-30T03:19:32.853+0000] {logging_mixin.py:137} INFO - [2023-07-30T03:19:32.853+0000] {dag.py:3427} INFO - Setting next_dagrun for job_data_pipeline to 2023-07-30T00:00:00+00:00, run_after=2023-07-31T00:00:00+00:00
[2023-07-30T03:19:33.043+0000] {processor.py:175} INFO - Processing /opt/airflow/dags/load_data_good.py took 1.859 seconds
[2023-07-30T03:20:03.317+0000] {processor.py:153} INFO - Started process (PID=46021) to work on /opt/airflow/dags/load_data_good.py
[2023-07-30T03:20:03.319+0000] {processor.py:743} INFO - Processing file /opt/airflow/dags/load_data_good.py for tasks to queue
[2023-07-30T03:20:03.321+0000] {logging_mixin.py:137} INFO - [2023-07-30T03:20:03.321+0000] {dagbag.py:538} INFO - Filling up the DagBag from /opt/airflow/dags/load_data_good.py
[2023-07-30T03:20:04.385+0000] {processor.py:753} INFO - DAG(s) dict_keys(['job_data_pipeline']) retrieved from /opt/airflow/dags/load_data_good.py
[2023-07-30T03:20:04.452+0000] {logging_mixin.py:137} INFO - [2023-07-30T03:20:04.451+0000] {dag.py:2676} INFO - Sync 1 DAGs
[2023-07-30T03:20:04.507+0000] {logging_mixin.py:137} INFO - [2023-07-30T03:20:04.506+0000] {dag.py:3427} INFO - Setting next_dagrun for job_data_pipeline to 2023-07-30T00:00:00+00:00, run_after=2023-07-31T00:00:00+00:00
[2023-07-30T03:20:04.703+0000] {processor.py:175} INFO - Processing /opt/airflow/dags/load_data_good.py took 1.395 seconds
[2023-07-30T03:20:35.294+0000] {processor.py:153} INFO - Started process (PID=46065) to work on /opt/airflow/dags/load_data_good.py
[2023-07-30T03:20:35.296+0000] {processor.py:743} INFO - Processing file /opt/airflow/dags/load_data_good.py for tasks to queue
[2023-07-30T03:20:35.298+0000] {logging_mixin.py:137} INFO - [2023-07-30T03:20:35.297+0000] {dagbag.py:538} INFO - Filling up the DagBag from /opt/airflow/dags/load_data_good.py
[2023-07-30T03:20:36.425+0000] {processor.py:753} INFO - DAG(s) dict_keys(['job_data_pipeline']) retrieved from /opt/airflow/dags/load_data_good.py
[2023-07-30T03:20:36.499+0000] {logging_mixin.py:137} INFO - [2023-07-30T03:20:36.498+0000] {dag.py:2676} INFO - Sync 1 DAGs
[2023-07-30T03:20:36.608+0000] {logging_mixin.py:137} INFO - [2023-07-30T03:20:36.607+0000] {dag.py:3427} INFO - Setting next_dagrun for job_data_pipeline to 2023-07-30T00:00:00+00:00, run_after=2023-07-31T00:00:00+00:00
[2023-07-30T03:20:36.895+0000] {processor.py:175} INFO - Processing /opt/airflow/dags/load_data_good.py took 1.607 seconds
[2023-07-30T03:21:07.152+0000] {processor.py:153} INFO - Started process (PID=46107) to work on /opt/airflow/dags/load_data_good.py
[2023-07-30T03:21:07.156+0000] {processor.py:743} INFO - Processing file /opt/airflow/dags/load_data_good.py for tasks to queue
[2023-07-30T03:21:07.158+0000] {logging_mixin.py:137} INFO - [2023-07-30T03:21:07.158+0000] {dagbag.py:538} INFO - Filling up the DagBag from /opt/airflow/dags/load_data_good.py
[2023-07-30T03:21:09.187+0000] {processor.py:753} INFO - DAG(s) dict_keys(['job_data_pipeline']) retrieved from /opt/airflow/dags/load_data_good.py
[2023-07-30T03:21:09.351+0000] {logging_mixin.py:137} INFO - [2023-07-30T03:21:09.350+0000] {dag.py:2676} INFO - Sync 1 DAGs
[2023-07-30T03:21:09.545+0000] {logging_mixin.py:137} INFO - [2023-07-30T03:21:09.535+0000] {dag.py:3427} INFO - Setting next_dagrun for job_data_pipeline to 2023-07-30T00:00:00+00:00, run_after=2023-07-31T00:00:00+00:00
[2023-07-30T03:21:09.944+0000] {processor.py:175} INFO - Processing /opt/airflow/dags/load_data_good.py took 2.811 seconds
[2023-07-30T03:21:40.339+0000] {processor.py:153} INFO - Started process (PID=46147) to work on /opt/airflow/dags/load_data_good.py
[2023-07-30T03:21:40.342+0000] {processor.py:743} INFO - Processing file /opt/airflow/dags/load_data_good.py for tasks to queue
[2023-07-30T03:21:40.344+0000] {logging_mixin.py:137} INFO - [2023-07-30T03:21:40.344+0000] {dagbag.py:538} INFO - Filling up the DagBag from /opt/airflow/dags/load_data_good.py
[2023-07-30T03:21:41.739+0000] {processor.py:753} INFO - DAG(s) dict_keys(['job_data_pipeline']) retrieved from /opt/airflow/dags/load_data_good.py
[2023-07-30T03:21:42.144+0000] {logging_mixin.py:137} INFO - [2023-07-30T03:21:42.143+0000] {dag.py:2676} INFO - Sync 1 DAGs
[2023-07-30T03:21:42.317+0000] {logging_mixin.py:137} INFO - [2023-07-30T03:21:42.317+0000] {dag.py:3427} INFO - Setting next_dagrun for job_data_pipeline to 2023-07-30T00:00:00+00:00, run_after=2023-07-31T00:00:00+00:00
[2023-07-30T03:21:42.653+0000] {processor.py:175} INFO - Processing /opt/airflow/dags/load_data_good.py took 2.320 seconds
[2023-07-30T03:22:12.886+0000] {processor.py:153} INFO - Started process (PID=46181) to work on /opt/airflow/dags/load_data_good.py
[2023-07-30T03:22:12.888+0000] {processor.py:743} INFO - Processing file /opt/airflow/dags/load_data_good.py for tasks to queue
[2023-07-30T03:22:12.890+0000] {logging_mixin.py:137} INFO - [2023-07-30T03:22:12.890+0000] {dagbag.py:538} INFO - Filling up the DagBag from /opt/airflow/dags/load_data_good.py
[2023-07-30T03:22:13.885+0000] {processor.py:753} INFO - DAG(s) dict_keys(['job_data_pipeline']) retrieved from /opt/airflow/dags/load_data_good.py
[2023-07-30T03:22:13.939+0000] {logging_mixin.py:137} INFO - [2023-07-30T03:22:13.939+0000] {dag.py:2676} INFO - Sync 1 DAGs
[2023-07-30T03:22:13.985+0000] {logging_mixin.py:137} INFO - [2023-07-30T03:22:13.984+0000] {dag.py:3427} INFO - Setting next_dagrun for job_data_pipeline to 2023-07-30T00:00:00+00:00, run_after=2023-07-31T00:00:00+00:00
[2023-07-30T03:22:14.300+0000] {processor.py:175} INFO - Processing /opt/airflow/dags/load_data_good.py took 1.420 seconds
[2023-07-30T03:22:44.692+0000] {processor.py:153} INFO - Started process (PID=46225) to work on /opt/airflow/dags/load_data_good.py
[2023-07-30T03:22:44.694+0000] {processor.py:743} INFO - Processing file /opt/airflow/dags/load_data_good.py for tasks to queue
[2023-07-30T03:22:44.696+0000] {logging_mixin.py:137} INFO - [2023-07-30T03:22:44.696+0000] {dagbag.py:538} INFO - Filling up the DagBag from /opt/airflow/dags/load_data_good.py
[2023-07-30T03:22:45.467+0000] {processor.py:753} INFO - DAG(s) dict_keys(['job_data_pipeline']) retrieved from /opt/airflow/dags/load_data_good.py
[2023-07-30T03:22:45.529+0000] {logging_mixin.py:137} INFO - [2023-07-30T03:22:45.528+0000] {dag.py:2676} INFO - Sync 1 DAGs
[2023-07-30T03:22:45.594+0000] {logging_mixin.py:137} INFO - [2023-07-30T03:22:45.593+0000] {dag.py:3427} INFO - Setting next_dagrun for job_data_pipeline to 2023-07-30T00:00:00+00:00, run_after=2023-07-31T00:00:00+00:00
[2023-07-30T03:22:45.820+0000] {processor.py:175} INFO - Processing /opt/airflow/dags/load_data_good.py took 1.135 seconds
[2023-07-30T03:23:16.800+0000] {processor.py:153} INFO - Started process (PID=46269) to work on /opt/airflow/dags/load_data_good.py
[2023-07-30T03:23:16.812+0000] {processor.py:743} INFO - Processing file /opt/airflow/dags/load_data_good.py for tasks to queue
[2023-07-30T03:23:16.815+0000] {logging_mixin.py:137} INFO - [2023-07-30T03:23:16.814+0000] {dagbag.py:538} INFO - Filling up the DagBag from /opt/airflow/dags/load_data_good.py
[2023-07-30T03:23:18.586+0000] {processor.py:753} INFO - DAG(s) dict_keys(['job_data_pipeline']) retrieved from /opt/airflow/dags/load_data_good.py
[2023-07-30T03:23:18.725+0000] {logging_mixin.py:137} INFO - [2023-07-30T03:23:18.724+0000] {dag.py:2676} INFO - Sync 1 DAGs
[2023-07-30T03:23:18.880+0000] {logging_mixin.py:137} INFO - [2023-07-30T03:23:18.879+0000] {dag.py:3427} INFO - Setting next_dagrun for job_data_pipeline to 2023-07-30T00:00:00+00:00, run_after=2023-07-31T00:00:00+00:00
[2023-07-30T03:23:19.157+0000] {processor.py:175} INFO - Processing /opt/airflow/dags/load_data_good.py took 2.377 seconds
[2023-07-30T03:23:50.117+0000] {processor.py:153} INFO - Started process (PID=46312) to work on /opt/airflow/dags/load_data_good.py
[2023-07-30T03:23:50.119+0000] {processor.py:743} INFO - Processing file /opt/airflow/dags/load_data_good.py for tasks to queue
[2023-07-30T03:23:50.122+0000] {logging_mixin.py:137} INFO - [2023-07-30T03:23:50.121+0000] {dagbag.py:538} INFO - Filling up the DagBag from /opt/airflow/dags/load_data_good.py
[2023-07-30T03:23:51.450+0000] {processor.py:753} INFO - DAG(s) dict_keys(['job_data_pipeline']) retrieved from /opt/airflow/dags/load_data_good.py
[2023-07-30T03:23:51.524+0000] {logging_mixin.py:137} INFO - [2023-07-30T03:23:51.523+0000] {dag.py:2676} INFO - Sync 1 DAGs
[2023-07-30T03:23:51.587+0000] {logging_mixin.py:137} INFO - [2023-07-30T03:23:51.586+0000] {dag.py:3427} INFO - Setting next_dagrun for job_data_pipeline to 2023-07-30T00:00:00+00:00, run_after=2023-07-31T00:00:00+00:00
[2023-07-30T03:23:51.793+0000] {processor.py:175} INFO - Processing /opt/airflow/dags/load_data_good.py took 1.684 seconds
[2023-07-30T03:24:22.187+0000] {processor.py:153} INFO - Started process (PID=46347) to work on /opt/airflow/dags/load_data_good.py
[2023-07-30T03:24:22.188+0000] {processor.py:743} INFO - Processing file /opt/airflow/dags/load_data_good.py for tasks to queue
[2023-07-30T03:24:22.190+0000] {logging_mixin.py:137} INFO - [2023-07-30T03:24:22.190+0000] {dagbag.py:538} INFO - Filling up the DagBag from /opt/airflow/dags/load_data_good.py
[2023-07-30T03:24:22.916+0000] {processor.py:753} INFO - DAG(s) dict_keys(['job_data_pipeline']) retrieved from /opt/airflow/dags/load_data_good.py
[2023-07-30T03:24:22.988+0000] {logging_mixin.py:137} INFO - [2023-07-30T03:24:22.987+0000] {dag.py:2676} INFO - Sync 1 DAGs
[2023-07-30T03:24:23.052+0000] {logging_mixin.py:137} INFO - [2023-07-30T03:24:23.052+0000] {dag.py:3427} INFO - Setting next_dagrun for job_data_pipeline to 2023-07-30T00:00:00+00:00, run_after=2023-07-31T00:00:00+00:00
[2023-07-30T03:24:23.169+0000] {processor.py:175} INFO - Processing /opt/airflow/dags/load_data_good.py took 0.989 seconds
[2023-07-30T03:24:53.467+0000] {processor.py:153} INFO - Started process (PID=46390) to work on /opt/airflow/dags/load_data_good.py
[2023-07-30T03:24:53.496+0000] {processor.py:743} INFO - Processing file /opt/airflow/dags/load_data_good.py for tasks to queue
[2023-07-30T03:24:53.499+0000] {logging_mixin.py:137} INFO - [2023-07-30T03:24:53.499+0000] {dagbag.py:538} INFO - Filling up the DagBag from /opt/airflow/dags/load_data_good.py
[2023-07-30T03:24:54.438+0000] {processor.py:753} INFO - DAG(s) dict_keys(['job_data_pipeline']) retrieved from /opt/airflow/dags/load_data_good.py
[2023-07-30T03:24:54.495+0000] {logging_mixin.py:137} INFO - [2023-07-30T03:24:54.494+0000] {dag.py:2676} INFO - Sync 1 DAGs
[2023-07-30T03:24:54.558+0000] {logging_mixin.py:137} INFO - [2023-07-30T03:24:54.557+0000] {dag.py:3427} INFO - Setting next_dagrun for job_data_pipeline to 2023-07-30T00:00:00+00:00, run_after=2023-07-31T00:00:00+00:00
[2023-07-30T03:24:54.687+0000] {processor.py:175} INFO - Processing /opt/airflow/dags/load_data_good.py took 1.244 seconds
[2023-07-30T03:25:24.916+0000] {processor.py:153} INFO - Started process (PID=46434) to work on /opt/airflow/dags/load_data_good.py
[2023-07-30T03:25:24.918+0000] {processor.py:743} INFO - Processing file /opt/airflow/dags/load_data_good.py for tasks to queue
[2023-07-30T03:25:24.921+0000] {logging_mixin.py:137} INFO - [2023-07-30T03:25:24.921+0000] {dagbag.py:538} INFO - Filling up the DagBag from /opt/airflow/dags/load_data_good.py
[2023-07-30T03:25:26.108+0000] {processor.py:753} INFO - DAG(s) dict_keys(['job_data_pipeline']) retrieved from /opt/airflow/dags/load_data_good.py
[2023-07-30T03:25:26.173+0000] {logging_mixin.py:137} INFO - [2023-07-30T03:25:26.173+0000] {dag.py:2676} INFO - Sync 1 DAGs
[2023-07-30T03:25:26.246+0000] {logging_mixin.py:137} INFO - [2023-07-30T03:25:26.245+0000] {dag.py:3427} INFO - Setting next_dagrun for job_data_pipeline to 2023-07-30T00:00:00+00:00, run_after=2023-07-31T00:00:00+00:00
[2023-07-30T03:25:26.465+0000] {processor.py:175} INFO - Processing /opt/airflow/dags/load_data_good.py took 1.563 seconds
[2023-07-30T03:25:56.811+0000] {processor.py:153} INFO - Started process (PID=46474) to work on /opt/airflow/dags/load_data_good.py
[2023-07-30T03:25:56.813+0000] {processor.py:743} INFO - Processing file /opt/airflow/dags/load_data_good.py for tasks to queue
[2023-07-30T03:25:56.816+0000] {logging_mixin.py:137} INFO - [2023-07-30T03:25:56.815+0000] {dagbag.py:538} INFO - Filling up the DagBag from /opt/airflow/dags/load_data_good.py
[2023-07-30T03:25:58.189+0000] {processor.py:753} INFO - DAG(s) dict_keys(['job_data_pipeline']) retrieved from /opt/airflow/dags/load_data_good.py
[2023-07-30T03:25:58.287+0000] {logging_mixin.py:137} INFO - [2023-07-30T03:25:58.286+0000] {dag.py:2676} INFO - Sync 1 DAGs
[2023-07-30T03:25:58.359+0000] {logging_mixin.py:137} INFO - [2023-07-30T03:25:58.358+0000] {dag.py:3427} INFO - Setting next_dagrun for job_data_pipeline to 2023-07-30T00:00:00+00:00, run_after=2023-07-31T00:00:00+00:00
[2023-07-30T03:25:58.583+0000] {processor.py:175} INFO - Processing /opt/airflow/dags/load_data_good.py took 1.779 seconds
[2023-07-30T03:26:29.576+0000] {processor.py:153} INFO - Started process (PID=46508) to work on /opt/airflow/dags/load_data_good.py
[2023-07-30T03:26:29.584+0000] {processor.py:743} INFO - Processing file /opt/airflow/dags/load_data_good.py for tasks to queue
[2023-07-30T03:26:29.587+0000] {logging_mixin.py:137} INFO - [2023-07-30T03:26:29.586+0000] {dagbag.py:538} INFO - Filling up the DagBag from /opt/airflow/dags/load_data_good.py
[2023-07-30T03:26:31.124+0000] {processor.py:753} INFO - DAG(s) dict_keys(['job_data_pipeline']) retrieved from /opt/airflow/dags/load_data_good.py
[2023-07-30T03:26:31.280+0000] {logging_mixin.py:137} INFO - [2023-07-30T03:26:31.279+0000] {dag.py:2676} INFO - Sync 1 DAGs
[2023-07-30T03:26:31.425+0000] {logging_mixin.py:137} INFO - [2023-07-30T03:26:31.425+0000] {dag.py:3427} INFO - Setting next_dagrun for job_data_pipeline to 2023-07-30T00:00:00+00:00, run_after=2023-07-31T00:00:00+00:00
[2023-07-30T03:26:31.721+0000] {processor.py:175} INFO - Processing /opt/airflow/dags/load_data_good.py took 2.152 seconds
[2023-07-30T03:27:02.250+0000] {processor.py:153} INFO - Started process (PID=46552) to work on /opt/airflow/dags/load_data_good.py
[2023-07-30T03:27:02.252+0000] {processor.py:743} INFO - Processing file /opt/airflow/dags/load_data_good.py for tasks to queue
[2023-07-30T03:27:02.258+0000] {logging_mixin.py:137} INFO - [2023-07-30T03:27:02.257+0000] {dagbag.py:538} INFO - Filling up the DagBag from /opt/airflow/dags/load_data_good.py
[2023-07-30T03:27:03.498+0000] {processor.py:753} INFO - DAG(s) dict_keys(['job_data_pipeline']) retrieved from /opt/airflow/dags/load_data_good.py
[2023-07-30T03:27:03.685+0000] {logging_mixin.py:137} INFO - [2023-07-30T03:27:03.684+0000] {dag.py:2676} INFO - Sync 1 DAGs
[2023-07-30T03:27:03.803+0000] {logging_mixin.py:137} INFO - [2023-07-30T03:27:03.802+0000] {dag.py:3427} INFO - Setting next_dagrun for job_data_pipeline to 2023-07-30T00:00:00+00:00, run_after=2023-07-31T00:00:00+00:00
[2023-07-30T03:27:03.977+0000] {processor.py:175} INFO - Processing /opt/airflow/dags/load_data_good.py took 1.735 seconds
[2023-07-30T03:27:34.397+0000] {processor.py:153} INFO - Started process (PID=46596) to work on /opt/airflow/dags/load_data_good.py
[2023-07-30T03:27:34.400+0000] {processor.py:743} INFO - Processing file /opt/airflow/dags/load_data_good.py for tasks to queue
[2023-07-30T03:27:34.402+0000] {logging_mixin.py:137} INFO - [2023-07-30T03:27:34.401+0000] {dagbag.py:538} INFO - Filling up the DagBag from /opt/airflow/dags/load_data_good.py
[2023-07-30T03:27:36.163+0000] {processor.py:753} INFO - DAG(s) dict_keys(['job_data_pipeline']) retrieved from /opt/airflow/dags/load_data_good.py
[2023-07-30T03:27:36.340+0000] {logging_mixin.py:137} INFO - [2023-07-30T03:27:36.339+0000] {dag.py:2676} INFO - Sync 1 DAGs
[2023-07-30T03:27:36.424+0000] {logging_mixin.py:137} INFO - [2023-07-30T03:27:36.423+0000] {dag.py:3427} INFO - Setting next_dagrun for job_data_pipeline to 2023-07-30T00:00:00+00:00, run_after=2023-07-31T00:00:00+00:00
[2023-07-30T03:27:36.649+0000] {processor.py:175} INFO - Processing /opt/airflow/dags/load_data_good.py took 2.263 seconds
[2023-07-30T03:28:07.676+0000] {processor.py:153} INFO - Started process (PID=46640) to work on /opt/airflow/dags/load_data_good.py
[2023-07-30T03:28:07.682+0000] {processor.py:743} INFO - Processing file /opt/airflow/dags/load_data_good.py for tasks to queue
[2023-07-30T03:28:07.690+0000] {logging_mixin.py:137} INFO - [2023-07-30T03:28:07.690+0000] {dagbag.py:538} INFO - Filling up the DagBag from /opt/airflow/dags/load_data_good.py
[2023-07-30T03:28:10.620+0000] {processor.py:753} INFO - DAG(s) dict_keys(['job_data_pipeline']) retrieved from /opt/airflow/dags/load_data_good.py
[2023-07-30T03:28:10.795+0000] {logging_mixin.py:137} INFO - [2023-07-30T03:28:10.794+0000] {dag.py:2676} INFO - Sync 1 DAGs
[2023-07-30T03:28:10.893+0000] {logging_mixin.py:137} INFO - [2023-07-30T03:28:10.892+0000] {dag.py:3427} INFO - Setting next_dagrun for job_data_pipeline to 2023-07-30T00:00:00+00:00, run_after=2023-07-31T00:00:00+00:00
[2023-07-30T03:28:11.567+0000] {processor.py:175} INFO - Processing /opt/airflow/dags/load_data_good.py took 3.901 seconds
[2023-07-30T03:28:42.118+0000] {processor.py:153} INFO - Started process (PID=46673) to work on /opt/airflow/dags/load_data_good.py
[2023-07-30T03:28:42.120+0000] {processor.py:743} INFO - Processing file /opt/airflow/dags/load_data_good.py for tasks to queue
[2023-07-30T03:28:42.121+0000] {logging_mixin.py:137} INFO - [2023-07-30T03:28:42.121+0000] {dagbag.py:538} INFO - Filling up the DagBag from /opt/airflow/dags/load_data_good.py
[2023-07-30T03:28:43.119+0000] {processor.py:753} INFO - DAG(s) dict_keys(['job_data_pipeline']) retrieved from /opt/airflow/dags/load_data_good.py
[2023-07-30T03:28:43.228+0000] {logging_mixin.py:137} INFO - [2023-07-30T03:28:43.226+0000] {dag.py:2676} INFO - Sync 1 DAGs
[2023-07-30T03:28:43.322+0000] {logging_mixin.py:137} INFO - [2023-07-30T03:28:43.322+0000] {dag.py:3427} INFO - Setting next_dagrun for job_data_pipeline to 2023-07-30T00:00:00+00:00, run_after=2023-07-31T00:00:00+00:00
[2023-07-30T03:28:43.644+0000] {processor.py:175} INFO - Processing /opt/airflow/dags/load_data_good.py took 1.531 seconds
[2023-07-30T03:29:14.032+0000] {processor.py:153} INFO - Started process (PID=46717) to work on /opt/airflow/dags/load_data_good.py
[2023-07-30T03:29:14.034+0000] {processor.py:743} INFO - Processing file /opt/airflow/dags/load_data_good.py for tasks to queue
[2023-07-30T03:29:14.036+0000] {logging_mixin.py:137} INFO - [2023-07-30T03:29:14.036+0000] {dagbag.py:538} INFO - Filling up the DagBag from /opt/airflow/dags/load_data_good.py
[2023-07-30T03:29:14.961+0000] {processor.py:753} INFO - DAG(s) dict_keys(['job_data_pipeline']) retrieved from /opt/airflow/dags/load_data_good.py
[2023-07-30T03:29:15.062+0000] {logging_mixin.py:137} INFO - [2023-07-30T03:29:15.061+0000] {dag.py:2676} INFO - Sync 1 DAGs
[2023-07-30T03:29:15.121+0000] {logging_mixin.py:137} INFO - [2023-07-30T03:29:15.121+0000] {dag.py:3427} INFO - Setting next_dagrun for job_data_pipeline to 2023-07-30T00:00:00+00:00, run_after=2023-07-31T00:00:00+00:00
[2023-07-30T03:29:15.373+0000] {processor.py:175} INFO - Processing /opt/airflow/dags/load_data_good.py took 1.348 seconds
[2023-07-30T03:29:45.591+0000] {processor.py:153} INFO - Started process (PID=46760) to work on /opt/airflow/dags/load_data_good.py
[2023-07-30T03:29:45.593+0000] {processor.py:743} INFO - Processing file /opt/airflow/dags/load_data_good.py for tasks to queue
[2023-07-30T03:29:45.595+0000] {logging_mixin.py:137} INFO - [2023-07-30T03:29:45.594+0000] {dagbag.py:538} INFO - Filling up the DagBag from /opt/airflow/dags/load_data_good.py
[2023-07-30T03:29:46.621+0000] {processor.py:753} INFO - DAG(s) dict_keys(['job_data_pipeline']) retrieved from /opt/airflow/dags/load_data_good.py
[2023-07-30T03:29:46.683+0000] {logging_mixin.py:137} INFO - [2023-07-30T03:29:46.682+0000] {dag.py:2676} INFO - Sync 1 DAGs
[2023-07-30T03:29:46.725+0000] {logging_mixin.py:137} INFO - [2023-07-30T03:29:46.724+0000] {dag.py:3427} INFO - Setting next_dagrun for job_data_pipeline to 2023-07-30T00:00:00+00:00, run_after=2023-07-31T00:00:00+00:00
[2023-07-30T03:29:46.899+0000] {processor.py:175} INFO - Processing /opt/airflow/dags/load_data_good.py took 1.315 seconds
[2023-07-30T03:30:17.951+0000] {processor.py:153} INFO - Started process (PID=46801) to work on /opt/airflow/dags/load_data_good.py
[2023-07-30T03:30:17.953+0000] {processor.py:743} INFO - Processing file /opt/airflow/dags/load_data_good.py for tasks to queue
[2023-07-30T03:30:17.956+0000] {logging_mixin.py:137} INFO - [2023-07-30T03:30:17.956+0000] {dagbag.py:538} INFO - Filling up the DagBag from /opt/airflow/dags/load_data_good.py
[2023-07-30T03:30:20.062+0000] {processor.py:753} INFO - DAG(s) dict_keys(['job_data_pipeline']) retrieved from /opt/airflow/dags/load_data_good.py
[2023-07-30T03:30:20.378+0000] {logging_mixin.py:137} INFO - [2023-07-30T03:30:20.377+0000] {dag.py:2676} INFO - Sync 1 DAGs
[2023-07-30T03:30:20.552+0000] {logging_mixin.py:137} INFO - [2023-07-30T03:30:20.551+0000] {dag.py:3427} INFO - Setting next_dagrun for job_data_pipeline to 2023-07-30T00:00:00+00:00, run_after=2023-07-31T00:00:00+00:00
[2023-07-30T03:30:21.301+0000] {processor.py:175} INFO - Processing /opt/airflow/dags/load_data_good.py took 3.385 seconds
[2023-07-30T03:30:52.048+0000] {processor.py:153} INFO - Started process (PID=46836) to work on /opt/airflow/dags/load_data_good.py
[2023-07-30T03:30:52.051+0000] {processor.py:743} INFO - Processing file /opt/airflow/dags/load_data_good.py for tasks to queue
[2023-07-30T03:30:52.056+0000] {logging_mixin.py:137} INFO - [2023-07-30T03:30:52.053+0000] {dagbag.py:538} INFO - Filling up the DagBag from /opt/airflow/dags/load_data_good.py
[2023-07-30T03:30:53.062+0000] {processor.py:753} INFO - DAG(s) dict_keys(['job_data_pipeline']) retrieved from /opt/airflow/dags/load_data_good.py
[2023-07-30T03:30:53.173+0000] {logging_mixin.py:137} INFO - [2023-07-30T03:30:53.170+0000] {dag.py:2676} INFO - Sync 1 DAGs
[2023-07-30T03:30:53.254+0000] {logging_mixin.py:137} INFO - [2023-07-30T03:30:53.253+0000] {dag.py:3427} INFO - Setting next_dagrun for job_data_pipeline to 2023-07-30T00:00:00+00:00, run_after=2023-07-31T00:00:00+00:00
[2023-07-30T03:30:53.586+0000] {processor.py:175} INFO - Processing /opt/airflow/dags/load_data_good.py took 1.547 seconds
[2023-07-30T03:31:23.939+0000] {processor.py:153} INFO - Started process (PID=46880) to work on /opt/airflow/dags/load_data_good.py
[2023-07-30T03:31:23.941+0000] {processor.py:743} INFO - Processing file /opt/airflow/dags/load_data_good.py for tasks to queue
[2023-07-30T03:31:23.945+0000] {logging_mixin.py:137} INFO - [2023-07-30T03:31:23.944+0000] {dagbag.py:538} INFO - Filling up the DagBag from /opt/airflow/dags/load_data_good.py
[2023-07-30T03:31:24.895+0000] {processor.py:753} INFO - DAG(s) dict_keys(['job_data_pipeline']) retrieved from /opt/airflow/dags/load_data_good.py
[2023-07-30T03:31:25.020+0000] {logging_mixin.py:137} INFO - [2023-07-30T03:31:25.019+0000] {dag.py:2676} INFO - Sync 1 DAGs
[2023-07-30T03:31:25.220+0000] {logging_mixin.py:137} INFO - [2023-07-30T03:31:25.220+0000] {dag.py:3427} INFO - Setting next_dagrun for job_data_pipeline to 2023-07-30T00:00:00+00:00, run_after=2023-07-31T00:00:00+00:00
[2023-07-30T03:31:25.541+0000] {processor.py:175} INFO - Processing /opt/airflow/dags/load_data_good.py took 1.618 seconds
[2023-07-30T03:31:56.239+0000] {processor.py:153} INFO - Started process (PID=46920) to work on /opt/airflow/dags/load_data_good.py
[2023-07-30T03:31:56.242+0000] {processor.py:743} INFO - Processing file /opt/airflow/dags/load_data_good.py for tasks to queue
[2023-07-30T03:31:56.244+0000] {logging_mixin.py:137} INFO - [2023-07-30T03:31:56.244+0000] {dagbag.py:538} INFO - Filling up the DagBag from /opt/airflow/dags/load_data_good.py
[2023-07-30T03:31:57.839+0000] {processor.py:753} INFO - DAG(s) dict_keys(['job_data_pipeline']) retrieved from /opt/airflow/dags/load_data_good.py
[2023-07-30T03:31:57.935+0000] {logging_mixin.py:137} INFO - [2023-07-30T03:31:57.934+0000] {dag.py:2676} INFO - Sync 1 DAGs
[2023-07-30T03:31:58.015+0000] {logging_mixin.py:137} INFO - [2023-07-30T03:31:58.014+0000] {dag.py:3427} INFO - Setting next_dagrun for job_data_pipeline to 2023-07-30T00:00:00+00:00, run_after=2023-07-31T00:00:00+00:00
[2023-07-30T03:31:58.285+0000] {processor.py:175} INFO - Processing /opt/airflow/dags/load_data_good.py took 2.061 seconds
[2023-07-30T03:32:28.627+0000] {processor.py:153} INFO - Started process (PID=46955) to work on /opt/airflow/dags/load_data_good.py
[2023-07-30T03:32:28.630+0000] {processor.py:743} INFO - Processing file /opt/airflow/dags/load_data_good.py for tasks to queue
[2023-07-30T03:32:28.632+0000] {logging_mixin.py:137} INFO - [2023-07-30T03:32:28.632+0000] {dagbag.py:538} INFO - Filling up the DagBag from /opt/airflow/dags/load_data_good.py
[2023-07-30T03:32:30.253+0000] {processor.py:753} INFO - DAG(s) dict_keys(['job_data_pipeline']) retrieved from /opt/airflow/dags/load_data_good.py
[2023-07-30T03:32:30.344+0000] {logging_mixin.py:137} INFO - [2023-07-30T03:32:30.343+0000] {dag.py:2676} INFO - Sync 1 DAGs
[2023-07-30T03:32:30.407+0000] {logging_mixin.py:137} INFO - [2023-07-30T03:32:30.401+0000] {dag.py:3427} INFO - Setting next_dagrun for job_data_pipeline to 2023-07-30T00:00:00+00:00, run_after=2023-07-31T00:00:00+00:00
[2023-07-30T03:32:30.537+0000] {processor.py:175} INFO - Processing /opt/airflow/dags/load_data_good.py took 1.938 seconds
[2023-07-30T03:33:01.050+0000] {processor.py:153} INFO - Started process (PID=47000) to work on /opt/airflow/dags/load_data_good.py
[2023-07-30T03:33:01.063+0000] {processor.py:743} INFO - Processing file /opt/airflow/dags/load_data_good.py for tasks to queue
[2023-07-30T03:33:01.066+0000] {logging_mixin.py:137} INFO - [2023-07-30T03:33:01.065+0000] {dagbag.py:538} INFO - Filling up the DagBag from /opt/airflow/dags/load_data_good.py
[2023-07-30T03:33:02.145+0000] {processor.py:753} INFO - DAG(s) dict_keys(['job_data_pipeline']) retrieved from /opt/airflow/dags/load_data_good.py
[2023-07-30T03:33:02.219+0000] {logging_mixin.py:137} INFO - [2023-07-30T03:33:02.219+0000] {dag.py:2676} INFO - Sync 1 DAGs
[2023-07-30T03:33:02.281+0000] {logging_mixin.py:137} INFO - [2023-07-30T03:33:02.281+0000] {dag.py:3427} INFO - Setting next_dagrun for job_data_pipeline to 2023-07-30T00:00:00+00:00, run_after=2023-07-31T00:00:00+00:00
[2023-07-30T03:33:02.517+0000] {processor.py:175} INFO - Processing /opt/airflow/dags/load_data_good.py took 1.487 seconds
[2023-07-30T03:33:32.705+0000] {processor.py:153} INFO - Started process (PID=47043) to work on /opt/airflow/dags/load_data_good.py
[2023-07-30T03:33:32.727+0000] {processor.py:743} INFO - Processing file /opt/airflow/dags/load_data_good.py for tasks to queue
[2023-07-30T03:33:32.741+0000] {logging_mixin.py:137} INFO - [2023-07-30T03:33:32.739+0000] {dagbag.py:538} INFO - Filling up the DagBag from /opt/airflow/dags/load_data_good.py
[2023-07-30T03:33:34.475+0000] {processor.py:753} INFO - DAG(s) dict_keys(['job_data_pipeline']) retrieved from /opt/airflow/dags/load_data_good.py
[2023-07-30T03:33:34.546+0000] {logging_mixin.py:137} INFO - [2023-07-30T03:33:34.546+0000] {dag.py:2676} INFO - Sync 1 DAGs
[2023-07-30T03:33:34.603+0000] {logging_mixin.py:137} INFO - [2023-07-30T03:33:34.603+0000] {dag.py:3427} INFO - Setting next_dagrun for job_data_pipeline to 2023-07-30T00:00:00+00:00, run_after=2023-07-31T00:00:00+00:00
[2023-07-30T03:33:34.883+0000] {processor.py:175} INFO - Processing /opt/airflow/dags/load_data_good.py took 2.212 seconds
[2023-07-30T03:34:05.301+0000] {processor.py:153} INFO - Started process (PID=47074) to work on /opt/airflow/dags/load_data_good.py
[2023-07-30T03:34:05.303+0000] {processor.py:743} INFO - Processing file /opt/airflow/dags/load_data_good.py for tasks to queue
[2023-07-30T03:34:05.306+0000] {logging_mixin.py:137} INFO - [2023-07-30T03:34:05.305+0000] {dagbag.py:538} INFO - Filling up the DagBag from /opt/airflow/dags/load_data_good.py
[2023-07-30T03:34:07.388+0000] {processor.py:753} INFO - DAG(s) dict_keys(['job_data_pipeline']) retrieved from /opt/airflow/dags/load_data_good.py
[2023-07-30T03:34:07.492+0000] {logging_mixin.py:137} INFO - [2023-07-30T03:34:07.491+0000] {dag.py:2676} INFO - Sync 1 DAGs
[2023-07-30T03:34:07.660+0000] {logging_mixin.py:137} INFO - [2023-07-30T03:34:07.647+0000] {dag.py:3427} INFO - Setting next_dagrun for job_data_pipeline to 2023-07-30T00:00:00+00:00, run_after=2023-07-31T00:00:00+00:00
[2023-07-30T03:34:07.968+0000] {processor.py:175} INFO - Processing /opt/airflow/dags/load_data_good.py took 2.676 seconds
[2023-07-30T03:34:38.278+0000] {processor.py:153} INFO - Started process (PID=47116) to work on /opt/airflow/dags/load_data_good.py
[2023-07-30T03:34:38.279+0000] {processor.py:743} INFO - Processing file /opt/airflow/dags/load_data_good.py for tasks to queue
[2023-07-30T03:34:38.281+0000] {logging_mixin.py:137} INFO - [2023-07-30T03:34:38.281+0000] {dagbag.py:538} INFO - Filling up the DagBag from /opt/airflow/dags/load_data_good.py
[2023-07-30T03:34:39.119+0000] {processor.py:753} INFO - DAG(s) dict_keys(['job_data_pipeline']) retrieved from /opt/airflow/dags/load_data_good.py
[2023-07-30T03:34:39.175+0000] {logging_mixin.py:137} INFO - [2023-07-30T03:34:39.174+0000] {dag.py:2676} INFO - Sync 1 DAGs
[2023-07-30T03:34:39.220+0000] {logging_mixin.py:137} INFO - [2023-07-30T03:34:39.220+0000] {dag.py:3427} INFO - Setting next_dagrun for job_data_pipeline to 2023-07-30T00:00:00+00:00, run_after=2023-07-31T00:00:00+00:00
[2023-07-30T03:34:39.398+0000] {processor.py:175} INFO - Processing /opt/airflow/dags/load_data_good.py took 1.127 seconds
[2023-07-30T03:35:09.538+0000] {processor.py:153} INFO - Started process (PID=47159) to work on /opt/airflow/dags/load_data_good.py
[2023-07-30T03:35:09.541+0000] {processor.py:743} INFO - Processing file /opt/airflow/dags/load_data_good.py for tasks to queue
[2023-07-30T03:35:09.543+0000] {logging_mixin.py:137} INFO - [2023-07-30T03:35:09.543+0000] {dagbag.py:538} INFO - Filling up the DagBag from /opt/airflow/dags/load_data_good.py
[2023-07-30T03:35:11.596+0000] {processor.py:753} INFO - DAG(s) dict_keys(['job_data_pipeline']) retrieved from /opt/airflow/dags/load_data_good.py
[2023-07-30T03:35:11.738+0000] {logging_mixin.py:137} INFO - [2023-07-30T03:35:11.727+0000] {dag.py:2676} INFO - Sync 1 DAGs
[2023-07-30T03:35:11.900+0000] {logging_mixin.py:137} INFO - [2023-07-30T03:35:11.900+0000] {dag.py:3427} INFO - Setting next_dagrun for job_data_pipeline to 2023-07-30T00:00:00+00:00, run_after=2023-07-31T00:00:00+00:00
[2023-07-30T03:35:12.382+0000] {processor.py:175} INFO - Processing /opt/airflow/dags/load_data_good.py took 2.853 seconds
[2023-07-30T03:35:42.605+0000] {processor.py:153} INFO - Started process (PID=47191) to work on /opt/airflow/dags/load_data_good.py
[2023-07-30T03:35:42.607+0000] {processor.py:743} INFO - Processing file /opt/airflow/dags/load_data_good.py for tasks to queue
[2023-07-30T03:35:42.609+0000] {logging_mixin.py:137} INFO - [2023-07-30T03:35:42.609+0000] {dagbag.py:538} INFO - Filling up the DagBag from /opt/airflow/dags/load_data_good.py
[2023-07-30T03:35:43.759+0000] {processor.py:753} INFO - DAG(s) dict_keys(['job_data_pipeline']) retrieved from /opt/airflow/dags/load_data_good.py
[2023-07-30T03:35:43.835+0000] {logging_mixin.py:137} INFO - [2023-07-30T03:35:43.834+0000] {dag.py:2676} INFO - Sync 1 DAGs
[2023-07-30T03:35:43.919+0000] {logging_mixin.py:137} INFO - [2023-07-30T03:35:43.918+0000] {dag.py:3427} INFO - Setting next_dagrun for job_data_pipeline to 2023-07-30T00:00:00+00:00, run_after=2023-07-31T00:00:00+00:00
[2023-07-30T03:35:44.208+0000] {processor.py:175} INFO - Processing /opt/airflow/dags/load_data_good.py took 1.609 seconds
[2023-07-30T03:36:14.615+0000] {processor.py:153} INFO - Started process (PID=47235) to work on /opt/airflow/dags/load_data_good.py
[2023-07-30T03:36:14.617+0000] {processor.py:743} INFO - Processing file /opt/airflow/dags/load_data_good.py for tasks to queue
[2023-07-30T03:36:14.619+0000] {logging_mixin.py:137} INFO - [2023-07-30T03:36:14.619+0000] {dagbag.py:538} INFO - Filling up the DagBag from /opt/airflow/dags/load_data_good.py
[2023-07-30T03:36:15.653+0000] {processor.py:753} INFO - DAG(s) dict_keys(['job_data_pipeline']) retrieved from /opt/airflow/dags/load_data_good.py
[2023-07-30T03:36:15.761+0000] {logging_mixin.py:137} INFO - [2023-07-30T03:36:15.761+0000] {dag.py:2676} INFO - Sync 1 DAGs
[2023-07-30T03:36:15.819+0000] {logging_mixin.py:137} INFO - [2023-07-30T03:36:15.819+0000] {dag.py:3427} INFO - Setting next_dagrun for job_data_pipeline to 2023-07-30T00:00:00+00:00, run_after=2023-07-31T00:00:00+00:00
[2023-07-30T03:36:15.960+0000] {processor.py:175} INFO - Processing /opt/airflow/dags/load_data_good.py took 1.353 seconds
[2023-07-30T03:36:46.467+0000] {processor.py:153} INFO - Started process (PID=47278) to work on /opt/airflow/dags/load_data_good.py
[2023-07-30T03:36:46.468+0000] {processor.py:743} INFO - Processing file /opt/airflow/dags/load_data_good.py for tasks to queue
[2023-07-30T03:36:46.470+0000] {logging_mixin.py:137} INFO - [2023-07-30T03:36:46.470+0000] {dagbag.py:538} INFO - Filling up the DagBag from /opt/airflow/dags/load_data_good.py
[2023-07-30T03:36:47.540+0000] {processor.py:753} INFO - DAG(s) dict_keys(['job_data_pipeline']) retrieved from /opt/airflow/dags/load_data_good.py
[2023-07-30T03:36:47.601+0000] {logging_mixin.py:137} INFO - [2023-07-30T03:36:47.601+0000] {dag.py:2676} INFO - Sync 1 DAGs
[2023-07-30T03:36:47.651+0000] {logging_mixin.py:137} INFO - [2023-07-30T03:36:47.651+0000] {dag.py:3427} INFO - Setting next_dagrun for job_data_pipeline to 2023-07-30T00:00:00+00:00, run_after=2023-07-31T00:00:00+00:00
[2023-07-30T03:36:47.822+0000] {processor.py:175} INFO - Processing /opt/airflow/dags/load_data_good.py took 1.362 seconds
[2023-07-30T03:37:18.825+0000] {processor.py:153} INFO - Started process (PID=47319) to work on /opt/airflow/dags/load_data_good.py
[2023-07-30T03:37:18.827+0000] {processor.py:743} INFO - Processing file /opt/airflow/dags/load_data_good.py for tasks to queue
[2023-07-30T03:37:18.829+0000] {logging_mixin.py:137} INFO - [2023-07-30T03:37:18.829+0000] {dagbag.py:538} INFO - Filling up the DagBag from /opt/airflow/dags/load_data_good.py
[2023-07-30T03:37:20.475+0000] {processor.py:753} INFO - DAG(s) dict_keys(['job_data_pipeline']) retrieved from /opt/airflow/dags/load_data_good.py
[2023-07-30T03:37:20.563+0000] {logging_mixin.py:137} INFO - [2023-07-30T03:37:20.562+0000] {dag.py:2676} INFO - Sync 1 DAGs
[2023-07-30T03:37:20.652+0000] {logging_mixin.py:137} INFO - [2023-07-30T03:37:20.651+0000] {dag.py:3427} INFO - Setting next_dagrun for job_data_pipeline to 2023-07-30T00:00:00+00:00, run_after=2023-07-31T00:00:00+00:00
[2023-07-30T03:37:20.753+0000] {processor.py:175} INFO - Processing /opt/airflow/dags/load_data_good.py took 1.936 seconds
[2023-07-30T03:37:51.453+0000] {processor.py:153} INFO - Started process (PID=47361) to work on /opt/airflow/dags/load_data_good.py
[2023-07-30T03:37:51.456+0000] {processor.py:743} INFO - Processing file /opt/airflow/dags/load_data_good.py for tasks to queue
[2023-07-30T03:37:51.458+0000] {logging_mixin.py:137} INFO - [2023-07-30T03:37:51.458+0000] {dagbag.py:538} INFO - Filling up the DagBag from /opt/airflow/dags/load_data_good.py
[2023-07-30T03:37:52.738+0000] {processor.py:753} INFO - DAG(s) dict_keys(['job_data_pipeline']) retrieved from /opt/airflow/dags/load_data_good.py
[2023-07-30T03:37:52.861+0000] {logging_mixin.py:137} INFO - [2023-07-30T03:37:52.860+0000] {dag.py:2676} INFO - Sync 1 DAGs
[2023-07-30T03:37:52.943+0000] {logging_mixin.py:137} INFO - [2023-07-30T03:37:52.943+0000] {dag.py:3427} INFO - Setting next_dagrun for job_data_pipeline to 2023-07-30T00:00:00+00:00, run_after=2023-07-31T00:00:00+00:00
[2023-07-30T03:37:53.123+0000] {processor.py:175} INFO - Processing /opt/airflow/dags/load_data_good.py took 1.676 seconds
[2023-07-30T03:38:23.535+0000] {processor.py:153} INFO - Started process (PID=47399) to work on /opt/airflow/dags/load_data_good.py
[2023-07-30T03:38:23.537+0000] {processor.py:743} INFO - Processing file /opt/airflow/dags/load_data_good.py for tasks to queue
[2023-07-30T03:38:23.538+0000] {logging_mixin.py:137} INFO - [2023-07-30T03:38:23.538+0000] {dagbag.py:538} INFO - Filling up the DagBag from /opt/airflow/dags/load_data_good.py
[2023-07-30T03:38:24.476+0000] {processor.py:753} INFO - DAG(s) dict_keys(['job_data_pipeline']) retrieved from /opt/airflow/dags/load_data_good.py
[2023-07-30T03:38:24.564+0000] {logging_mixin.py:137} INFO - [2023-07-30T03:38:24.563+0000] {dag.py:2676} INFO - Sync 1 DAGs
[2023-07-30T03:38:24.628+0000] {logging_mixin.py:137} INFO - [2023-07-30T03:38:24.628+0000] {dag.py:3427} INFO - Setting next_dagrun for job_data_pipeline to 2023-07-30T00:00:00+00:00, run_after=2023-07-31T00:00:00+00:00
[2023-07-30T03:38:24.749+0000] {processor.py:175} INFO - Processing /opt/airflow/dags/load_data_good.py took 1.220 seconds
[2023-07-30T03:38:54.957+0000] {processor.py:153} INFO - Started process (PID=47441) to work on /opt/airflow/dags/load_data_good.py
[2023-07-30T03:38:54.958+0000] {processor.py:743} INFO - Processing file /opt/airflow/dags/load_data_good.py for tasks to queue
[2023-07-30T03:38:54.960+0000] {logging_mixin.py:137} INFO - [2023-07-30T03:38:54.960+0000] {dagbag.py:538} INFO - Filling up the DagBag from /opt/airflow/dags/load_data_good.py
[2023-07-30T03:38:55.660+0000] {processor.py:753} INFO - DAG(s) dict_keys(['job_data_pipeline']) retrieved from /opt/airflow/dags/load_data_good.py
[2023-07-30T03:38:55.711+0000] {logging_mixin.py:137} INFO - [2023-07-30T03:38:55.710+0000] {dag.py:2676} INFO - Sync 1 DAGs
[2023-07-30T03:38:55.753+0000] {logging_mixin.py:137} INFO - [2023-07-30T03:38:55.753+0000] {dag.py:3427} INFO - Setting next_dagrun for job_data_pipeline to 2023-07-30T00:00:00+00:00, run_after=2023-07-31T00:00:00+00:00
[2023-07-30T03:38:55.891+0000] {processor.py:175} INFO - Processing /opt/airflow/dags/load_data_good.py took 0.939 seconds
[2023-07-30T03:39:26.327+0000] {processor.py:153} INFO - Started process (PID=47484) to work on /opt/airflow/dags/load_data_good.py
[2023-07-30T03:39:26.329+0000] {processor.py:743} INFO - Processing file /opt/airflow/dags/load_data_good.py for tasks to queue
[2023-07-30T03:39:26.331+0000] {logging_mixin.py:137} INFO - [2023-07-30T03:39:26.330+0000] {dagbag.py:538} INFO - Filling up the DagBag from /opt/airflow/dags/load_data_good.py
[2023-07-30T03:39:27.420+0000] {processor.py:753} INFO - DAG(s) dict_keys(['job_data_pipeline']) retrieved from /opt/airflow/dags/load_data_good.py
[2023-07-30T03:39:27.497+0000] {logging_mixin.py:137} INFO - [2023-07-30T03:39:27.496+0000] {dag.py:2676} INFO - Sync 1 DAGs
[2023-07-30T03:39:27.585+0000] {logging_mixin.py:137} INFO - [2023-07-30T03:39:27.584+0000] {dag.py:3427} INFO - Setting next_dagrun for job_data_pipeline to 2023-07-30T00:00:00+00:00, run_after=2023-07-31T00:00:00+00:00
[2023-07-30T03:39:27.757+0000] {processor.py:175} INFO - Processing /opt/airflow/dags/load_data_good.py took 1.438 seconds
[2023-07-30T03:40:07.271+0000] {processor.py:153} INFO - Started process (PID=47523) to work on /opt/airflow/dags/load_data_good.py
[2023-07-30T03:40:07.292+0000] {processor.py:743} INFO - Processing file /opt/airflow/dags/load_data_good.py for tasks to queue
[2023-07-30T03:40:07.297+0000] {logging_mixin.py:137} INFO - [2023-07-30T03:40:07.297+0000] {dagbag.py:538} INFO - Filling up the DagBag from /opt/airflow/dags/load_data_good.py
[2023-07-30T03:40:13.700+0000] {processor.py:753} INFO - DAG(s) dict_keys(['job_data_pipeline']) retrieved from /opt/airflow/dags/load_data_good.py
[2023-07-30T03:40:14.057+0000] {logging_mixin.py:137} INFO - [2023-07-30T03:40:14.055+0000] {dag.py:2676} INFO - Sync 1 DAGs
[2023-07-30T03:40:14.425+0000] {logging_mixin.py:137} INFO - [2023-07-30T03:40:14.425+0000] {dag.py:3427} INFO - Setting next_dagrun for job_data_pipeline to 2023-07-30T00:00:00+00:00, run_after=2023-07-31T00:00:00+00:00
[2023-07-30T03:40:16.115+0000] {processor.py:175} INFO - Processing /opt/airflow/dags/load_data_good.py took 8.851 seconds
[2023-07-30T03:40:46.662+0000] {processor.py:153} INFO - Started process (PID=47569) to work on /opt/airflow/dags/load_data_good.py
[2023-07-30T03:40:46.674+0000] {processor.py:743} INFO - Processing file /opt/airflow/dags/load_data_good.py for tasks to queue
[2023-07-30T03:40:46.679+0000] {logging_mixin.py:137} INFO - [2023-07-30T03:40:46.678+0000] {dagbag.py:538} INFO - Filling up the DagBag from /opt/airflow/dags/load_data_good.py
[2023-07-30T03:40:47.991+0000] {processor.py:753} INFO - DAG(s) dict_keys(['job_data_pipeline']) retrieved from /opt/airflow/dags/load_data_good.py
[2023-07-30T03:40:48.110+0000] {logging_mixin.py:137} INFO - [2023-07-30T03:40:48.109+0000] {dag.py:2676} INFO - Sync 1 DAGs
[2023-07-30T03:40:48.186+0000] {logging_mixin.py:137} INFO - [2023-07-30T03:40:48.186+0000] {dag.py:3427} INFO - Setting next_dagrun for job_data_pipeline to 2023-07-30T00:00:00+00:00, run_after=2023-07-31T00:00:00+00:00
[2023-07-30T03:40:48.336+0000] {processor.py:175} INFO - Processing /opt/airflow/dags/load_data_good.py took 1.722 seconds
[2023-07-30T03:41:31.006+0000] {processor.py:153} INFO - Started process (PID=47610) to work on /opt/airflow/dags/load_data_good.py
[2023-07-30T03:41:31.031+0000] {processor.py:743} INFO - Processing file /opt/airflow/dags/load_data_good.py for tasks to queue
[2023-07-30T03:41:31.084+0000] {logging_mixin.py:137} INFO - [2023-07-30T03:41:31.084+0000] {dagbag.py:538} INFO - Filling up the DagBag from /opt/airflow/dags/load_data_good.py
[2023-07-30T03:41:33.265+0000] {processor.py:753} INFO - DAG(s) dict_keys(['job_data_pipeline']) retrieved from /opt/airflow/dags/load_data_good.py
[2023-07-30T03:41:33.389+0000] {logging_mixin.py:137} INFO - [2023-07-30T03:41:33.388+0000] {dag.py:2676} INFO - Sync 1 DAGs
[2023-07-30T03:41:33.488+0000] {logging_mixin.py:137} INFO - [2023-07-30T03:41:33.488+0000] {dag.py:3427} INFO - Setting next_dagrun for job_data_pipeline to 2023-07-30T00:00:00+00:00, run_after=2023-07-31T00:00:00+00:00
[2023-07-30T03:41:33.722+0000] {processor.py:175} INFO - Processing /opt/airflow/dags/load_data_good.py took 2.732 seconds
[2023-07-30T03:42:04.617+0000] {processor.py:153} INFO - Started process (PID=47655) to work on /opt/airflow/dags/load_data_good.py
[2023-07-30T03:42:04.622+0000] {processor.py:743} INFO - Processing file /opt/airflow/dags/load_data_good.py for tasks to queue
[2023-07-30T03:42:04.624+0000] {logging_mixin.py:137} INFO - [2023-07-30T03:42:04.624+0000] {dagbag.py:538} INFO - Filling up the DagBag from /opt/airflow/dags/load_data_good.py
[2023-07-30T03:42:07.156+0000] {processor.py:753} INFO - DAG(s) dict_keys(['job_data_pipeline']) retrieved from /opt/airflow/dags/load_data_good.py
[2023-07-30T03:42:07.365+0000] {logging_mixin.py:137} INFO - [2023-07-30T03:42:07.364+0000] {dag.py:2676} INFO - Sync 1 DAGs
[2023-07-30T03:42:07.459+0000] {logging_mixin.py:137} INFO - [2023-07-30T03:42:07.458+0000] {dag.py:3427} INFO - Setting next_dagrun for job_data_pipeline to 2023-07-30T00:00:00+00:00, run_after=2023-07-31T00:00:00+00:00
[2023-07-30T03:42:07.948+0000] {processor.py:175} INFO - Processing /opt/airflow/dags/load_data_good.py took 3.339 seconds
[2023-07-30T03:42:38.446+0000] {processor.py:153} INFO - Started process (PID=47689) to work on /opt/airflow/dags/load_data_good.py
[2023-07-30T03:42:38.448+0000] {processor.py:743} INFO - Processing file /opt/airflow/dags/load_data_good.py for tasks to queue
[2023-07-30T03:42:38.451+0000] {logging_mixin.py:137} INFO - [2023-07-30T03:42:38.450+0000] {dagbag.py:538} INFO - Filling up the DagBag from /opt/airflow/dags/load_data_good.py
[2023-07-30T03:42:39.525+0000] {processor.py:753} INFO - DAG(s) dict_keys(['job_data_pipeline']) retrieved from /opt/airflow/dags/load_data_good.py
[2023-07-30T03:42:39.600+0000] {logging_mixin.py:137} INFO - [2023-07-30T03:42:39.599+0000] {dag.py:2676} INFO - Sync 1 DAGs
[2023-07-30T03:42:39.658+0000] {logging_mixin.py:137} INFO - [2023-07-30T03:42:39.658+0000] {dag.py:3427} INFO - Setting next_dagrun for job_data_pipeline to 2023-07-30T00:00:00+00:00, run_after=2023-07-31T00:00:00+00:00
[2023-07-30T03:42:39.851+0000] {processor.py:175} INFO - Processing /opt/airflow/dags/load_data_good.py took 1.411 seconds
[2023-07-30T03:43:25.935+0000] {processor.py:153} INFO - Started process (PID=47744) to work on /opt/airflow/dags/load_data_good.py
[2023-07-30T03:43:25.945+0000] {processor.py:743} INFO - Processing file /opt/airflow/dags/load_data_good.py for tasks to queue
[2023-07-30T03:43:25.950+0000] {logging_mixin.py:137} INFO - [2023-07-30T03:43:25.949+0000] {dagbag.py:538} INFO - Filling up the DagBag from /opt/airflow/dags/load_data_good.py
[2023-07-30T03:43:31.519+0000] {processor.py:753} INFO - DAG(s) dict_keys(['job_data_pipeline']) retrieved from /opt/airflow/dags/load_data_good.py
[2023-07-30T03:43:31.979+0000] {logging_mixin.py:137} INFO - [2023-07-30T03:43:31.960+0000] {dag.py:2676} INFO - Sync 1 DAGs
[2023-07-30T03:43:32.594+0000] {logging_mixin.py:137} INFO - [2023-07-30T03:43:32.588+0000] {dag.py:3427} INFO - Setting next_dagrun for job_data_pipeline to 2023-07-30T00:00:00+00:00, run_after=2023-07-31T00:00:00+00:00
[2023-07-30T03:43:32.985+0000] {processor.py:175} INFO - Processing /opt/airflow/dags/load_data_good.py took 7.090 seconds
[2023-07-30T03:44:04.335+0000] {processor.py:153} INFO - Started process (PID=47782) to work on /opt/airflow/dags/load_data_good.py
[2023-07-30T03:44:04.338+0000] {processor.py:743} INFO - Processing file /opt/airflow/dags/load_data_good.py for tasks to queue
[2023-07-30T03:44:04.341+0000] {logging_mixin.py:137} INFO - [2023-07-30T03:44:04.340+0000] {dagbag.py:538} INFO - Filling up the DagBag from /opt/airflow/dags/load_data_good.py
[2023-07-30T03:44:07.718+0000] {processor.py:753} INFO - DAG(s) dict_keys(['job_data_pipeline']) retrieved from /opt/airflow/dags/load_data_good.py
[2023-07-30T03:44:08.004+0000] {logging_mixin.py:137} INFO - [2023-07-30T03:44:07.991+0000] {dag.py:2676} INFO - Sync 1 DAGs
[2023-07-30T03:44:08.160+0000] {logging_mixin.py:137} INFO - [2023-07-30T03:44:08.160+0000] {dag.py:3427} INFO - Setting next_dagrun for job_data_pipeline to 2023-07-30T00:00:00+00:00, run_after=2023-07-31T00:00:00+00:00
[2023-07-30T03:44:08.677+0000] {processor.py:175} INFO - Processing /opt/airflow/dags/load_data_good.py took 4.361 seconds
[2023-07-30T03:44:39.698+0000] {processor.py:153} INFO - Started process (PID=47829) to work on /opt/airflow/dags/load_data_good.py
[2023-07-30T03:44:39.702+0000] {processor.py:743} INFO - Processing file /opt/airflow/dags/load_data_good.py for tasks to queue
[2023-07-30T03:44:39.704+0000] {logging_mixin.py:137} INFO - [2023-07-30T03:44:39.704+0000] {dagbag.py:538} INFO - Filling up the DagBag from /opt/airflow/dags/load_data_good.py
[2023-07-30T03:44:42.069+0000] {processor.py:753} INFO - DAG(s) dict_keys(['job_data_pipeline']) retrieved from /opt/airflow/dags/load_data_good.py
[2023-07-30T03:44:42.188+0000] {logging_mixin.py:137} INFO - [2023-07-30T03:44:42.187+0000] {dag.py:2676} INFO - Sync 1 DAGs
[2023-07-30T03:44:42.320+0000] {logging_mixin.py:137} INFO - [2023-07-30T03:44:42.319+0000] {dag.py:3427} INFO - Setting next_dagrun for job_data_pipeline to 2023-07-30T00:00:00+00:00, run_after=2023-07-31T00:00:00+00:00
[2023-07-30T03:44:42.599+0000] {processor.py:175} INFO - Processing /opt/airflow/dags/load_data_good.py took 2.906 seconds
[2023-07-30T03:45:16.404+0000] {processor.py:153} INFO - Started process (PID=47875) to work on /opt/airflow/dags/load_data_good.py
[2023-07-30T03:45:16.417+0000] {processor.py:743} INFO - Processing file /opt/airflow/dags/load_data_good.py for tasks to queue
[2023-07-30T03:45:16.426+0000] {logging_mixin.py:137} INFO - [2023-07-30T03:45:16.426+0000] {dagbag.py:538} INFO - Filling up the DagBag from /opt/airflow/dags/load_data_good.py
[2023-07-30T03:45:20.041+0000] {processor.py:753} INFO - DAG(s) dict_keys(['job_data_pipeline']) retrieved from /opt/airflow/dags/load_data_good.py
[2023-07-30T03:45:20.394+0000] {logging_mixin.py:137} INFO - [2023-07-30T03:45:20.389+0000] {dag.py:2676} INFO - Sync 1 DAGs
[2023-07-30T03:45:20.544+0000] {logging_mixin.py:137} INFO - [2023-07-30T03:45:20.544+0000] {dag.py:3427} INFO - Setting next_dagrun for job_data_pipeline to 2023-07-30T00:00:00+00:00, run_after=2023-07-31T00:00:00+00:00
[2023-07-30T03:45:21.002+0000] {processor.py:175} INFO - Processing /opt/airflow/dags/load_data_good.py took 4.605 seconds
[2023-07-30T03:45:51.700+0000] {processor.py:153} INFO - Started process (PID=47922) to work on /opt/airflow/dags/load_data_good.py
[2023-07-30T03:45:51.702+0000] {processor.py:743} INFO - Processing file /opt/airflow/dags/load_data_good.py for tasks to queue
[2023-07-30T03:45:51.704+0000] {logging_mixin.py:137} INFO - [2023-07-30T03:45:51.704+0000] {dagbag.py:538} INFO - Filling up the DagBag from /opt/airflow/dags/load_data_good.py
[2023-07-30T03:45:52.637+0000] {processor.py:753} INFO - DAG(s) dict_keys(['job_data_pipeline']) retrieved from /opt/airflow/dags/load_data_good.py
[2023-07-30T03:45:52.739+0000] {logging_mixin.py:137} INFO - [2023-07-30T03:45:52.737+0000] {dag.py:2676} INFO - Sync 1 DAGs
[2023-07-30T03:45:52.792+0000] {logging_mixin.py:137} INFO - [2023-07-30T03:45:52.791+0000] {dag.py:3427} INFO - Setting next_dagrun for job_data_pipeline to 2023-07-30T00:00:00+00:00, run_after=2023-07-31T00:00:00+00:00
[2023-07-30T03:45:52.959+0000] {processor.py:175} INFO - Processing /opt/airflow/dags/load_data_good.py took 1.265 seconds
[2023-07-30T03:46:23.680+0000] {processor.py:153} INFO - Started process (PID=47963) to work on /opt/airflow/dags/load_data_good.py
[2023-07-30T03:46:23.693+0000] {processor.py:743} INFO - Processing file /opt/airflow/dags/load_data_good.py for tasks to queue
[2023-07-30T03:46:23.713+0000] {logging_mixin.py:137} INFO - [2023-07-30T03:46:23.713+0000] {dagbag.py:538} INFO - Filling up the DagBag from /opt/airflow/dags/load_data_good.py
[2023-07-30T03:46:27.390+0000] {processor.py:753} INFO - DAG(s) dict_keys(['job_data_pipeline']) retrieved from /opt/airflow/dags/load_data_good.py
[2023-07-30T03:46:27.540+0000] {logging_mixin.py:137} INFO - [2023-07-30T03:46:27.539+0000] {dag.py:2676} INFO - Sync 1 DAGs
[2023-07-30T03:46:27.718+0000] {logging_mixin.py:137} INFO - [2023-07-30T03:46:27.717+0000] {dag.py:3427} INFO - Setting next_dagrun for job_data_pipeline to 2023-07-30T00:00:00+00:00, run_after=2023-07-31T00:00:00+00:00
[2023-07-30T03:46:28.303+0000] {processor.py:175} INFO - Processing /opt/airflow/dags/load_data_good.py took 4.704 seconds
[2023-07-30T03:46:58.736+0000] {processor.py:153} INFO - Started process (PID=48001) to work on /opt/airflow/dags/load_data_good.py
[2023-07-30T03:46:58.739+0000] {processor.py:743} INFO - Processing file /opt/airflow/dags/load_data_good.py for tasks to queue
[2023-07-30T03:46:58.741+0000] {logging_mixin.py:137} INFO - [2023-07-30T03:46:58.741+0000] {dagbag.py:538} INFO - Filling up the DagBag from /opt/airflow/dags/load_data_good.py
[2023-07-30T03:47:00.425+0000] {processor.py:753} INFO - DAG(s) dict_keys(['job_data_pipeline']) retrieved from /opt/airflow/dags/load_data_good.py
[2023-07-30T03:47:00.656+0000] {logging_mixin.py:137} INFO - [2023-07-30T03:47:00.655+0000] {dag.py:2676} INFO - Sync 1 DAGs
[2023-07-30T03:47:01.127+0000] {logging_mixin.py:137} INFO - [2023-07-30T03:47:01.127+0000] {dag.py:3427} INFO - Setting next_dagrun for job_data_pipeline to 2023-07-30T00:00:00+00:00, run_after=2023-07-31T00:00:00+00:00
[2023-07-30T03:47:01.365+0000] {processor.py:175} INFO - Processing /opt/airflow/dags/load_data_good.py took 2.636 seconds
