[2023-07-29T12:56:18.997+0000] {taskinstance.py:1087} INFO - Dependencies all met for <TaskInstance: my_postgres_dag_v3-1.insert_data scheduled__2023-07-28T00:00:00+00:00 [queued]>
[2023-07-29T12:56:19.290+0000] {taskinstance.py:1087} INFO - Dependencies all met for <TaskInstance: my_postgres_dag_v3-1.insert_data scheduled__2023-07-28T00:00:00+00:00 [queued]>
[2023-07-29T12:56:19.338+0000] {taskinstance.py:1283} INFO - 
--------------------------------------------------------------------------------
[2023-07-29T12:56:19.417+0000] {taskinstance.py:1284} INFO - Starting attempt 2 of 3
[2023-07-29T12:56:19.433+0000] {taskinstance.py:1285} INFO - 
--------------------------------------------------------------------------------
[2023-07-29T12:56:20.852+0000] {taskinstance.py:1304} INFO - Executing <Task(PostgresOperator): insert_data> on 2023-07-28 00:00:00+00:00
[2023-07-29T12:56:20.937+0000] {standard_task_runner.py:55} INFO - Started process 6064 to run task
[2023-07-29T12:56:21.144+0000] {standard_task_runner.py:82} INFO - Running: ['***', 'tasks', 'run', 'my_postgres_dag_v3-1', 'insert_data', 'scheduled__2023-07-28T00:00:00+00:00', '--job-id', '2061', '--raw', '--subdir', 'DAGS_FOLDER/postgres_operator_v2-2.py', '--cfg-path', '/tmp/tmplj738n1a']
[2023-07-29T12:56:21.223+0000] {standard_task_runner.py:83} INFO - Job 2061: Subtask insert_data
[2023-07-29T12:56:23.085+0000] {task_command.py:389} INFO - Running <TaskInstance: my_postgres_dag_v3-1.insert_data scheduled__2023-07-28T00:00:00+00:00 [running]> on host f1ea17bde741
[2023-07-29T12:56:24.885+0000] {taskinstance.py:1513} INFO - Exporting the following env vars:
AIRFLOW_CTX_DAG_OWNER=Byron
AIRFLOW_CTX_DAG_ID=my_postgres_dag_v3-1
AIRFLOW_CTX_TASK_ID=insert_data
AIRFLOW_CTX_EXECUTION_DATE=2023-07-28T00:00:00+00:00
AIRFLOW_CTX_TRY_NUMBER=2
AIRFLOW_CTX_DAG_RUN_ID=scheduled__2023-07-28T00:00:00+00:00
[2023-07-29T12:56:24.898+0000] {sql.py:253} INFO - Executing: INSERT INTO ***_users (name) VALUES ("Chidi", "Joseph", "Cindy", "Sarai")
[2023-07-29T12:56:25.187+0000] {base.py:73} INFO - Using connection ID 'my_connection' for task execution.
[2023-07-29T12:56:37.087+0000] {base.py:73} INFO - Using connection ID 'my_connection' for task execution.
[2023-07-29T12:56:37.207+0000] {sql.py:364} INFO - Running statement: INSERT INTO ***_users (name) VALUES ("Chidi", "Joseph", "Cindy", "Sarai"), parameters: None
[2023-07-29T12:56:37.266+0000] {taskinstance.py:1772} ERROR - Task failed with exception
Traceback (most recent call last):
  File "/home/airflow/.local/lib/python3.7/site-packages/airflow/providers/common/sql/operators/sql.py", line 261, in execute
    return_last=self.return_last,
  File "/home/airflow/.local/lib/python3.7/site-packages/airflow/providers/common/sql/hooks/sql.py", line 338, in run
    self._run_command(cur, sql_statement, parameters)
  File "/home/airflow/.local/lib/python3.7/site-packages/airflow/providers/common/sql/hooks/sql.py", line 369, in _run_command
    cur.execute(sql_statement)
psycopg2.errors.UndefinedColumn: column "Chidi" does not exist
LINE 1: INSERT INTO ***_users (name) VALUES ("Chidi", "Joseph", ...
                                                 ^

[2023-07-29T12:56:37.455+0000] {taskinstance.py:1327} INFO - Marking task as UP_FOR_RETRY. dag_id=my_postgres_dag_v3-1, task_id=insert_data, execution_date=20230728T000000, start_date=20230729T125619, end_date=20230729T125637
[2023-07-29T12:56:38.243+0000] {standard_task_runner.py:105} ERROR - Failed to execute job 2061 for task insert_data (column "Chidi" does not exist
LINE 1: INSERT INTO ***_users (name) VALUES ("Chidi", "Joseph", ...
                                                 ^
; 6064)
[2023-07-29T12:56:38.416+0000] {local_task_job.py:159} INFO - Task exited with return code 1
[2023-07-29T12:56:39.089+0000] {taskinstance.py:2582} INFO - 0 downstream tasks scheduled from follow-on schedule check
