[2023-07-31T02:00:28.363+0000] {taskinstance.py:1087} INFO - Dependencies all met for <TaskInstance: my_python_dag_v6.greet scheduled__2023-07-30T02:00:00+00:00 [queued]>
[2023-07-31T02:00:28.486+0000] {taskinstance.py:1087} INFO - Dependencies all met for <TaskInstance: my_python_dag_v6.greet scheduled__2023-07-30T02:00:00+00:00 [queued]>
[2023-07-31T02:00:28.511+0000] {taskinstance.py:1283} INFO - 
--------------------------------------------------------------------------------
[2023-07-31T02:00:28.527+0000] {taskinstance.py:1284} INFO - Starting attempt 1 of 3
[2023-07-31T02:00:28.543+0000] {taskinstance.py:1285} INFO - 
--------------------------------------------------------------------------------
[2023-07-31T02:00:28.808+0000] {taskinstance.py:1304} INFO - Executing <Task(PythonOperator): greet> on 2023-07-30 02:00:00+00:00
[2023-07-31T02:00:28.857+0000] {standard_task_runner.py:55} INFO - Started process 16515 to run task
[2023-07-31T02:00:28.908+0000] {standard_task_runner.py:82} INFO - Running: ['***', 'tasks', 'run', 'my_python_dag_v6', 'greet', 'scheduled__2023-07-30T02:00:00+00:00', '--job-id', '3110', '--raw', '--subdir', 'DAGS_FOLDER/python_operatorv6.py', '--cfg-path', '/tmp/tmpkchr44fn']
[2023-07-31T02:00:28.957+0000] {standard_task_runner.py:83} INFO - Job 3110: Subtask greet
[2023-07-31T02:00:29.910+0000] {task_command.py:389} INFO - Running <TaskInstance: my_python_dag_v6.greet scheduled__2023-07-30T02:00:00+00:00 [running]> on host 4b7777060932
[2023-07-31T02:00:30.918+0000] {taskinstance.py:1513} INFO - Exporting the following env vars:
AIRFLOW_CTX_DAG_OWNER=Byron
AIRFLOW_CTX_DAG_ID=my_python_dag_v6
AIRFLOW_CTX_TASK_ID=greet
AIRFLOW_CTX_EXECUTION_DATE=2023-07-30T02:00:00+00:00
AIRFLOW_CTX_TRY_NUMBER=1
AIRFLOW_CTX_DAG_RUN_ID=scheduled__2023-07-30T02:00:00+00:00
[2023-07-31T02:00:31.066+0000] {logging_mixin.py:137} INFO - my name is None and I am 32years old and I am from Canada 
[2023-07-31T02:00:31.083+0000] {python.py:177} INFO - Done. Returned value was: None
[2023-07-31T02:00:31.193+0000] {taskinstance.py:1327} INFO - Marking task as SUCCESS. dag_id=my_python_dag_v6, task_id=greet, execution_date=20230730T020000, start_date=20230731T020028, end_date=20230731T020031
[2023-07-31T02:00:31.577+0000] {local_task_job.py:159} INFO - Task exited with return code 0
[2023-07-31T02:00:31.752+0000] {taskinstance.py:2582} INFO - 0 downstream tasks scheduled from follow-on schedule check
