[2023-07-29T17:16:52.969+0000] {taskinstance.py:1087} INFO - Dependencies all met for <TaskInstance: data_engineering_jobs_dags_v3.drop_table manual__2023-07-29T17:11:30.899001+00:00 [queued]>
[2023-07-29T17:16:53.009+0000] {taskinstance.py:1087} INFO - Dependencies all met for <TaskInstance: data_engineering_jobs_dags_v3.drop_table manual__2023-07-29T17:11:30.899001+00:00 [queued]>
[2023-07-29T17:16:53.010+0000] {taskinstance.py:1283} INFO - 
--------------------------------------------------------------------------------
[2023-07-29T17:16:53.140+0000] {taskinstance.py:1284} INFO - Starting attempt 2 of 2
[2023-07-29T17:16:53.179+0000] {taskinstance.py:1285} INFO - 
--------------------------------------------------------------------------------
[2023-07-29T17:16:53.613+0000] {taskinstance.py:1304} INFO - Executing <Task(PostgresOperator): drop_table> on 2023-07-29 17:11:30.899001+00:00
[2023-07-29T17:16:53.709+0000] {standard_task_runner.py:55} INFO - Started process 18374 to run task
[2023-07-29T17:16:53.743+0000] {standard_task_runner.py:82} INFO - Running: ['***', 'tasks', 'run', 'data_engineering_jobs_dags_v3', 'drop_table', 'manual__2023-07-29T17:11:30.899001+00:00', '--job-id', '2981', '--raw', '--subdir', 'DAGS_FOLDER/load_data_v3.py', '--cfg-path', '/tmp/tmp__4ro61r']
[2023-07-29T17:16:53.769+0000] {standard_task_runner.py:83} INFO - Job 2981: Subtask drop_table
[2023-07-29T17:16:54.473+0000] {task_command.py:389} INFO - Running <TaskInstance: data_engineering_jobs_dags_v3.drop_table manual__2023-07-29T17:11:30.899001+00:00 [running]> on host f1ea17bde741
[2023-07-29T17:16:55.348+0000] {taskinstance.py:1513} INFO - Exporting the following env vars:
AIRFLOW_CTX_DAG_OWNER=***
AIRFLOW_CTX_DAG_ID=data_engineering_jobs_dags_v3
AIRFLOW_CTX_TASK_ID=drop_table
AIRFLOW_CTX_EXECUTION_DATE=2023-07-29T17:11:30.899001+00:00
AIRFLOW_CTX_TRY_NUMBER=2
AIRFLOW_CTX_DAG_RUN_ID=manual__2023-07-29T17:11:30.899001+00:00
[2023-07-29T17:16:55.364+0000] {sql.py:253} INFO - Executing: 
        DROP TABLE IF EXISTS jobs
    
[2023-07-29T17:16:55.463+0000] {base.py:73} INFO - Using connection ID 'my_connection' for task execution.
[2023-07-29T17:16:56.654+0000] {base.py:73} INFO - Using connection ID 'my_connection' for task execution.
[2023-07-29T17:16:56.756+0000] {sql.py:364} INFO - Running statement: 
        DROP TABLE IF EXISTS jobs
    , parameters: None
[2023-07-29T17:16:57.226+0000] {taskinstance.py:1327} INFO - Marking task as SUCCESS. dag_id=data_engineering_jobs_dags_v3, task_id=drop_table, execution_date=20230729T171130, start_date=20230729T171652, end_date=20230729T171657
[2023-07-29T17:16:57.807+0000] {local_task_job.py:159} INFO - Task exited with return code 0
[2023-07-29T17:16:57.968+0000] {taskinstance.py:2582} INFO - 1 downstream tasks scheduled from follow-on schedule check
