[2023-07-29T12:32:00.553+0000] {taskinstance.py:1087} INFO - Dependencies all met for <TaskInstance: my_postgres_dag_v1.create_table manual__2023-07-29T12:31:39.557098+00:00 [queued]>
[2023-07-29T12:32:01.097+0000] {taskinstance.py:1087} INFO - Dependencies all met for <TaskInstance: my_postgres_dag_v1.create_table manual__2023-07-29T12:31:39.557098+00:00 [queued]>
[2023-07-29T12:32:01.144+0000] {taskinstance.py:1283} INFO - 
--------------------------------------------------------------------------------
[2023-07-29T12:32:01.193+0000] {taskinstance.py:1284} INFO - Starting attempt 1 of 3
[2023-07-29T12:32:01.208+0000] {taskinstance.py:1285} INFO - 
--------------------------------------------------------------------------------
[2023-07-29T12:32:02.455+0000] {taskinstance.py:1304} INFO - Executing <Task(PostgresOperator): create_table> on 2023-07-29 12:31:39.557098+00:00
[2023-07-29T12:32:02.636+0000] {standard_task_runner.py:55} INFO - Started process 5210 to run task
[2023-07-29T12:32:02.645+0000] {standard_task_runner.py:82} INFO - Running: ['***', 'tasks', 'run', 'my_postgres_dag_v1', 'create_table', 'manual__2023-07-29T12:31:39.557098+00:00', '--job-id', '2039', '--raw', '--subdir', 'DAGS_FOLDER/postgres_operator_v1.py', '--cfg-path', '/tmp/tmpj3ci93fl']
[2023-07-29T12:32:02.666+0000] {standard_task_runner.py:83} INFO - Job 2039: Subtask create_table
[2023-07-29T12:32:05.579+0000] {task_command.py:389} INFO - Running <TaskInstance: my_postgres_dag_v1.create_table manual__2023-07-29T12:31:39.557098+00:00 [running]> on host f1ea17bde741
[2023-07-29T12:32:08.374+0000] {taskinstance.py:1513} INFO - Exporting the following env vars:
AIRFLOW_CTX_DAG_OWNER=Byron
AIRFLOW_CTX_DAG_ID=my_postgres_dag_v1
AIRFLOW_CTX_TASK_ID=create_table
AIRFLOW_CTX_EXECUTION_DATE=2023-07-29T12:31:39.557098+00:00
AIRFLOW_CTX_TRY_NUMBER=1
AIRFLOW_CTX_DAG_RUN_ID=manual__2023-07-29T12:31:39.557098+00:00
[2023-07-29T12:32:08.825+0000] {sql.py:253} INFO - Executing: 
            CREATE TABLE IF NOT EXISTS ***_users(
                id SERIAL PRIMARY KEY,
                name VARCHAR(30)
            )
        
[2023-07-29T12:32:09.770+0000] {base.py:73} INFO - Using connection ID 'my_connection' for task execution.
[2023-07-29T12:32:19.391+0000] {base.py:73} INFO - Using connection ID 'my_connection' for task execution.
[2023-07-29T12:32:19.852+0000] {sql.py:364} INFO - Running statement: 
            CREATE TABLE IF NOT EXISTS ***_users(
                id SERIAL PRIMARY KEY,
                name VARCHAR(30)
            )
        , parameters: None
[2023-07-29T12:32:20.255+0000] {taskinstance.py:1327} INFO - Marking task as SUCCESS. dag_id=my_postgres_dag_v1, task_id=create_table, execution_date=20230729T123139, start_date=20230729T123200, end_date=20230729T123220
[2023-07-29T12:32:21.285+0000] {local_task_job.py:159} INFO - Task exited with return code 0
[2023-07-29T12:32:23.000+0000] {taskinstance.py:2582} INFO - 0 downstream tasks scheduled from follow-on schedule check
