[2023-07-29T16:48:52.201+0000] {taskinstance.py:1087} INFO - Dependencies all met for <TaskInstance: data_engineering_jobs_dags_v3.write_to_postgres manual__2023-07-29T16:42:43.627773+00:00 [queued]>
[2023-07-29T16:48:52.312+0000] {taskinstance.py:1087} INFO - Dependencies all met for <TaskInstance: data_engineering_jobs_dags_v3.write_to_postgres manual__2023-07-29T16:42:43.627773+00:00 [queued]>
[2023-07-29T16:48:52.335+0000] {taskinstance.py:1283} INFO - 
--------------------------------------------------------------------------------
[2023-07-29T16:48:52.360+0000] {taskinstance.py:1284} INFO - Starting attempt 2 of 2
[2023-07-29T16:48:52.362+0000] {taskinstance.py:1285} INFO - 
--------------------------------------------------------------------------------
[2023-07-29T16:48:52.695+0000] {taskinstance.py:1304} INFO - Executing <Task(PythonOperator): write_to_postgres> on 2023-07-29 16:42:43.627773+00:00
[2023-07-29T16:48:52.725+0000] {standard_task_runner.py:55} INFO - Started process 17211 to run task
[2023-07-29T16:48:52.742+0000] {standard_task_runner.py:82} INFO - Running: ['***', 'tasks', 'run', 'data_engineering_jobs_dags_v3', 'write_to_postgres', 'manual__2023-07-29T16:42:43.627773+00:00', '--job-id', '2976', '--raw', '--subdir', 'DAGS_FOLDER/load_data_v3.py', '--cfg-path', '/tmp/tmpfwlxo3u3']
[2023-07-29T16:48:52.777+0000] {standard_task_runner.py:83} INFO - Job 2976: Subtask write_to_postgres
[2023-07-29T16:48:53.747+0000] {task_command.py:389} INFO - Running <TaskInstance: data_engineering_jobs_dags_v3.write_to_postgres manual__2023-07-29T16:42:43.627773+00:00 [running]> on host f1ea17bde741
[2023-07-29T16:48:54.800+0000] {taskinstance.py:1513} INFO - Exporting the following env vars:
AIRFLOW_CTX_DAG_OWNER=***
AIRFLOW_CTX_DAG_ID=data_engineering_jobs_dags_v3
AIRFLOW_CTX_TASK_ID=write_to_postgres
AIRFLOW_CTX_EXECUTION_DATE=2023-07-29T16:42:43.627773+00:00
AIRFLOW_CTX_TRY_NUMBER=2
AIRFLOW_CTX_DAG_RUN_ID=manual__2023-07-29T16:42:43.627773+00:00
[2023-07-29T16:48:54.964+0000] {taskinstance.py:1772} ERROR - Task failed with exception
Traceback (most recent call last):
  File "/home/airflow/.local/lib/python3.7/site-packages/airflow/operators/python.py", line 175, in execute
    return_value = self.execute_callable()
  File "/home/airflow/.local/lib/python3.7/site-packages/airflow/operators/python.py", line 192, in execute_callable
    return self.python_callable(*self.op_args, **self.op_kwargs)
  File "/opt/airflow/dags/load_data_v3.py", line 87, in write_to_postgres
    df = df[required_columns]
  File "/home/airflow/.local/lib/python3.7/site-packages/pandas/core/frame.py", line 3464, in __getitem__
    indexer = self.loc._get_listlike_indexer(key, axis=1)[1]
  File "/home/airflow/.local/lib/python3.7/site-packages/pandas/core/indexing.py", line 1314, in _get_listlike_indexer
    self._validate_read_indexer(keyarr, indexer, axis)
  File "/home/airflow/.local/lib/python3.7/site-packages/pandas/core/indexing.py", line 1377, in _validate_read_indexer
    raise KeyError(f"{not_found} not in index")
KeyError: "['category', 'location', 'company'] not in index"
[2023-07-29T16:48:55.175+0000] {taskinstance.py:1327} INFO - Marking task as FAILED. dag_id=data_engineering_jobs_dags_v3, task_id=write_to_postgres, execution_date=20230729T164243, start_date=20230729T164852, end_date=20230729T164855
[2023-07-29T16:48:55.465+0000] {standard_task_runner.py:105} ERROR - Failed to execute job 2976 for task write_to_postgres ("['category', 'location', 'company'] not in index"; 17211)
[2023-07-29T16:48:55.519+0000] {local_task_job.py:159} INFO - Task exited with return code 1
[2023-07-29T16:48:55.740+0000] {taskinstance.py:2582} INFO - 0 downstream tasks scheduled from follow-on schedule check
