[2023-07-29T15:21:26.371+0000] {taskinstance.py:1087} INFO - Dependencies all met for <TaskInstance: data_engineering_jobs_dags_v3.get_jobs scheduled__2023-06-12T00:00:00+00:00 [queued]>
[2023-07-29T15:21:27.378+0000] {taskinstance.py:1087} INFO - Dependencies all met for <TaskInstance: data_engineering_jobs_dags_v3.get_jobs scheduled__2023-06-12T00:00:00+00:00 [queued]>
[2023-07-29T15:21:27.578+0000] {taskinstance.py:1283} INFO - 
--------------------------------------------------------------------------------
[2023-07-29T15:21:27.641+0000] {taskinstance.py:1284} INFO - Starting attempt 2 of 2
[2023-07-29T15:21:27.705+0000] {taskinstance.py:1285} INFO - 
--------------------------------------------------------------------------------
[2023-07-29T15:21:29.539+0000] {taskinstance.py:1304} INFO - Executing <Task(PythonOperator): get_jobs> on 2023-06-12 00:00:00+00:00
[2023-07-29T15:21:29.636+0000] {standard_task_runner.py:55} INFO - Started process 13308 to run task
[2023-07-29T15:21:30.864+0000] {standard_task_runner.py:82} INFO - Running: ['***', 'tasks', 'run', 'data_engineering_jobs_dags_v3', 'get_jobs', 'scheduled__2023-06-12T00:00:00+00:00', '--job-id', '2765', '--raw', '--subdir', 'DAGS_FOLDER/load_data_v3.py', '--cfg-path', '/tmp/tmpy2my36sj']
[2023-07-29T15:21:31.413+0000] {standard_task_runner.py:83} INFO - Job 2765: Subtask get_jobs
[2023-07-29T15:21:39.232+0000] {task_command.py:389} INFO - Running <TaskInstance: data_engineering_jobs_dags_v3.get_jobs scheduled__2023-06-12T00:00:00+00:00 [running]> on host f1ea17bde741
[2023-07-29T15:21:47.467+0000] {taskinstance.py:1513} INFO - Exporting the following env vars:
AIRFLOW_CTX_DAG_OWNER=***
AIRFLOW_CTX_DAG_ID=data_engineering_jobs_dags_v3
AIRFLOW_CTX_TASK_ID=get_jobs
AIRFLOW_CTX_EXECUTION_DATE=2023-06-12T00:00:00+00:00
AIRFLOW_CTX_TRY_NUMBER=2
AIRFLOW_CTX_DAG_RUN_ID=scheduled__2023-06-12T00:00:00+00:00
[2023-07-29T15:21:51.267+0000] {python.py:177} INFO - Done. Returned value was: None
[2023-07-29T15:21:51.605+0000] {taskinstance.py:1327} INFO - Marking task as SUCCESS. dag_id=data_engineering_jobs_dags_v3, task_id=get_jobs, execution_date=20230612T000000, start_date=20230729T152126, end_date=20230729T152151
[2023-07-29T15:21:52.770+0000] {local_task_job.py:159} INFO - Task exited with return code 0
[2023-07-29T15:21:54.079+0000] {taskinstance.py:2582} INFO - 2 downstream tasks scheduled from follow-on schedule check
