[2023-08-02T10:41:31.021+0000] {taskinstance.py:1087} INFO - Dependencies all met for <TaskInstance: my_python_dag_v7.my_address scheduled__2023-08-01T02:00:00+00:00 [queued]>
[2023-08-02T10:41:31.212+0000] {taskinstance.py:1087} INFO - Dependencies all met for <TaskInstance: my_python_dag_v7.my_address scheduled__2023-08-01T02:00:00+00:00 [queued]>
[2023-08-02T10:41:31.218+0000] {taskinstance.py:1283} INFO - 
--------------------------------------------------------------------------------
[2023-08-02T10:41:31.291+0000] {taskinstance.py:1284} INFO - Starting attempt 1 of 3
[2023-08-02T10:41:31.293+0000] {taskinstance.py:1285} INFO - 
--------------------------------------------------------------------------------
[2023-08-02T10:41:31.825+0000] {taskinstance.py:1304} INFO - Executing <Task(PythonOperator): my_address> on 2023-08-01 02:00:00+00:00
[2023-08-02T10:41:31.850+0000] {standard_task_runner.py:55} INFO - Started process 142 to run task
[2023-08-02T10:41:31.880+0000] {standard_task_runner.py:82} INFO - Running: ['***', 'tasks', 'run', 'my_python_dag_v7', 'my_address', 'scheduled__2023-08-01T02:00:00+00:00', '--job-id', '3209', '--raw', '--subdir', 'DAGS_FOLDER/python_operatorv7.py', '--cfg-path', '/tmp/tmpbxo2ls4d']
[2023-08-02T10:41:31.884+0000] {standard_task_runner.py:83} INFO - Job 3209: Subtask my_address
[2023-08-02T10:41:32.558+0000] {task_command.py:389} INFO - Running <TaskInstance: my_python_dag_v7.my_address scheduled__2023-08-01T02:00:00+00:00 [running]> on host a4a69aba7e5b
[2023-08-02T10:41:34.703+0000] {taskinstance.py:1513} INFO - Exporting the following env vars:
AIRFLOW_CTX_DAG_OWNER=Byron
AIRFLOW_CTX_DAG_ID=my_python_dag_v7
AIRFLOW_CTX_TASK_ID=my_address
AIRFLOW_CTX_EXECUTION_DATE=2023-08-01T02:00:00+00:00
AIRFLOW_CTX_TRY_NUMBER=1
AIRFLOW_CTX_DAG_RUN_ID=scheduled__2023-08-01T02:00:00+00:00
[2023-08-02T10:41:36.065+0000] {python.py:177} INFO - Done. Returned value was: None
[2023-08-02T10:41:36.104+0000] {taskinstance.py:1327} INFO - Marking task as SUCCESS. dag_id=my_python_dag_v7, task_id=my_address, execution_date=20230801T020000, start_date=20230802T104131, end_date=20230802T104136
[2023-08-02T10:41:36.670+0000] {local_task_job.py:159} INFO - Task exited with return code 0
[2023-08-02T10:41:37.032+0000] {taskinstance.py:2582} INFO - 1 downstream tasks scheduled from follow-on schedule check
