[2023-07-29T13:00:58.898+0000] {taskinstance.py:1087} INFO - Dependencies all met for <TaskInstance: my_postgres_dag_v3-1.create_table manual__2023-07-29T13:00:20.871224+00:00 [queued]>
[2023-07-29T13:00:59.104+0000] {taskinstance.py:1087} INFO - Dependencies all met for <TaskInstance: my_postgres_dag_v3-1.create_table manual__2023-07-29T13:00:20.871224+00:00 [queued]>
[2023-07-29T13:00:59.262+0000] {taskinstance.py:1283} INFO - 
--------------------------------------------------------------------------------
[2023-07-29T13:00:59.312+0000] {taskinstance.py:1284} INFO - Starting attempt 1 of 3
[2023-07-29T13:00:59.327+0000] {taskinstance.py:1285} INFO - 
--------------------------------------------------------------------------------
[2023-07-29T13:00:59.907+0000] {taskinstance.py:1304} INFO - Executing <Task(PostgresOperator): create_table> on 2023-07-29 13:00:20.871224+00:00
[2023-07-29T13:01:00.343+0000] {standard_task_runner.py:55} INFO - Started process 6228 to run task
[2023-07-29T13:01:00.404+0000] {standard_task_runner.py:82} INFO - Running: ['***', 'tasks', 'run', 'my_postgres_dag_v3-1', 'create_table', 'manual__2023-07-29T13:00:20.871224+00:00', '--job-id', '2068', '--raw', '--subdir', 'DAGS_FOLDER/postgres_operator_v2-2.py', '--cfg-path', '/tmp/tmpmlrivry5']
[2023-07-29T13:01:00.578+0000] {standard_task_runner.py:83} INFO - Job 2068: Subtask create_table
[2023-07-29T13:01:02.254+0000] {task_command.py:389} INFO - Running <TaskInstance: my_postgres_dag_v3-1.create_table manual__2023-07-29T13:00:20.871224+00:00 [running]> on host f1ea17bde741
[2023-07-29T13:01:04.468+0000] {taskinstance.py:1513} INFO - Exporting the following env vars:
AIRFLOW_CTX_DAG_OWNER=Byron
AIRFLOW_CTX_DAG_ID=my_postgres_dag_v3-1
AIRFLOW_CTX_TASK_ID=create_table
AIRFLOW_CTX_EXECUTION_DATE=2023-07-29T13:00:20.871224+00:00
AIRFLOW_CTX_TRY_NUMBER=1
AIRFLOW_CTX_DAG_RUN_ID=manual__2023-07-29T13:00:20.871224+00:00
[2023-07-29T13:01:04.499+0000] {sql.py:253} INFO - Executing: CREATE TABLE IF NOT EXISTS ***_users (id SERIAL PRIMARY KEY, name VARCHAR(30))
[2023-07-29T13:01:04.753+0000] {base.py:73} INFO - Using connection ID 'my_connection' for task execution.
[2023-07-29T13:01:13.816+0000] {base.py:73} INFO - Using connection ID 'my_connection' for task execution.
[2023-07-29T13:01:14.349+0000] {sql.py:364} INFO - Running statement: CREATE TABLE IF NOT EXISTS ***_users (id SERIAL PRIMARY KEY, name VARCHAR(30)), parameters: None
[2023-07-29T13:01:14.811+0000] {taskinstance.py:1327} INFO - Marking task as SUCCESS. dag_id=my_postgres_dag_v3-1, task_id=create_table, execution_date=20230729T130020, start_date=20230729T130058, end_date=20230729T130114
[2023-07-29T13:01:15.337+0000] {local_task_job.py:159} INFO - Task exited with return code 0
[2023-07-29T13:01:16.197+0000] {taskinstance.py:2582} INFO - 1 downstream tasks scheduled from follow-on schedule check
