[2023-07-29T13:55:07.194+0000] {taskinstance.py:1087} INFO - Dependencies all met for <TaskInstance: data_engineering_jobs_dags_v3.write_to_postgres scheduled__2023-01-07T00:00:00+00:00 [queued]>
[2023-07-29T13:55:07.505+0000] {taskinstance.py:1087} INFO - Dependencies all met for <TaskInstance: data_engineering_jobs_dags_v3.write_to_postgres scheduled__2023-01-07T00:00:00+00:00 [queued]>
[2023-07-29T13:55:07.579+0000] {taskinstance.py:1283} INFO - 
--------------------------------------------------------------------------------
[2023-07-29T13:55:11.892+0000] {taskinstance.py:1284} INFO - Starting attempt 1 of 2
[2023-07-29T13:55:11.918+0000] {taskinstance.py:1285} INFO - 
--------------------------------------------------------------------------------
[2023-07-29T13:55:13.954+0000] {taskinstance.py:1304} INFO - Executing <Task(PythonOperator): write_to_postgres> on 2023-01-07 00:00:00+00:00
[2023-07-29T13:55:14.064+0000] {standard_task_runner.py:82} INFO - Running: ['***', 'tasks', 'run', 'data_engineering_jobs_dags_v3', 'write_to_postgres', 'scheduled__2023-01-07T00:00:00+00:00', '--job-id', '2108', '--raw', '--subdir', 'DAGS_FOLDER/load_data_v3.py', '--cfg-path', '/tmp/tmp0xz_b0ya']
[2023-07-29T13:55:14.096+0000] {standard_task_runner.py:83} INFO - Job 2108: Subtask write_to_postgres
[2023-07-29T13:55:14.041+0000] {standard_task_runner.py:55} INFO - Started process 8347 to run task
[2023-07-29T13:55:16.817+0000] {task_command.py:389} INFO - Running <TaskInstance: data_engineering_jobs_dags_v3.write_to_postgres scheduled__2023-01-07T00:00:00+00:00 [running]> on host f1ea17bde741
[2023-07-29T13:55:20.572+0000] {taskinstance.py:1513} INFO - Exporting the following env vars:
AIRFLOW_CTX_DAG_OWNER=***
AIRFLOW_CTX_DAG_ID=data_engineering_jobs_dags_v3
AIRFLOW_CTX_TASK_ID=write_to_postgres
AIRFLOW_CTX_EXECUTION_DATE=2023-01-07T00:00:00+00:00
AIRFLOW_CTX_TRY_NUMBER=1
AIRFLOW_CTX_DAG_RUN_ID=scheduled__2023-01-07T00:00:00+00:00
[2023-07-29T13:55:20.793+0000] {taskinstance.py:1772} ERROR - Task failed with exception
Traceback (most recent call last):
  File "/home/airflow/.local/lib/python3.7/site-packages/airflow/operators/python.py", line 175, in execute
    return_value = self.execute_callable()
  File "/home/airflow/.local/lib/python3.7/site-packages/airflow/operators/python.py", line 192, in execute_callable
    return self.python_callable(*self.op_args, **self.op_kwargs)
  File "/opt/airflow/dags/load_data_v3.py", line 61, in write_to_postgres
    conn = psycopg2.connect(conn_string)
  File "/home/airflow/.local/lib/python3.7/site-packages/psycopg2/__init__.py", line 122, in connect
    conn = _connect(dsn, connection_factory=connection_factory, **kwasync)
psycopg2.OperationalError: connection to server at "host.docker.internal" (192.168.65.254), port 5436 failed: FATAL:  database "***_svr" does not exist

[2023-07-29T13:55:20.841+0000] {taskinstance.py:1327} INFO - Marking task as UP_FOR_RETRY. dag_id=data_engineering_jobs_dags_v3, task_id=write_to_postgres, execution_date=20230107T000000, start_date=20230729T135507, end_date=20230729T135520
[2023-07-29T13:55:22.749+0000] {standard_task_runner.py:105} ERROR - Failed to execute job 2108 for task write_to_postgres (connection to server at "host.docker.internal" (192.168.65.254), port 5436 failed: FATAL:  database "***_svr" does not exist
; 8347)
[2023-07-29T13:55:23.001+0000] {local_task_job.py:159} INFO - Task exited with return code 1
[2023-07-29T13:55:23.891+0000] {taskinstance.py:2582} INFO - 0 downstream tasks scheduled from follow-on schedule check
