[2023-07-29T10:42:30.655+0000] {taskinstance.py:1087} INFO - Dependencies all met for <TaskInstance: data_engineering_jobs_dags_v2.get_jobs scheduled__2023-02-20T00:00:00+00:00 [queued]>
[2023-07-29T10:42:32.175+0000] {taskinstance.py:1087} INFO - Dependencies all met for <TaskInstance: data_engineering_jobs_dags_v2.get_jobs scheduled__2023-02-20T00:00:00+00:00 [queued]>
[2023-07-29T10:42:32.263+0000] {taskinstance.py:1283} INFO - 
--------------------------------------------------------------------------------
[2023-07-29T10:42:32.450+0000] {taskinstance.py:1284} INFO - Starting attempt 1 of 2
[2023-07-29T10:42:32.482+0000] {taskinstance.py:1285} INFO - 
--------------------------------------------------------------------------------
[2023-07-29T10:42:33.076+0000] {taskinstance.py:1304} INFO - Executing <Task(PythonOperator): get_jobs> on 2023-02-20 00:00:00+00:00
[2023-07-29T10:42:33.174+0000] {standard_task_runner.py:55} INFO - Started process 1004 to run task
[2023-07-29T10:42:33.536+0000] {standard_task_runner.py:82} INFO - Running: ['***', 'tasks', 'run', 'data_engineering_jobs_dags_v2', 'get_jobs', 'scheduled__2023-02-20T00:00:00+00:00', '--job-id', '1926', '--raw', '--subdir', 'DAGS_FOLDER/load_data_v2.py', '--cfg-path', '/tmp/tmp1dldhiu1']
[2023-07-29T10:42:33.554+0000] {standard_task_runner.py:83} INFO - Job 1926: Subtask get_jobs
[2023-07-29T10:42:38.976+0000] {task_command.py:389} INFO - Running <TaskInstance: data_engineering_jobs_dags_v2.get_jobs scheduled__2023-02-20T00:00:00+00:00 [running]> on host f1ea17bde741
[2023-07-29T10:42:45.789+0000] {taskinstance.py:1513} INFO - Exporting the following env vars:
AIRFLOW_CTX_DAG_OWNER=***
AIRFLOW_CTX_DAG_ID=data_engineering_jobs_dags_v2
AIRFLOW_CTX_TASK_ID=get_jobs
AIRFLOW_CTX_EXECUTION_DATE=2023-02-20T00:00:00+00:00
AIRFLOW_CTX_TRY_NUMBER=1
AIRFLOW_CTX_DAG_RUN_ID=scheduled__2023-02-20T00:00:00+00:00
[2023-07-29T10:42:51.260+0000] {python.py:177} INFO - Done. Returned value was: None
[2023-07-29T10:42:52.404+0000] {taskinstance.py:1327} INFO - Marking task as SUCCESS. dag_id=data_engineering_jobs_dags_v2, task_id=get_jobs, execution_date=20230220T000000, start_date=20230729T104230, end_date=20230729T104252
[2023-07-29T10:42:52.695+0000] {local_task_job.py:159} INFO - Task exited with return code 0
[2023-07-29T10:42:57.120+0000] {taskinstance.py:2582} INFO - 1 downstream tasks scheduled from follow-on schedule check
