[2023-07-29T10:56:03.851+0000] {taskinstance.py:1087} INFO - Dependencies all met for <TaskInstance: data_engineering_jobs_dags_v2.get_jobs scheduled__2023-03-13T00:00:00+00:00 [queued]>
[2023-07-29T10:56:04.421+0000] {taskinstance.py:1087} INFO - Dependencies all met for <TaskInstance: data_engineering_jobs_dags_v2.get_jobs scheduled__2023-03-13T00:00:00+00:00 [queued]>
[2023-07-29T10:56:04.469+0000] {taskinstance.py:1283} INFO - 
--------------------------------------------------------------------------------
[2023-07-29T10:56:04.542+0000] {taskinstance.py:1284} INFO - Starting attempt 2 of 2
[2023-07-29T10:56:04.555+0000] {taskinstance.py:1285} INFO - 
--------------------------------------------------------------------------------
[2023-07-29T10:56:05.956+0000] {taskinstance.py:1304} INFO - Executing <Task(PythonOperator): get_jobs> on 2023-03-13 00:00:00+00:00
[2023-07-29T10:56:06.424+0000] {standard_task_runner.py:55} INFO - Started process 1634 to run task
[2023-07-29T10:56:06.845+0000] {standard_task_runner.py:82} INFO - Running: ['***', 'tasks', 'run', 'data_engineering_jobs_dags_v2', 'get_jobs', 'scheduled__2023-03-13T00:00:00+00:00', '--job-id', '1985', '--raw', '--subdir', 'DAGS_FOLDER/load_data_v2.py', '--cfg-path', '/tmp/tmpkh_r2v2c']
[2023-07-29T10:56:06.878+0000] {standard_task_runner.py:83} INFO - Job 1985: Subtask get_jobs
[2023-07-29T10:56:13.689+0000] {task_command.py:389} INFO - Running <TaskInstance: data_engineering_jobs_dags_v2.get_jobs scheduled__2023-03-13T00:00:00+00:00 [running]> on host f1ea17bde741
[2023-07-29T10:56:27.812+0000] {taskinstance.py:1513} INFO - Exporting the following env vars:
AIRFLOW_CTX_DAG_OWNER=***
AIRFLOW_CTX_DAG_ID=data_engineering_jobs_dags_v2
AIRFLOW_CTX_TASK_ID=get_jobs
AIRFLOW_CTX_EXECUTION_DATE=2023-03-13T00:00:00+00:00
AIRFLOW_CTX_TRY_NUMBER=2
AIRFLOW_CTX_DAG_RUN_ID=scheduled__2023-03-13T00:00:00+00:00
[2023-07-29T10:56:35.023+0000] {python.py:177} INFO - Done. Returned value was: None
[2023-07-29T10:56:35.619+0000] {taskinstance.py:1327} INFO - Marking task as SUCCESS. dag_id=data_engineering_jobs_dags_v2, task_id=get_jobs, execution_date=20230313T000000, start_date=20230729T105603, end_date=20230729T105635
[2023-07-29T10:56:39.753+0000] {local_task_job.py:159} INFO - Task exited with return code 0
[2023-07-29T10:56:41.275+0000] {taskinstance.py:2582} INFO - 1 downstream tasks scheduled from follow-on schedule check
