[2023-07-29T10:31:26.854+0000] {taskinstance.py:1087} INFO - Dependencies all met for <TaskInstance: data_engineering_jobs_dags_v2.get_jobs scheduled__2023-01-29T00:00:00+00:00 [queued]>
[2023-07-29T10:31:27.845+0000] {taskinstance.py:1087} INFO - Dependencies all met for <TaskInstance: data_engineering_jobs_dags_v2.get_jobs scheduled__2023-01-29T00:00:00+00:00 [queued]>
[2023-07-29T10:31:28.077+0000] {taskinstance.py:1283} INFO - 
--------------------------------------------------------------------------------
[2023-07-29T10:31:28.228+0000] {taskinstance.py:1284} INFO - Starting attempt 1 of 2
[2023-07-29T10:31:28.254+0000] {taskinstance.py:1285} INFO - 
--------------------------------------------------------------------------------
[2023-07-29T10:31:35.595+0000] {taskinstance.py:1304} INFO - Executing <Task(PythonOperator): get_jobs> on 2023-01-29 00:00:00+00:00
[2023-07-29T10:31:35.762+0000] {standard_task_runner.py:55} INFO - Started process 509 to run task
[2023-07-29T10:31:35.733+0000] {standard_task_runner.py:82} INFO - Running: ['***', 'tasks', 'run', 'data_engineering_jobs_dags_v2', 'get_jobs', 'scheduled__2023-01-29T00:00:00+00:00', '--job-id', '1874', '--raw', '--subdir', 'DAGS_FOLDER/load_data_v2.py', '--cfg-path', '/tmp/tmpzkn9y1kj']
[2023-07-29T10:31:35.862+0000] {standard_task_runner.py:83} INFO - Job 1874: Subtask get_jobs
[2023-07-29T10:31:39.740+0000] {task_command.py:389} INFO - Running <TaskInstance: data_engineering_jobs_dags_v2.get_jobs scheduled__2023-01-29T00:00:00+00:00 [running]> on host f1ea17bde741
[2023-07-29T10:31:46.165+0000] {taskinstance.py:1513} INFO - Exporting the following env vars:
AIRFLOW_CTX_DAG_OWNER=***
AIRFLOW_CTX_DAG_ID=data_engineering_jobs_dags_v2
AIRFLOW_CTX_TASK_ID=get_jobs
AIRFLOW_CTX_EXECUTION_DATE=2023-01-29T00:00:00+00:00
AIRFLOW_CTX_TRY_NUMBER=1
AIRFLOW_CTX_DAG_RUN_ID=scheduled__2023-01-29T00:00:00+00:00
[2023-07-29T10:31:48.961+0000] {python.py:177} INFO - Done. Returned value was: None
[2023-07-29T10:31:49.293+0000] {taskinstance.py:1327} INFO - Marking task as SUCCESS. dag_id=data_engineering_jobs_dags_v2, task_id=get_jobs, execution_date=20230129T000000, start_date=20230729T103127, end_date=20230729T103149
[2023-07-29T10:31:50.559+0000] {local_task_job.py:159} INFO - Task exited with return code 0
[2023-07-29T10:31:51.021+0000] {taskinstance.py:2582} INFO - 1 downstream tasks scheduled from follow-on schedule check
