[2023-08-02T16:21:36.770+0000] {taskinstance.py:1087} INFO - Dependencies all met for <TaskInstance: project_user_etl_dag.transform manual__2023-08-02T16:21:15.824637+00:00 [queued]>
[2023-08-02T16:21:36.830+0000] {taskinstance.py:1087} INFO - Dependencies all met for <TaskInstance: project_user_etl_dag.transform manual__2023-08-02T16:21:15.824637+00:00 [queued]>
[2023-08-02T16:21:36.833+0000] {taskinstance.py:1283} INFO - 
--------------------------------------------------------------------------------
[2023-08-02T16:21:36.865+0000] {taskinstance.py:1284} INFO - Starting attempt 1 of 2
[2023-08-02T16:21:36.867+0000] {taskinstance.py:1285} INFO - 
--------------------------------------------------------------------------------
[2023-08-02T16:21:37.141+0000] {taskinstance.py:1304} INFO - Executing <Task(PythonOperator): transform> on 2023-08-02 16:21:15.824637+00:00
[2023-08-02T16:21:37.203+0000] {standard_task_runner.py:82} INFO - Running: ['***', 'tasks', 'run', 'project_user_etl_dag', 'transform', 'manual__2023-08-02T16:21:15.824637+00:00', '--job-id', '3236', '--raw', '--subdir', 'DAGS_FOLDER/project.py', '--cfg-path', '/tmp/tmp0_1eeu0d']
[2023-08-02T16:21:37.217+0000] {standard_task_runner.py:83} INFO - Job 3236: Subtask transform
[2023-08-02T16:21:37.176+0000] {standard_task_runner.py:55} INFO - Started process 13651 to run task
[2023-08-02T16:21:37.947+0000] {task_command.py:389} INFO - Running <TaskInstance: project_user_etl_dag.transform manual__2023-08-02T16:21:15.824637+00:00 [running]> on host a4a69aba7e5b
[2023-08-02T16:21:39.597+0000] {taskinstance.py:1513} INFO - Exporting the following env vars:
AIRFLOW_CTX_DAG_EMAIL=your_email@example.com
AIRFLOW_CTX_DAG_OWNER=***
AIRFLOW_CTX_DAG_ID=project_user_etl_dag
AIRFLOW_CTX_TASK_ID=transform
AIRFLOW_CTX_EXECUTION_DATE=2023-08-02T16:21:15.824637+00:00
AIRFLOW_CTX_TRY_NUMBER=1
AIRFLOW_CTX_DAG_RUN_ID=manual__2023-08-02T16:21:15.824637+00:00
[2023-08-02T16:21:40.285+0000] {python.py:177} INFO - Done. Returned value was: None
[2023-08-02T16:21:40.355+0000] {taskinstance.py:1327} INFO - Marking task as SUCCESS. dag_id=project_user_etl_dag, task_id=transform, execution_date=20230802T162115, start_date=20230802T162136, end_date=20230802T162140
[2023-08-02T16:21:40.665+0000] {local_task_job.py:159} INFO - Task exited with return code 0
[2023-08-02T16:21:40.753+0000] {taskinstance.py:2582} INFO - 1 downstream tasks scheduled from follow-on schedule check
