[2023-07-29T10:37:25.428+0000] {taskinstance.py:1087} INFO - Dependencies all met for <TaskInstance: data_engineering_jobs_dags_v2.get_jobs scheduled__2023-02-12T00:00:00+00:00 [queued]>
[2023-07-29T10:37:26.736+0000] {taskinstance.py:1087} INFO - Dependencies all met for <TaskInstance: data_engineering_jobs_dags_v2.get_jobs scheduled__2023-02-12T00:00:00+00:00 [queued]>
[2023-07-29T10:37:28.703+0000] {taskinstance.py:1283} INFO - 
--------------------------------------------------------------------------------
[2023-07-29T10:37:29.006+0000] {taskinstance.py:1284} INFO - Starting attempt 1 of 2
[2023-07-29T10:37:29.181+0000] {taskinstance.py:1285} INFO - 
--------------------------------------------------------------------------------
[2023-07-29T10:37:36.474+0000] {taskinstance.py:1304} INFO - Executing <Task(PythonOperator): get_jobs> on 2023-02-12 00:00:00+00:00
[2023-07-29T10:37:37.804+0000] {standard_task_runner.py:55} INFO - Started process 788 to run task
[2023-07-29T10:37:37.837+0000] {standard_task_runner.py:82} INFO - Running: ['***', 'tasks', 'run', 'data_engineering_jobs_dags_v2', 'get_jobs', 'scheduled__2023-02-12T00:00:00+00:00', '--job-id', '1907', '--raw', '--subdir', 'DAGS_FOLDER/load_data_v3.py', '--cfg-path', '/tmp/tmpbcbkm0j0']
[2023-07-29T10:37:41.322+0000] {standard_task_runner.py:83} INFO - Job 1907: Subtask get_jobs
[2023-07-29T10:37:48.477+0000] {task_command.py:389} INFO - Running <TaskInstance: data_engineering_jobs_dags_v2.get_jobs scheduled__2023-02-12T00:00:00+00:00 [running]> on host f1ea17bde741
[2023-07-29T10:38:02.373+0000] {taskinstance.py:1513} INFO - Exporting the following env vars:
AIRFLOW_CTX_DAG_OWNER=***
AIRFLOW_CTX_DAG_ID=data_engineering_jobs_dags_v2
AIRFLOW_CTX_TASK_ID=get_jobs
AIRFLOW_CTX_EXECUTION_DATE=2023-02-12T00:00:00+00:00
AIRFLOW_CTX_TRY_NUMBER=1
AIRFLOW_CTX_DAG_RUN_ID=scheduled__2023-02-12T00:00:00+00:00
[2023-07-29T10:38:10.398+0000] {python.py:177} INFO - Done. Returned value was: None
[2023-07-29T10:38:10.974+0000] {taskinstance.py:1327} INFO - Marking task as SUCCESS. dag_id=data_engineering_jobs_dags_v2, task_id=get_jobs, execution_date=20230212T000000, start_date=20230729T103725, end_date=20230729T103810
[2023-07-29T10:38:14.421+0000] {local_task_job.py:159} INFO - Task exited with return code 0
[2023-07-29T10:38:20.408+0000] {taskinstance.py:2582} INFO - 0 downstream tasks scheduled from follow-on schedule check
