[2023-07-29T10:46:55.599+0000] {taskinstance.py:1087} INFO - Dependencies all met for <TaskInstance: data_engineering_jobs_dags_v2.get_jobs scheduled__2023-03-03T00:00:00+00:00 [queued]>
[2023-07-29T10:46:56.969+0000] {taskinstance.py:1087} INFO - Dependencies all met for <TaskInstance: data_engineering_jobs_dags_v2.get_jobs scheduled__2023-03-03T00:00:00+00:00 [queued]>
[2023-07-29T10:46:56.982+0000] {taskinstance.py:1283} INFO - 
--------------------------------------------------------------------------------
[2023-07-29T10:46:57.025+0000] {taskinstance.py:1284} INFO - Starting attempt 1 of 2
[2023-07-29T10:46:57.028+0000] {taskinstance.py:1285} INFO - 
--------------------------------------------------------------------------------
[2023-07-29T10:47:03.028+0000] {taskinstance.py:1304} INFO - Executing <Task(PythonOperator): get_jobs> on 2023-03-03 00:00:00+00:00
[2023-07-29T10:47:03.175+0000] {standard_task_runner.py:55} INFO - Started process 1227 to run task
[2023-07-29T10:47:03.745+0000] {standard_task_runner.py:82} INFO - Running: ['***', 'tasks', 'run', 'data_engineering_jobs_dags_v2', 'get_jobs', 'scheduled__2023-03-03T00:00:00+00:00', '--job-id', '1948', '--raw', '--subdir', 'DAGS_FOLDER/load_data_v2.py', '--cfg-path', '/tmp/tmpyhtba9wi']
[2023-07-29T10:47:04.239+0000] {standard_task_runner.py:83} INFO - Job 1948: Subtask get_jobs
[2023-07-29T10:47:10.370+0000] {task_command.py:389} INFO - Running <TaskInstance: data_engineering_jobs_dags_v2.get_jobs scheduled__2023-03-03T00:00:00+00:00 [running]> on host f1ea17bde741
[2023-07-29T10:47:23.408+0000] {taskinstance.py:1513} INFO - Exporting the following env vars:
AIRFLOW_CTX_DAG_OWNER=***
AIRFLOW_CTX_DAG_ID=data_engineering_jobs_dags_v2
AIRFLOW_CTX_TASK_ID=get_jobs
AIRFLOW_CTX_EXECUTION_DATE=2023-03-03T00:00:00+00:00
AIRFLOW_CTX_TRY_NUMBER=1
AIRFLOW_CTX_DAG_RUN_ID=scheduled__2023-03-03T00:00:00+00:00
[2023-07-29T10:47:29.745+0000] {python.py:177} INFO - Done. Returned value was: None
[2023-07-29T10:47:30.294+0000] {taskinstance.py:1327} INFO - Marking task as SUCCESS. dag_id=data_engineering_jobs_dags_v2, task_id=get_jobs, execution_date=20230303T000000, start_date=20230729T104655, end_date=20230729T104730
[2023-07-29T10:47:32.587+0000] {local_task_job.py:159} INFO - Task exited with return code 0
[2023-07-29T10:47:39.185+0000] {dagrun.py:696} ERROR - Failed to get task for ti <TaskInstance: data_engineering_jobs_dags_v2.write_to_csv scheduled__2023-03-03T00:00:00+00:00 [scheduled]>. Marking it as removed.
[2023-07-29T10:47:39.960+0000] {dagrun.py:696} ERROR - Failed to get task for ti <TaskInstance: data_engineering_jobs_dags_v2.write_to_postgres scheduled__2023-03-03T00:00:00+00:00 [scheduled]>. Marking it as removed.
[2023-07-29T10:47:40.767+0000] {taskinstance.py:2582} INFO - 1 downstream tasks scheduled from follow-on schedule check
