[2023-08-03T03:58:37.479+0000] {taskinstance.py:1087} INFO - Dependencies all met for <TaskInstance: job_data_pipeline_plus_csv.get_jobs scheduled__2023-08-02T00:00:00+00:00 [queued]>
[2023-08-03T03:58:38.176+0000] {taskinstance.py:1087} INFO - Dependencies all met for <TaskInstance: job_data_pipeline_plus_csv.get_jobs scheduled__2023-08-02T00:00:00+00:00 [queued]>
[2023-08-03T03:58:38.318+0000] {taskinstance.py:1283} INFO - 
--------------------------------------------------------------------------------
[2023-08-03T03:58:38.866+0000] {taskinstance.py:1284} INFO - Starting attempt 1 of 2
[2023-08-03T03:58:38.874+0000] {taskinstance.py:1285} INFO - 
--------------------------------------------------------------------------------
[2023-08-03T03:58:45.843+0000] {taskinstance.py:1304} INFO - Executing <Task(PythonOperator): get_jobs> on 2023-08-02 00:00:00+00:00
[2023-08-03T03:58:45.857+0000] {standard_task_runner.py:55} INFO - Started process 30036 to run task
[2023-08-03T03:58:45.879+0000] {standard_task_runner.py:82} INFO - Running: ['***', 'tasks', 'run', 'job_data_pipeline_plus_csv', 'get_jobs', 'scheduled__2023-08-02T00:00:00+00:00', '--job-id', '3245', '--raw', '--subdir', 'DAGS_FOLDER/load_data_create_csv(Y).py', '--cfg-path', '/tmp/tmp1w0qn1jp']
[2023-08-03T03:58:45.915+0000] {standard_task_runner.py:83} INFO - Job 3245: Subtask get_jobs
[2023-08-03T03:58:49.490+0000] {task_command.py:389} INFO - Running <TaskInstance: job_data_pipeline_plus_csv.get_jobs scheduled__2023-08-02T00:00:00+00:00 [running]> on host a4a69aba7e5b
[2023-08-03T03:58:56.082+0000] {taskinstance.py:1513} INFO - Exporting the following env vars:
AIRFLOW_CTX_DAG_OWNER=***
AIRFLOW_CTX_DAG_ID=job_data_pipeline_plus_csv
AIRFLOW_CTX_TASK_ID=get_jobs
AIRFLOW_CTX_EXECUTION_DATE=2023-08-02T00:00:00+00:00
AIRFLOW_CTX_TRY_NUMBER=1
AIRFLOW_CTX_DAG_RUN_ID=scheduled__2023-08-02T00:00:00+00:00
[2023-08-03T03:59:05.127+0000] {python.py:177} INFO - Done. Returned value was: None
[2023-08-03T03:59:05.224+0000] {taskinstance.py:1327} INFO - Marking task as SUCCESS. dag_id=job_data_pipeline_plus_csv, task_id=get_jobs, execution_date=20230802T000000, start_date=20230803T035837, end_date=20230803T035905
[2023-08-03T03:59:09.905+0000] {local_task_job.py:159} INFO - Task exited with return code 0
[2023-08-03T03:59:10.184+0000] {taskinstance.py:2582} INFO - 1 downstream tasks scheduled from follow-on schedule check
