[2023-08-02T10:41:47.332+0000] {taskinstance.py:1087} INFO - Dependencies all met for <TaskInstance: my_python_dag_v6.my_name scheduled__2023-08-01T02:00:00+00:00 [queued]>
[2023-08-02T10:41:47.608+0000] {taskinstance.py:1087} INFO - Dependencies all met for <TaskInstance: my_python_dag_v6.my_name scheduled__2023-08-01T02:00:00+00:00 [queued]>
[2023-08-02T10:41:47.621+0000] {taskinstance.py:1283} INFO - 
--------------------------------------------------------------------------------
[2023-08-02T10:41:47.655+0000] {taskinstance.py:1284} INFO - Starting attempt 1 of 3
[2023-08-02T10:41:47.675+0000] {taskinstance.py:1285} INFO - 
--------------------------------------------------------------------------------
[2023-08-02T10:41:48.450+0000] {taskinstance.py:1304} INFO - Executing <Task(PythonOperator): my_name> on 2023-08-01 02:00:00+00:00
[2023-08-02T10:41:48.484+0000] {standard_task_runner.py:55} INFO - Started process 166 to run task
[2023-08-02T10:41:48.500+0000] {standard_task_runner.py:82} INFO - Running: ['***', 'tasks', 'run', 'my_python_dag_v6', 'my_name', 'scheduled__2023-08-01T02:00:00+00:00', '--job-id', '3215', '--raw', '--subdir', 'DAGS_FOLDER/python_operatorv6.py', '--cfg-path', '/tmp/tmpx231u6aa']
[2023-08-02T10:41:48.537+0000] {standard_task_runner.py:83} INFO - Job 3215: Subtask my_name
[2023-08-02T10:41:49.631+0000] {task_command.py:389} INFO - Running <TaskInstance: my_python_dag_v6.my_name scheduled__2023-08-01T02:00:00+00:00 [running]> on host a4a69aba7e5b
[2023-08-02T10:41:50.767+0000] {taskinstance.py:1513} INFO - Exporting the following env vars:
AIRFLOW_CTX_DAG_OWNER=Byron
AIRFLOW_CTX_DAG_ID=my_python_dag_v6
AIRFLOW_CTX_TASK_ID=my_name
AIRFLOW_CTX_EXECUTION_DATE=2023-08-01T02:00:00+00:00
AIRFLOW_CTX_TRY_NUMBER=1
AIRFLOW_CTX_DAG_RUN_ID=scheduled__2023-08-01T02:00:00+00:00
[2023-08-02T10:41:50.773+0000] {logging_mixin.py:137} INFO - Kasimir!
[2023-08-02T10:41:50.774+0000] {python.py:177} INFO - Done. Returned value was: None
[2023-08-02T10:41:50.800+0000] {taskinstance.py:1327} INFO - Marking task as SUCCESS. dag_id=my_python_dag_v6, task_id=my_name, execution_date=20230801T020000, start_date=20230802T104147, end_date=20230802T104150
[2023-08-02T10:41:52.163+0000] {local_task_job.py:159} INFO - Task exited with return code 0
[2023-08-02T10:41:52.244+0000] {taskinstance.py:2582} INFO - 1 downstream tasks scheduled from follow-on schedule check
