[2023-08-03T04:01:14.028+0000] {taskinstance.py:1087} INFO - Dependencies all met for <TaskInstance: project_user_etl_dag.load scheduled__2023-08-02T00:00:00+00:00 [queued]>
[2023-08-03T04:01:14.328+0000] {taskinstance.py:1087} INFO - Dependencies all met for <TaskInstance: project_user_etl_dag.load scheduled__2023-08-02T00:00:00+00:00 [queued]>
[2023-08-03T04:01:14.407+0000] {taskinstance.py:1283} INFO - 
--------------------------------------------------------------------------------
[2023-08-03T04:01:14.568+0000] {taskinstance.py:1284} INFO - Starting attempt 1 of 2
[2023-08-03T04:01:14.609+0000] {taskinstance.py:1285} INFO - 
--------------------------------------------------------------------------------
[2023-08-03T04:01:15.952+0000] {taskinstance.py:1304} INFO - Executing <Task(PythonOperator): load> on 2023-08-02 00:00:00+00:00
[2023-08-03T04:01:15.996+0000] {standard_task_runner.py:82} INFO - Running: ['***', 'tasks', 'run', 'project_user_etl_dag', 'load', 'scheduled__2023-08-02T00:00:00+00:00', '--job-id', '3257', '--raw', '--subdir', 'DAGS_FOLDER/project.py', '--cfg-path', '/tmp/tmppvy7bp3v']
[2023-08-03T04:01:16.003+0000] {standard_task_runner.py:83} INFO - Job 3257: Subtask load
[2023-08-03T04:01:15.962+0000] {standard_task_runner.py:55} INFO - Started process 30109 to run task
[2023-08-03T04:01:18.493+0000] {task_command.py:389} INFO - Running <TaskInstance: project_user_etl_dag.load scheduled__2023-08-02T00:00:00+00:00 [running]> on host a4a69aba7e5b
[2023-08-03T04:01:20.984+0000] {taskinstance.py:1513} INFO - Exporting the following env vars:
AIRFLOW_CTX_DAG_EMAIL=your_email@example.com
AIRFLOW_CTX_DAG_OWNER=***
AIRFLOW_CTX_DAG_ID=project_user_etl_dag
AIRFLOW_CTX_TASK_ID=load
AIRFLOW_CTX_EXECUTION_DATE=2023-08-02T00:00:00+00:00
AIRFLOW_CTX_TRY_NUMBER=1
AIRFLOW_CTX_DAG_RUN_ID=scheduled__2023-08-02T00:00:00+00:00
[2023-08-03T04:01:21.047+0000] {base.py:73} INFO - Using connection ID 'my_connection' for task execution.
[2023-08-03T04:01:22.352+0000] {python.py:177} INFO - Done. Returned value was: None
[2023-08-03T04:01:22.429+0000] {taskinstance.py:1327} INFO - Marking task as SUCCESS. dag_id=project_user_etl_dag, task_id=load, execution_date=20230802T000000, start_date=20230803T040114, end_date=20230803T040122
[2023-08-03T04:01:24.994+0000] {local_task_job.py:159} INFO - Task exited with return code 0
[2023-08-03T04:01:25.040+0000] {taskinstance.py:2582} INFO - 0 downstream tasks scheduled from follow-on schedule check
