[2023-07-29T14:54:08.064+0000] {taskinstance.py:1087} INFO - Dependencies all met for <TaskInstance: data_engineering_jobs_dags_v3.write_to_csv scheduled__2023-04-16T00:00:00+00:00 [queued]>
[2023-07-29T14:54:08.349+0000] {taskinstance.py:1087} INFO - Dependencies all met for <TaskInstance: data_engineering_jobs_dags_v3.write_to_csv scheduled__2023-04-16T00:00:00+00:00 [queued]>
[2023-07-29T14:54:08.354+0000] {taskinstance.py:1283} INFO - 
--------------------------------------------------------------------------------
[2023-07-29T14:54:08.392+0000] {taskinstance.py:1284} INFO - Starting attempt 1 of 2
[2023-07-29T14:54:08.406+0000] {taskinstance.py:1285} INFO - 
--------------------------------------------------------------------------------
[2023-07-29T14:54:08.903+0000] {taskinstance.py:1304} INFO - Executing <Task(PythonOperator): write_to_csv> on 2023-04-16 00:00:00+00:00
[2023-07-29T14:54:09.049+0000] {standard_task_runner.py:55} INFO - Started process 11717 to run task
[2023-07-29T14:54:09.193+0000] {standard_task_runner.py:82} INFO - Running: ['***', 'tasks', 'run', 'data_engineering_jobs_dags_v3', 'write_to_csv', 'scheduled__2023-04-16T00:00:00+00:00', '--job-id', '2546', '--raw', '--subdir', 'DAGS_FOLDER/load_data_v3.py', '--cfg-path', '/tmp/tmp6jucpj19']
[2023-07-29T14:54:09.353+0000] {standard_task_runner.py:83} INFO - Job 2546: Subtask write_to_csv
[2023-07-29T14:54:12.120+0000] {task_command.py:389} INFO - Running <TaskInstance: data_engineering_jobs_dags_v3.write_to_csv scheduled__2023-04-16T00:00:00+00:00 [running]> on host f1ea17bde741
[2023-07-29T14:54:15.682+0000] {taskinstance.py:1513} INFO - Exporting the following env vars:
AIRFLOW_CTX_DAG_OWNER=***
AIRFLOW_CTX_DAG_ID=data_engineering_jobs_dags_v3
AIRFLOW_CTX_TASK_ID=write_to_csv
AIRFLOW_CTX_EXECUTION_DATE=2023-04-16T00:00:00+00:00
AIRFLOW_CTX_TRY_NUMBER=1
AIRFLOW_CTX_DAG_RUN_ID=scheduled__2023-04-16T00:00:00+00:00
[2023-07-29T14:54:16.219+0000] {python.py:177} INFO - Done. Returned value was: None
[2023-07-29T14:54:16.437+0000] {taskinstance.py:1327} INFO - Marking task as SUCCESS. dag_id=data_engineering_jobs_dags_v3, task_id=write_to_csv, execution_date=20230416T000000, start_date=20230729T145408, end_date=20230729T145416
[2023-07-29T14:54:17.657+0000] {local_task_job.py:159} INFO - Task exited with return code 0
[2023-07-29T14:54:18.493+0000] {taskinstance.py:2582} INFO - 0 downstream tasks scheduled from follow-on schedule check
