[2023-07-29T14:52:35.225+0000] {taskinstance.py:1087} INFO - Dependencies all met for <TaskInstance: data_engineering_jobs_dags_v3.get_jobs scheduled__2023-04-29T00:00:00+00:00 [queued]>
[2023-07-29T14:52:35.289+0000] {taskinstance.py:1087} INFO - Dependencies all met for <TaskInstance: data_engineering_jobs_dags_v3.get_jobs scheduled__2023-04-29T00:00:00+00:00 [queued]>
[2023-07-29T14:52:35.294+0000] {taskinstance.py:1283} INFO - 
--------------------------------------------------------------------------------
[2023-07-29T14:52:35.330+0000] {taskinstance.py:1284} INFO - Starting attempt 1 of 2
[2023-07-29T14:52:35.332+0000] {taskinstance.py:1285} INFO - 
--------------------------------------------------------------------------------
[2023-07-29T14:52:35.760+0000] {taskinstance.py:1304} INFO - Executing <Task(PythonOperator): get_jobs> on 2023-04-29 00:00:00+00:00
[2023-07-29T14:52:35.893+0000] {standard_task_runner.py:55} INFO - Started process 11605 to run task
[2023-07-29T14:52:35.973+0000] {standard_task_runner.py:82} INFO - Running: ['***', 'tasks', 'run', 'data_engineering_jobs_dags_v3', 'get_jobs', 'scheduled__2023-04-29T00:00:00+00:00', '--job-id', '2527', '--raw', '--subdir', 'DAGS_FOLDER/load_data_v3.py', '--cfg-path', '/tmp/tmp2h6n6s5y']
[2023-07-29T14:52:36.001+0000] {standard_task_runner.py:83} INFO - Job 2527: Subtask get_jobs
[2023-07-29T14:52:37.568+0000] {task_command.py:389} INFO - Running <TaskInstance: data_engineering_jobs_dags_v3.get_jobs scheduled__2023-04-29T00:00:00+00:00 [running]> on host f1ea17bde741
[2023-07-29T14:52:40.143+0000] {taskinstance.py:1513} INFO - Exporting the following env vars:
AIRFLOW_CTX_DAG_OWNER=***
AIRFLOW_CTX_DAG_ID=data_engineering_jobs_dags_v3
AIRFLOW_CTX_TASK_ID=get_jobs
AIRFLOW_CTX_EXECUTION_DATE=2023-04-29T00:00:00+00:00
AIRFLOW_CTX_TRY_NUMBER=1
AIRFLOW_CTX_DAG_RUN_ID=scheduled__2023-04-29T00:00:00+00:00
[2023-07-29T14:52:42.793+0000] {python.py:177} INFO - Done. Returned value was: None
[2023-07-29T14:52:43.277+0000] {taskinstance.py:1327} INFO - Marking task as SUCCESS. dag_id=data_engineering_jobs_dags_v3, task_id=get_jobs, execution_date=20230429T000000, start_date=20230729T145235, end_date=20230729T145243
[2023-07-29T14:52:44.575+0000] {local_task_job.py:159} INFO - Task exited with return code 0
[2023-07-29T14:52:46.051+0000] {taskinstance.py:2582} INFO - 2 downstream tasks scheduled from follow-on schedule check
