[2023-07-31T00:01:30.832+0000] {taskinstance.py:1087} INFO - Dependencies all met for <TaskInstance: job_data_pipeline_plus_csv.write_to_postgres scheduled__2023-07-30T00:00:00+00:00 [queued]>
[2023-07-31T00:01:31.157+0000] {taskinstance.py:1087} INFO - Dependencies all met for <TaskInstance: job_data_pipeline_plus_csv.write_to_postgres scheduled__2023-07-30T00:00:00+00:00 [queued]>
[2023-07-31T00:01:31.172+0000] {taskinstance.py:1283} INFO - 
--------------------------------------------------------------------------------
[2023-07-31T00:01:31.264+0000] {taskinstance.py:1284} INFO - Starting attempt 1 of 2
[2023-07-31T00:01:31.280+0000] {taskinstance.py:1285} INFO - 
--------------------------------------------------------------------------------
[2023-07-31T00:01:31.674+0000] {taskinstance.py:1304} INFO - Executing <Task(PythonOperator): write_to_postgres> on 2023-07-30 00:00:00+00:00
[2023-07-31T00:01:31.717+0000] {standard_task_runner.py:55} INFO - Started process 11850 to run task
[2023-07-31T00:01:31.830+0000] {standard_task_runner.py:82} INFO - Running: ['***', 'tasks', 'run', 'job_data_pipeline_plus_csv', 'write_to_postgres', 'scheduled__2023-07-30T00:00:00+00:00', '--job-id', '3102', '--raw', '--subdir', 'DAGS_FOLDER/load_data_create_csv(Y).py', '--cfg-path', '/tmp/tmp0yu8pnf1']
[2023-07-31T00:01:31.859+0000] {standard_task_runner.py:83} INFO - Job 3102: Subtask write_to_postgres
[2023-07-31T00:01:33.573+0000] {task_command.py:389} INFO - Running <TaskInstance: job_data_pipeline_plus_csv.write_to_postgres scheduled__2023-07-30T00:00:00+00:00 [running]> on host 4b7777060932
[2023-07-31T00:01:35.368+0000] {taskinstance.py:1513} INFO - Exporting the following env vars:
AIRFLOW_CTX_DAG_OWNER=***
AIRFLOW_CTX_DAG_ID=job_data_pipeline_plus_csv
AIRFLOW_CTX_TASK_ID=write_to_postgres
AIRFLOW_CTX_EXECUTION_DATE=2023-07-30T00:00:00+00:00
AIRFLOW_CTX_TRY_NUMBER=1
AIRFLOW_CTX_DAG_RUN_ID=scheduled__2023-07-30T00:00:00+00:00
[2023-07-31T00:01:36.500+0000] {base.py:73} INFO - Using connection ID 'my_connection' for task execution.
[2023-07-31T00:01:37.273+0000] {python.py:177} INFO - Done. Returned value was: None
[2023-07-31T00:01:37.459+0000] {taskinstance.py:1327} INFO - Marking task as SUCCESS. dag_id=job_data_pipeline_plus_csv, task_id=write_to_postgres, execution_date=20230730T000000, start_date=20230731T000130, end_date=20230731T000137
[2023-07-31T00:01:37.859+0000] {local_task_job.py:159} INFO - Task exited with return code 0
[2023-07-31T00:01:38.296+0000] {taskinstance.py:2582} INFO - 1 downstream tasks scheduled from follow-on schedule check
