[2023-07-29T19:09:05.419+0000] {taskinstance.py:1087} INFO - Dependencies all met for <TaskInstance: job_data_pipeline.write_to_postgres manual__2023-07-29T19:03:25.169194+00:00 [queued]>
[2023-07-29T19:09:05.479+0000] {taskinstance.py:1087} INFO - Dependencies all met for <TaskInstance: job_data_pipeline.write_to_postgres manual__2023-07-29T19:03:25.169194+00:00 [queued]>
[2023-07-29T19:09:05.481+0000] {taskinstance.py:1283} INFO - 
--------------------------------------------------------------------------------
[2023-07-29T19:09:05.485+0000] {taskinstance.py:1284} INFO - Starting attempt 2 of 2
[2023-07-29T19:09:05.486+0000] {taskinstance.py:1285} INFO - 
--------------------------------------------------------------------------------
[2023-07-29T19:09:05.634+0000] {taskinstance.py:1304} INFO - Executing <Task(PythonOperator): write_to_postgres> on 2023-07-29 19:03:25.169194+00:00
[2023-07-29T19:09:05.647+0000] {standard_task_runner.py:55} INFO - Started process 23006 to run task
[2023-07-29T19:09:05.662+0000] {standard_task_runner.py:82} INFO - Running: ['***', 'tasks', 'run', 'job_data_pipeline', 'write_to_postgres', 'manual__2023-07-29T19:03:25.169194+00:00', '--job-id', '2999', '--raw', '--subdir', 'DAGS_FOLDER/load_data_v4.py', '--cfg-path', '/tmp/tmpxhpxuu53']
[2023-07-29T19:09:05.672+0000] {standard_task_runner.py:83} INFO - Job 2999: Subtask write_to_postgres
[2023-07-29T19:09:06.161+0000] {task_command.py:389} INFO - Running <TaskInstance: job_data_pipeline.write_to_postgres manual__2023-07-29T19:03:25.169194+00:00 [running]> on host f1ea17bde741
[2023-07-29T19:09:06.966+0000] {taskinstance.py:1513} INFO - Exporting the following env vars:
AIRFLOW_CTX_DAG_OWNER=***
AIRFLOW_CTX_DAG_ID=job_data_pipeline
AIRFLOW_CTX_TASK_ID=write_to_postgres
AIRFLOW_CTX_EXECUTION_DATE=2023-07-29T19:03:25.169194+00:00
AIRFLOW_CTX_TRY_NUMBER=2
AIRFLOW_CTX_DAG_RUN_ID=manual__2023-07-29T19:03:25.169194+00:00
[2023-07-29T19:09:07.062+0000] {taskinstance.py:1772} ERROR - Task failed with exception
Traceback (most recent call last):
  File "/home/airflow/.local/lib/python3.7/site-packages/airflow/operators/python.py", line 175, in execute
    return_value = self.execute_callable()
  File "/home/airflow/.local/lib/python3.7/site-packages/airflow/operators/python.py", line 192, in execute_callable
    return self.python_callable(*self.op_args, **self.op_kwargs)
  File "/opt/airflow/dags/load_data_v4.py", line 58, in write_to_postgres
    df = df[required_columns]
  File "/home/airflow/.local/lib/python3.7/site-packages/pandas/core/frame.py", line 3464, in __getitem__
    indexer = self.loc._get_listlike_indexer(key, axis=1)[1]
  File "/home/airflow/.local/lib/python3.7/site-packages/pandas/core/indexing.py", line 1314, in _get_listlike_indexer
    self._validate_read_indexer(keyarr, indexer, axis)
  File "/home/airflow/.local/lib/python3.7/site-packages/pandas/core/indexing.py", line 1377, in _validate_read_indexer
    raise KeyError(f"{not_found} not in index")
KeyError: "['category', 'location', 'company', 'class'] not in index"
[2023-07-29T19:09:07.187+0000] {taskinstance.py:1327} INFO - Marking task as FAILED. dag_id=job_data_pipeline, task_id=write_to_postgres, execution_date=20230729T190325, start_date=20230729T190905, end_date=20230729T190907
[2023-07-29T19:09:07.426+0000] {standard_task_runner.py:105} ERROR - Failed to execute job 2999 for task write_to_postgres ("['category', 'location', 'company', 'class'] not in index"; 23006)
[2023-07-29T19:09:07.533+0000] {local_task_job.py:159} INFO - Task exited with return code 1
[2023-07-29T19:09:07.593+0000] {taskinstance.py:2582} INFO - 0 downstream tasks scheduled from follow-on schedule check
