[2023-07-26T10:02:26.720+0000] {taskinstance.py:1087} INFO - Dependencies all met for <TaskInstance: my_first_dag.greet_world scheduled__2023-07-25T00:00:00+00:00 [queued]>
[2023-07-26T10:02:26.776+0000] {taskinstance.py:1087} INFO - Dependencies all met for <TaskInstance: my_first_dag.greet_world scheduled__2023-07-25T00:00:00+00:00 [queued]>
[2023-07-26T10:02:26.777+0000] {taskinstance.py:1283} INFO - 
--------------------------------------------------------------------------------
[2023-07-26T10:02:26.830+0000] {taskinstance.py:1284} INFO - Starting attempt 1 of 3
[2023-07-26T10:02:26.831+0000] {taskinstance.py:1285} INFO - 
--------------------------------------------------------------------------------
[2023-07-26T10:02:27.446+0000] {taskinstance.py:1304} INFO - Executing <Task(BashOperator): greet_world> on 2023-07-25 00:00:00+00:00
[2023-07-26T10:02:27.454+0000] {standard_task_runner.py:55} INFO - Started process 89 to run task
[2023-07-26T10:02:27.463+0000] {standard_task_runner.py:82} INFO - Running: ['***', 'tasks', 'run', 'my_first_dag', 'greet_world', 'scheduled__2023-07-25T00:00:00+00:00', '--job-id', '15', '--raw', '--subdir', 'DAGS_FOLDER/bash_operator.py', '--cfg-path', '/tmp/tmp27o0wk0_']
[2023-07-26T10:02:27.466+0000] {standard_task_runner.py:83} INFO - Job 15: Subtask greet_world
[2023-07-26T10:02:27.720+0000] {task_command.py:389} INFO - Running <TaskInstance: my_first_dag.greet_world scheduled__2023-07-25T00:00:00+00:00 [running]> on host bc3380e7707e
[2023-07-26T10:02:29.466+0000] {taskinstance.py:1513} INFO - Exporting the following env vars:
AIRFLOW_CTX_DAG_OWNER=ebejale
AIRFLOW_CTX_DAG_ID=my_first_dag
AIRFLOW_CTX_TASK_ID=greet_world
AIRFLOW_CTX_EXECUTION_DATE=2023-07-25T00:00:00+00:00
AIRFLOW_CTX_TRY_NUMBER=1
AIRFLOW_CTX_DAG_RUN_ID=scheduled__2023-07-25T00:00:00+00:00
[2023-07-26T10:02:29.472+0000] {subprocess.py:63} INFO - Tmp dir root location: 
 /tmp
[2023-07-26T10:02:29.475+0000] {subprocess.py:75} INFO - Running command: ['/bin/bash', '-c', 'echo hello world']
[2023-07-26T10:02:29.499+0000] {subprocess.py:86} INFO - Output:
[2023-07-26T10:02:29.504+0000] {subprocess.py:93} INFO - hello world
[2023-07-26T10:02:29.505+0000] {subprocess.py:97} INFO - Command exited with return code 0
[2023-07-26T10:02:29.866+0000] {taskinstance.py:1327} INFO - Marking task as SUCCESS. dag_id=my_first_dag, task_id=greet_world, execution_date=20230725T000000, start_date=20230726T100226, end_date=20230726T100229
[2023-07-26T10:02:30.414+0000] {local_task_job.py:159} INFO - Task exited with return code 0
[2023-07-26T10:02:30.455+0000] {taskinstance.py:2582} INFO - 0 downstream tasks scheduled from follow-on schedule check
