[2023-07-29T10:45:34.975+0000] {taskinstance.py:1087} INFO - Dependencies all met for <TaskInstance: data_engineering_jobs_dags_v2.get_jobs scheduled__2023-02-27T00:00:00+00:00 [queued]>
[2023-07-29T10:45:36.096+0000] {taskinstance.py:1087} INFO - Dependencies all met for <TaskInstance: data_engineering_jobs_dags_v2.get_jobs scheduled__2023-02-27T00:00:00+00:00 [queued]>
[2023-07-29T10:45:36.118+0000] {taskinstance.py:1283} INFO - 
--------------------------------------------------------------------------------
[2023-07-29T10:45:36.153+0000] {taskinstance.py:1284} INFO - Starting attempt 1 of 2
[2023-07-29T10:45:36.192+0000] {taskinstance.py:1285} INFO - 
--------------------------------------------------------------------------------
[2023-07-29T10:45:43.100+0000] {taskinstance.py:1304} INFO - Executing <Task(PythonOperator): get_jobs> on 2023-02-27 00:00:00+00:00
[2023-07-29T10:45:43.242+0000] {standard_task_runner.py:55} INFO - Started process 1156 to run task
[2023-07-29T10:45:43.638+0000] {standard_task_runner.py:82} INFO - Running: ['***', 'tasks', 'run', 'data_engineering_jobs_dags_v2', 'get_jobs', 'scheduled__2023-02-27T00:00:00+00:00', '--job-id', '1944', '--raw', '--subdir', 'DAGS_FOLDER/load_data_v2.py', '--cfg-path', '/tmp/tmpzql_j0_j']
[2023-07-29T10:45:43.706+0000] {standard_task_runner.py:83} INFO - Job 1944: Subtask get_jobs
[2023-07-29T10:45:49.569+0000] {task_command.py:389} INFO - Running <TaskInstance: data_engineering_jobs_dags_v2.get_jobs scheduled__2023-02-27T00:00:00+00:00 [running]> on host f1ea17bde741
[2023-07-29T10:46:03.484+0000] {taskinstance.py:1513} INFO - Exporting the following env vars:
AIRFLOW_CTX_DAG_OWNER=***
AIRFLOW_CTX_DAG_ID=data_engineering_jobs_dags_v2
AIRFLOW_CTX_TASK_ID=get_jobs
AIRFLOW_CTX_EXECUTION_DATE=2023-02-27T00:00:00+00:00
AIRFLOW_CTX_TRY_NUMBER=1
AIRFLOW_CTX_DAG_RUN_ID=scheduled__2023-02-27T00:00:00+00:00
[2023-07-29T10:46:11.259+0000] {python.py:177} INFO - Done. Returned value was: None
[2023-07-29T10:46:11.875+0000] {taskinstance.py:1327} INFO - Marking task as SUCCESS. dag_id=data_engineering_jobs_dags_v2, task_id=get_jobs, execution_date=20230227T000000, start_date=20230729T104535, end_date=20230729T104611
[2023-07-29T10:46:14.987+0000] {local_task_job.py:159} INFO - Task exited with return code 0
[2023-07-29T10:46:20.463+0000] {taskinstance.py:2582} INFO - 0 downstream tasks scheduled from follow-on schedule check
