[2023-07-29T19:03:36.671+0000] {taskinstance.py:1087} INFO - Dependencies all met for <TaskInstance: job_data_pipeline.get_jobs manual__2023-07-29T19:03:25.169194+00:00 [queued]>
[2023-07-29T19:03:36.902+0000] {taskinstance.py:1087} INFO - Dependencies all met for <TaskInstance: job_data_pipeline.get_jobs manual__2023-07-29T19:03:25.169194+00:00 [queued]>
[2023-07-29T19:03:36.938+0000] {taskinstance.py:1283} INFO - 
--------------------------------------------------------------------------------
[2023-07-29T19:03:36.988+0000] {taskinstance.py:1284} INFO - Starting attempt 1 of 2
[2023-07-29T19:03:36.996+0000] {taskinstance.py:1285} INFO - 
--------------------------------------------------------------------------------
[2023-07-29T19:03:37.461+0000] {taskinstance.py:1304} INFO - Executing <Task(PythonOperator): get_jobs> on 2023-07-29 19:03:25.169194+00:00
[2023-07-29T19:03:37.490+0000] {standard_task_runner.py:55} INFO - Started process 22773 to run task
[2023-07-29T19:03:37.512+0000] {standard_task_runner.py:82} INFO - Running: ['***', 'tasks', 'run', 'job_data_pipeline', 'get_jobs', 'manual__2023-07-29T19:03:25.169194+00:00', '--job-id', '2995', '--raw', '--subdir', 'DAGS_FOLDER/load_data_v4.py', '--cfg-path', '/tmp/tmpjm1gycdv']
[2023-07-29T19:03:37.540+0000] {standard_task_runner.py:83} INFO - Job 2995: Subtask get_jobs
[2023-07-29T19:03:38.587+0000] {task_command.py:389} INFO - Running <TaskInstance: job_data_pipeline.get_jobs manual__2023-07-29T19:03:25.169194+00:00 [running]> on host f1ea17bde741
[2023-07-29T19:03:39.538+0000] {taskinstance.py:1513} INFO - Exporting the following env vars:
AIRFLOW_CTX_DAG_OWNER=***
AIRFLOW_CTX_DAG_ID=job_data_pipeline
AIRFLOW_CTX_TASK_ID=get_jobs
AIRFLOW_CTX_EXECUTION_DATE=2023-07-29T19:03:25.169194+00:00
AIRFLOW_CTX_TRY_NUMBER=1
AIRFLOW_CTX_DAG_RUN_ID=manual__2023-07-29T19:03:25.169194+00:00
[2023-07-29T19:03:41.618+0000] {python.py:177} INFO - Done. Returned value was: None
[2023-07-29T19:03:41.698+0000] {taskinstance.py:1327} INFO - Marking task as SUCCESS. dag_id=job_data_pipeline, task_id=get_jobs, execution_date=20230729T190325, start_date=20230729T190336, end_date=20230729T190341
[2023-07-29T19:03:42.471+0000] {local_task_job.py:159} INFO - Task exited with return code 0
[2023-07-29T19:03:42.667+0000] {taskinstance.py:2582} INFO - 1 downstream tasks scheduled from follow-on schedule check
