[2023-07-29T14:22:41.396+0000] {taskinstance.py:1087} INFO - Dependencies all met for <TaskInstance: data_engineering_jobs_dags_v3.write_to_postgres scheduled__2023-02-14T00:00:00+00:00 [queued]>
[2023-07-29T14:22:42.032+0000] {taskinstance.py:1087} INFO - Dependencies all met for <TaskInstance: data_engineering_jobs_dags_v3.write_to_postgres scheduled__2023-02-14T00:00:00+00:00 [queued]>
[2023-07-29T14:22:42.045+0000] {taskinstance.py:1283} INFO - 
--------------------------------------------------------------------------------
[2023-07-29T14:22:42.053+0000] {taskinstance.py:1284} INFO - Starting attempt 1 of 2
[2023-07-29T14:22:42.106+0000] {taskinstance.py:1285} INFO - 
--------------------------------------------------------------------------------
[2023-07-29T14:22:43.562+0000] {taskinstance.py:1304} INFO - Executing <Task(PythonOperator): write_to_postgres> on 2023-02-14 00:00:00+00:00
[2023-07-29T14:22:43.624+0000] {standard_task_runner.py:55} INFO - Started process 9740 to run task
[2023-07-29T14:22:43.703+0000] {standard_task_runner.py:82} INFO - Running: ['***', 'tasks', 'run', 'data_engineering_jobs_dags_v3', 'write_to_postgres', 'scheduled__2023-02-14T00:00:00+00:00', '--job-id', '2248', '--raw', '--subdir', 'DAGS_FOLDER/load_data_v3.py', '--cfg-path', '/tmp/tmpiry1fw8t']
[2023-07-29T14:22:43.798+0000] {standard_task_runner.py:83} INFO - Job 2248: Subtask write_to_postgres
[2023-07-29T14:22:45.809+0000] {task_command.py:389} INFO - Running <TaskInstance: data_engineering_jobs_dags_v3.write_to_postgres scheduled__2023-02-14T00:00:00+00:00 [running]> on host f1ea17bde741
[2023-07-29T14:22:49.049+0000] {taskinstance.py:1513} INFO - Exporting the following env vars:
AIRFLOW_CTX_DAG_OWNER=***
AIRFLOW_CTX_DAG_ID=data_engineering_jobs_dags_v3
AIRFLOW_CTX_TASK_ID=write_to_postgres
AIRFLOW_CTX_EXECUTION_DATE=2023-02-14T00:00:00+00:00
AIRFLOW_CTX_TRY_NUMBER=1
AIRFLOW_CTX_DAG_RUN_ID=scheduled__2023-02-14T00:00:00+00:00
[2023-07-29T14:22:50.400+0000] {base.py:73} INFO - Using connection ID 'my_connection' for task execution.
[2023-07-29T14:22:50.620+0000] {taskinstance.py:1772} ERROR - Task failed with exception
Traceback (most recent call last):
  File "/home/airflow/.local/lib/python3.7/site-packages/airflow/operators/python.py", line 175, in execute
    return_value = self.execute_callable()
  File "/home/airflow/.local/lib/python3.7/site-packages/airflow/operators/python.py", line 192, in execute_callable
    return self.python_callable(*self.op_args, **self.op_kwargs)
  File "/opt/airflow/dags/load_data_v3.py", line 71, in write_to_postgres
    execute_values(cursor, insert_statement, [tuple(x) for x in df.to_records(index=False)])
  File "/home/airflow/.local/lib/python3.7/site-packages/psycopg2/extras.py", line 1296, in execute_values
    parts.append(cur.mogrify(template, args))
psycopg2.ProgrammingError: can't adapt type 'dict'
[2023-07-29T14:22:51.150+0000] {taskinstance.py:1327} INFO - Marking task as UP_FOR_RETRY. dag_id=data_engineering_jobs_dags_v3, task_id=write_to_postgres, execution_date=20230214T000000, start_date=20230729T142241, end_date=20230729T142251
[2023-07-29T14:22:52.436+0000] {standard_task_runner.py:105} ERROR - Failed to execute job 2248 for task write_to_postgres (can't adapt type 'dict'; 9740)
[2023-07-29T14:22:52.623+0000] {local_task_job.py:159} INFO - Task exited with return code 1
[2023-07-29T14:22:53.798+0000] {taskinstance.py:2582} INFO - 0 downstream tasks scheduled from follow-on schedule check
