[2023-07-29T16:15:26.919+0000] {taskinstance.py:1087} INFO - Dependencies all met for <TaskInstance: data_engineering_jobs_dags_v3.write_to_postgres manual__2023-07-29T16:14:36.118123+00:00 [queued]>
[2023-07-29T16:15:27.061+0000] {taskinstance.py:1087} INFO - Dependencies all met for <TaskInstance: data_engineering_jobs_dags_v3.write_to_postgres manual__2023-07-29T16:14:36.118123+00:00 [queued]>
[2023-07-29T16:15:27.076+0000] {taskinstance.py:1283} INFO - 
--------------------------------------------------------------------------------
[2023-07-29T16:15:27.084+0000] {taskinstance.py:1284} INFO - Starting attempt 1 of 2
[2023-07-29T16:15:27.089+0000] {taskinstance.py:1285} INFO - 
--------------------------------------------------------------------------------
[2023-07-29T16:15:27.564+0000] {taskinstance.py:1304} INFO - Executing <Task(PythonOperator): write_to_postgres> on 2023-07-29 16:14:36.118123+00:00
[2023-07-29T16:15:27.594+0000] {standard_task_runner.py:55} INFO - Started process 15868 to run task
[2023-07-29T16:15:27.631+0000] {standard_task_runner.py:82} INFO - Running: ['***', 'tasks', 'run', 'data_engineering_jobs_dags_v3', 'write_to_postgres', 'manual__2023-07-29T16:14:36.118123+00:00', '--job-id', '2970', '--raw', '--subdir', 'DAGS_FOLDER/load_data_v3.py', '--cfg-path', '/tmp/tmpdoi_3f2e']
[2023-07-29T16:15:27.671+0000] {standard_task_runner.py:83} INFO - Job 2970: Subtask write_to_postgres
[2023-07-29T16:15:28.000+0000] {task_command.py:389} INFO - Running <TaskInstance: data_engineering_jobs_dags_v3.write_to_postgres manual__2023-07-29T16:14:36.118123+00:00 [running]> on host f1ea17bde741
[2023-07-29T16:15:28.460+0000] {taskinstance.py:1513} INFO - Exporting the following env vars:
AIRFLOW_CTX_DAG_OWNER=***
AIRFLOW_CTX_DAG_ID=data_engineering_jobs_dags_v3
AIRFLOW_CTX_TASK_ID=write_to_postgres
AIRFLOW_CTX_EXECUTION_DATE=2023-07-29T16:14:36.118123+00:00
AIRFLOW_CTX_TRY_NUMBER=1
AIRFLOW_CTX_DAG_RUN_ID=manual__2023-07-29T16:14:36.118123+00:00
[2023-07-29T16:15:28.649+0000] {taskinstance.py:1772} ERROR - Task failed with exception
Traceback (most recent call last):
  File "/home/airflow/.local/lib/python3.7/site-packages/airflow/operators/python.py", line 175, in execute
    return_value = self.execute_callable()
  File "/home/airflow/.local/lib/python3.7/site-packages/airflow/operators/python.py", line 192, in execute_callable
    return self.python_callable(*self.op_args, **self.op_kwargs)
  File "/opt/airflow/dags/load_data_v3.py", line 83, in write_to_postgres
    df = df[required_columns]
  File "/home/airflow/.local/lib/python3.7/site-packages/pandas/core/frame.py", line 3464, in __getitem__
    indexer = self.loc._get_listlike_indexer(key, axis=1)[1]
  File "/home/airflow/.local/lib/python3.7/site-packages/pandas/core/indexing.py", line 1314, in _get_listlike_indexer
    self._validate_read_indexer(keyarr, indexer, axis)
  File "/home/airflow/.local/lib/python3.7/site-packages/pandas/core/indexing.py", line 1377, in _validate_read_indexer
    raise KeyError(f"{not_found} not in index")
KeyError: "['category', 'location', 'company'] not in index"
[2023-07-29T16:15:28.685+0000] {taskinstance.py:1327} INFO - Marking task as UP_FOR_RETRY. dag_id=data_engineering_jobs_dags_v3, task_id=write_to_postgres, execution_date=20230729T161436, start_date=20230729T161526, end_date=20230729T161528
[2023-07-29T16:15:29.176+0000] {standard_task_runner.py:105} ERROR - Failed to execute job 2970 for task write_to_postgres ("['category', 'location', 'company'] not in index"; 15868)
[2023-07-29T16:15:29.215+0000] {local_task_job.py:159} INFO - Task exited with return code 1
[2023-07-29T16:15:29.283+0000] {taskinstance.py:2582} INFO - 0 downstream tasks scheduled from follow-on schedule check
