[2023-07-29T14:12:56.387+0000] {taskinstance.py:1087} INFO - Dependencies all met for <TaskInstance: data_engineering_jobs_dags_v3.write_to_postgres scheduled__2023-01-27T00:00:00+00:00 [queued]>
[2023-07-29T14:12:57.217+0000] {taskinstance.py:1087} INFO - Dependencies all met for <TaskInstance: data_engineering_jobs_dags_v3.write_to_postgres scheduled__2023-01-27T00:00:00+00:00 [queued]>
[2023-07-29T14:12:57.271+0000] {taskinstance.py:1283} INFO - 
--------------------------------------------------------------------------------
[2023-07-29T14:12:57.429+0000] {taskinstance.py:1284} INFO - Starting attempt 1 of 2
[2023-07-29T14:12:57.459+0000] {taskinstance.py:1285} INFO - 
--------------------------------------------------------------------------------
[2023-07-29T14:12:58.255+0000] {taskinstance.py:1304} INFO - Executing <Task(PythonOperator): write_to_postgres> on 2023-01-27 00:00:00+00:00
[2023-07-29T14:12:58.302+0000] {standard_task_runner.py:55} INFO - Started process 9196 to run task
[2023-07-29T14:12:58.353+0000] {standard_task_runner.py:82} INFO - Running: ['***', 'tasks', 'run', 'data_engineering_jobs_dags_v3', 'write_to_postgres', 'scheduled__2023-01-27T00:00:00+00:00', '--job-id', '2173', '--raw', '--subdir', 'DAGS_FOLDER/load_data_v3.py', '--cfg-path', '/tmp/tmpbm5pzei5']
[2023-07-29T14:12:58.421+0000] {standard_task_runner.py:83} INFO - Job 2173: Subtask write_to_postgres
[2023-07-29T14:13:05.007+0000] {task_command.py:389} INFO - Running <TaskInstance: data_engineering_jobs_dags_v3.write_to_postgres scheduled__2023-01-27T00:00:00+00:00 [running]> on host f1ea17bde741
[2023-07-29T14:13:12.827+0000] {taskinstance.py:1513} INFO - Exporting the following env vars:
AIRFLOW_CTX_DAG_OWNER=***
AIRFLOW_CTX_DAG_ID=data_engineering_jobs_dags_v3
AIRFLOW_CTX_TASK_ID=write_to_postgres
AIRFLOW_CTX_EXECUTION_DATE=2023-01-27T00:00:00+00:00
AIRFLOW_CTX_TRY_NUMBER=1
AIRFLOW_CTX_DAG_RUN_ID=scheduled__2023-01-27T00:00:00+00:00
[2023-07-29T14:13:13.744+0000] {taskinstance.py:1772} ERROR - Task failed with exception
Traceback (most recent call last):
  File "/home/airflow/.local/lib/python3.7/site-packages/airflow/operators/python.py", line 175, in execute
    return_value = self.execute_callable()
  File "/home/airflow/.local/lib/python3.7/site-packages/airflow/operators/python.py", line 192, in execute_callable
    return self.python_callable(*self.op_args, **self.op_kwargs)
  File "/opt/airflow/dags/load_data_v3.py", line 66, in write_to_postgres
    conn = psycopg2.connect(conn_string)
  File "/home/airflow/.local/lib/python3.7/site-packages/psycopg2/__init__.py", line 121, in connect
    dsn = _ext.make_dsn(dsn, **kwargs)
  File "/home/airflow/.local/lib/python3.7/site-packages/psycopg2/extensions.py", line 145, in make_dsn
    parse_dsn(dsn)
psycopg2.ProgrammingError: invalid dsn: missing "=" after "my_connection" in connection info string

[2023-07-29T14:13:14.237+0000] {taskinstance.py:1327} INFO - Marking task as UP_FOR_RETRY. dag_id=data_engineering_jobs_dags_v3, task_id=write_to_postgres, execution_date=20230127T000000, start_date=20230729T141256, end_date=20230729T141314
[2023-07-29T14:13:15.065+0000] {standard_task_runner.py:105} ERROR - Failed to execute job 2173 for task write_to_postgres (invalid dsn: missing "=" after "my_connection" in connection info string
; 9196)
[2023-07-29T14:13:15.929+0000] {local_task_job.py:159} INFO - Task exited with return code 1
[2023-07-29T14:13:18.919+0000] {taskinstance.py:2582} INFO - 0 downstream tasks scheduled from follow-on schedule check
