[2023-07-29T15:31:47.570+0000] {taskinstance.py:1087} INFO - Dependencies all met for <TaskInstance: data_engineering_jobs_dags_v3.get_jobs scheduled__2023-07-09T00:00:00+00:00 [queued]>
[2023-07-29T15:31:47.815+0000] {taskinstance.py:1087} INFO - Dependencies all met for <TaskInstance: data_engineering_jobs_dags_v3.get_jobs scheduled__2023-07-09T00:00:00+00:00 [queued]>
[2023-07-29T15:31:47.817+0000] {taskinstance.py:1283} INFO - 
--------------------------------------------------------------------------------
[2023-07-29T15:31:47.842+0000] {taskinstance.py:1284} INFO - Starting attempt 1 of 2
[2023-07-29T15:31:47.845+0000] {taskinstance.py:1285} INFO - 
--------------------------------------------------------------------------------
[2023-07-29T15:31:48.371+0000] {taskinstance.py:1304} INFO - Executing <Task(PythonOperator): get_jobs> on 2023-07-09 00:00:00+00:00
[2023-07-29T15:31:48.430+0000] {standard_task_runner.py:55} INFO - Started process 13872 to run task
[2023-07-29T15:31:48.477+0000] {standard_task_runner.py:82} INFO - Running: ['***', 'tasks', 'run', 'data_engineering_jobs_dags_v3', 'get_jobs', 'scheduled__2023-07-09T00:00:00+00:00', '--job-id', '2838', '--raw', '--subdir', 'DAGS_FOLDER/load_data_v3.py', '--cfg-path', '/tmp/tmp5si_kmv6']
[2023-07-29T15:31:48.545+0000] {standard_task_runner.py:83} INFO - Job 2838: Subtask get_jobs
[2023-07-29T15:31:49.761+0000] {task_command.py:389} INFO - Running <TaskInstance: data_engineering_jobs_dags_v3.get_jobs scheduled__2023-07-09T00:00:00+00:00 [running]> on host f1ea17bde741
[2023-07-29T15:31:52.865+0000] {taskinstance.py:1513} INFO - Exporting the following env vars:
AIRFLOW_CTX_DAG_OWNER=***
AIRFLOW_CTX_DAG_ID=data_engineering_jobs_dags_v3
AIRFLOW_CTX_TASK_ID=get_jobs
AIRFLOW_CTX_EXECUTION_DATE=2023-07-09T00:00:00+00:00
AIRFLOW_CTX_TRY_NUMBER=1
AIRFLOW_CTX_DAG_RUN_ID=scheduled__2023-07-09T00:00:00+00:00
[2023-07-29T15:31:54.723+0000] {taskinstance.py:1772} ERROR - Task failed with exception
Traceback (most recent call last):
  File "/home/airflow/.local/lib/python3.7/site-packages/airflow/operators/python.py", line 175, in execute
    return_value = self.execute_callable()
  File "/home/airflow/.local/lib/python3.7/site-packages/airflow/operators/python.py", line 192, in execute_callable
    return self.python_callable(*self.op_args, **self.op_kwargs)
  File "/opt/airflow/dags/load_data_v3.py", line 34, in get_jobs
    raise Exception(f"API request failed with status {response.status_code}")
Exception: API request failed with status 503
[2023-07-29T15:31:55.240+0000] {taskinstance.py:1327} INFO - Marking task as UP_FOR_RETRY. dag_id=data_engineering_jobs_dags_v3, task_id=get_jobs, execution_date=20230709T000000, start_date=20230729T153147, end_date=20230729T153155
[2023-07-29T15:31:55.537+0000] {standard_task_runner.py:105} ERROR - Failed to execute job 2838 for task get_jobs (API request failed with status 503; 13872)
[2023-07-29T15:31:55.759+0000] {local_task_job.py:159} INFO - Task exited with return code 1
[2023-07-29T15:31:56.980+0000] {taskinstance.py:2582} INFO - 0 downstream tasks scheduled from follow-on schedule check
