[2023-07-29T19:18:18.788+0000] {taskinstance.py:1087} INFO - Dependencies all met for <TaskInstance: job_data_pipeline.get_jobs manual__2023-07-29T19:18:06.981346+00:00 [queued]>
[2023-07-29T19:18:18.912+0000] {taskinstance.py:1087} INFO - Dependencies all met for <TaskInstance: job_data_pipeline.get_jobs manual__2023-07-29T19:18:06.981346+00:00 [queued]>
[2023-07-29T19:18:18.941+0000] {taskinstance.py:1283} INFO - 
--------------------------------------------------------------------------------
[2023-07-29T19:18:18.962+0000] {taskinstance.py:1284} INFO - Starting attempt 1 of 2
[2023-07-29T19:18:18.974+0000] {taskinstance.py:1285} INFO - 
--------------------------------------------------------------------------------
[2023-07-29T19:18:19.413+0000] {taskinstance.py:1304} INFO - Executing <Task(PythonOperator): get_jobs> on 2023-07-29 19:18:06.981346+00:00
[2023-07-29T19:18:19.616+0000] {standard_task_runner.py:55} INFO - Started process 23355 to run task
[2023-07-29T19:18:19.648+0000] {standard_task_runner.py:82} INFO - Running: ['***', 'tasks', 'run', 'job_data_pipeline', 'get_jobs', 'manual__2023-07-29T19:18:06.981346+00:00', '--job-id', '3004', '--raw', '--subdir', 'DAGS_FOLDER/load_data_v4.py', '--cfg-path', '/tmp/tmp1tp7o_au']
[2023-07-29T19:18:19.752+0000] {standard_task_runner.py:83} INFO - Job 3004: Subtask get_jobs
[2023-07-29T19:18:20.348+0000] {task_command.py:389} INFO - Running <TaskInstance: job_data_pipeline.get_jobs manual__2023-07-29T19:18:06.981346+00:00 [running]> on host f1ea17bde741
[2023-07-29T19:18:21.679+0000] {taskinstance.py:1513} INFO - Exporting the following env vars:
AIRFLOW_CTX_DAG_OWNER=***
AIRFLOW_CTX_DAG_ID=job_data_pipeline
AIRFLOW_CTX_TASK_ID=get_jobs
AIRFLOW_CTX_EXECUTION_DATE=2023-07-29T19:18:06.981346+00:00
AIRFLOW_CTX_TRY_NUMBER=1
AIRFLOW_CTX_DAG_RUN_ID=manual__2023-07-29T19:18:06.981346+00:00
[2023-07-29T19:18:24.001+0000] {python.py:177} INFO - Done. Returned value was: None
[2023-07-29T19:18:24.154+0000] {taskinstance.py:1327} INFO - Marking task as SUCCESS. dag_id=job_data_pipeline, task_id=get_jobs, execution_date=20230729T191806, start_date=20230729T191818, end_date=20230729T191824
[2023-07-29T19:18:24.872+0000] {local_task_job.py:159} INFO - Task exited with return code 0
[2023-07-29T19:18:25.089+0000] {taskinstance.py:2582} INFO - 1 downstream tasks scheduled from follow-on schedule check
