[2023-07-29T10:52:13.217+0000] {taskinstance.py:1087} INFO - Dependencies all met for <TaskInstance: data_engineering_jobs_dags_v2.get_jobs scheduled__2023-03-19T00:00:00+00:00 [queued]>
[2023-07-29T10:52:13.800+0000] {taskinstance.py:1087} INFO - Dependencies all met for <TaskInstance: data_engineering_jobs_dags_v2.get_jobs scheduled__2023-03-19T00:00:00+00:00 [queued]>
[2023-07-29T10:52:13.841+0000] {taskinstance.py:1283} INFO - 
--------------------------------------------------------------------------------
[2023-07-29T10:52:14.043+0000] {taskinstance.py:1284} INFO - Starting attempt 1 of 2
[2023-07-29T10:52:14.135+0000] {taskinstance.py:1285} INFO - 
--------------------------------------------------------------------------------
[2023-07-29T10:52:17.284+0000] {taskinstance.py:1304} INFO - Executing <Task(PythonOperator): get_jobs> on 2023-03-19 00:00:00+00:00
[2023-07-29T10:52:17.552+0000] {standard_task_runner.py:55} INFO - Started process 1464 to run task
[2023-07-29T10:52:17.714+0000] {standard_task_runner.py:82} INFO - Running: ['***', 'tasks', 'run', 'data_engineering_jobs_dags_v2', 'get_jobs', 'scheduled__2023-03-19T00:00:00+00:00', '--job-id', '1969', '--raw', '--subdir', 'DAGS_FOLDER/load_data_v2.py', '--cfg-path', '/tmp/tmpvddb3b2u']
[2023-07-29T10:52:17.858+0000] {standard_task_runner.py:83} INFO - Job 1969: Subtask get_jobs
[2023-07-29T10:52:29.487+0000] {task_command.py:389} INFO - Running <TaskInstance: data_engineering_jobs_dags_v2.get_jobs scheduled__2023-03-19T00:00:00+00:00 [running]> on host f1ea17bde741
[2023-07-29T10:52:42.892+0000] {taskinstance.py:1513} INFO - Exporting the following env vars:
AIRFLOW_CTX_DAG_OWNER=***
AIRFLOW_CTX_DAG_ID=data_engineering_jobs_dags_v2
AIRFLOW_CTX_TASK_ID=get_jobs
AIRFLOW_CTX_EXECUTION_DATE=2023-03-19T00:00:00+00:00
AIRFLOW_CTX_TRY_NUMBER=1
AIRFLOW_CTX_DAG_RUN_ID=scheduled__2023-03-19T00:00:00+00:00
[2023-07-29T10:52:49.636+0000] {python.py:177} INFO - Done. Returned value was: None
[2023-07-29T10:52:49.825+0000] {taskinstance.py:1327} INFO - Marking task as SUCCESS. dag_id=data_engineering_jobs_dags_v2, task_id=get_jobs, execution_date=20230319T000000, start_date=20230729T105213, end_date=20230729T105249
[2023-07-29T10:52:51.366+0000] {local_task_job.py:159} INFO - Task exited with return code 0
[2023-07-29T10:52:51.851+0000] {dagrun.py:696} ERROR - Failed to get task for ti <TaskInstance: data_engineering_jobs_dags_v2.write_to_csv scheduled__2023-03-19T00:00:00+00:00 [None]>. Marking it as removed.
[2023-07-29T10:52:51.939+0000] {dagrun.py:696} ERROR - Failed to get task for ti <TaskInstance: data_engineering_jobs_dags_v2.write_to_postgres scheduled__2023-03-19T00:00:00+00:00 [None]>. Marking it as removed.
[2023-07-29T10:52:52.227+0000] {taskinstance.py:2582} INFO - 1 downstream tasks scheduled from follow-on schedule check
