[2023-07-31T15:23:59.541+0000] {taskinstance.py:1087} INFO - Dependencies all met for <TaskInstance: job_data_pipeline_plus_csv.write_to_file manual__2023-07-31T15:23:16.859189+00:00 [queued]>
[2023-07-31T15:23:59.632+0000] {taskinstance.py:1087} INFO - Dependencies all met for <TaskInstance: job_data_pipeline_plus_csv.write_to_file manual__2023-07-31T15:23:16.859189+00:00 [queued]>
[2023-07-31T15:23:59.646+0000] {taskinstance.py:1283} INFO - 
--------------------------------------------------------------------------------
[2023-07-31T15:23:59.812+0000] {taskinstance.py:1284} INFO - Starting attempt 1 of 2
[2023-07-31T15:23:59.813+0000] {taskinstance.py:1285} INFO - 
--------------------------------------------------------------------------------
[2023-07-31T15:24:00.275+0000] {taskinstance.py:1304} INFO - Executing <Task(PythonOperator): write_to_file> on 2023-07-31 15:23:16.859189+00:00
[2023-07-31T15:24:00.325+0000] {standard_task_runner.py:55} INFO - Started process 7721 to run task
[2023-07-31T15:24:00.395+0000] {standard_task_runner.py:82} INFO - Running: ['***', 'tasks', 'run', 'job_data_pipeline_plus_csv', 'write_to_file', 'manual__2023-07-31T15:23:16.859189+00:00', '--job-id', '3171', '--raw', '--subdir', 'DAGS_FOLDER/load_data_create_csv(Y).py', '--cfg-path', '/tmp/tmp9fcztb_x']
[2023-07-31T15:24:00.428+0000] {standard_task_runner.py:83} INFO - Job 3171: Subtask write_to_file
[2023-07-31T15:24:01.512+0000] {task_command.py:389} INFO - Running <TaskInstance: job_data_pipeline_plus_csv.write_to_file manual__2023-07-31T15:23:16.859189+00:00 [running]> on host 4b7777060932
[2023-07-31T15:24:02.998+0000] {taskinstance.py:1513} INFO - Exporting the following env vars:
AIRFLOW_CTX_DAG_OWNER=***
AIRFLOW_CTX_DAG_ID=job_data_pipeline_plus_csv
AIRFLOW_CTX_TASK_ID=write_to_file
AIRFLOW_CTX_EXECUTION_DATE=2023-07-31T15:23:16.859189+00:00
AIRFLOW_CTX_TRY_NUMBER=1
AIRFLOW_CTX_DAG_RUN_ID=manual__2023-07-31T15:23:16.859189+00:00
[2023-07-31T15:24:03.343+0000] {python.py:177} INFO - Done. Returned value was: None
[2023-07-31T15:24:03.426+0000] {taskinstance.py:1327} INFO - Marking task as SUCCESS. dag_id=job_data_pipeline_plus_csv, task_id=write_to_file, execution_date=20230731T152316, start_date=20230731T152359, end_date=20230731T152403
[2023-07-31T15:24:03.911+0000] {local_task_job.py:159} INFO - Task exited with return code 0
[2023-07-31T15:24:04.364+0000] {taskinstance.py:2582} INFO - 0 downstream tasks scheduled from follow-on schedule check
