[2023-07-29T14:43:07.385+0000] {taskinstance.py:1087} INFO - Dependencies all met for <TaskInstance: data_engineering_jobs_dags_v3.write_to_postgres scheduled__2023-03-20T00:00:00+00:00 [queued]>
[2023-07-29T14:43:07.607+0000] {taskinstance.py:1087} INFO - Dependencies all met for <TaskInstance: data_engineering_jobs_dags_v3.write_to_postgres scheduled__2023-03-20T00:00:00+00:00 [queued]>
[2023-07-29T14:43:07.622+0000] {taskinstance.py:1283} INFO - 
--------------------------------------------------------------------------------
[2023-07-29T14:43:07.671+0000] {taskinstance.py:1284} INFO - Starting attempt 2 of 2
[2023-07-29T14:43:07.705+0000] {taskinstance.py:1285} INFO - 
--------------------------------------------------------------------------------
[2023-07-29T14:43:08.058+0000] {taskinstance.py:1304} INFO - Executing <Task(PythonOperator): write_to_postgres> on 2023-03-20 00:00:00+00:00
[2023-07-29T14:43:08.104+0000] {standard_task_runner.py:55} INFO - Started process 11015 to run task
[2023-07-29T14:43:08.256+0000] {standard_task_runner.py:82} INFO - Running: ['***', 'tasks', 'run', 'data_engineering_jobs_dags_v3', 'write_to_postgres', 'scheduled__2023-03-20T00:00:00+00:00', '--job-id', '2443', '--raw', '--subdir', 'DAGS_FOLDER/load_data_v3.py', '--cfg-path', '/tmp/tmpw0i7kgis']
[2023-07-29T14:43:08.283+0000] {standard_task_runner.py:83} INFO - Job 2443: Subtask write_to_postgres
[2023-07-29T14:43:09.807+0000] {task_command.py:389} INFO - Running <TaskInstance: data_engineering_jobs_dags_v3.write_to_postgres scheduled__2023-03-20T00:00:00+00:00 [running]> on host f1ea17bde741
[2023-07-29T14:43:12.887+0000] {taskinstance.py:1513} INFO - Exporting the following env vars:
AIRFLOW_CTX_DAG_OWNER=***
AIRFLOW_CTX_DAG_ID=data_engineering_jobs_dags_v3
AIRFLOW_CTX_TASK_ID=write_to_postgres
AIRFLOW_CTX_EXECUTION_DATE=2023-03-20T00:00:00+00:00
AIRFLOW_CTX_TRY_NUMBER=2
AIRFLOW_CTX_DAG_RUN_ID=scheduled__2023-03-20T00:00:00+00:00
[2023-07-29T14:43:13.219+0000] {base.py:73} INFO - Using connection ID 'my_connection' for task execution.
[2023-07-29T14:43:13.515+0000] {taskinstance.py:1772} ERROR - Task failed with exception
Traceback (most recent call last):
  File "/home/airflow/.local/lib/python3.7/site-packages/airflow/operators/python.py", line 175, in execute
    return_value = self.execute_callable()
  File "/home/airflow/.local/lib/python3.7/site-packages/airflow/operators/python.py", line 192, in execute_callable
    return self.python_callable(*self.op_args, **self.op_kwargs)
  File "/opt/airflow/dags/load_data_v3.py", line 71, in write_to_postgres
    execute_values(cursor, insert_statement, [tuple(x) for x in df.to_records(index=False)])
  File "/home/airflow/.local/lib/python3.7/site-packages/psycopg2/extras.py", line 1296, in execute_values
    parts.append(cur.mogrify(template, args))
psycopg2.ProgrammingError: can't adapt type 'dict'
[2023-07-29T14:43:13.752+0000] {taskinstance.py:1327} INFO - Marking task as FAILED. dag_id=data_engineering_jobs_dags_v3, task_id=write_to_postgres, execution_date=20230320T000000, start_date=20230729T144307, end_date=20230729T144313
[2023-07-29T14:43:14.140+0000] {standard_task_runner.py:105} ERROR - Failed to execute job 2443 for task write_to_postgres (can't adapt type 'dict'; 11015)
[2023-07-29T14:43:14.346+0000] {local_task_job.py:159} INFO - Task exited with return code 1
[2023-07-29T14:43:16.785+0000] {taskinstance.py:2582} INFO - 0 downstream tasks scheduled from follow-on schedule check
