[2023-08-03T04:01:27.006+0000] {taskinstance.py:1087} INFO - Dependencies all met for <TaskInstance: job_data_pipeline_plus_csv.write_to_file scheduled__2023-08-02T00:00:00+00:00 [queued]>
[2023-08-03T04:01:27.027+0000] {taskinstance.py:1087} INFO - Dependencies all met for <TaskInstance: job_data_pipeline_plus_csv.write_to_file scheduled__2023-08-02T00:00:00+00:00 [queued]>
[2023-08-03T04:01:27.028+0000] {taskinstance.py:1283} INFO - 
--------------------------------------------------------------------------------
[2023-08-03T04:01:28.059+0000] {taskinstance.py:1284} INFO - Starting attempt 1 of 2
[2023-08-03T04:01:28.060+0000] {taskinstance.py:1285} INFO - 
--------------------------------------------------------------------------------
[2023-08-03T04:01:29.157+0000] {taskinstance.py:1304} INFO - Executing <Task(PythonOperator): write_to_file> on 2023-08-02 00:00:00+00:00
[2023-08-03T04:01:29.169+0000] {standard_task_runner.py:55} INFO - Started process 30113 to run task
[2023-08-03T04:01:29.225+0000] {standard_task_runner.py:82} INFO - Running: ['***', 'tasks', 'run', 'job_data_pipeline_plus_csv', 'write_to_file', 'scheduled__2023-08-02T00:00:00+00:00', '--job-id', '3259', '--raw', '--subdir', 'DAGS_FOLDER/load_data_create_csv(Y).py', '--cfg-path', '/tmp/tmpq6p5gnu_']
[2023-08-03T04:01:29.234+0000] {standard_task_runner.py:83} INFO - Job 3259: Subtask write_to_file
[2023-08-03T04:01:30.716+0000] {task_command.py:389} INFO - Running <TaskInstance: job_data_pipeline_plus_csv.write_to_file scheduled__2023-08-02T00:00:00+00:00 [running]> on host a4a69aba7e5b
[2023-08-03T04:01:32.404+0000] {taskinstance.py:1513} INFO - Exporting the following env vars:
AIRFLOW_CTX_DAG_OWNER=***
AIRFLOW_CTX_DAG_ID=job_data_pipeline_plus_csv
AIRFLOW_CTX_TASK_ID=write_to_file
AIRFLOW_CTX_EXECUTION_DATE=2023-08-02T00:00:00+00:00
AIRFLOW_CTX_TRY_NUMBER=1
AIRFLOW_CTX_DAG_RUN_ID=scheduled__2023-08-02T00:00:00+00:00
[2023-08-03T04:01:32.536+0000] {python.py:177} INFO - Done. Returned value was: None
[2023-08-03T04:01:32.571+0000] {taskinstance.py:1327} INFO - Marking task as SUCCESS. dag_id=job_data_pipeline_plus_csv, task_id=write_to_file, execution_date=20230802T000000, start_date=20230803T040127, end_date=20230803T040132
[2023-08-03T04:01:33.712+0000] {local_task_job.py:159} INFO - Task exited with return code 0
[2023-08-03T04:01:34.175+0000] {taskinstance.py:2582} INFO - 0 downstream tasks scheduled from follow-on schedule check
