[2023-07-30T03:43:26.215+0000] {taskinstance.py:1087} INFO - Dependencies all met for <TaskInstance: job_data_pipeline_search.get_jobs scheduled__2023-07-29T00:00:00+00:00 [queued]>
[2023-07-30T03:43:26.370+0000] {taskinstance.py:1087} INFO - Dependencies all met for <TaskInstance: job_data_pipeline_search.get_jobs scheduled__2023-07-29T00:00:00+00:00 [queued]>
[2023-07-30T03:43:26.390+0000] {taskinstance.py:1283} INFO - 
--------------------------------------------------------------------------------
[2023-07-30T03:43:26.421+0000] {taskinstance.py:1284} INFO - Starting attempt 1 of 2
[2023-07-30T03:43:26.437+0000] {taskinstance.py:1285} INFO - 
--------------------------------------------------------------------------------
[2023-07-30T03:43:27.151+0000] {taskinstance.py:1304} INFO - Executing <Task(PythonOperator): get_jobs> on 2023-07-29 00:00:00+00:00
[2023-07-30T03:43:27.213+0000] {standard_task_runner.py:55} INFO - Started process 33004 to run task
[2023-07-30T03:43:27.249+0000] {standard_task_runner.py:82} INFO - Running: ['***', 'tasks', 'run', 'job_data_pipeline_search', 'get_jobs', 'scheduled__2023-07-29T00:00:00+00:00', '--job-id', '3067', '--raw', '--subdir', 'DAGS_FOLDER/load_data_keyword_search.py', '--cfg-path', '/tmp/tmpdckun3v9']
[2023-07-30T03:43:27.302+0000] {standard_task_runner.py:83} INFO - Job 3067: Subtask get_jobs
[2023-07-30T03:43:28.370+0000] {task_command.py:389} INFO - Running <TaskInstance: job_data_pipeline_search.get_jobs scheduled__2023-07-29T00:00:00+00:00 [running]> on host f1ea17bde741
[2023-07-30T03:43:29.930+0000] {taskinstance.py:1513} INFO - Exporting the following env vars:
AIRFLOW_CTX_DAG_OWNER=***
AIRFLOW_CTX_DAG_ID=job_data_pipeline_search
AIRFLOW_CTX_TASK_ID=get_jobs
AIRFLOW_CTX_EXECUTION_DATE=2023-07-29T00:00:00+00:00
AIRFLOW_CTX_TRY_NUMBER=1
AIRFLOW_CTX_DAG_RUN_ID=scheduled__2023-07-29T00:00:00+00:00
[2023-07-30T03:43:33.914+0000] {python.py:177} INFO - Done. Returned value was: None
[2023-07-30T03:43:34.193+0000] {taskinstance.py:1327} INFO - Marking task as SUCCESS. dag_id=job_data_pipeline_search, task_id=get_jobs, execution_date=20230729T000000, start_date=20230730T034326, end_date=20230730T034334
[2023-07-30T03:43:34.842+0000] {local_task_job.py:159} INFO - Task exited with return code 0
[2023-07-30T03:43:35.282+0000] {taskinstance.py:2582} INFO - 1 downstream tasks scheduled from follow-on schedule check
