[2023-07-29T12:47:33.584+0000] {taskinstance.py:1087} INFO - Dependencies all met for <TaskInstance: my_postgres_dag_v3.create_table scheduled__2023-07-26T00:00:00+00:00 [queued]>
[2023-07-29T12:47:33.732+0000] {taskinstance.py:1087} INFO - Dependencies all met for <TaskInstance: my_postgres_dag_v3.create_table scheduled__2023-07-26T00:00:00+00:00 [queued]>
[2023-07-29T12:47:33.743+0000] {taskinstance.py:1283} INFO - 
--------------------------------------------------------------------------------
[2023-07-29T12:47:33.764+0000] {taskinstance.py:1284} INFO - Starting attempt 1 of 3
[2023-07-29T12:47:33.797+0000] {taskinstance.py:1285} INFO - 
--------------------------------------------------------------------------------
[2023-07-29T12:47:37.207+0000] {taskinstance.py:1304} INFO - Executing <Task(PostgresOperator): create_table> on 2023-07-26 00:00:00+00:00
[2023-07-29T12:47:37.370+0000] {standard_task_runner.py:55} INFO - Started process 5753 to run task
[2023-07-29T12:47:37.532+0000] {standard_task_runner.py:82} INFO - Running: ['***', 'tasks', 'run', 'my_postgres_dag_v3', 'create_table', 'scheduled__2023-07-26T00:00:00+00:00', '--job-id', '2042', '--raw', '--subdir', 'DAGS_FOLDER/postgres_operator_v2.py', '--cfg-path', '/tmp/tmpp7tyyzky']
[2023-07-29T12:47:37.548+0000] {standard_task_runner.py:83} INFO - Job 2042: Subtask create_table
[2023-07-29T12:47:39.853+0000] {task_command.py:389} INFO - Running <TaskInstance: my_postgres_dag_v3.create_table scheduled__2023-07-26T00:00:00+00:00 [running]> on host f1ea17bde741
[2023-07-29T12:47:42.513+0000] {taskinstance.py:1513} INFO - Exporting the following env vars:
AIRFLOW_CTX_DAG_OWNER=Byron
AIRFLOW_CTX_DAG_ID=my_postgres_dag_v3
AIRFLOW_CTX_TASK_ID=create_table
AIRFLOW_CTX_EXECUTION_DATE=2023-07-26T00:00:00+00:00
AIRFLOW_CTX_TRY_NUMBER=1
AIRFLOW_CTX_DAG_RUN_ID=scheduled__2023-07-26T00:00:00+00:00
[2023-07-29T12:47:42.529+0000] {sql.py:253} INFO - Executing: 
            CREATE TABLE IF NOT EXISTS ***_users(
                id SERIAL PRIMARY KEY,
                name VARCHAR(30)
            )
        
[2023-07-29T12:47:42.869+0000] {base.py:73} INFO - Using connection ID 'my_connection' for task execution.
[2023-07-29T12:47:52.267+0000] {base.py:73} INFO - Using connection ID 'my_connection' for task execution.
[2023-07-29T12:47:52.467+0000] {sql.py:364} INFO - Running statement: 
            CREATE TABLE IF NOT EXISTS ***_users(
                id SERIAL PRIMARY KEY,
                name VARCHAR(30)
            )
        , parameters: None
[2023-07-29T12:47:52.702+0000] {taskinstance.py:1327} INFO - Marking task as SUCCESS. dag_id=my_postgres_dag_v3, task_id=create_table, execution_date=20230726T000000, start_date=20230729T124733, end_date=20230729T124752
[2023-07-29T12:47:53.070+0000] {local_task_job.py:159} INFO - Task exited with return code 0
[2023-07-29T12:47:53.284+0000] {taskinstance.py:2582} INFO - 1 downstream tasks scheduled from follow-on schedule check
