[2023-07-29T11:04:24.163+0000] {taskinstance.py:1087} INFO - Dependencies all met for <TaskInstance: my_python_dag_v6.my_name scheduled__2023-07-28T02:00:00+00:00 [queued]>
[2023-07-29T11:04:25.219+0000] {taskinstance.py:1087} INFO - Dependencies all met for <TaskInstance: my_python_dag_v6.my_name scheduled__2023-07-28T02:00:00+00:00 [queued]>
[2023-07-29T11:04:25.258+0000] {taskinstance.py:1283} INFO - 
--------------------------------------------------------------------------------
[2023-07-29T11:04:25.263+0000] {taskinstance.py:1284} INFO - Starting attempt 1 of 3
[2023-07-29T11:04:25.268+0000] {taskinstance.py:1285} INFO - 
--------------------------------------------------------------------------------
[2023-07-29T11:04:27.941+0000] {taskinstance.py:1304} INFO - Executing <Task(PythonOperator): my_name> on 2023-07-28 02:00:00+00:00
[2023-07-29T11:04:28.000+0000] {standard_task_runner.py:55} INFO - Started process 1976 to run task
[2023-07-29T11:04:28.064+0000] {standard_task_runner.py:82} INFO - Running: ['***', 'tasks', 'run', 'my_python_dag_v6', 'my_name', 'scheduled__2023-07-28T02:00:00+00:00', '--job-id', '2015', '--raw', '--subdir', 'DAGS_FOLDER/python_operatorv6.py', '--cfg-path', '/tmp/tmp3d7m_11a']
[2023-07-29T11:04:28.080+0000] {standard_task_runner.py:83} INFO - Job 2015: Subtask my_name
[2023-07-29T11:04:31.176+0000] {task_command.py:389} INFO - Running <TaskInstance: my_python_dag_v6.my_name scheduled__2023-07-28T02:00:00+00:00 [running]> on host f1ea17bde741
[2023-07-29T11:04:36.679+0000] {taskinstance.py:1513} INFO - Exporting the following env vars:
AIRFLOW_CTX_DAG_OWNER=Byron
AIRFLOW_CTX_DAG_ID=my_python_dag_v6
AIRFLOW_CTX_TASK_ID=my_name
AIRFLOW_CTX_EXECUTION_DATE=2023-07-28T02:00:00+00:00
AIRFLOW_CTX_TRY_NUMBER=1
AIRFLOW_CTX_DAG_RUN_ID=scheduled__2023-07-28T02:00:00+00:00
[2023-07-29T11:04:36.685+0000] {logging_mixin.py:137} INFO - Kasimir!
[2023-07-29T11:04:36.686+0000] {python.py:177} INFO - Done. Returned value was: None
[2023-07-29T11:04:36.933+0000] {taskinstance.py:1327} INFO - Marking task as SUCCESS. dag_id=my_python_dag_v6, task_id=my_name, execution_date=20230728T020000, start_date=20230729T110424, end_date=20230729T110436
[2023-07-29T11:04:37.932+0000] {local_task_job.py:159} INFO - Task exited with return code 0
[2023-07-29T11:04:39.644+0000] {taskinstance.py:2582} INFO - 1 downstream tasks scheduled from follow-on schedule check
