[2023-07-29T16:03:47.078+0000] {taskinstance.py:1087} INFO - Dependencies all met for <TaskInstance: data_engineering_jobs_dags_v3.drop_table scheduled__2023-07-22T00:00:00+00:00 [queued]>
[2023-07-29T16:03:47.645+0000] {taskinstance.py:1087} INFO - Dependencies all met for <TaskInstance: data_engineering_jobs_dags_v3.drop_table scheduled__2023-07-22T00:00:00+00:00 [queued]>
[2023-07-29T16:03:47.673+0000] {taskinstance.py:1283} INFO - 
--------------------------------------------------------------------------------
[2023-07-29T16:03:47.722+0000] {taskinstance.py:1284} INFO - Starting attempt 1 of 2
[2023-07-29T16:03:47.742+0000] {taskinstance.py:1285} INFO - 
--------------------------------------------------------------------------------
[2023-07-29T16:03:49.192+0000] {taskinstance.py:1304} INFO - Executing <Task(PostgresOperator): drop_table> on 2023-07-22 00:00:00+00:00
[2023-07-29T16:03:49.355+0000] {standard_task_runner.py:55} INFO - Started process 15394 to run task
[2023-07-29T16:03:49.504+0000] {standard_task_runner.py:82} INFO - Running: ['***', 'tasks', 'run', 'data_engineering_jobs_dags_v3', 'drop_table', 'scheduled__2023-07-22T00:00:00+00:00', '--job-id', '2951', '--raw', '--subdir', 'DAGS_FOLDER/load_data_v3.py', '--cfg-path', '/tmp/tmpjgqevo_y']
[2023-07-29T16:03:49.567+0000] {standard_task_runner.py:83} INFO - Job 2951: Subtask drop_table
[2023-07-29T16:03:50.906+0000] {task_command.py:389} INFO - Running <TaskInstance: data_engineering_jobs_dags_v3.drop_table scheduled__2023-07-22T00:00:00+00:00 [running]> on host f1ea17bde741
[2023-07-29T16:03:52.928+0000] {taskinstance.py:1513} INFO - Exporting the following env vars:
AIRFLOW_CTX_DAG_OWNER=***
AIRFLOW_CTX_DAG_ID=data_engineering_jobs_dags_v3
AIRFLOW_CTX_TASK_ID=drop_table
AIRFLOW_CTX_EXECUTION_DATE=2023-07-22T00:00:00+00:00
AIRFLOW_CTX_TRY_NUMBER=1
AIRFLOW_CTX_DAG_RUN_ID=scheduled__2023-07-22T00:00:00+00:00
[2023-07-29T16:03:52.957+0000] {sql.py:253} INFO - Executing: 
        DROP TABLE IF EXISTS jobs
    
[2023-07-29T16:03:53.008+0000] {base.py:73} INFO - Using connection ID 'my_connection' for task execution.
[2023-07-29T16:03:59.654+0000] {base.py:73} INFO - Using connection ID 'my_connection' for task execution.
[2023-07-29T16:03:59.741+0000] {sql.py:364} INFO - Running statement: 
        DROP TABLE IF EXISTS jobs
    , parameters: None
[2023-07-29T16:04:00.002+0000] {taskinstance.py:1327} INFO - Marking task as SUCCESS. dag_id=data_engineering_jobs_dags_v3, task_id=drop_table, execution_date=20230722T000000, start_date=20230729T160347, end_date=20230729T160400
[2023-07-29T16:04:00.943+0000] {local_task_job.py:159} INFO - Task exited with return code 0
[2023-07-29T16:04:01.642+0000] {taskinstance.py:2582} INFO - 0 downstream tasks scheduled from follow-on schedule check
