[2023-07-31T15:09:53.877+0000] {taskinstance.py:1087} INFO - Dependencies all met for <TaskInstance: job_data_pipeline_plus_csv.get_jobs manual__2023-07-31T15:09:44.490218+00:00 [queued]>
[2023-07-31T15:09:53.974+0000] {taskinstance.py:1087} INFO - Dependencies all met for <TaskInstance: job_data_pipeline_plus_csv.get_jobs manual__2023-07-31T15:09:44.490218+00:00 [queued]>
[2023-07-31T15:09:53.990+0000] {taskinstance.py:1283} INFO - 
--------------------------------------------------------------------------------
[2023-07-31T15:09:54.003+0000] {taskinstance.py:1284} INFO - Starting attempt 1 of 2
[2023-07-31T15:09:54.004+0000] {taskinstance.py:1285} INFO - 
--------------------------------------------------------------------------------
[2023-07-31T15:09:54.282+0000] {taskinstance.py:1304} INFO - Executing <Task(PythonOperator): get_jobs> on 2023-07-31 15:09:44.490218+00:00
[2023-07-31T15:09:54.304+0000] {standard_task_runner.py:55} INFO - Started process 7184 to run task
[2023-07-31T15:09:54.304+0000] {standard_task_runner.py:82} INFO - Running: ['***', 'tasks', 'run', 'job_data_pipeline_plus_csv', 'get_jobs', 'manual__2023-07-31T15:09:44.490218+00:00', '--job-id', '3162', '--raw', '--subdir', 'DAGS_FOLDER/load_data_create_csv(Y).py', '--cfg-path', '/tmp/tmpli4ls88c']
[2023-07-31T15:09:54.313+0000] {standard_task_runner.py:83} INFO - Job 3162: Subtask get_jobs
[2023-07-31T15:09:54.732+0000] {task_command.py:389} INFO - Running <TaskInstance: job_data_pipeline_plus_csv.get_jobs manual__2023-07-31T15:09:44.490218+00:00 [running]> on host 4b7777060932
[2023-07-31T15:09:55.408+0000] {taskinstance.py:1513} INFO - Exporting the following env vars:
AIRFLOW_CTX_DAG_OWNER=***
AIRFLOW_CTX_DAG_ID=job_data_pipeline_plus_csv
AIRFLOW_CTX_TASK_ID=get_jobs
AIRFLOW_CTX_EXECUTION_DATE=2023-07-31T15:09:44.490218+00:00
AIRFLOW_CTX_TRY_NUMBER=1
AIRFLOW_CTX_DAG_RUN_ID=manual__2023-07-31T15:09:44.490218+00:00
[2023-07-31T15:09:57.636+0000] {python.py:177} INFO - Done. Returned value was: None
[2023-07-31T15:09:57.666+0000] {taskinstance.py:1327} INFO - Marking task as SUCCESS. dag_id=job_data_pipeline_plus_csv, task_id=get_jobs, execution_date=20230731T150944, start_date=20230731T150953, end_date=20230731T150957
[2023-07-31T15:09:57.837+0000] {local_task_job.py:159} INFO - Task exited with return code 0
[2023-07-31T15:09:57.957+0000] {taskinstance.py:2582} INFO - 1 downstream tasks scheduled from follow-on schedule check
