[2023-07-31T00:00:15.771+0000] {taskinstance.py:1087} INFO - Dependencies all met for <TaskInstance: my_postgres_dag_v1-1.create_table scheduled__2023-07-30T00:00:00+00:00 [queued]>
[2023-07-31T00:00:16.207+0000] {taskinstance.py:1087} INFO - Dependencies all met for <TaskInstance: my_postgres_dag_v1-1.create_table scheduled__2023-07-30T00:00:00+00:00 [queued]>
[2023-07-31T00:00:16.338+0000] {taskinstance.py:1283} INFO - 
--------------------------------------------------------------------------------
[2023-07-31T00:00:16.387+0000] {taskinstance.py:1284} INFO - Starting attempt 1 of 3
[2023-07-31T00:00:16.477+0000] {taskinstance.py:1285} INFO - 
--------------------------------------------------------------------------------
[2023-07-31T00:00:20.313+0000] {taskinstance.py:1304} INFO - Executing <Task(PostgresOperator): create_table> on 2023-07-30 00:00:00+00:00
[2023-07-31T00:00:20.548+0000] {standard_task_runner.py:55} INFO - Started process 11794 to run task
[2023-07-31T00:00:20.694+0000] {standard_task_runner.py:82} INFO - Running: ['***', 'tasks', 'run', 'my_postgres_dag_v1-1', 'create_table', 'scheduled__2023-07-30T00:00:00+00:00', '--job-id', '3094', '--raw', '--subdir', 'DAGS_FOLDER/postgres_operator_v1-1.py', '--cfg-path', '/tmp/tmpjmb23azw']
[2023-07-31T00:00:20.965+0000] {standard_task_runner.py:83} INFO - Job 3094: Subtask create_table
[2023-07-31T00:00:23.013+0000] {task_command.py:389} INFO - Running <TaskInstance: my_postgres_dag_v1-1.create_table scheduled__2023-07-30T00:00:00+00:00 [running]> on host 4b7777060932
[2023-07-31T00:00:25.934+0000] {taskinstance.py:1513} INFO - Exporting the following env vars:
AIRFLOW_CTX_DAG_OWNER=Byron
AIRFLOW_CTX_DAG_ID=my_postgres_dag_v1-1
AIRFLOW_CTX_TASK_ID=create_table
AIRFLOW_CTX_EXECUTION_DATE=2023-07-30T00:00:00+00:00
AIRFLOW_CTX_TRY_NUMBER=1
AIRFLOW_CTX_DAG_RUN_ID=scheduled__2023-07-30T00:00:00+00:00
[2023-07-31T00:00:25.966+0000] {sql.py:253} INFO - Executing: CREATE TABLE IF NOT EXISTS ***_users (id SERIAL PRIMARY KEY, name VARCHAR(30))
[2023-07-31T00:00:26.426+0000] {base.py:73} INFO - Using connection ID 'my_connection' for task execution.
[2023-07-31T00:00:35.172+0000] {base.py:73} INFO - Using connection ID 'my_connection' for task execution.
[2023-07-31T00:00:35.412+0000] {sql.py:364} INFO - Running statement: CREATE TABLE IF NOT EXISTS ***_users (id SERIAL PRIMARY KEY, name VARCHAR(30)), parameters: None
[2023-07-31T00:00:35.769+0000] {taskinstance.py:1327} INFO - Marking task as SUCCESS. dag_id=my_postgres_dag_v1-1, task_id=create_table, execution_date=20230730T000000, start_date=20230731T000016, end_date=20230731T000035
[2023-07-31T00:00:37.144+0000] {local_task_job.py:159} INFO - Task exited with return code 0
[2023-07-31T00:00:37.398+0000] {taskinstance.py:2582} INFO - 0 downstream tasks scheduled from follow-on schedule check
