[2023-07-29T13:06:33.364+0000] {taskinstance.py:1087} INFO - Dependencies all met for <TaskInstance: my_postgres_dag_v6.create_table manual__2023-07-29T13:06:03.715144+00:00 [queued]>
[2023-07-29T13:06:33.650+0000] {taskinstance.py:1087} INFO - Dependencies all met for <TaskInstance: my_postgres_dag_v6.create_table manual__2023-07-29T13:06:03.715144+00:00 [queued]>
[2023-07-29T13:06:33.665+0000] {taskinstance.py:1283} INFO - 
--------------------------------------------------------------------------------
[2023-07-29T13:06:33.725+0000] {taskinstance.py:1284} INFO - Starting attempt 1 of 3
[2023-07-29T13:06:33.741+0000] {taskinstance.py:1285} INFO - 
--------------------------------------------------------------------------------
[2023-07-29T13:06:34.817+0000] {taskinstance.py:1304} INFO - Executing <Task(PostgresOperator): create_table> on 2023-07-29 13:06:03.715144+00:00
[2023-07-29T13:06:34.898+0000] {standard_task_runner.py:55} INFO - Started process 6426 to run task
[2023-07-29T13:06:34.955+0000] {standard_task_runner.py:82} INFO - Running: ['***', 'tasks', 'run', 'my_postgres_dag_v6', 'create_table', 'manual__2023-07-29T13:06:03.715144+00:00', '--job-id', '2077', '--raw', '--subdir', 'DAGS_FOLDER/postgres_operator_v2.py', '--cfg-path', '/tmp/tmpv2nhvuvl']
[2023-07-29T13:06:35.081+0000] {standard_task_runner.py:83} INFO - Job 2077: Subtask create_table
[2023-07-29T13:06:36.491+0000] {task_command.py:389} INFO - Running <TaskInstance: my_postgres_dag_v6.create_table manual__2023-07-29T13:06:03.715144+00:00 [running]> on host f1ea17bde741
[2023-07-29T13:06:39.315+0000] {taskinstance.py:1513} INFO - Exporting the following env vars:
AIRFLOW_CTX_DAG_OWNER=Byron
AIRFLOW_CTX_DAG_ID=my_postgres_dag_v6
AIRFLOW_CTX_TASK_ID=create_table
AIRFLOW_CTX_EXECUTION_DATE=2023-07-29T13:06:03.715144+00:00
AIRFLOW_CTX_TRY_NUMBER=1
AIRFLOW_CTX_DAG_RUN_ID=manual__2023-07-29T13:06:03.715144+00:00
[2023-07-29T13:06:39.331+0000] {sql.py:253} INFO - Executing: 
            CREATE TABLE IF NOT EXISTS ***_users(
                id SERIAL PRIMARY KEY,
                name VARCHAR(30)
            )
        
[2023-07-29T13:06:39.528+0000] {base.py:73} INFO - Using connection ID 'my_connection' for task execution.
[2023-07-29T13:06:46.155+0000] {base.py:73} INFO - Using connection ID 'my_connection' for task execution.
[2023-07-29T13:06:46.400+0000] {sql.py:364} INFO - Running statement: 
            CREATE TABLE IF NOT EXISTS ***_users(
                id SERIAL PRIMARY KEY,
                name VARCHAR(30)
            )
        , parameters: None
[2023-07-29T13:06:46.681+0000] {taskinstance.py:1327} INFO - Marking task as SUCCESS. dag_id=my_postgres_dag_v6, task_id=create_table, execution_date=20230729T130603, start_date=20230729T130633, end_date=20230729T130646
[2023-07-29T13:06:48.646+0000] {local_task_job.py:159} INFO - Task exited with return code 0
[2023-07-29T13:06:49.099+0000] {taskinstance.py:2582} INFO - 1 downstream tasks scheduled from follow-on schedule check
