[2023-08-02T16:26:55.414+0000] {taskinstance.py:1087} INFO - Dependencies all met for <TaskInstance: project_user_etl_dag.load manual__2023-08-02T16:21:15.824637+00:00 [queued]>
[2023-08-02T16:26:55.645+0000] {taskinstance.py:1087} INFO - Dependencies all met for <TaskInstance: project_user_etl_dag.load manual__2023-08-02T16:21:15.824637+00:00 [queued]>
[2023-08-02T16:26:55.656+0000] {taskinstance.py:1283} INFO - 
--------------------------------------------------------------------------------
[2023-08-02T16:26:55.750+0000] {taskinstance.py:1284} INFO - Starting attempt 2 of 2
[2023-08-02T16:26:55.761+0000] {taskinstance.py:1285} INFO - 
--------------------------------------------------------------------------------
[2023-08-02T16:26:56.179+0000] {taskinstance.py:1304} INFO - Executing <Task(PythonOperator): load> on 2023-08-02 16:21:15.824637+00:00
[2023-08-02T16:26:56.233+0000] {standard_task_runner.py:55} INFO - Started process 13842 to run task
[2023-08-02T16:26:56.254+0000] {standard_task_runner.py:82} INFO - Running: ['***', 'tasks', 'run', 'project_user_etl_dag', 'load', 'manual__2023-08-02T16:21:15.824637+00:00', '--job-id', '3241', '--raw', '--subdir', 'DAGS_FOLDER/project.py', '--cfg-path', '/tmp/tmp193os1x3']
[2023-08-02T16:26:56.256+0000] {standard_task_runner.py:83} INFO - Job 3241: Subtask load
[2023-08-02T16:26:57.088+0000] {task_command.py:389} INFO - Running <TaskInstance: project_user_etl_dag.load manual__2023-08-02T16:21:15.824637+00:00 [running]> on host a4a69aba7e5b
[2023-08-02T16:26:57.702+0000] {taskinstance.py:1513} INFO - Exporting the following env vars:
AIRFLOW_CTX_DAG_EMAIL=your_email@example.com
AIRFLOW_CTX_DAG_OWNER=***
AIRFLOW_CTX_DAG_ID=project_user_etl_dag
AIRFLOW_CTX_TASK_ID=load
AIRFLOW_CTX_EXECUTION_DATE=2023-08-02T16:21:15.824637+00:00
AIRFLOW_CTX_TRY_NUMBER=2
AIRFLOW_CTX_DAG_RUN_ID=manual__2023-08-02T16:21:15.824637+00:00
[2023-08-02T16:26:57.881+0000] {base.py:73} INFO - Using connection ID 'my_connection' for task execution.
[2023-08-02T16:26:59.593+0000] {python.py:177} INFO - Done. Returned value was: None
[2023-08-02T16:26:59.690+0000] {taskinstance.py:1327} INFO - Marking task as SUCCESS. dag_id=project_user_etl_dag, task_id=load, execution_date=20230802T162115, start_date=20230802T162655, end_date=20230802T162659
[2023-08-02T16:27:00.029+0000] {local_task_job.py:159} INFO - Task exited with return code 0
[2023-08-02T16:27:00.313+0000] {taskinstance.py:2582} INFO - 0 downstream tasks scheduled from follow-on schedule check
