[2023-07-30T03:57:20.362+0000] {taskinstance.py:1087} INFO - Dependencies all met for <TaskInstance: job_data_pipeline_title_search.get_jobs manual__2023-07-30T03:57:08.601582+00:00 [queued]>
[2023-07-30T03:57:20.674+0000] {taskinstance.py:1087} INFO - Dependencies all met for <TaskInstance: job_data_pipeline_title_search.get_jobs manual__2023-07-30T03:57:08.601582+00:00 [queued]>
[2023-07-30T03:57:20.687+0000] {taskinstance.py:1283} INFO - 
--------------------------------------------------------------------------------
[2023-07-30T03:57:20.761+0000] {taskinstance.py:1284} INFO - Starting attempt 1 of 2
[2023-07-30T03:57:20.777+0000] {taskinstance.py:1285} INFO - 
--------------------------------------------------------------------------------
[2023-07-30T03:57:21.571+0000] {taskinstance.py:1304} INFO - Executing <Task(PythonOperator): get_jobs> on 2023-07-30 03:57:08.601582+00:00
[2023-07-30T03:57:21.617+0000] {standard_task_runner.py:55} INFO - Started process 33530 to run task
[2023-07-30T03:57:21.657+0000] {standard_task_runner.py:82} INFO - Running: ['***', 'tasks', 'run', 'job_data_pipeline_title_search', 'get_jobs', 'manual__2023-07-30T03:57:08.601582+00:00', '--job-id', '3073', '--raw', '--subdir', 'DAGS_FOLDER/load_data_title_search_(Y).py', '--cfg-path', '/tmp/tmpyi5it7jx']
[2023-07-30T03:57:21.686+0000] {standard_task_runner.py:83} INFO - Job 3073: Subtask get_jobs
[2023-07-30T03:57:22.867+0000] {task_command.py:389} INFO - Running <TaskInstance: job_data_pipeline_title_search.get_jobs manual__2023-07-30T03:57:08.601582+00:00 [running]> on host f1ea17bde741
[2023-07-30T03:57:24.374+0000] {taskinstance.py:1513} INFO - Exporting the following env vars:
AIRFLOW_CTX_DAG_OWNER=***
AIRFLOW_CTX_DAG_ID=job_data_pipeline_title_search
AIRFLOW_CTX_TASK_ID=get_jobs
AIRFLOW_CTX_EXECUTION_DATE=2023-07-30T03:57:08.601582+00:00
AIRFLOW_CTX_TRY_NUMBER=1
AIRFLOW_CTX_DAG_RUN_ID=manual__2023-07-30T03:57:08.601582+00:00
[2023-07-30T03:57:27.300+0000] {python.py:177} INFO - Done. Returned value was: None
[2023-07-30T03:57:27.570+0000] {taskinstance.py:1327} INFO - Marking task as SUCCESS. dag_id=job_data_pipeline_title_search, task_id=get_jobs, execution_date=20230730T035708, start_date=20230730T035720, end_date=20230730T035727
[2023-07-30T03:57:28.352+0000] {local_task_job.py:159} INFO - Task exited with return code 0
[2023-07-30T03:57:28.588+0000] {taskinstance.py:2582} INFO - 1 downstream tasks scheduled from follow-on schedule check
