[2023-07-29T12:56:54.900+0000] {taskinstance.py:1087} INFO - Dependencies all met for <TaskInstance: my_postgres_dag_v3-1.create_table manual__2023-07-29T12:56:28.758249+00:00 [queued]>
[2023-07-29T12:56:55.030+0000] {taskinstance.py:1087} INFO - Dependencies all met for <TaskInstance: my_postgres_dag_v3-1.create_table manual__2023-07-29T12:56:28.758249+00:00 [queued]>
[2023-07-29T12:56:55.037+0000] {taskinstance.py:1283} INFO - 
--------------------------------------------------------------------------------
[2023-07-29T12:56:55.057+0000] {taskinstance.py:1284} INFO - Starting attempt 1 of 3
[2023-07-29T12:56:55.059+0000] {taskinstance.py:1285} INFO - 
--------------------------------------------------------------------------------
[2023-07-29T12:56:59.694+0000] {taskinstance.py:1304} INFO - Executing <Task(PostgresOperator): create_table> on 2023-07-29 12:56:28.758249+00:00
[2023-07-29T12:56:59.763+0000] {standard_task_runner.py:55} INFO - Started process 6089 to run task
[2023-07-29T12:56:59.858+0000] {standard_task_runner.py:82} INFO - Running: ['***', 'tasks', 'run', 'my_postgres_dag_v3-1', 'create_table', 'manual__2023-07-29T12:56:28.758249+00:00', '--job-id', '2063', '--raw', '--subdir', 'DAGS_FOLDER/postgres_operator_v2-2.py', '--cfg-path', '/tmp/tmp0cx1u6so']
[2023-07-29T12:56:59.966+0000] {standard_task_runner.py:83} INFO - Job 2063: Subtask create_table
[2023-07-29T12:57:02.485+0000] {task_command.py:389} INFO - Running <TaskInstance: my_postgres_dag_v3-1.create_table manual__2023-07-29T12:56:28.758249+00:00 [running]> on host f1ea17bde741
[2023-07-29T12:57:05.780+0000] {taskinstance.py:1513} INFO - Exporting the following env vars:
AIRFLOW_CTX_DAG_OWNER=Byron
AIRFLOW_CTX_DAG_ID=my_postgres_dag_v3-1
AIRFLOW_CTX_TASK_ID=create_table
AIRFLOW_CTX_EXECUTION_DATE=2023-07-29T12:56:28.758249+00:00
AIRFLOW_CTX_TRY_NUMBER=1
AIRFLOW_CTX_DAG_RUN_ID=manual__2023-07-29T12:56:28.758249+00:00
[2023-07-29T12:57:05.874+0000] {sql.py:253} INFO - Executing: CREATE TABLE IF NOT EXISTS ***_users (id SERIAL PRIMARY KEY, name VARCHAR(30))
[2023-07-29T12:57:06.324+0000] {base.py:73} INFO - Using connection ID 'my_connection' for task execution.
[2023-07-29T12:57:15.217+0000] {base.py:73} INFO - Using connection ID 'my_connection' for task execution.
[2023-07-29T12:57:15.624+0000] {sql.py:364} INFO - Running statement: CREATE TABLE IF NOT EXISTS ***_users (id SERIAL PRIMARY KEY, name VARCHAR(30)), parameters: None
[2023-07-29T12:57:16.416+0000] {taskinstance.py:1327} INFO - Marking task as SUCCESS. dag_id=my_postgres_dag_v3-1, task_id=create_table, execution_date=20230729T125628, start_date=20230729T125654, end_date=20230729T125716
[2023-07-29T12:57:20.106+0000] {local_task_job.py:159} INFO - Task exited with return code 0
[2023-07-29T12:57:21.106+0000] {taskinstance.py:2582} INFO - 1 downstream tasks scheduled from follow-on schedule check
