[2023-07-29T17:32:18.178+0000] {taskinstance.py:1087} INFO - Dependencies all met for <TaskInstance: job_data_pipeline.write_to_csv manual__2023-07-29T17:31:49.110264+00:00 [queued]>
[2023-07-29T17:32:18.378+0000] {taskinstance.py:1087} INFO - Dependencies all met for <TaskInstance: job_data_pipeline.write_to_csv manual__2023-07-29T17:31:49.110264+00:00 [queued]>
[2023-07-29T17:32:18.382+0000] {taskinstance.py:1283} INFO - 
--------------------------------------------------------------------------------
[2023-07-29T17:32:18.491+0000] {taskinstance.py:1284} INFO - Starting attempt 1 of 2
[2023-07-29T17:32:18.492+0000] {taskinstance.py:1285} INFO - 
--------------------------------------------------------------------------------
[2023-07-29T17:32:18.892+0000] {taskinstance.py:1304} INFO - Executing <Task(PythonOperator): write_to_csv> on 2023-07-29 17:31:49.110264+00:00
[2023-07-29T17:32:18.931+0000] {standard_task_runner.py:55} INFO - Started process 18966 to run task
[2023-07-29T17:32:18.971+0000] {standard_task_runner.py:82} INFO - Running: ['***', 'tasks', 'run', 'job_data_pipeline', 'write_to_csv', 'manual__2023-07-29T17:31:49.110264+00:00', '--job-id', '2985', '--raw', '--subdir', 'DAGS_FOLDER/load_data_v4.py', '--cfg-path', '/tmp/tmphfmthwf4']
[2023-07-29T17:32:18.998+0000] {standard_task_runner.py:83} INFO - Job 2985: Subtask write_to_csv
[2023-07-29T17:32:19.644+0000] {task_command.py:389} INFO - Running <TaskInstance: job_data_pipeline.write_to_csv manual__2023-07-29T17:31:49.110264+00:00 [running]> on host f1ea17bde741
[2023-07-29T17:32:20.876+0000] {taskinstance.py:1513} INFO - Exporting the following env vars:
AIRFLOW_CTX_DAG_OWNER=***
AIRFLOW_CTX_DAG_ID=job_data_pipeline
AIRFLOW_CTX_TASK_ID=write_to_csv
AIRFLOW_CTX_EXECUTION_DATE=2023-07-29T17:31:49.110264+00:00
AIRFLOW_CTX_TRY_NUMBER=1
AIRFLOW_CTX_DAG_RUN_ID=manual__2023-07-29T17:31:49.110264+00:00
[2023-07-29T17:32:21.109+0000] {python.py:177} INFO - Done. Returned value was: None
[2023-07-29T17:32:21.186+0000] {taskinstance.py:1327} INFO - Marking task as SUCCESS. dag_id=job_data_pipeline, task_id=write_to_csv, execution_date=20230729T173149, start_date=20230729T173218, end_date=20230729T173221
[2023-07-29T17:32:21.626+0000] {local_task_job.py:159} INFO - Task exited with return code 0
[2023-07-29T17:32:21.826+0000] {taskinstance.py:2582} INFO - 1 downstream tasks scheduled from follow-on schedule check
