[2023-07-29T13:54:47.610+0000] {taskinstance.py:1087} INFO - Dependencies all met for <TaskInstance: data_engineering_jobs_dags_v3.write_to_csv scheduled__2023-01-05T00:00:00+00:00 [queued]>
[2023-07-29T13:54:47.758+0000] {taskinstance.py:1087} INFO - Dependencies all met for <TaskInstance: data_engineering_jobs_dags_v3.write_to_csv scheduled__2023-01-05T00:00:00+00:00 [queued]>
[2023-07-29T13:54:47.759+0000] {taskinstance.py:1283} INFO - 
--------------------------------------------------------------------------------
[2023-07-29T13:54:47.999+0000] {taskinstance.py:1284} INFO - Starting attempt 1 of 2
[2023-07-29T13:54:48.001+0000] {taskinstance.py:1285} INFO - 
--------------------------------------------------------------------------------
[2023-07-29T13:54:50.048+0000] {taskinstance.py:1304} INFO - Executing <Task(PythonOperator): write_to_csv> on 2023-01-05 00:00:00+00:00
[2023-07-29T13:54:50.108+0000] {standard_task_runner.py:55} INFO - Started process 8313 to run task
[2023-07-29T13:54:50.468+0000] {standard_task_runner.py:82} INFO - Running: ['***', 'tasks', 'run', 'data_engineering_jobs_dags_v3', 'write_to_csv', 'scheduled__2023-01-05T00:00:00+00:00', '--job-id', '2103', '--raw', '--subdir', 'DAGS_FOLDER/load_data_v3.py', '--cfg-path', '/tmp/tmp2944rdx1']
[2023-07-29T13:54:50.533+0000] {standard_task_runner.py:83} INFO - Job 2103: Subtask write_to_csv
[2023-07-29T13:54:52.046+0000] {task_command.py:389} INFO - Running <TaskInstance: data_engineering_jobs_dags_v3.write_to_csv scheduled__2023-01-05T00:00:00+00:00 [running]> on host f1ea17bde741
[2023-07-29T13:54:57.932+0000] {taskinstance.py:1513} INFO - Exporting the following env vars:
AIRFLOW_CTX_DAG_OWNER=***
AIRFLOW_CTX_DAG_ID=data_engineering_jobs_dags_v3
AIRFLOW_CTX_TASK_ID=write_to_csv
AIRFLOW_CTX_EXECUTION_DATE=2023-01-05T00:00:00+00:00
AIRFLOW_CTX_TRY_NUMBER=1
AIRFLOW_CTX_DAG_RUN_ID=scheduled__2023-01-05T00:00:00+00:00
[2023-07-29T13:54:59.107+0000] {python.py:177} INFO - Done. Returned value was: None
[2023-07-29T13:54:59.372+0000] {taskinstance.py:1327} INFO - Marking task as SUCCESS. dag_id=data_engineering_jobs_dags_v3, task_id=write_to_csv, execution_date=20230105T000000, start_date=20230729T135447, end_date=20230729T135459
[2023-07-29T13:55:03.830+0000] {local_task_job.py:159} INFO - Task exited with return code 0
[2023-07-29T13:55:06.877+0000] {taskinstance.py:2582} INFO - 0 downstream tasks scheduled from follow-on schedule check
