[2023-07-29T15:33:32.579+0000] {taskinstance.py:1087} INFO - Dependencies all met for <TaskInstance: data_engineering_jobs_dags_v3.write_to_postgres scheduled__2023-06-30T00:00:00+00:00 [queued]>
[2023-07-29T15:33:33.282+0000] {taskinstance.py:1087} INFO - Dependencies all met for <TaskInstance: data_engineering_jobs_dags_v3.write_to_postgres scheduled__2023-06-30T00:00:00+00:00 [queued]>
[2023-07-29T15:33:33.292+0000] {taskinstance.py:1283} INFO - 
--------------------------------------------------------------------------------
[2023-07-29T15:33:33.338+0000] {taskinstance.py:1284} INFO - Starting attempt 2 of 2
[2023-07-29T15:33:33.356+0000] {taskinstance.py:1285} INFO - 
--------------------------------------------------------------------------------
[2023-07-29T15:33:35.008+0000] {taskinstance.py:1304} INFO - Executing <Task(PythonOperator): write_to_postgres> on 2023-06-30 00:00:00+00:00
[2023-07-29T15:33:35.139+0000] {standard_task_runner.py:55} INFO - Started process 13975 to run task
[2023-07-29T15:33:35.382+0000] {standard_task_runner.py:82} INFO - Running: ['***', 'tasks', 'run', 'data_engineering_jobs_dags_v3', 'write_to_postgres', 'scheduled__2023-06-30T00:00:00+00:00', '--job-id', '2855', '--raw', '--subdir', 'DAGS_FOLDER/load_data_v3.py', '--cfg-path', '/tmp/tmppfc5gs8s']
[2023-07-29T15:33:35.476+0000] {standard_task_runner.py:83} INFO - Job 2855: Subtask write_to_postgres
[2023-07-29T15:33:38.430+0000] {task_command.py:389} INFO - Running <TaskInstance: data_engineering_jobs_dags_v3.write_to_postgres scheduled__2023-06-30T00:00:00+00:00 [running]> on host f1ea17bde741
[2023-07-29T15:33:40.625+0000] {taskinstance.py:1513} INFO - Exporting the following env vars:
AIRFLOW_CTX_DAG_OWNER=***
AIRFLOW_CTX_DAG_ID=data_engineering_jobs_dags_v3
AIRFLOW_CTX_TASK_ID=write_to_postgres
AIRFLOW_CTX_EXECUTION_DATE=2023-06-30T00:00:00+00:00
AIRFLOW_CTX_TRY_NUMBER=2
AIRFLOW_CTX_DAG_RUN_ID=scheduled__2023-06-30T00:00:00+00:00
[2023-07-29T15:33:41.125+0000] {taskinstance.py:1772} ERROR - Task failed with exception
Traceback (most recent call last):
  File "/home/airflow/.local/lib/python3.7/site-packages/airflow/operators/python.py", line 175, in execute
    return_value = self.execute_callable()
  File "/home/airflow/.local/lib/python3.7/site-packages/airflow/operators/python.py", line 192, in execute_callable
    return self.python_callable(*self.op_args, **self.op_kwargs)
  File "/opt/airflow/dags/load_data_v3.py", line 65, in write_to_postgres
    df = pd.json_normalize(df.to_dict('records'), 'company', ['display_name'], record_prefix='company_')
  File "/home/airflow/.local/lib/python3.7/site-packages/pandas/io/json/_normalize.py", line 504, in _json_normalize
    _recursive_extract(data, record_path, {}, level=0)
  File "/home/airflow/.local/lib/python3.7/site-packages/pandas/io/json/_normalize.py", line 477, in _recursive_extract
    recs = _pull_records(obj, path[0])
  File "/home/airflow/.local/lib/python3.7/site-packages/pandas/io/json/_normalize.py", line 399, in _pull_records
    result = _pull_field(js, spec)
  File "/home/airflow/.local/lib/python3.7/site-packages/pandas/io/json/_normalize.py", line 390, in _pull_field
    result = result[spec]
KeyError: 'company'
[2023-07-29T15:33:41.441+0000] {taskinstance.py:1327} INFO - Marking task as FAILED. dag_id=data_engineering_jobs_dags_v3, task_id=write_to_postgres, execution_date=20230630T000000, start_date=20230729T153332, end_date=20230729T153341
[2023-07-29T15:33:41.903+0000] {standard_task_runner.py:105} ERROR - Failed to execute job 2855 for task write_to_postgres ('company'; 13975)
[2023-07-29T15:33:42.321+0000] {local_task_job.py:159} INFO - Task exited with return code 1
[2023-07-29T15:33:44.093+0000] {taskinstance.py:2582} INFO - 0 downstream tasks scheduled from follow-on schedule check
