[2023-07-31T11:47:26.705+0000] {taskinstance.py:1087} INFO - Dependencies all met for <TaskInstance: job_data_pipeline_plus_csv.write_to_csv manual__2023-07-31T11:46:21.619647+00:00 [queued]>
[2023-07-31T11:47:27.010+0000] {taskinstance.py:1087} INFO - Dependencies all met for <TaskInstance: job_data_pipeline_plus_csv.write_to_csv manual__2023-07-31T11:46:21.619647+00:00 [queued]>
[2023-07-31T11:47:27.022+0000] {taskinstance.py:1283} INFO - 
--------------------------------------------------------------------------------
[2023-07-31T11:47:27.023+0000] {taskinstance.py:1284} INFO - Starting attempt 1 of 2
[2023-07-31T11:47:27.039+0000] {taskinstance.py:1285} INFO - 
--------------------------------------------------------------------------------
[2023-07-31T11:47:27.276+0000] {taskinstance.py:1304} INFO - Executing <Task(PythonOperator): write_to_csv> on 2023-07-31 11:46:21.619647+00:00
[2023-07-31T11:47:27.302+0000] {standard_task_runner.py:55} INFO - Started process 971 to run task
[2023-07-31T11:47:27.351+0000] {standard_task_runner.py:82} INFO - Running: ['***', 'tasks', 'run', 'job_data_pipeline_plus_csv', 'write_to_csv', 'manual__2023-07-31T11:46:21.619647+00:00', '--job-id', '3114', '--raw', '--subdir', 'DAGS_FOLDER/load_data_create_csv(Y).py', '--cfg-path', '/tmp/tmp4quypnic']
[2023-07-31T11:47:27.369+0000] {standard_task_runner.py:83} INFO - Job 3114: Subtask write_to_csv
[2023-07-31T11:47:28.099+0000] {task_command.py:389} INFO - Running <TaskInstance: job_data_pipeline_plus_csv.write_to_csv manual__2023-07-31T11:46:21.619647+00:00 [running]> on host 4b7777060932
[2023-07-31T11:47:29.553+0000] {taskinstance.py:1513} INFO - Exporting the following env vars:
AIRFLOW_CTX_DAG_OWNER=***
AIRFLOW_CTX_DAG_ID=job_data_pipeline_plus_csv
AIRFLOW_CTX_TASK_ID=write_to_csv
AIRFLOW_CTX_EXECUTION_DATE=2023-07-31T11:46:21.619647+00:00
AIRFLOW_CTX_TRY_NUMBER=1
AIRFLOW_CTX_DAG_RUN_ID=manual__2023-07-31T11:46:21.619647+00:00
[2023-07-31T11:47:30.209+0000] {python.py:177} INFO - Done. Returned value was: None
[2023-07-31T11:47:30.329+0000] {taskinstance.py:1327} INFO - Marking task as SUCCESS. dag_id=job_data_pipeline_plus_csv, task_id=write_to_csv, execution_date=20230731T114621, start_date=20230731T114726, end_date=20230731T114730
[2023-07-31T11:47:30.709+0000] {local_task_job.py:159} INFO - Task exited with return code 0
[2023-07-31T11:47:31.228+0000] {taskinstance.py:2582} INFO - 1 downstream tasks scheduled from follow-on schedule check
