[2023-07-29T15:29:06.871+0000] {taskinstance.py:1087} INFO - Dependencies all met for <TaskInstance: data_engineering_jobs_dags_v3.write_to_postgres scheduled__2023-06-18T00:00:00+00:00 [queued]>
[2023-07-29T15:29:07.445+0000] {taskinstance.py:1087} INFO - Dependencies all met for <TaskInstance: data_engineering_jobs_dags_v3.write_to_postgres scheduled__2023-06-18T00:00:00+00:00 [queued]>
[2023-07-29T15:29:07.449+0000] {taskinstance.py:1283} INFO - 
--------------------------------------------------------------------------------
[2023-07-29T15:29:07.465+0000] {taskinstance.py:1284} INFO - Starting attempt 2 of 2
[2023-07-29T15:29:07.469+0000] {taskinstance.py:1285} INFO - 
--------------------------------------------------------------------------------
[2023-07-29T15:29:08.562+0000] {taskinstance.py:1304} INFO - Executing <Task(PythonOperator): write_to_postgres> on 2023-06-18 00:00:00+00:00
[2023-07-29T15:29:08.843+0000] {standard_task_runner.py:55} INFO - Started process 13726 to run task
[2023-07-29T15:29:09.119+0000] {standard_task_runner.py:82} INFO - Running: ['***', 'tasks', 'run', 'data_engineering_jobs_dags_v3', 'write_to_postgres', 'scheduled__2023-06-18T00:00:00+00:00', '--job-id', '2819', '--raw', '--subdir', 'DAGS_FOLDER/load_data_v3.py', '--cfg-path', '/tmp/tmpqo0orxw0']
[2023-07-29T15:29:09.294+0000] {standard_task_runner.py:83} INFO - Job 2819: Subtask write_to_postgres
[2023-07-29T15:29:12.583+0000] {task_command.py:389} INFO - Running <TaskInstance: data_engineering_jobs_dags_v3.write_to_postgres scheduled__2023-06-18T00:00:00+00:00 [running]> on host f1ea17bde741
[2023-07-29T15:29:16.792+0000] {taskinstance.py:1513} INFO - Exporting the following env vars:
AIRFLOW_CTX_DAG_OWNER=***
AIRFLOW_CTX_DAG_ID=data_engineering_jobs_dags_v3
AIRFLOW_CTX_TASK_ID=write_to_postgres
AIRFLOW_CTX_EXECUTION_DATE=2023-06-18T00:00:00+00:00
AIRFLOW_CTX_TRY_NUMBER=2
AIRFLOW_CTX_DAG_RUN_ID=scheduled__2023-06-18T00:00:00+00:00
[2023-07-29T15:29:17.597+0000] {base.py:73} INFO - Using connection ID 'my_connection' for task execution.
[2023-07-29T15:29:19.268+0000] {taskinstance.py:1772} ERROR - Task failed with exception
Traceback (most recent call last):
  File "/home/airflow/.local/lib/python3.7/site-packages/airflow/operators/python.py", line 175, in execute
    return_value = self.execute_callable()
  File "/home/airflow/.local/lib/python3.7/site-packages/airflow/operators/python.py", line 192, in execute_callable
    return self.python_callable(*self.op_args, **self.op_kwargs)
  File "/opt/airflow/dags/load_data_v3.py", line 73, in write_to_postgres
    # Execute the statement
  File "/home/airflow/.local/lib/python3.7/site-packages/psycopg2/extras.py", line 1296, in execute_values
    parts.append(cur.mogrify(template, args))
psycopg2.ProgrammingError: can't adapt type 'dict'
[2023-07-29T15:29:19.901+0000] {taskinstance.py:1327} INFO - Marking task as FAILED. dag_id=data_engineering_jobs_dags_v3, task_id=write_to_postgres, execution_date=20230618T000000, start_date=20230729T152906, end_date=20230729T152919
[2023-07-29T15:29:20.979+0000] {standard_task_runner.py:105} ERROR - Failed to execute job 2819 for task write_to_postgres (can't adapt type 'dict'; 13726)
[2023-07-29T15:29:21.633+0000] {local_task_job.py:159} INFO - Task exited with return code 1
[2023-07-29T15:29:23.381+0000] {taskinstance.py:2582} INFO - 0 downstream tasks scheduled from follow-on schedule check
