[2023-07-31T15:37:48.301+0000] {taskinstance.py:1087} INFO - Dependencies all met for <TaskInstance: job_data_pipeline_plus_csv.write_to_csv manual__2023-07-31T15:27:02.396697+00:00 [queued]>
[2023-07-31T15:37:48.375+0000] {taskinstance.py:1087} INFO - Dependencies all met for <TaskInstance: job_data_pipeline_plus_csv.write_to_csv manual__2023-07-31T15:27:02.396697+00:00 [queued]>
[2023-07-31T15:37:48.378+0000] {taskinstance.py:1283} INFO - 
--------------------------------------------------------------------------------
[2023-07-31T15:37:48.457+0000] {taskinstance.py:1284} INFO - Starting attempt 2 of 2
[2023-07-31T15:37:48.460+0000] {taskinstance.py:1285} INFO - 
--------------------------------------------------------------------------------
[2023-07-31T15:37:48.598+0000] {taskinstance.py:1304} INFO - Executing <Task(PythonOperator): write_to_csv> on 2023-07-31 15:27:02.396697+00:00
[2023-07-31T15:37:48.617+0000] {standard_task_runner.py:55} INFO - Started process 8269 to run task
[2023-07-31T15:37:48.633+0000] {standard_task_runner.py:82} INFO - Running: ['***', 'tasks', 'run', 'job_data_pipeline_plus_csv', 'write_to_csv', 'manual__2023-07-31T15:27:02.396697+00:00', '--job-id', '3190', '--raw', '--subdir', 'DAGS_FOLDER/load_data_create_csv(Y).py', '--cfg-path', '/tmp/tmpihms2j3p']
[2023-07-31T15:37:48.653+0000] {standard_task_runner.py:83} INFO - Job 3190: Subtask write_to_csv
[2023-07-31T15:37:49.179+0000] {task_command.py:389} INFO - Running <TaskInstance: job_data_pipeline_plus_csv.write_to_csv manual__2023-07-31T15:27:02.396697+00:00 [running]> on host 4b7777060932
[2023-07-31T15:37:49.896+0000] {taskinstance.py:1513} INFO - Exporting the following env vars:
AIRFLOW_CTX_DAG_OWNER=***
AIRFLOW_CTX_DAG_ID=job_data_pipeline_plus_csv
AIRFLOW_CTX_TASK_ID=write_to_csv
AIRFLOW_CTX_EXECUTION_DATE=2023-07-31T15:27:02.396697+00:00
AIRFLOW_CTX_TRY_NUMBER=2
AIRFLOW_CTX_DAG_RUN_ID=manual__2023-07-31T15:27:02.396697+00:00
[2023-07-31T15:37:50.207+0000] {load_data_create_csv(Y).py:48} INFO - Writing to file: Job_Search_2023-07-31.csv
[2023-07-31T15:37:50.440+0000] {taskinstance.py:1772} ERROR - Task failed with exception
Traceback (most recent call last):
  File "/home/airflow/.local/lib/python3.7/site-packages/airflow/operators/python.py", line 175, in execute
    return_value = self.execute_callable()
  File "/home/airflow/.local/lib/python3.7/site-packages/airflow/operators/python.py", line 192, in execute_callable
    return self.python_callable(*self.op_args, **self.op_kwargs)
  File "/opt/airflow/dags/load_data_create_csv(Y).py", line 50, in write_to_csv
    df.to_csv(file_path)
  File "/home/airflow/.local/lib/python3.7/site-packages/pandas/core/generic.py", line 3482, in to_csv
    storage_options=storage_options,
  File "/home/airflow/.local/lib/python3.7/site-packages/pandas/io/formats/format.py", line 1105, in to_csv
    csv_formatter.save()
  File "/home/airflow/.local/lib/python3.7/site-packages/pandas/io/formats/csvs.py", line 243, in save
    storage_options=self.storage_options,
  File "/home/airflow/.local/lib/python3.7/site-packages/pandas/io/common.py", line 707, in get_handle
    newline="",
PermissionError: [Errno 13] Permission denied: '/opt/airflow/dags/Job_Search_2023-07-31.csv'
[2023-07-31T15:37:50.940+0000] {taskinstance.py:1327} INFO - Marking task as FAILED. dag_id=job_data_pipeline_plus_csv, task_id=write_to_csv, execution_date=20230731T152702, start_date=20230731T153748, end_date=20230731T153750
[2023-07-31T15:37:51.489+0000] {standard_task_runner.py:105} ERROR - Failed to execute job 3190 for task write_to_csv ([Errno 13] Permission denied: '/opt/airflow/dags/Job_Search_2023-07-31.csv'; 8269)
[2023-07-31T15:37:51.593+0000] {local_task_job.py:159} INFO - Task exited with return code 1
[2023-07-31T15:37:51.808+0000] {taskinstance.py:2582} INFO - 0 downstream tasks scheduled from follow-on schedule check
