[2023-07-29T20:43:34.858+0000] {taskinstance.py:1087} INFO - Dependencies all met for <TaskInstance: job_data_pipeline.write_to_postgres manual__2023-07-29T20:42:54.484133+00:00 [queued]>
[2023-07-29T20:43:34.947+0000] {taskinstance.py:1087} INFO - Dependencies all met for <TaskInstance: job_data_pipeline.write_to_postgres manual__2023-07-29T20:42:54.484133+00:00 [queued]>
[2023-07-29T20:43:34.949+0000] {taskinstance.py:1283} INFO - 
--------------------------------------------------------------------------------
[2023-07-29T20:43:34.984+0000] {taskinstance.py:1284} INFO - Starting attempt 1 of 2
[2023-07-29T20:43:34.986+0000] {taskinstance.py:1285} INFO - 
--------------------------------------------------------------------------------
[2023-07-29T20:43:35.279+0000] {taskinstance.py:1304} INFO - Executing <Task(PythonOperator): write_to_postgres> on 2023-07-29 20:42:54.484133+00:00
[2023-07-29T20:43:35.315+0000] {standard_task_runner.py:55} INFO - Started process 26840 to run task
[2023-07-29T20:43:35.327+0000] {standard_task_runner.py:82} INFO - Running: ['***', 'tasks', 'run', 'job_data_pipeline', 'write_to_postgres', 'manual__2023-07-29T20:42:54.484133+00:00', '--job-id', '3041', '--raw', '--subdir', 'DAGS_FOLDER/load_data_v4.py', '--cfg-path', '/tmp/tmpok9et8__']
[2023-07-29T20:43:35.334+0000] {standard_task_runner.py:83} INFO - Job 3041: Subtask write_to_postgres
[2023-07-29T20:43:35.953+0000] {task_command.py:389} INFO - Running <TaskInstance: job_data_pipeline.write_to_postgres manual__2023-07-29T20:42:54.484133+00:00 [running]> on host f1ea17bde741
[2023-07-29T20:43:36.944+0000] {taskinstance.py:1513} INFO - Exporting the following env vars:
AIRFLOW_CTX_DAG_OWNER=***
AIRFLOW_CTX_DAG_ID=job_data_pipeline
AIRFLOW_CTX_TASK_ID=write_to_postgres
AIRFLOW_CTX_EXECUTION_DATE=2023-07-29T20:42:54.484133+00:00
AIRFLOW_CTX_TRY_NUMBER=1
AIRFLOW_CTX_DAG_RUN_ID=manual__2023-07-29T20:42:54.484133+00:00
[2023-07-29T20:43:37.080+0000] {base.py:73} INFO - Using connection ID 'my_connection' for task execution.
[2023-07-29T20:43:37.560+0000] {taskinstance.py:1772} ERROR - Task failed with exception
Traceback (most recent call last):
  File "/home/airflow/.local/lib/python3.7/site-packages/airflow/operators/python.py", line 175, in execute
    return_value = self.execute_callable()
  File "/home/airflow/.local/lib/python3.7/site-packages/airflow/operators/python.py", line 192, in execute_callable
    return self.python_callable(*self.op_args, **self.op_kwargs)
  File "/opt/airflow/dags/load_data_v4.py", line 97, in write_to_postgres
    """, df.to_dict('records'))
  File "/home/airflow/.local/lib/python3.7/site-packages/psycopg2/extras.py", line 1296, in execute_values
    parts.append(cur.mogrify(template, args))
TypeError: 'dict' object does not support indexing
[2023-07-29T20:43:37.798+0000] {taskinstance.py:1327} INFO - Marking task as UP_FOR_RETRY. dag_id=job_data_pipeline, task_id=write_to_postgres, execution_date=20230729T204254, start_date=20230729T204334, end_date=20230729T204337
[2023-07-29T20:43:38.167+0000] {standard_task_runner.py:105} ERROR - Failed to execute job 3041 for task write_to_postgres ('dict' object does not support indexing; 26840)
[2023-07-29T20:43:38.253+0000] {local_task_job.py:159} INFO - Task exited with return code 1
[2023-07-29T20:43:38.800+0000] {taskinstance.py:2582} INFO - 0 downstream tasks scheduled from follow-on schedule check
