[2023-07-29T20:35:06.448+0000] {taskinstance.py:1087} INFO - Dependencies all met for <TaskInstance: job_data_pipeline.write_to_csv manual__2023-07-29T20:34:34.581451+00:00 [queued]>
[2023-07-29T20:35:06.588+0000] {taskinstance.py:1087} INFO - Dependencies all met for <TaskInstance: job_data_pipeline.write_to_csv manual__2023-07-29T20:34:34.581451+00:00 [queued]>
[2023-07-29T20:35:06.605+0000] {taskinstance.py:1283} INFO - 
--------------------------------------------------------------------------------
[2023-07-29T20:35:06.655+0000] {taskinstance.py:1284} INFO - Starting attempt 1 of 2
[2023-07-29T20:35:06.670+0000] {taskinstance.py:1285} INFO - 
--------------------------------------------------------------------------------
[2023-07-29T20:35:07.159+0000] {taskinstance.py:1304} INFO - Executing <Task(PythonOperator): write_to_csv> on 2023-07-29 20:34:34.581451+00:00
[2023-07-29T20:35:07.227+0000] {standard_task_runner.py:55} INFO - Started process 26520 to run task
[2023-07-29T20:35:07.264+0000] {standard_task_runner.py:82} INFO - Running: ['***', 'tasks', 'run', 'job_data_pipeline', 'write_to_csv', 'manual__2023-07-29T20:34:34.581451+00:00', '--job-id', '3028', '--raw', '--subdir', 'DAGS_FOLDER/load_data_v4.py', '--cfg-path', '/tmp/tmpl7w2osqv']
[2023-07-29T20:35:07.319+0000] {standard_task_runner.py:83} INFO - Job 3028: Subtask write_to_csv
[2023-07-29T20:35:08.244+0000] {task_command.py:389} INFO - Running <TaskInstance: job_data_pipeline.write_to_csv manual__2023-07-29T20:34:34.581451+00:00 [running]> on host f1ea17bde741
[2023-07-29T20:35:09.550+0000] {taskinstance.py:1513} INFO - Exporting the following env vars:
AIRFLOW_CTX_DAG_OWNER=***
AIRFLOW_CTX_DAG_ID=job_data_pipeline
AIRFLOW_CTX_TASK_ID=write_to_csv
AIRFLOW_CTX_EXECUTION_DATE=2023-07-29T20:34:34.581451+00:00
AIRFLOW_CTX_TRY_NUMBER=1
AIRFLOW_CTX_DAG_RUN_ID=manual__2023-07-29T20:34:34.581451+00:00
[2023-07-29T20:35:09.715+0000] {python.py:177} INFO - Done. Returned value was: None
[2023-07-29T20:35:09.863+0000] {taskinstance.py:1327} INFO - Marking task as SUCCESS. dag_id=job_data_pipeline, task_id=write_to_csv, execution_date=20230729T203434, start_date=20230729T203506, end_date=20230729T203509
[2023-07-29T20:35:10.383+0000] {local_task_job.py:159} INFO - Task exited with return code 0
[2023-07-29T20:35:10.662+0000] {taskinstance.py:2582} INFO - 1 downstream tasks scheduled from follow-on schedule check
