[2023-08-02T10:41:47.446+0000] {taskinstance.py:1087} INFO - Dependencies all met for <TaskInstance: my_python_dag_v7.greet scheduled__2023-08-01T02:00:00+00:00 [queued]>
[2023-08-02T10:41:47.746+0000] {taskinstance.py:1087} INFO - Dependencies all met for <TaskInstance: my_python_dag_v7.greet scheduled__2023-08-01T02:00:00+00:00 [queued]>
[2023-08-02T10:41:47.771+0000] {taskinstance.py:1283} INFO - 
--------------------------------------------------------------------------------
[2023-08-02T10:41:47.872+0000] {taskinstance.py:1284} INFO - Starting attempt 1 of 3
[2023-08-02T10:41:47.876+0000] {taskinstance.py:1285} INFO - 
--------------------------------------------------------------------------------
[2023-08-02T10:41:48.456+0000] {taskinstance.py:1304} INFO - Executing <Task(PythonOperator): greet> on 2023-08-01 02:00:00+00:00
[2023-08-02T10:41:48.488+0000] {standard_task_runner.py:82} INFO - Running: ['***', 'tasks', 'run', 'my_python_dag_v7', 'greet', 'scheduled__2023-08-01T02:00:00+00:00', '--job-id', '3216', '--raw', '--subdir', 'DAGS_FOLDER/python_operatorv7.py', '--cfg-path', '/tmp/tmpmhy_beru']
[2023-08-02T10:41:48.530+0000] {standard_task_runner.py:83} INFO - Job 3216: Subtask greet
[2023-08-02T10:41:48.471+0000] {standard_task_runner.py:55} INFO - Started process 165 to run task
[2023-08-02T10:41:49.573+0000] {task_command.py:389} INFO - Running <TaskInstance: my_python_dag_v7.greet scheduled__2023-08-01T02:00:00+00:00 [running]> on host a4a69aba7e5b
[2023-08-02T10:41:50.519+0000] {taskinstance.py:1513} INFO - Exporting the following env vars:
AIRFLOW_CTX_DAG_OWNER=Byron
AIRFLOW_CTX_DAG_ID=my_python_dag_v7
AIRFLOW_CTX_TASK_ID=greet
AIRFLOW_CTX_EXECUTION_DATE=2023-08-01T02:00:00+00:00
AIRFLOW_CTX_TRY_NUMBER=1
AIRFLOW_CTX_DAG_RUN_ID=scheduled__2023-08-01T02:00:00+00:00
[2023-08-02T10:41:50.684+0000] {logging_mixin.py:137} INFO - my name is Charles and I am 32years old and I am from Lagos 
[2023-08-02T10:41:50.685+0000] {python.py:177} INFO - Done. Returned value was: None
[2023-08-02T10:41:50.733+0000] {taskinstance.py:1327} INFO - Marking task as SUCCESS. dag_id=my_python_dag_v7, task_id=greet, execution_date=20230801T020000, start_date=20230802T104147, end_date=20230802T104150
[2023-08-02T10:41:52.161+0000] {local_task_job.py:159} INFO - Task exited with return code 0
[2023-08-02T10:41:52.239+0000] {taskinstance.py:2582} INFO - 0 downstream tasks scheduled from follow-on schedule check
