[2023-07-29T18:59:22.851+0000] {taskinstance.py:1087} INFO - Dependencies all met for <TaskInstance: job_data_pipeline.write_to_csv manual__2023-07-29T18:58:53.655103+00:00 [queued]>
[2023-07-29T18:59:22.919+0000] {taskinstance.py:1087} INFO - Dependencies all met for <TaskInstance: job_data_pipeline.write_to_csv manual__2023-07-29T18:58:53.655103+00:00 [queued]>
[2023-07-29T18:59:22.922+0000] {taskinstance.py:1283} INFO - 
--------------------------------------------------------------------------------
[2023-07-29T18:59:22.933+0000] {taskinstance.py:1284} INFO - Starting attempt 1 of 2
[2023-07-29T18:59:22.934+0000] {taskinstance.py:1285} INFO - 
--------------------------------------------------------------------------------
[2023-07-29T18:59:23.098+0000] {taskinstance.py:1304} INFO - Executing <Task(PythonOperator): write_to_csv> on 2023-07-29 18:58:53.655103+00:00
[2023-07-29T18:59:23.120+0000] {standard_task_runner.py:55} INFO - Started process 22618 to run task
[2023-07-29T18:59:23.147+0000] {standard_task_runner.py:82} INFO - Running: ['***', 'tasks', 'run', 'job_data_pipeline', 'write_to_csv', 'manual__2023-07-29T18:58:53.655103+00:00', '--job-id', '2993', '--raw', '--subdir', 'DAGS_FOLDER/load_data_v4.py', '--cfg-path', '/tmp/tmp6hpgm5_4']
[2023-07-29T18:59:23.179+0000] {standard_task_runner.py:83} INFO - Job 2993: Subtask write_to_csv
[2023-07-29T18:59:23.962+0000] {task_command.py:389} INFO - Running <TaskInstance: job_data_pipeline.write_to_csv manual__2023-07-29T18:58:53.655103+00:00 [running]> on host f1ea17bde741
[2023-07-29T18:59:24.745+0000] {taskinstance.py:1513} INFO - Exporting the following env vars:
AIRFLOW_CTX_DAG_OWNER=***
AIRFLOW_CTX_DAG_ID=job_data_pipeline
AIRFLOW_CTX_TASK_ID=write_to_csv
AIRFLOW_CTX_EXECUTION_DATE=2023-07-29T18:58:53.655103+00:00
AIRFLOW_CTX_TRY_NUMBER=1
AIRFLOW_CTX_DAG_RUN_ID=manual__2023-07-29T18:58:53.655103+00:00
[2023-07-29T18:59:24.953+0000] {python.py:177} INFO - Done. Returned value was: None
[2023-07-29T18:59:25.104+0000] {taskinstance.py:1327} INFO - Marking task as SUCCESS. dag_id=job_data_pipeline, task_id=write_to_csv, execution_date=20230729T185853, start_date=20230729T185922, end_date=20230729T185925
[2023-07-29T18:59:25.536+0000] {local_task_job.py:159} INFO - Task exited with return code 0
[2023-07-29T18:59:25.708+0000] {taskinstance.py:2582} INFO - 1 downstream tasks scheduled from follow-on schedule check
