[2023-07-29T11:18:04.139+0000] {taskinstance.py:1087} INFO - Dependencies all met for <TaskInstance: my_python_dag_v7.my_address scheduled__2023-07-27T02:00:00+00:00 [queued]>
[2023-07-29T11:18:04.408+0000] {taskinstance.py:1087} INFO - Dependencies all met for <TaskInstance: my_python_dag_v7.my_address scheduled__2023-07-27T02:00:00+00:00 [queued]>
[2023-07-29T11:18:04.514+0000] {taskinstance.py:1283} INFO - 
--------------------------------------------------------------------------------
[2023-07-29T11:18:04.727+0000] {taskinstance.py:1284} INFO - Starting attempt 1 of 3
[2023-07-29T11:18:04.807+0000] {taskinstance.py:1285} INFO - 
--------------------------------------------------------------------------------
[2023-07-29T11:18:05.871+0000] {taskinstance.py:1304} INFO - Executing <Task(PythonOperator): my_address> on 2023-07-27 02:00:00+00:00
[2023-07-29T11:18:06.079+0000] {standard_task_runner.py:55} INFO - Started process 2493 to run task
[2023-07-29T11:18:06.233+0000] {standard_task_runner.py:82} INFO - Running: ['***', 'tasks', 'run', 'my_python_dag_v7', 'my_address', 'scheduled__2023-07-27T02:00:00+00:00', '--job-id', '2021', '--raw', '--subdir', 'DAGS_FOLDER/python_operatorv7.py', '--cfg-path', '/tmp/tmpfdh3nj6p']
[2023-07-29T11:18:06.428+0000] {standard_task_runner.py:83} INFO - Job 2021: Subtask my_address
[2023-07-29T11:18:08.806+0000] {task_command.py:389} INFO - Running <TaskInstance: my_python_dag_v7.my_address scheduled__2023-07-27T02:00:00+00:00 [running]> on host f1ea17bde741
[2023-07-29T11:18:12.324+0000] {taskinstance.py:1513} INFO - Exporting the following env vars:
AIRFLOW_CTX_DAG_OWNER=Byron
AIRFLOW_CTX_DAG_ID=my_python_dag_v7
AIRFLOW_CTX_TASK_ID=my_address
AIRFLOW_CTX_EXECUTION_DATE=2023-07-27T02:00:00+00:00
AIRFLOW_CTX_TRY_NUMBER=1
AIRFLOW_CTX_DAG_RUN_ID=scheduled__2023-07-27T02:00:00+00:00
[2023-07-29T11:18:14.913+0000] {python.py:177} INFO - Done. Returned value was: None
[2023-07-29T11:18:15.414+0000] {taskinstance.py:1327} INFO - Marking task as SUCCESS. dag_id=my_python_dag_v7, task_id=my_address, execution_date=20230727T020000, start_date=20230729T111804, end_date=20230729T111815
[2023-07-29T11:18:16.748+0000] {local_task_job.py:159} INFO - Task exited with return code 0
[2023-07-29T11:18:17.302+0000] {taskinstance.py:2582} INFO - 1 downstream tasks scheduled from follow-on schedule check
