[2023-07-31T15:24:29.624+0000] {taskinstance.py:1087} INFO - Dependencies all met for <TaskInstance: job_data_pipeline_plus_csv.write_to_postgres manual__2023-07-31T15:23:51.904434+00:00 [queued]>
[2023-07-31T15:24:29.713+0000] {taskinstance.py:1087} INFO - Dependencies all met for <TaskInstance: job_data_pipeline_plus_csv.write_to_postgres manual__2023-07-31T15:23:51.904434+00:00 [queued]>
[2023-07-31T15:24:29.725+0000] {taskinstance.py:1283} INFO - 
--------------------------------------------------------------------------------
[2023-07-31T15:24:29.727+0000] {taskinstance.py:1284} INFO - Starting attempt 1 of 2
[2023-07-31T15:24:29.728+0000] {taskinstance.py:1285} INFO - 
--------------------------------------------------------------------------------
[2023-07-31T15:24:29.971+0000] {taskinstance.py:1304} INFO - Executing <Task(PythonOperator): write_to_postgres> on 2023-07-31 15:23:51.904434+00:00
[2023-07-31T15:24:30.008+0000] {standard_task_runner.py:55} INFO - Started process 7743 to run task
[2023-07-31T15:24:30.043+0000] {standard_task_runner.py:82} INFO - Running: ['***', 'tasks', 'run', 'job_data_pipeline_plus_csv', 'write_to_postgres', 'manual__2023-07-31T15:23:51.904434+00:00', '--job-id', '3174', '--raw', '--subdir', 'DAGS_FOLDER/load_data_create_csv(Y).py', '--cfg-path', '/tmp/tmp79k7wm_h']
[2023-07-31T15:24:30.056+0000] {standard_task_runner.py:83} INFO - Job 3174: Subtask write_to_postgres
[2023-07-31T15:24:30.668+0000] {task_command.py:389} INFO - Running <TaskInstance: job_data_pipeline_plus_csv.write_to_postgres manual__2023-07-31T15:23:51.904434+00:00 [running]> on host 4b7777060932
[2023-07-31T15:24:31.733+0000] {taskinstance.py:1513} INFO - Exporting the following env vars:
AIRFLOW_CTX_DAG_OWNER=***
AIRFLOW_CTX_DAG_ID=job_data_pipeline_plus_csv
AIRFLOW_CTX_TASK_ID=write_to_postgres
AIRFLOW_CTX_EXECUTION_DATE=2023-07-31T15:23:51.904434+00:00
AIRFLOW_CTX_TRY_NUMBER=1
AIRFLOW_CTX_DAG_RUN_ID=manual__2023-07-31T15:23:51.904434+00:00
[2023-07-31T15:24:32.225+0000] {base.py:73} INFO - Using connection ID 'my_connection' for task execution.
[2023-07-31T15:24:33.171+0000] {python.py:177} INFO - Done. Returned value was: None
[2023-07-31T15:24:33.279+0000] {taskinstance.py:1327} INFO - Marking task as SUCCESS. dag_id=job_data_pipeline_plus_csv, task_id=write_to_postgres, execution_date=20230731T152351, start_date=20230731T152429, end_date=20230731T152433
[2023-07-31T15:24:33.707+0000] {local_task_job.py:159} INFO - Task exited with return code 0
[2023-07-31T15:24:34.665+0000] {taskinstance.py:2582} INFO - 0 downstream tasks scheduled from follow-on schedule check
